[2026-01-10T21:50:28.291+0000] {local_task_job_runner.py:120} INFO - ::group::Pre task execution logs
[2026-01-10T21:50:28.425+0000] {taskinstance.py:2076} INFO - Dependencies all met for dep_context=non-requeueable deps ti=<TaskInstance: exchange_rates_pipeline.bronze_task manual__2026-01-10T21:50:25.545064+00:00 [queued]>
[2026-01-10T21:50:28.440+0000] {taskinstance.py:2076} INFO - Dependencies all met for dep_context=requeueable deps ti=<TaskInstance: exchange_rates_pipeline.bronze_task manual__2026-01-10T21:50:25.545064+00:00 [queued]>
[2026-01-10T21:50:28.442+0000] {taskinstance.py:2306} INFO - Starting attempt 1 of 1
[2026-01-10T21:50:28.467+0000] {taskinstance.py:2330} INFO - Executing <Task(DockerOperator): bronze_task> on 2026-01-10 21:50:25.545064+00:00
[2026-01-10T21:50:28.484+0000] {standard_task_runner.py:90} INFO - Running: ['***', 'tasks', 'run', 'exchange_rates_pipeline', 'bronze_task', 'manual__2026-01-10T21:50:25.545064+00:00', '--job-id', '182', '--raw', '--subdir', 'DAGS_FOLDER/dag.py', '--cfg-path', '/tmp/tmppyxpjvpq']
[2026-01-10T21:50:28.489+0000] {standard_task_runner.py:91} INFO - Job 182: Subtask bronze_task
[2026-01-10T21:50:28.490+0000] {logging_mixin.py:188} WARNING - /home/***/.local/lib/python3.12/site-packages/***/task/task_runner/standard_task_runner.py:61 DeprecationWarning: This process (pid=215) is multi-threaded, use of fork() may lead to deadlocks in the child.
[2026-01-10T21:50:28.491+0000] {standard_task_runner.py:63} INFO - Started process 216 to run task
[2026-01-10T21:50:28.607+0000] {task_command.py:426} INFO - Running <TaskInstance: exchange_rates_pipeline.bronze_task manual__2026-01-10T21:50:25.545064+00:00 [running]> on host 8332bff687b7
[2026-01-10T21:50:28.844+0000] {taskinstance.py:2648} INFO - Exporting env vars: AIRFLOW_CTX_DAG_OWNER='***' AIRFLOW_CTX_DAG_ID='exchange_rates_pipeline' AIRFLOW_CTX_TASK_ID='bronze_task' AIRFLOW_CTX_EXECUTION_DATE='2026-01-10T21:50:25.545064+00:00' AIRFLOW_CTX_TRY_NUMBER='1' AIRFLOW_CTX_DAG_RUN_ID='manual__2026-01-10T21:50:25.545064+00:00'
[2026-01-10T21:50:28.846+0000] {taskinstance.py:430} INFO - ::endgroup::
[2026-01-10T21:50:29.111+0000] {docker.py:366} INFO - Starting docker container from image pipeline_project_2-etl_worker
[2026-01-10T21:50:36.434+0000] {docker.py:436} INFO - /app/scripts/bronze_task.py:53: FutureWarning: Comparison of Timestamp with datetime.date is deprecated in order to match the standard library behavior. In a future version these will be considered non-comparable. Use 'ts == pd.Timestamp(date)' or 'ts.date() == date' instead.
  if date_extract <= last_update:
[2026-01-10T21:50:37.863+0000] {docker.py:436} INFO - Última actualización: 2026-01-09
Iniciando proceso de carga
Archivo de fecha 2026-01-10 cargado exitosamente
DataFrame "fullexchange_rates" combinado exitosamente, ahora tiene 50 filas. Bronze task finalizado exitosamente
[2026-01-10T21:50:38.697+0000] {taskinstance.py:441} INFO - ::group::Post task execution logs
[2026-01-10T21:50:38.782+0000] {taskinstance.py:1206} INFO - Marking task as SUCCESS. dag_id=exchange_rates_pipeline, task_id=bronze_task, run_id=manual__2026-01-10T21:50:25.545064+00:00, execution_date=20260110T215025, start_date=20260110T215028, end_date=20260110T215038
[2026-01-10T21:50:38.866+0000] {local_task_job_runner.py:240} INFO - Task exited with return code 0
[2026-01-10T21:50:38.916+0000] {taskinstance.py:3503} INFO - 1 downstream tasks scheduled from follow-on schedule check
[2026-01-10T21:50:38.919+0000] {local_task_job_runner.py:222} INFO - ::endgroup::
