[2026-01-08T14:18:07.717+0000] {local_task_job_runner.py:120} INFO - ::group::Pre task execution logs
[2026-01-08T14:18:07.902+0000] {taskinstance.py:2076} INFO - Dependencies all met for dep_context=non-requeueable deps ti=<TaskInstance: exchange_rates_pipeline.bronze_task manual__2026-01-08T14:18:04.039766+00:00 [queued]>
[2026-01-08T14:18:07.928+0000] {taskinstance.py:2076} INFO - Dependencies all met for dep_context=requeueable deps ti=<TaskInstance: exchange_rates_pipeline.bronze_task manual__2026-01-08T14:18:04.039766+00:00 [queued]>
[2026-01-08T14:18:07.929+0000] {taskinstance.py:2306} INFO - Starting attempt 1 of 1
[2026-01-08T14:18:07.980+0000] {taskinstance.py:2330} INFO - Executing <Task(DockerOperator): bronze_task> on 2026-01-08 14:18:04.039766+00:00
[2026-01-08T14:18:08.031+0000] {logging_mixin.py:188} WARNING - /home/***/.local/lib/python3.12/site-packages/***/task/task_runner/standard_task_runner.py:61 DeprecationWarning: This process (pid=198) is multi-threaded, use of fork() may lead to deadlocks in the child.
[2026-01-08T14:18:08.002+0000] {standard_task_runner.py:90} INFO - Running: ['***', 'tasks', 'run', 'exchange_rates_pipeline', 'bronze_task', 'manual__2026-01-08T14:18:04.039766+00:00', '--job-id', '176', '--raw', '--subdir', 'DAGS_FOLDER/dag.py', '--cfg-path', '/tmp/tmp6xy3whov']
[2026-01-08T14:18:08.033+0000] {standard_task_runner.py:63} INFO - Started process 201 to run task
[2026-01-08T14:18:08.033+0000] {standard_task_runner.py:91} INFO - Job 176: Subtask bronze_task
[2026-01-08T14:18:08.295+0000] {task_command.py:426} INFO - Running <TaskInstance: exchange_rates_pipeline.bronze_task manual__2026-01-08T14:18:04.039766+00:00 [running]> on host 8332bff687b7
[2026-01-08T14:18:08.639+0000] {taskinstance.py:2648} INFO - Exporting env vars: AIRFLOW_CTX_DAG_OWNER='***' AIRFLOW_CTX_DAG_ID='exchange_rates_pipeline' AIRFLOW_CTX_TASK_ID='bronze_task' AIRFLOW_CTX_EXECUTION_DATE='2026-01-08T14:18:04.039766+00:00' AIRFLOW_CTX_TRY_NUMBER='1' AIRFLOW_CTX_DAG_RUN_ID='manual__2026-01-08T14:18:04.039766+00:00'
[2026-01-08T14:18:08.641+0000] {taskinstance.py:430} INFO - ::endgroup::
[2026-01-08T14:18:09.058+0000] {docker.py:366} INFO - Starting docker container from image pipeline_project_2-etl_worker
[2026-01-08T14:18:17.753+0000] {docker.py:436} INFO - /app/scripts/bronze_task.py:51: FutureWarning: Comparison of Timestamp with datetime.date is deprecated in order to match the standard library behavior. In a future version these will be considered non-comparable. Use 'ts == pd.Timestamp(date)' or 'ts.date() == date' instead.
  if date_extract <= last_update:
[2026-01-08T14:18:17.754+0000] {docker.py:436} INFO - Última actualización: 2026-01-08
[2026-01-08T14:18:17.756+0000] {docker.py:436} INFO - Traceback (most recent call last):
  File "/app/scripts/bronze_task.py", line 52, in <module>
[2026-01-08T14:18:17.757+0000] {docker.py:436} INFO - raise Exception(f'Proceso detenido: date_extract ({date_extract}) es menor o igual a last_update.')
[2026-01-08T14:18:17.757+0000] {docker.py:436} INFO - ^^^^^^^^^^^^^^^^^^^^^^^^^^^^^^^^^^^^^^^^^^^^^^^^^^^^^^^^^^^^^^^^^^^^^^^^^^^^^^^^^^^^^^^^^^^^^^^^^^^
Exception: Proceso detenido: date_extract (2026-01-08 00:00:01+00:00) es menor o igual a last_update.
[2026-01-08T14:18:18.444+0000] {taskinstance.py:441} INFO - ::group::Post task execution logs
[2026-01-08T14:18:18.469+0000] {taskinstance.py:2905} ERROR - Task failed with exception
Traceback (most recent call last):
  File "/home/airflow/.local/lib/python3.12/site-packages/airflow/models/taskinstance.py", line 465, in _execute_task
    result = _execute_callable(context=context, **execute_callable_kwargs)
             ^^^^^^^^^^^^^^^^^^^^^^^^^^^^^^^^^^^^^^^^^^^^^^^^^^^^^^^^^^^^^
  File "/home/airflow/.local/lib/python3.12/site-packages/airflow/models/taskinstance.py", line 432, in _execute_callable
    return execute_callable(context=context, **execute_callable_kwargs)
           ^^^^^^^^^^^^^^^^^^^^^^^^^^^^^^^^^^^^^^^^^^^^^^^^^^^^^^^^^^^^
  File "/home/airflow/.local/lib/python3.12/site-packages/airflow/models/baseoperator.py", line 401, in wrapper
    return func(self, *args, **kwargs)
           ^^^^^^^^^^^^^^^^^^^^^^^^^^^
  File "/home/airflow/.local/lib/python3.12/site-packages/airflow/providers/docker/operators/docker.py", line 509, in execute
    return self._run_image()
           ^^^^^^^^^^^^^^^^^
  File "/home/airflow/.local/lib/python3.12/site-packages/airflow/providers/docker/operators/docker.py", line 383, in _run_image
    return self._run_image_with_mounts(self.mounts, add_tmp_variable=False)
           ^^^^^^^^^^^^^^^^^^^^^^^^^^^^^^^^^^^^^^^^^^^^^^^^^^^^^^^^^^^^^^^^
  File "/home/airflow/.local/lib/python3.12/site-packages/airflow/providers/docker/operators/docker.py", line 444, in _run_image_with_mounts
    raise DockerContainerFailedException(f"Docker container failed: {result!r}", logs=log_lines)
airflow.providers.docker.exceptions.DockerContainerFailedException: Docker container failed: {'StatusCode': 1}
[2026-01-08T14:18:18.507+0000] {taskinstance.py:1206} INFO - Marking task as FAILED. dag_id=exchange_rates_pipeline, task_id=bronze_task, run_id=manual__2026-01-08T14:18:04.039766+00:00, execution_date=20260108T141804, start_date=20260108T141807, end_date=20260108T141818
[2026-01-08T14:18:18.564+0000] {standard_task_runner.py:110} ERROR - Failed to execute job 176 for task bronze_task (Docker container failed: {'StatusCode': 1}; 201)
[2026-01-08T14:18:18.607+0000] {local_task_job_runner.py:240} INFO - Task exited with return code 1
[2026-01-08T14:18:18.687+0000] {taskinstance.py:3503} INFO - 0 downstream tasks scheduled from follow-on schedule check
[2026-01-08T14:18:18.698+0000] {local_task_job_runner.py:222} INFO - ::endgroup::
