[2025-12-11T03:09:53.998+0000] {processor.py:161} INFO - Started process (PID=180) to work on /opt/airflow/dags/dag.py
[2025-12-11T03:09:54.000+0000] {processor.py:830} INFO - Processing file /opt/airflow/dags/dag.py for tasks to queue
[2025-12-11T03:09:54.003+0000] {logging_mixin.py:188} INFO - [2025-12-11T03:09:54.002+0000] {dagbag.py:545} INFO - Filling up the DagBag from /opt/airflow/dags/dag.py
[2025-12-11T03:09:54.042+0000] {logging_mixin.py:188} INFO - [2025-12-11T03:09:54.030+0000] {dagbag.py:355} ERROR - Failed to import: /opt/airflow/dags/dag.py
Traceback (most recent call last):
  File "/home/airflow/.local/lib/python3.12/site-packages/airflow/models/dagbag.py", line 351, in parse
    loader.exec_module(new_module)
  File "<frozen importlib._bootstrap_external>", line 995, in exec_module
  File "<frozen importlib._bootstrap>", line 488, in _call_with_frames_removed
  File "/opt/airflow/dags/dag.py", line 28, in <module>
    bronze_task = DockerOperator(
                  ^^^^^^^^^^^^^^^
  File "/home/airflow/.local/lib/python3.12/site-packages/airflow/models/baseoperator.py", line 485, in apply_defaults
    result = func(self, **kwargs, default_args=default_args)
             ^^^^^^^^^^^^^^^^^^^^^^^^^^^^^^^^^^^^^^^^^^^^^^^
  File "/home/airflow/.local/lib/python3.12/site-packages/airflow/providers/docker/operators/docker.py", line 272, in __init__
    super().__init__(**kwargs)
  File "/home/airflow/.local/lib/python3.12/site-packages/airflow/models/baseoperator.py", line 485, in apply_defaults
    result = func(self, **kwargs, default_args=default_args)
             ^^^^^^^^^^^^^^^^^^^^^^^^^^^^^^^^^^^^^^^^^^^^^^^
  File "/home/airflow/.local/lib/python3.12/site-packages/airflow/models/baseoperator.py", line 882, in __init__
    raise AirflowException(
airflow.exceptions.AirflowException: Invalid arguments were passed to DockerOperator (task_id: bronze_task). Invalid arguments were:
**kwargs: {'volumes': ['${PWD}:/app']}
[2025-12-11T03:09:54.044+0000] {processor.py:842} WARNING - No viable dags retrieved from /opt/airflow/dags/dag.py
[2025-12-11T03:09:54.083+0000] {processor.py:183} INFO - Processing /opt/airflow/dags/dag.py took 0.094 seconds
[2025-12-11T03:10:24.424+0000] {processor.py:161} INFO - Started process (PID=185) to work on /opt/airflow/dags/dag.py
[2025-12-11T03:10:24.426+0000] {processor.py:830} INFO - Processing file /opt/airflow/dags/dag.py for tasks to queue
[2025-12-11T03:10:24.432+0000] {logging_mixin.py:188} INFO - [2025-12-11T03:10:24.431+0000] {dagbag.py:545} INFO - Filling up the DagBag from /opt/airflow/dags/dag.py
[2025-12-11T03:10:24.538+0000] {logging_mixin.py:188} INFO - [2025-12-11T03:10:24.499+0000] {dagbag.py:355} ERROR - Failed to import: /opt/airflow/dags/dag.py
Traceback (most recent call last):
  File "/home/airflow/.local/lib/python3.12/site-packages/airflow/models/dagbag.py", line 351, in parse
    loader.exec_module(new_module)
  File "<frozen importlib._bootstrap_external>", line 995, in exec_module
  File "<frozen importlib._bootstrap>", line 488, in _call_with_frames_removed
  File "/opt/airflow/dags/dag.py", line 28, in <module>
    bronze_task = DockerOperator(
                  ^^^^^^^^^^^^^^^
  File "/home/airflow/.local/lib/python3.12/site-packages/airflow/models/baseoperator.py", line 485, in apply_defaults
    result = func(self, **kwargs, default_args=default_args)
             ^^^^^^^^^^^^^^^^^^^^^^^^^^^^^^^^^^^^^^^^^^^^^^^
  File "/home/airflow/.local/lib/python3.12/site-packages/airflow/providers/docker/operators/docker.py", line 272, in __init__
    super().__init__(**kwargs)
  File "/home/airflow/.local/lib/python3.12/site-packages/airflow/models/baseoperator.py", line 485, in apply_defaults
    result = func(self, **kwargs, default_args=default_args)
             ^^^^^^^^^^^^^^^^^^^^^^^^^^^^^^^^^^^^^^^^^^^^^^^
  File "/home/airflow/.local/lib/python3.12/site-packages/airflow/models/baseoperator.py", line 882, in __init__
    raise AirflowException(
airflow.exceptions.AirflowException: Invalid arguments were passed to DockerOperator (task_id: bronze_task). Invalid arguments were:
**kwargs: {'volumes': ['${PWD}:/app']}
[2025-12-11T03:10:24.541+0000] {processor.py:842} WARNING - No viable dags retrieved from /opt/airflow/dags/dag.py
[2025-12-11T03:10:24.648+0000] {processor.py:183} INFO - Processing /opt/airflow/dags/dag.py took 0.233 seconds
[2025-12-11T03:10:54.823+0000] {processor.py:161} INFO - Started process (PID=190) to work on /opt/airflow/dags/dag.py
[2025-12-11T03:10:54.825+0000] {processor.py:830} INFO - Processing file /opt/airflow/dags/dag.py for tasks to queue
[2025-12-11T03:10:54.833+0000] {logging_mixin.py:188} INFO - [2025-12-11T03:10:54.831+0000] {dagbag.py:545} INFO - Filling up the DagBag from /opt/airflow/dags/dag.py
[2025-12-11T03:10:54.885+0000] {logging_mixin.py:188} INFO - [2025-12-11T03:10:54.871+0000] {dagbag.py:355} ERROR - Failed to import: /opt/airflow/dags/dag.py
Traceback (most recent call last):
  File "/home/airflow/.local/lib/python3.12/site-packages/airflow/models/dagbag.py", line 351, in parse
    loader.exec_module(new_module)
  File "<frozen importlib._bootstrap_external>", line 995, in exec_module
  File "<frozen importlib._bootstrap>", line 488, in _call_with_frames_removed
  File "/opt/airflow/dags/dag.py", line 28, in <module>
    bronze_task = DockerOperator(
                  ^^^^^^^^^^^^^^^
  File "/home/airflow/.local/lib/python3.12/site-packages/airflow/models/baseoperator.py", line 485, in apply_defaults
    result = func(self, **kwargs, default_args=default_args)
             ^^^^^^^^^^^^^^^^^^^^^^^^^^^^^^^^^^^^^^^^^^^^^^^
  File "/home/airflow/.local/lib/python3.12/site-packages/airflow/providers/docker/operators/docker.py", line 272, in __init__
    super().__init__(**kwargs)
  File "/home/airflow/.local/lib/python3.12/site-packages/airflow/models/baseoperator.py", line 485, in apply_defaults
    result = func(self, **kwargs, default_args=default_args)
             ^^^^^^^^^^^^^^^^^^^^^^^^^^^^^^^^^^^^^^^^^^^^^^^
  File "/home/airflow/.local/lib/python3.12/site-packages/airflow/models/baseoperator.py", line 882, in __init__
    raise AirflowException(
airflow.exceptions.AirflowException: Invalid arguments were passed to DockerOperator (task_id: bronze_task). Invalid arguments were:
**kwargs: {'volumes': ['${PWD}:/app']}
[2025-12-11T03:10:54.888+0000] {processor.py:842} WARNING - No viable dags retrieved from /opt/airflow/dags/dag.py
[2025-12-11T03:10:54.964+0000] {processor.py:183} INFO - Processing /opt/airflow/dags/dag.py took 0.156 seconds
[2025-12-11T03:11:25.274+0000] {processor.py:161} INFO - Started process (PID=195) to work on /opt/airflow/dags/dag.py
[2025-12-11T03:11:25.276+0000] {processor.py:830} INFO - Processing file /opt/airflow/dags/dag.py for tasks to queue
[2025-12-11T03:11:25.284+0000] {logging_mixin.py:188} INFO - [2025-12-11T03:11:25.282+0000] {dagbag.py:545} INFO - Filling up the DagBag from /opt/airflow/dags/dag.py
[2025-12-11T03:11:25.343+0000] {logging_mixin.py:188} INFO - [2025-12-11T03:11:25.328+0000] {dagbag.py:355} ERROR - Failed to import: /opt/airflow/dags/dag.py
Traceback (most recent call last):
  File "/home/airflow/.local/lib/python3.12/site-packages/airflow/models/dagbag.py", line 351, in parse
    loader.exec_module(new_module)
  File "<frozen importlib._bootstrap_external>", line 995, in exec_module
  File "<frozen importlib._bootstrap>", line 488, in _call_with_frames_removed
  File "/opt/airflow/dags/dag.py", line 28, in <module>
    bronze_task = DockerOperator(
                  ^^^^^^^^^^^^^^^
  File "/home/airflow/.local/lib/python3.12/site-packages/airflow/models/baseoperator.py", line 485, in apply_defaults
    result = func(self, **kwargs, default_args=default_args)
             ^^^^^^^^^^^^^^^^^^^^^^^^^^^^^^^^^^^^^^^^^^^^^^^
  File "/home/airflow/.local/lib/python3.12/site-packages/airflow/providers/docker/operators/docker.py", line 272, in __init__
    super().__init__(**kwargs)
  File "/home/airflow/.local/lib/python3.12/site-packages/airflow/models/baseoperator.py", line 485, in apply_defaults
    result = func(self, **kwargs, default_args=default_args)
             ^^^^^^^^^^^^^^^^^^^^^^^^^^^^^^^^^^^^^^^^^^^^^^^
  File "/home/airflow/.local/lib/python3.12/site-packages/airflow/models/baseoperator.py", line 882, in __init__
    raise AirflowException(
airflow.exceptions.AirflowException: Invalid arguments were passed to DockerOperator (task_id: bronze_task). Invalid arguments were:
**kwargs: {'volumes': ['${PWD}:/app']}
[2025-12-11T03:11:25.345+0000] {processor.py:842} WARNING - No viable dags retrieved from /opt/airflow/dags/dag.py
[2025-12-11T03:11:25.404+0000] {processor.py:183} INFO - Processing /opt/airflow/dags/dag.py took 0.153 seconds
[2025-12-11T03:11:55.735+0000] {processor.py:161} INFO - Started process (PID=200) to work on /opt/airflow/dags/dag.py
[2025-12-11T03:11:55.737+0000] {processor.py:830} INFO - Processing file /opt/airflow/dags/dag.py for tasks to queue
[2025-12-11T03:11:55.742+0000] {logging_mixin.py:188} INFO - [2025-12-11T03:11:55.741+0000] {dagbag.py:545} INFO - Filling up the DagBag from /opt/airflow/dags/dag.py
[2025-12-11T03:11:55.790+0000] {logging_mixin.py:188} INFO - [2025-12-11T03:11:55.775+0000] {dagbag.py:355} ERROR - Failed to import: /opt/airflow/dags/dag.py
Traceback (most recent call last):
  File "/home/airflow/.local/lib/python3.12/site-packages/airflow/models/dagbag.py", line 351, in parse
    loader.exec_module(new_module)
  File "<frozen importlib._bootstrap_external>", line 995, in exec_module
  File "<frozen importlib._bootstrap>", line 488, in _call_with_frames_removed
  File "/opt/airflow/dags/dag.py", line 28, in <module>
    bronze_task = DockerOperator(
                  ^^^^^^^^^^^^^^^
  File "/home/airflow/.local/lib/python3.12/site-packages/airflow/models/baseoperator.py", line 485, in apply_defaults
    result = func(self, **kwargs, default_args=default_args)
             ^^^^^^^^^^^^^^^^^^^^^^^^^^^^^^^^^^^^^^^^^^^^^^^
  File "/home/airflow/.local/lib/python3.12/site-packages/airflow/providers/docker/operators/docker.py", line 272, in __init__
    super().__init__(**kwargs)
  File "/home/airflow/.local/lib/python3.12/site-packages/airflow/models/baseoperator.py", line 485, in apply_defaults
    result = func(self, **kwargs, default_args=default_args)
             ^^^^^^^^^^^^^^^^^^^^^^^^^^^^^^^^^^^^^^^^^^^^^^^
  File "/home/airflow/.local/lib/python3.12/site-packages/airflow/models/baseoperator.py", line 882, in __init__
    raise AirflowException(
airflow.exceptions.AirflowException: Invalid arguments were passed to DockerOperator (task_id: bronze_task). Invalid arguments were:
**kwargs: {'volumes': ['${PWD}:/app']}
[2025-12-11T03:11:55.792+0000] {processor.py:842} WARNING - No viable dags retrieved from /opt/airflow/dags/dag.py
[2025-12-11T03:11:55.843+0000] {processor.py:183} INFO - Processing /opt/airflow/dags/dag.py took 0.125 seconds
[2025-12-11T03:12:26.047+0000] {processor.py:161} INFO - Started process (PID=205) to work on /opt/airflow/dags/dag.py
[2025-12-11T03:12:26.049+0000] {processor.py:830} INFO - Processing file /opt/airflow/dags/dag.py for tasks to queue
[2025-12-11T03:12:26.053+0000] {logging_mixin.py:188} INFO - [2025-12-11T03:12:26.052+0000] {dagbag.py:545} INFO - Filling up the DagBag from /opt/airflow/dags/dag.py
[2025-12-11T03:12:26.096+0000] {logging_mixin.py:188} INFO - [2025-12-11T03:12:26.086+0000] {dagbag.py:355} ERROR - Failed to import: /opt/airflow/dags/dag.py
Traceback (most recent call last):
  File "/home/airflow/.local/lib/python3.12/site-packages/airflow/models/dagbag.py", line 351, in parse
    loader.exec_module(new_module)
  File "<frozen importlib._bootstrap_external>", line 995, in exec_module
  File "<frozen importlib._bootstrap>", line 488, in _call_with_frames_removed
  File "/opt/airflow/dags/dag.py", line 28, in <module>
    bronze_task = DockerOperator(
                  ^^^^^^^^^^^^^^^
  File "/home/airflow/.local/lib/python3.12/site-packages/airflow/models/baseoperator.py", line 485, in apply_defaults
    result = func(self, **kwargs, default_args=default_args)
             ^^^^^^^^^^^^^^^^^^^^^^^^^^^^^^^^^^^^^^^^^^^^^^^
  File "/home/airflow/.local/lib/python3.12/site-packages/airflow/providers/docker/operators/docker.py", line 272, in __init__
    super().__init__(**kwargs)
  File "/home/airflow/.local/lib/python3.12/site-packages/airflow/models/baseoperator.py", line 485, in apply_defaults
    result = func(self, **kwargs, default_args=default_args)
             ^^^^^^^^^^^^^^^^^^^^^^^^^^^^^^^^^^^^^^^^^^^^^^^
  File "/home/airflow/.local/lib/python3.12/site-packages/airflow/models/baseoperator.py", line 882, in __init__
    raise AirflowException(
airflow.exceptions.AirflowException: Invalid arguments were passed to DockerOperator (task_id: bronze_task). Invalid arguments were:
**kwargs: {'volumes': ['${PWD}:/app']}
[2025-12-11T03:12:26.099+0000] {processor.py:842} WARNING - No viable dags retrieved from /opt/airflow/dags/dag.py
[2025-12-11T03:12:26.159+0000] {processor.py:183} INFO - Processing /opt/airflow/dags/dag.py took 0.119 seconds
[2025-12-11T03:12:56.478+0000] {processor.py:161} INFO - Started process (PID=210) to work on /opt/airflow/dags/dag.py
[2025-12-11T03:12:56.480+0000] {processor.py:830} INFO - Processing file /opt/airflow/dags/dag.py for tasks to queue
[2025-12-11T03:12:56.483+0000] {logging_mixin.py:188} INFO - [2025-12-11T03:12:56.482+0000] {dagbag.py:545} INFO - Filling up the DagBag from /opt/airflow/dags/dag.py
[2025-12-11T03:12:56.521+0000] {logging_mixin.py:188} INFO - [2025-12-11T03:12:56.511+0000] {dagbag.py:355} ERROR - Failed to import: /opt/airflow/dags/dag.py
Traceback (most recent call last):
  File "/home/airflow/.local/lib/python3.12/site-packages/airflow/models/dagbag.py", line 351, in parse
    loader.exec_module(new_module)
  File "<frozen importlib._bootstrap_external>", line 995, in exec_module
  File "<frozen importlib._bootstrap>", line 488, in _call_with_frames_removed
  File "/opt/airflow/dags/dag.py", line 28, in <module>
    bronze_task = DockerOperator(
                  ^^^^^^^^^^^^^^^
  File "/home/airflow/.local/lib/python3.12/site-packages/airflow/models/baseoperator.py", line 485, in apply_defaults
    result = func(self, **kwargs, default_args=default_args)
             ^^^^^^^^^^^^^^^^^^^^^^^^^^^^^^^^^^^^^^^^^^^^^^^
  File "/home/airflow/.local/lib/python3.12/site-packages/airflow/providers/docker/operators/docker.py", line 272, in __init__
    super().__init__(**kwargs)
  File "/home/airflow/.local/lib/python3.12/site-packages/airflow/models/baseoperator.py", line 485, in apply_defaults
    result = func(self, **kwargs, default_args=default_args)
             ^^^^^^^^^^^^^^^^^^^^^^^^^^^^^^^^^^^^^^^^^^^^^^^
  File "/home/airflow/.local/lib/python3.12/site-packages/airflow/models/baseoperator.py", line 882, in __init__
    raise AirflowException(
airflow.exceptions.AirflowException: Invalid arguments were passed to DockerOperator (task_id: bronze_task). Invalid arguments were:
**kwargs: {'volumes': ['${PWD}:/app']}
[2025-12-11T03:12:56.523+0000] {processor.py:842} WARNING - No viable dags retrieved from /opt/airflow/dags/dag.py
[2025-12-11T03:12:56.559+0000] {processor.py:183} INFO - Processing /opt/airflow/dags/dag.py took 0.087 seconds
[2025-12-11T03:13:26.791+0000] {processor.py:161} INFO - Started process (PID=215) to work on /opt/airflow/dags/dag.py
[2025-12-11T03:13:26.793+0000] {processor.py:830} INFO - Processing file /opt/airflow/dags/dag.py for tasks to queue
[2025-12-11T03:13:26.797+0000] {logging_mixin.py:188} INFO - [2025-12-11T03:13:26.797+0000] {dagbag.py:545} INFO - Filling up the DagBag from /opt/airflow/dags/dag.py
[2025-12-11T03:13:26.838+0000] {logging_mixin.py:188} INFO - [2025-12-11T03:13:26.827+0000] {dagbag.py:355} ERROR - Failed to import: /opt/airflow/dags/dag.py
Traceback (most recent call last):
  File "/home/airflow/.local/lib/python3.12/site-packages/airflow/models/dagbag.py", line 351, in parse
    loader.exec_module(new_module)
  File "<frozen importlib._bootstrap_external>", line 995, in exec_module
  File "<frozen importlib._bootstrap>", line 488, in _call_with_frames_removed
  File "/opt/airflow/dags/dag.py", line 28, in <module>
    bronze_task = DockerOperator(
                  ^^^^^^^^^^^^^^^
  File "/home/airflow/.local/lib/python3.12/site-packages/airflow/models/baseoperator.py", line 485, in apply_defaults
    result = func(self, **kwargs, default_args=default_args)
             ^^^^^^^^^^^^^^^^^^^^^^^^^^^^^^^^^^^^^^^^^^^^^^^
  File "/home/airflow/.local/lib/python3.12/site-packages/airflow/providers/docker/operators/docker.py", line 272, in __init__
    super().__init__(**kwargs)
  File "/home/airflow/.local/lib/python3.12/site-packages/airflow/models/baseoperator.py", line 485, in apply_defaults
    result = func(self, **kwargs, default_args=default_args)
             ^^^^^^^^^^^^^^^^^^^^^^^^^^^^^^^^^^^^^^^^^^^^^^^
  File "/home/airflow/.local/lib/python3.12/site-packages/airflow/models/baseoperator.py", line 882, in __init__
    raise AirflowException(
airflow.exceptions.AirflowException: Invalid arguments were passed to DockerOperator (task_id: bronze_task). Invalid arguments were:
**kwargs: {'volumes': ['${PWD}:/app']}
[2025-12-11T03:13:26.839+0000] {processor.py:842} WARNING - No viable dags retrieved from /opt/airflow/dags/dag.py
[2025-12-11T03:13:26.880+0000] {processor.py:183} INFO - Processing /opt/airflow/dags/dag.py took 0.098 seconds
[2025-12-11T03:13:57.147+0000] {processor.py:161} INFO - Started process (PID=220) to work on /opt/airflow/dags/dag.py
[2025-12-11T03:13:57.149+0000] {processor.py:830} INFO - Processing file /opt/airflow/dags/dag.py for tasks to queue
[2025-12-11T03:13:57.152+0000] {logging_mixin.py:188} INFO - [2025-12-11T03:13:57.152+0000] {dagbag.py:545} INFO - Filling up the DagBag from /opt/airflow/dags/dag.py
[2025-12-11T03:13:57.195+0000] {logging_mixin.py:188} INFO - [2025-12-11T03:13:57.184+0000] {dagbag.py:355} ERROR - Failed to import: /opt/airflow/dags/dag.py
Traceback (most recent call last):
  File "/home/airflow/.local/lib/python3.12/site-packages/airflow/models/dagbag.py", line 351, in parse
    loader.exec_module(new_module)
  File "<frozen importlib._bootstrap_external>", line 995, in exec_module
  File "<frozen importlib._bootstrap>", line 488, in _call_with_frames_removed
  File "/opt/airflow/dags/dag.py", line 28, in <module>
    bronze_task = DockerOperator(
                  ^^^^^^^^^^^^^^^
  File "/home/airflow/.local/lib/python3.12/site-packages/airflow/models/baseoperator.py", line 485, in apply_defaults
    result = func(self, **kwargs, default_args=default_args)
             ^^^^^^^^^^^^^^^^^^^^^^^^^^^^^^^^^^^^^^^^^^^^^^^
  File "/home/airflow/.local/lib/python3.12/site-packages/airflow/providers/docker/operators/docker.py", line 272, in __init__
    super().__init__(**kwargs)
  File "/home/airflow/.local/lib/python3.12/site-packages/airflow/models/baseoperator.py", line 485, in apply_defaults
    result = func(self, **kwargs, default_args=default_args)
             ^^^^^^^^^^^^^^^^^^^^^^^^^^^^^^^^^^^^^^^^^^^^^^^
  File "/home/airflow/.local/lib/python3.12/site-packages/airflow/models/baseoperator.py", line 882, in __init__
    raise AirflowException(
airflow.exceptions.AirflowException: Invalid arguments were passed to DockerOperator (task_id: bronze_task). Invalid arguments were:
**kwargs: {'volumes': ['${PWD}:/app']}
[2025-12-11T03:13:57.197+0000] {processor.py:842} WARNING - No viable dags retrieved from /opt/airflow/dags/dag.py
[2025-12-11T03:13:57.242+0000] {processor.py:183} INFO - Processing /opt/airflow/dags/dag.py took 0.102 seconds
[2025-12-11T03:14:27.481+0000] {processor.py:161} INFO - Started process (PID=225) to work on /opt/airflow/dags/dag.py
[2025-12-11T03:14:27.483+0000] {processor.py:830} INFO - Processing file /opt/airflow/dags/dag.py for tasks to queue
[2025-12-11T03:14:27.487+0000] {logging_mixin.py:188} INFO - [2025-12-11T03:14:27.486+0000] {dagbag.py:545} INFO - Filling up the DagBag from /opt/airflow/dags/dag.py
[2025-12-11T03:14:27.526+0000] {logging_mixin.py:188} INFO - [2025-12-11T03:14:27.516+0000] {dagbag.py:355} ERROR - Failed to import: /opt/airflow/dags/dag.py
Traceback (most recent call last):
  File "/home/airflow/.local/lib/python3.12/site-packages/airflow/models/dagbag.py", line 351, in parse
    loader.exec_module(new_module)
  File "<frozen importlib._bootstrap_external>", line 995, in exec_module
  File "<frozen importlib._bootstrap>", line 488, in _call_with_frames_removed
  File "/opt/airflow/dags/dag.py", line 28, in <module>
    bronze_task = DockerOperator(
                  ^^^^^^^^^^^^^^^
  File "/home/airflow/.local/lib/python3.12/site-packages/airflow/models/baseoperator.py", line 485, in apply_defaults
    result = func(self, **kwargs, default_args=default_args)
             ^^^^^^^^^^^^^^^^^^^^^^^^^^^^^^^^^^^^^^^^^^^^^^^
  File "/home/airflow/.local/lib/python3.12/site-packages/airflow/providers/docker/operators/docker.py", line 272, in __init__
    super().__init__(**kwargs)
  File "/home/airflow/.local/lib/python3.12/site-packages/airflow/models/baseoperator.py", line 485, in apply_defaults
    result = func(self, **kwargs, default_args=default_args)
             ^^^^^^^^^^^^^^^^^^^^^^^^^^^^^^^^^^^^^^^^^^^^^^^
  File "/home/airflow/.local/lib/python3.12/site-packages/airflow/models/baseoperator.py", line 882, in __init__
    raise AirflowException(
airflow.exceptions.AirflowException: Invalid arguments were passed to DockerOperator (task_id: bronze_task). Invalid arguments were:
**kwargs: {'volumes': ['${PWD}:/app']}
[2025-12-11T03:14:27.528+0000] {processor.py:842} WARNING - No viable dags retrieved from /opt/airflow/dags/dag.py
[2025-12-11T03:14:27.560+0000] {processor.py:183} INFO - Processing /opt/airflow/dags/dag.py took 0.088 seconds
[2025-12-11T03:14:58.352+0000] {processor.py:161} INFO - Started process (PID=230) to work on /opt/airflow/dags/dag.py
[2025-12-11T03:14:58.355+0000] {processor.py:830} INFO - Processing file /opt/airflow/dags/dag.py for tasks to queue
[2025-12-11T03:14:58.359+0000] {logging_mixin.py:188} INFO - [2025-12-11T03:14:58.358+0000] {dagbag.py:545} INFO - Filling up the DagBag from /opt/airflow/dags/dag.py
[2025-12-11T03:14:58.409+0000] {logging_mixin.py:188} INFO - [2025-12-11T03:14:58.394+0000] {dagbag.py:355} ERROR - Failed to import: /opt/airflow/dags/dag.py
Traceback (most recent call last):
  File "/home/airflow/.local/lib/python3.12/site-packages/airflow/models/dagbag.py", line 351, in parse
    loader.exec_module(new_module)
  File "<frozen importlib._bootstrap_external>", line 995, in exec_module
  File "<frozen importlib._bootstrap>", line 488, in _call_with_frames_removed
  File "/opt/airflow/dags/dag.py", line 28, in <module>
    bronze_task = DockerOperator(
                  ^^^^^^^^^^^^^^^
  File "/home/airflow/.local/lib/python3.12/site-packages/airflow/models/baseoperator.py", line 485, in apply_defaults
    result = func(self, **kwargs, default_args=default_args)
             ^^^^^^^^^^^^^^^^^^^^^^^^^^^^^^^^^^^^^^^^^^^^^^^
  File "/home/airflow/.local/lib/python3.12/site-packages/airflow/providers/docker/operators/docker.py", line 272, in __init__
    super().__init__(**kwargs)
  File "/home/airflow/.local/lib/python3.12/site-packages/airflow/models/baseoperator.py", line 485, in apply_defaults
    result = func(self, **kwargs, default_args=default_args)
             ^^^^^^^^^^^^^^^^^^^^^^^^^^^^^^^^^^^^^^^^^^^^^^^
  File "/home/airflow/.local/lib/python3.12/site-packages/airflow/models/baseoperator.py", line 882, in __init__
    raise AirflowException(
airflow.exceptions.AirflowException: Invalid arguments were passed to DockerOperator (task_id: bronze_task). Invalid arguments were:
**kwargs: {'volumes': ['${PWD}:/app']}
[2025-12-11T03:14:58.412+0000] {processor.py:842} WARNING - No viable dags retrieved from /opt/airflow/dags/dag.py
[2025-12-11T03:14:58.475+0000] {processor.py:183} INFO - Processing /opt/airflow/dags/dag.py took 0.136 seconds
[2025-12-11T03:15:28.668+0000] {processor.py:161} INFO - Started process (PID=235) to work on /opt/airflow/dags/dag.py
[2025-12-11T03:15:28.670+0000] {processor.py:830} INFO - Processing file /opt/airflow/dags/dag.py for tasks to queue
[2025-12-11T03:15:28.674+0000] {logging_mixin.py:188} INFO - [2025-12-11T03:15:28.673+0000] {dagbag.py:545} INFO - Filling up the DagBag from /opt/airflow/dags/dag.py
[2025-12-11T03:15:28.722+0000] {logging_mixin.py:188} INFO - [2025-12-11T03:15:28.712+0000] {dagbag.py:355} ERROR - Failed to import: /opt/airflow/dags/dag.py
Traceback (most recent call last):
  File "/home/airflow/.local/lib/python3.12/site-packages/airflow/models/dagbag.py", line 351, in parse
    loader.exec_module(new_module)
  File "<frozen importlib._bootstrap_external>", line 995, in exec_module
  File "<frozen importlib._bootstrap>", line 488, in _call_with_frames_removed
  File "/opt/airflow/dags/dag.py", line 28, in <module>
    bronze_task = DockerOperator(
                  ^^^^^^^^^^^^^^^
  File "/home/airflow/.local/lib/python3.12/site-packages/airflow/models/baseoperator.py", line 485, in apply_defaults
    result = func(self, **kwargs, default_args=default_args)
             ^^^^^^^^^^^^^^^^^^^^^^^^^^^^^^^^^^^^^^^^^^^^^^^
  File "/home/airflow/.local/lib/python3.12/site-packages/airflow/providers/docker/operators/docker.py", line 272, in __init__
    super().__init__(**kwargs)
  File "/home/airflow/.local/lib/python3.12/site-packages/airflow/models/baseoperator.py", line 485, in apply_defaults
    result = func(self, **kwargs, default_args=default_args)
             ^^^^^^^^^^^^^^^^^^^^^^^^^^^^^^^^^^^^^^^^^^^^^^^
  File "/home/airflow/.local/lib/python3.12/site-packages/airflow/models/baseoperator.py", line 882, in __init__
    raise AirflowException(
airflow.exceptions.AirflowException: Invalid arguments were passed to DockerOperator (task_id: bronze_task). Invalid arguments were:
**kwargs: {'volumes': ['${PWD}:/app']}
[2025-12-11T03:15:28.724+0000] {processor.py:842} WARNING - No viable dags retrieved from /opt/airflow/dags/dag.py
[2025-12-11T03:15:28.758+0000] {processor.py:183} INFO - Processing /opt/airflow/dags/dag.py took 0.105 seconds
[2025-12-11T03:15:59.082+0000] {processor.py:161} INFO - Started process (PID=240) to work on /opt/airflow/dags/dag.py
[2025-12-11T03:15:59.084+0000] {processor.py:830} INFO - Processing file /opt/airflow/dags/dag.py for tasks to queue
[2025-12-11T03:15:59.088+0000] {logging_mixin.py:188} INFO - [2025-12-11T03:15:59.088+0000] {dagbag.py:545} INFO - Filling up the DagBag from /opt/airflow/dags/dag.py
[2025-12-11T03:15:59.133+0000] {logging_mixin.py:188} INFO - [2025-12-11T03:15:59.124+0000] {dagbag.py:355} ERROR - Failed to import: /opt/airflow/dags/dag.py
Traceback (most recent call last):
  File "/home/airflow/.local/lib/python3.12/site-packages/airflow/models/dagbag.py", line 351, in parse
    loader.exec_module(new_module)
  File "<frozen importlib._bootstrap_external>", line 995, in exec_module
  File "<frozen importlib._bootstrap>", line 488, in _call_with_frames_removed
  File "/opt/airflow/dags/dag.py", line 28, in <module>
    bronze_task = DockerOperator(
                  ^^^^^^^^^^^^^^^
  File "/home/airflow/.local/lib/python3.12/site-packages/airflow/models/baseoperator.py", line 485, in apply_defaults
    result = func(self, **kwargs, default_args=default_args)
             ^^^^^^^^^^^^^^^^^^^^^^^^^^^^^^^^^^^^^^^^^^^^^^^
  File "/home/airflow/.local/lib/python3.12/site-packages/airflow/providers/docker/operators/docker.py", line 272, in __init__
    super().__init__(**kwargs)
  File "/home/airflow/.local/lib/python3.12/site-packages/airflow/models/baseoperator.py", line 485, in apply_defaults
    result = func(self, **kwargs, default_args=default_args)
             ^^^^^^^^^^^^^^^^^^^^^^^^^^^^^^^^^^^^^^^^^^^^^^^
  File "/home/airflow/.local/lib/python3.12/site-packages/airflow/models/baseoperator.py", line 882, in __init__
    raise AirflowException(
airflow.exceptions.AirflowException: Invalid arguments were passed to DockerOperator (task_id: bronze_task). Invalid arguments were:
**kwargs: {'volumes': ['${PWD}:/app']}
[2025-12-11T03:15:59.135+0000] {processor.py:842} WARNING - No viable dags retrieved from /opt/airflow/dags/dag.py
[2025-12-11T03:15:59.178+0000] {processor.py:183} INFO - Processing /opt/airflow/dags/dag.py took 0.105 seconds
[2025-12-11T03:16:29.424+0000] {processor.py:161} INFO - Started process (PID=245) to work on /opt/airflow/dags/dag.py
[2025-12-11T03:16:29.426+0000] {processor.py:830} INFO - Processing file /opt/airflow/dags/dag.py for tasks to queue
[2025-12-11T03:16:29.434+0000] {logging_mixin.py:188} INFO - [2025-12-11T03:16:29.433+0000] {dagbag.py:545} INFO - Filling up the DagBag from /opt/airflow/dags/dag.py
[2025-12-11T03:16:29.464+0000] {logging_mixin.py:188} INFO - [2025-12-11T03:16:29.456+0000] {dagbag.py:355} ERROR - Failed to import: /opt/airflow/dags/dag.py
Traceback (most recent call last):
  File "/home/airflow/.local/lib/python3.12/site-packages/airflow/models/dagbag.py", line 351, in parse
    loader.exec_module(new_module)
  File "<frozen importlib._bootstrap_external>", line 995, in exec_module
  File "<frozen importlib._bootstrap>", line 488, in _call_with_frames_removed
  File "/opt/airflow/dags/dag.py", line 28, in <module>
    bronze_task = DockerOperator(
                  ^^^^^^^^^^^^^^^
  File "/home/airflow/.local/lib/python3.12/site-packages/airflow/models/baseoperator.py", line 485, in apply_defaults
    result = func(self, **kwargs, default_args=default_args)
             ^^^^^^^^^^^^^^^^^^^^^^^^^^^^^^^^^^^^^^^^^^^^^^^
  File "/home/airflow/.local/lib/python3.12/site-packages/airflow/providers/docker/operators/docker.py", line 272, in __init__
    super().__init__(**kwargs)
  File "/home/airflow/.local/lib/python3.12/site-packages/airflow/models/baseoperator.py", line 485, in apply_defaults
    result = func(self, **kwargs, default_args=default_args)
             ^^^^^^^^^^^^^^^^^^^^^^^^^^^^^^^^^^^^^^^^^^^^^^^
  File "/home/airflow/.local/lib/python3.12/site-packages/airflow/models/baseoperator.py", line 882, in __init__
    raise AirflowException(
airflow.exceptions.AirflowException: Invalid arguments were passed to DockerOperator (task_id: bronze_task). Invalid arguments were:
**kwargs: {'volumes': ['${PWD}:/app']}
[2025-12-11T03:16:29.466+0000] {processor.py:842} WARNING - No viable dags retrieved from /opt/airflow/dags/dag.py
[2025-12-11T03:16:29.533+0000] {processor.py:183} INFO - Processing /opt/airflow/dags/dag.py took 0.131 seconds
[2025-12-11T03:16:59.787+0000] {processor.py:161} INFO - Started process (PID=250) to work on /opt/airflow/dags/dag.py
[2025-12-11T03:16:59.789+0000] {processor.py:830} INFO - Processing file /opt/airflow/dags/dag.py for tasks to queue
[2025-12-11T03:16:59.793+0000] {logging_mixin.py:188} INFO - [2025-12-11T03:16:59.792+0000] {dagbag.py:545} INFO - Filling up the DagBag from /opt/airflow/dags/dag.py
[2025-12-11T03:16:59.834+0000] {logging_mixin.py:188} INFO - [2025-12-11T03:16:59.824+0000] {dagbag.py:355} ERROR - Failed to import: /opt/airflow/dags/dag.py
Traceback (most recent call last):
  File "/home/airflow/.local/lib/python3.12/site-packages/airflow/models/dagbag.py", line 351, in parse
    loader.exec_module(new_module)
  File "<frozen importlib._bootstrap_external>", line 995, in exec_module
  File "<frozen importlib._bootstrap>", line 488, in _call_with_frames_removed
  File "/opt/airflow/dags/dag.py", line 28, in <module>
    bronze_task = DockerOperator(
                  ^^^^^^^^^^^^^^^
  File "/home/airflow/.local/lib/python3.12/site-packages/airflow/models/baseoperator.py", line 485, in apply_defaults
    result = func(self, **kwargs, default_args=default_args)
             ^^^^^^^^^^^^^^^^^^^^^^^^^^^^^^^^^^^^^^^^^^^^^^^
  File "/home/airflow/.local/lib/python3.12/site-packages/airflow/providers/docker/operators/docker.py", line 272, in __init__
    super().__init__(**kwargs)
  File "/home/airflow/.local/lib/python3.12/site-packages/airflow/models/baseoperator.py", line 485, in apply_defaults
    result = func(self, **kwargs, default_args=default_args)
             ^^^^^^^^^^^^^^^^^^^^^^^^^^^^^^^^^^^^^^^^^^^^^^^
  File "/home/airflow/.local/lib/python3.12/site-packages/airflow/models/baseoperator.py", line 882, in __init__
    raise AirflowException(
airflow.exceptions.AirflowException: Invalid arguments were passed to DockerOperator (task_id: bronze_task). Invalid arguments were:
**kwargs: {'volumes': ['${PWD}:/app']}
[2025-12-11T03:16:59.837+0000] {processor.py:842} WARNING - No viable dags retrieved from /opt/airflow/dags/dag.py
[2025-12-11T03:16:59.864+0000] {processor.py:183} INFO - Processing /opt/airflow/dags/dag.py took 0.084 seconds
[2025-12-11T03:17:30.117+0000] {processor.py:161} INFO - Started process (PID=255) to work on /opt/airflow/dags/dag.py
[2025-12-11T03:17:30.119+0000] {processor.py:830} INFO - Processing file /opt/airflow/dags/dag.py for tasks to queue
[2025-12-11T03:17:30.123+0000] {logging_mixin.py:188} INFO - [2025-12-11T03:17:30.123+0000] {dagbag.py:545} INFO - Filling up the DagBag from /opt/airflow/dags/dag.py
[2025-12-11T03:17:30.169+0000] {logging_mixin.py:188} INFO - [2025-12-11T03:17:30.157+0000] {dagbag.py:355} ERROR - Failed to import: /opt/airflow/dags/dag.py
Traceback (most recent call last):
  File "/home/airflow/.local/lib/python3.12/site-packages/airflow/models/dagbag.py", line 351, in parse
    loader.exec_module(new_module)
  File "<frozen importlib._bootstrap_external>", line 995, in exec_module
  File "<frozen importlib._bootstrap>", line 488, in _call_with_frames_removed
  File "/opt/airflow/dags/dag.py", line 28, in <module>
    bronze_task = DockerOperator(
                  ^^^^^^^^^^^^^^^
  File "/home/airflow/.local/lib/python3.12/site-packages/airflow/models/baseoperator.py", line 485, in apply_defaults
    result = func(self, **kwargs, default_args=default_args)
             ^^^^^^^^^^^^^^^^^^^^^^^^^^^^^^^^^^^^^^^^^^^^^^^
  File "/home/airflow/.local/lib/python3.12/site-packages/airflow/providers/docker/operators/docker.py", line 272, in __init__
    super().__init__(**kwargs)
  File "/home/airflow/.local/lib/python3.12/site-packages/airflow/models/baseoperator.py", line 485, in apply_defaults
    result = func(self, **kwargs, default_args=default_args)
             ^^^^^^^^^^^^^^^^^^^^^^^^^^^^^^^^^^^^^^^^^^^^^^^
  File "/home/airflow/.local/lib/python3.12/site-packages/airflow/models/baseoperator.py", line 882, in __init__
    raise AirflowException(
airflow.exceptions.AirflowException: Invalid arguments were passed to DockerOperator (task_id: bronze_task). Invalid arguments were:
**kwargs: {'volumes': ['${PWD}:/app']}
[2025-12-11T03:17:30.171+0000] {processor.py:842} WARNING - No viable dags retrieved from /opt/airflow/dags/dag.py
[2025-12-11T03:17:30.207+0000] {processor.py:183} INFO - Processing /opt/airflow/dags/dag.py took 0.104 seconds
[2025-12-11T03:18:00.404+0000] {processor.py:161} INFO - Started process (PID=260) to work on /opt/airflow/dags/dag.py
[2025-12-11T03:18:00.405+0000] {processor.py:830} INFO - Processing file /opt/airflow/dags/dag.py for tasks to queue
[2025-12-11T03:18:00.410+0000] {logging_mixin.py:188} INFO - [2025-12-11T03:18:00.409+0000] {dagbag.py:545} INFO - Filling up the DagBag from /opt/airflow/dags/dag.py
[2025-12-11T03:18:00.444+0000] {logging_mixin.py:188} INFO - [2025-12-11T03:18:00.438+0000] {dagbag.py:355} ERROR - Failed to import: /opt/airflow/dags/dag.py
Traceback (most recent call last):
  File "/home/airflow/.local/lib/python3.12/site-packages/airflow/models/dagbag.py", line 351, in parse
    loader.exec_module(new_module)
  File "<frozen importlib._bootstrap_external>", line 995, in exec_module
  File "<frozen importlib._bootstrap>", line 488, in _call_with_frames_removed
  File "/opt/airflow/dags/dag.py", line 28, in <module>
    bronze_task = DockerOperator(
                  ^^^^^^^^^^^^^^^
  File "/home/airflow/.local/lib/python3.12/site-packages/airflow/models/baseoperator.py", line 485, in apply_defaults
    result = func(self, **kwargs, default_args=default_args)
             ^^^^^^^^^^^^^^^^^^^^^^^^^^^^^^^^^^^^^^^^^^^^^^^
  File "/home/airflow/.local/lib/python3.12/site-packages/airflow/providers/docker/operators/docker.py", line 272, in __init__
    super().__init__(**kwargs)
  File "/home/airflow/.local/lib/python3.12/site-packages/airflow/models/baseoperator.py", line 485, in apply_defaults
    result = func(self, **kwargs, default_args=default_args)
             ^^^^^^^^^^^^^^^^^^^^^^^^^^^^^^^^^^^^^^^^^^^^^^^
  File "/home/airflow/.local/lib/python3.12/site-packages/airflow/models/baseoperator.py", line 882, in __init__
    raise AirflowException(
airflow.exceptions.AirflowException: Invalid arguments were passed to DockerOperator (task_id: bronze_task). Invalid arguments were:
**kwargs: {'volumes': ['${PWD}:/app']}
[2025-12-11T03:18:00.446+0000] {processor.py:842} WARNING - No viable dags retrieved from /opt/airflow/dags/dag.py
[2025-12-11T03:18:00.477+0000] {processor.py:183} INFO - Processing /opt/airflow/dags/dag.py took 0.083 seconds
[2025-12-11T03:18:30.791+0000] {processor.py:161} INFO - Started process (PID=265) to work on /opt/airflow/dags/dag.py
[2025-12-11T03:18:30.793+0000] {processor.py:830} INFO - Processing file /opt/airflow/dags/dag.py for tasks to queue
[2025-12-11T03:18:30.800+0000] {logging_mixin.py:188} INFO - [2025-12-11T03:18:30.800+0000] {dagbag.py:545} INFO - Filling up the DagBag from /opt/airflow/dags/dag.py
[2025-12-11T03:18:30.848+0000] {logging_mixin.py:188} INFO - [2025-12-11T03:18:30.834+0000] {dagbag.py:355} ERROR - Failed to import: /opt/airflow/dags/dag.py
Traceback (most recent call last):
  File "/home/airflow/.local/lib/python3.12/site-packages/airflow/models/dagbag.py", line 351, in parse
    loader.exec_module(new_module)
  File "<frozen importlib._bootstrap_external>", line 995, in exec_module
  File "<frozen importlib._bootstrap>", line 488, in _call_with_frames_removed
  File "/opt/airflow/dags/dag.py", line 28, in <module>
    bronze_task = DockerOperator(
                  ^^^^^^^^^^^^^^^
  File "/home/airflow/.local/lib/python3.12/site-packages/airflow/models/baseoperator.py", line 485, in apply_defaults
    result = func(self, **kwargs, default_args=default_args)
             ^^^^^^^^^^^^^^^^^^^^^^^^^^^^^^^^^^^^^^^^^^^^^^^
  File "/home/airflow/.local/lib/python3.12/site-packages/airflow/providers/docker/operators/docker.py", line 272, in __init__
    super().__init__(**kwargs)
  File "/home/airflow/.local/lib/python3.12/site-packages/airflow/models/baseoperator.py", line 485, in apply_defaults
    result = func(self, **kwargs, default_args=default_args)
             ^^^^^^^^^^^^^^^^^^^^^^^^^^^^^^^^^^^^^^^^^^^^^^^
  File "/home/airflow/.local/lib/python3.12/site-packages/airflow/models/baseoperator.py", line 882, in __init__
    raise AirflowException(
airflow.exceptions.AirflowException: Invalid arguments were passed to DockerOperator (task_id: bronze_task). Invalid arguments were:
**kwargs: {'volumes': ['${PWD}:/app']}
[2025-12-11T03:18:30.850+0000] {processor.py:842} WARNING - No viable dags retrieved from /opt/airflow/dags/dag.py
[2025-12-11T03:18:30.909+0000] {processor.py:183} INFO - Processing /opt/airflow/dags/dag.py took 0.154 seconds
[2025-12-11T03:19:01.173+0000] {processor.py:161} INFO - Started process (PID=270) to work on /opt/airflow/dags/dag.py
[2025-12-11T03:19:01.175+0000] {processor.py:830} INFO - Processing file /opt/airflow/dags/dag.py for tasks to queue
[2025-12-11T03:19:01.180+0000] {logging_mixin.py:188} INFO - [2025-12-11T03:19:01.179+0000] {dagbag.py:545} INFO - Filling up the DagBag from /opt/airflow/dags/dag.py
[2025-12-11T03:19:01.221+0000] {logging_mixin.py:188} INFO - [2025-12-11T03:19:01.212+0000] {dagbag.py:355} ERROR - Failed to import: /opt/airflow/dags/dag.py
Traceback (most recent call last):
  File "/home/airflow/.local/lib/python3.12/site-packages/airflow/models/dagbag.py", line 351, in parse
    loader.exec_module(new_module)
  File "<frozen importlib._bootstrap_external>", line 995, in exec_module
  File "<frozen importlib._bootstrap>", line 488, in _call_with_frames_removed
  File "/opt/airflow/dags/dag.py", line 28, in <module>
    bronze_task = DockerOperator(
                  ^^^^^^^^^^^^^^^
  File "/home/airflow/.local/lib/python3.12/site-packages/airflow/models/baseoperator.py", line 485, in apply_defaults
    result = func(self, **kwargs, default_args=default_args)
             ^^^^^^^^^^^^^^^^^^^^^^^^^^^^^^^^^^^^^^^^^^^^^^^
  File "/home/airflow/.local/lib/python3.12/site-packages/airflow/providers/docker/operators/docker.py", line 272, in __init__
    super().__init__(**kwargs)
  File "/home/airflow/.local/lib/python3.12/site-packages/airflow/models/baseoperator.py", line 485, in apply_defaults
    result = func(self, **kwargs, default_args=default_args)
             ^^^^^^^^^^^^^^^^^^^^^^^^^^^^^^^^^^^^^^^^^^^^^^^
  File "/home/airflow/.local/lib/python3.12/site-packages/airflow/models/baseoperator.py", line 882, in __init__
    raise AirflowException(
airflow.exceptions.AirflowException: Invalid arguments were passed to DockerOperator (task_id: bronze_task). Invalid arguments were:
**kwargs: {'volumes': ['${PWD}:/app']}
[2025-12-11T03:19:01.223+0000] {processor.py:842} WARNING - No viable dags retrieved from /opt/airflow/dags/dag.py
[2025-12-11T03:19:01.272+0000] {processor.py:183} INFO - Processing /opt/airflow/dags/dag.py took 0.107 seconds
[2025-12-11T03:19:31.506+0000] {processor.py:161} INFO - Started process (PID=275) to work on /opt/airflow/dags/dag.py
[2025-12-11T03:19:31.511+0000] {processor.py:830} INFO - Processing file /opt/airflow/dags/dag.py for tasks to queue
[2025-12-11T03:19:31.516+0000] {logging_mixin.py:188} INFO - [2025-12-11T03:19:31.515+0000] {dagbag.py:545} INFO - Filling up the DagBag from /opt/airflow/dags/dag.py
[2025-12-11T03:19:31.579+0000] {logging_mixin.py:188} INFO - [2025-12-11T03:19:31.564+0000] {dagbag.py:355} ERROR - Failed to import: /opt/airflow/dags/dag.py
Traceback (most recent call last):
  File "/home/airflow/.local/lib/python3.12/site-packages/airflow/models/dagbag.py", line 351, in parse
    loader.exec_module(new_module)
  File "<frozen importlib._bootstrap_external>", line 995, in exec_module
  File "<frozen importlib._bootstrap>", line 488, in _call_with_frames_removed
  File "/opt/airflow/dags/dag.py", line 28, in <module>
    bronze_task = DockerOperator(
                  ^^^^^^^^^^^^^^^
  File "/home/airflow/.local/lib/python3.12/site-packages/airflow/models/baseoperator.py", line 485, in apply_defaults
    result = func(self, **kwargs, default_args=default_args)
             ^^^^^^^^^^^^^^^^^^^^^^^^^^^^^^^^^^^^^^^^^^^^^^^
  File "/home/airflow/.local/lib/python3.12/site-packages/airflow/providers/docker/operators/docker.py", line 272, in __init__
    super().__init__(**kwargs)
  File "/home/airflow/.local/lib/python3.12/site-packages/airflow/models/baseoperator.py", line 485, in apply_defaults
    result = func(self, **kwargs, default_args=default_args)
             ^^^^^^^^^^^^^^^^^^^^^^^^^^^^^^^^^^^^^^^^^^^^^^^
  File "/home/airflow/.local/lib/python3.12/site-packages/airflow/models/baseoperator.py", line 882, in __init__
    raise AirflowException(
airflow.exceptions.AirflowException: Invalid arguments were passed to DockerOperator (task_id: bronze_task). Invalid arguments were:
**kwargs: {'volumes': ['${PWD}:/app']}
[2025-12-11T03:19:31.582+0000] {processor.py:842} WARNING - No viable dags retrieved from /opt/airflow/dags/dag.py
[2025-12-11T03:19:31.634+0000] {processor.py:183} INFO - Processing /opt/airflow/dags/dag.py took 0.141 seconds
[2025-12-11T03:20:01.832+0000] {processor.py:161} INFO - Started process (PID=280) to work on /opt/airflow/dags/dag.py
[2025-12-11T03:20:01.834+0000] {processor.py:830} INFO - Processing file /opt/airflow/dags/dag.py for tasks to queue
[2025-12-11T03:20:01.837+0000] {logging_mixin.py:188} INFO - [2025-12-11T03:20:01.836+0000] {dagbag.py:545} INFO - Filling up the DagBag from /opt/airflow/dags/dag.py
[2025-12-11T03:20:01.872+0000] {logging_mixin.py:188} INFO - [2025-12-11T03:20:01.861+0000] {dagbag.py:355} ERROR - Failed to import: /opt/airflow/dags/dag.py
Traceback (most recent call last):
  File "/home/airflow/.local/lib/python3.12/site-packages/airflow/models/dagbag.py", line 351, in parse
    loader.exec_module(new_module)
  File "<frozen importlib._bootstrap_external>", line 995, in exec_module
  File "<frozen importlib._bootstrap>", line 488, in _call_with_frames_removed
  File "/opt/airflow/dags/dag.py", line 28, in <module>
    bronze_task = DockerOperator(
                  ^^^^^^^^^^^^^^^
  File "/home/airflow/.local/lib/python3.12/site-packages/airflow/models/baseoperator.py", line 485, in apply_defaults
    result = func(self, **kwargs, default_args=default_args)
             ^^^^^^^^^^^^^^^^^^^^^^^^^^^^^^^^^^^^^^^^^^^^^^^
  File "/home/airflow/.local/lib/python3.12/site-packages/airflow/providers/docker/operators/docker.py", line 272, in __init__
    super().__init__(**kwargs)
  File "/home/airflow/.local/lib/python3.12/site-packages/airflow/models/baseoperator.py", line 485, in apply_defaults
    result = func(self, **kwargs, default_args=default_args)
             ^^^^^^^^^^^^^^^^^^^^^^^^^^^^^^^^^^^^^^^^^^^^^^^
  File "/home/airflow/.local/lib/python3.12/site-packages/airflow/models/baseoperator.py", line 882, in __init__
    raise AirflowException(
airflow.exceptions.AirflowException: Invalid arguments were passed to DockerOperator (task_id: bronze_task). Invalid arguments were:
**kwargs: {'volumes': ['${PWD}:/app']}
[2025-12-11T03:20:01.874+0000] {processor.py:842} WARNING - No viable dags retrieved from /opt/airflow/dags/dag.py
[2025-12-11T03:20:01.911+0000] {processor.py:183} INFO - Processing /opt/airflow/dags/dag.py took 0.093 seconds
[2025-12-11T03:20:32.120+0000] {processor.py:161} INFO - Started process (PID=285) to work on /opt/airflow/dags/dag.py
[2025-12-11T03:20:32.123+0000] {processor.py:830} INFO - Processing file /opt/airflow/dags/dag.py for tasks to queue
[2025-12-11T03:20:32.128+0000] {logging_mixin.py:188} INFO - [2025-12-11T03:20:32.127+0000] {dagbag.py:545} INFO - Filling up the DagBag from /opt/airflow/dags/dag.py
[2025-12-11T03:20:32.175+0000] {logging_mixin.py:188} INFO - [2025-12-11T03:20:32.161+0000] {dagbag.py:355} ERROR - Failed to import: /opt/airflow/dags/dag.py
Traceback (most recent call last):
  File "/home/airflow/.local/lib/python3.12/site-packages/airflow/models/dagbag.py", line 351, in parse
    loader.exec_module(new_module)
  File "<frozen importlib._bootstrap_external>", line 995, in exec_module
  File "<frozen importlib._bootstrap>", line 488, in _call_with_frames_removed
  File "/opt/airflow/dags/dag.py", line 28, in <module>
    bronze_task = DockerOperator(
                  ^^^^^^^^^^^^^^^
  File "/home/airflow/.local/lib/python3.12/site-packages/airflow/models/baseoperator.py", line 485, in apply_defaults
    result = func(self, **kwargs, default_args=default_args)
             ^^^^^^^^^^^^^^^^^^^^^^^^^^^^^^^^^^^^^^^^^^^^^^^
  File "/home/airflow/.local/lib/python3.12/site-packages/airflow/providers/docker/operators/docker.py", line 272, in __init__
    super().__init__(**kwargs)
  File "/home/airflow/.local/lib/python3.12/site-packages/airflow/models/baseoperator.py", line 485, in apply_defaults
    result = func(self, **kwargs, default_args=default_args)
             ^^^^^^^^^^^^^^^^^^^^^^^^^^^^^^^^^^^^^^^^^^^^^^^
  File "/home/airflow/.local/lib/python3.12/site-packages/airflow/models/baseoperator.py", line 882, in __init__
    raise AirflowException(
airflow.exceptions.AirflowException: Invalid arguments were passed to DockerOperator (task_id: bronze_task). Invalid arguments were:
**kwargs: {'volumes': ['${PWD}:/app']}
[2025-12-11T03:20:32.177+0000] {processor.py:842} WARNING - No viable dags retrieved from /opt/airflow/dags/dag.py
[2025-12-11T03:20:32.241+0000] {processor.py:183} INFO - Processing /opt/airflow/dags/dag.py took 0.139 seconds
[2025-12-11T03:21:02.520+0000] {processor.py:161} INFO - Started process (PID=290) to work on /opt/airflow/dags/dag.py
[2025-12-11T03:21:02.521+0000] {processor.py:830} INFO - Processing file /opt/airflow/dags/dag.py for tasks to queue
[2025-12-11T03:21:02.524+0000] {logging_mixin.py:188} INFO - [2025-12-11T03:21:02.524+0000] {dagbag.py:545} INFO - Filling up the DagBag from /opt/airflow/dags/dag.py
[2025-12-11T03:21:02.578+0000] {logging_mixin.py:188} INFO - [2025-12-11T03:21:02.563+0000] {dagbag.py:355} ERROR - Failed to import: /opt/airflow/dags/dag.py
Traceback (most recent call last):
  File "/home/airflow/.local/lib/python3.12/site-packages/airflow/models/dagbag.py", line 351, in parse
    loader.exec_module(new_module)
  File "<frozen importlib._bootstrap_external>", line 995, in exec_module
  File "<frozen importlib._bootstrap>", line 488, in _call_with_frames_removed
  File "/opt/airflow/dags/dag.py", line 28, in <module>
    bronze_task = DockerOperator(
                  ^^^^^^^^^^^^^^^
  File "/home/airflow/.local/lib/python3.12/site-packages/airflow/models/baseoperator.py", line 485, in apply_defaults
    result = func(self, **kwargs, default_args=default_args)
             ^^^^^^^^^^^^^^^^^^^^^^^^^^^^^^^^^^^^^^^^^^^^^^^
  File "/home/airflow/.local/lib/python3.12/site-packages/airflow/providers/docker/operators/docker.py", line 272, in __init__
    super().__init__(**kwargs)
  File "/home/airflow/.local/lib/python3.12/site-packages/airflow/models/baseoperator.py", line 485, in apply_defaults
    result = func(self, **kwargs, default_args=default_args)
             ^^^^^^^^^^^^^^^^^^^^^^^^^^^^^^^^^^^^^^^^^^^^^^^
  File "/home/airflow/.local/lib/python3.12/site-packages/airflow/models/baseoperator.py", line 882, in __init__
    raise AirflowException(
airflow.exceptions.AirflowException: Invalid arguments were passed to DockerOperator (task_id: bronze_task). Invalid arguments were:
**kwargs: {'volumes': ['${PWD}:/app']}
[2025-12-11T03:21:02.581+0000] {processor.py:842} WARNING - No viable dags retrieved from /opt/airflow/dags/dag.py
[2025-12-11T03:21:02.609+0000] {processor.py:183} INFO - Processing /opt/airflow/dags/dag.py took 0.098 seconds
[2025-12-11T03:21:32.843+0000] {processor.py:161} INFO - Started process (PID=295) to work on /opt/airflow/dags/dag.py
[2025-12-11T03:21:32.844+0000] {processor.py:830} INFO - Processing file /opt/airflow/dags/dag.py for tasks to queue
[2025-12-11T03:21:32.848+0000] {logging_mixin.py:188} INFO - [2025-12-11T03:21:32.848+0000] {dagbag.py:545} INFO - Filling up the DagBag from /opt/airflow/dags/dag.py
[2025-12-11T03:21:32.909+0000] {logging_mixin.py:188} INFO - [2025-12-11T03:21:32.893+0000] {dagbag.py:355} ERROR - Failed to import: /opt/airflow/dags/dag.py
Traceback (most recent call last):
  File "/home/airflow/.local/lib/python3.12/site-packages/airflow/models/dagbag.py", line 351, in parse
    loader.exec_module(new_module)
  File "<frozen importlib._bootstrap_external>", line 995, in exec_module
  File "<frozen importlib._bootstrap>", line 488, in _call_with_frames_removed
  File "/opt/airflow/dags/dag.py", line 28, in <module>
    bronze_task = DockerOperator(
                  ^^^^^^^^^^^^^^^
  File "/home/airflow/.local/lib/python3.12/site-packages/airflow/models/baseoperator.py", line 485, in apply_defaults
    result = func(self, **kwargs, default_args=default_args)
             ^^^^^^^^^^^^^^^^^^^^^^^^^^^^^^^^^^^^^^^^^^^^^^^
  File "/home/airflow/.local/lib/python3.12/site-packages/airflow/providers/docker/operators/docker.py", line 272, in __init__
    super().__init__(**kwargs)
  File "/home/airflow/.local/lib/python3.12/site-packages/airflow/models/baseoperator.py", line 485, in apply_defaults
    result = func(self, **kwargs, default_args=default_args)
             ^^^^^^^^^^^^^^^^^^^^^^^^^^^^^^^^^^^^^^^^^^^^^^^
  File "/home/airflow/.local/lib/python3.12/site-packages/airflow/models/baseoperator.py", line 882, in __init__
    raise AirflowException(
airflow.exceptions.AirflowException: Invalid arguments were passed to DockerOperator (task_id: bronze_task). Invalid arguments were:
**kwargs: {'volumes': ['${PWD}:/app']}
[2025-12-11T03:21:32.911+0000] {processor.py:842} WARNING - No viable dags retrieved from /opt/airflow/dags/dag.py
[2025-12-11T03:21:32.947+0000] {processor.py:183} INFO - Processing /opt/airflow/dags/dag.py took 0.118 seconds
[2025-12-11T03:22:03.224+0000] {processor.py:161} INFO - Started process (PID=300) to work on /opt/airflow/dags/dag.py
[2025-12-11T03:22:03.226+0000] {processor.py:830} INFO - Processing file /opt/airflow/dags/dag.py for tasks to queue
[2025-12-11T03:22:03.230+0000] {logging_mixin.py:188} INFO - [2025-12-11T03:22:03.230+0000] {dagbag.py:545} INFO - Filling up the DagBag from /opt/airflow/dags/dag.py
[2025-12-11T03:22:03.298+0000] {logging_mixin.py:188} INFO - [2025-12-11T03:22:03.285+0000] {dagbag.py:355} ERROR - Failed to import: /opt/airflow/dags/dag.py
Traceback (most recent call last):
  File "/home/airflow/.local/lib/python3.12/site-packages/airflow/models/dagbag.py", line 351, in parse
    loader.exec_module(new_module)
  File "<frozen importlib._bootstrap_external>", line 995, in exec_module
  File "<frozen importlib._bootstrap>", line 488, in _call_with_frames_removed
  File "/opt/airflow/dags/dag.py", line 28, in <module>
    bronze_task = DockerOperator(
                  ^^^^^^^^^^^^^^^
  File "/home/airflow/.local/lib/python3.12/site-packages/airflow/models/baseoperator.py", line 485, in apply_defaults
    result = func(self, **kwargs, default_args=default_args)
             ^^^^^^^^^^^^^^^^^^^^^^^^^^^^^^^^^^^^^^^^^^^^^^^
  File "/home/airflow/.local/lib/python3.12/site-packages/airflow/providers/docker/operators/docker.py", line 272, in __init__
    super().__init__(**kwargs)
  File "/home/airflow/.local/lib/python3.12/site-packages/airflow/models/baseoperator.py", line 485, in apply_defaults
    result = func(self, **kwargs, default_args=default_args)
             ^^^^^^^^^^^^^^^^^^^^^^^^^^^^^^^^^^^^^^^^^^^^^^^
  File "/home/airflow/.local/lib/python3.12/site-packages/airflow/models/baseoperator.py", line 882, in __init__
    raise AirflowException(
airflow.exceptions.AirflowException: Invalid arguments were passed to DockerOperator (task_id: bronze_task). Invalid arguments were:
**kwargs: {'volumes': ['${PWD}:/app']}
[2025-12-11T03:22:03.300+0000] {processor.py:842} WARNING - No viable dags retrieved from /opt/airflow/dags/dag.py
[2025-12-11T03:22:03.332+0000] {processor.py:183} INFO - Processing /opt/airflow/dags/dag.py took 0.123 seconds
[2025-12-11T13:54:07.334+0000] {processor.py:161} INFO - Started process (PID=180) to work on /opt/airflow/dags/dag.py
[2025-12-11T13:54:07.336+0000] {processor.py:830} INFO - Processing file /opt/airflow/dags/dag.py for tasks to queue
[2025-12-11T13:54:07.341+0000] {logging_mixin.py:188} INFO - [2025-12-11T13:54:07.340+0000] {dagbag.py:545} INFO - Filling up the DagBag from /opt/airflow/dags/dag.py
[2025-12-11T13:54:07.374+0000] {logging_mixin.py:188} INFO - [2025-12-11T13:54:07.365+0000] {dagbag.py:355} ERROR - Failed to import: /opt/airflow/dags/dag.py
Traceback (most recent call last):
  File "/home/airflow/.local/lib/python3.12/site-packages/airflow/models/dagbag.py", line 351, in parse
    loader.exec_module(new_module)
  File "<frozen importlib._bootstrap_external>", line 995, in exec_module
  File "<frozen importlib._bootstrap>", line 488, in _call_with_frames_removed
  File "/opt/airflow/dags/dag.py", line 28, in <module>
    bronze_task = DockerOperator(
                  ^^^^^^^^^^^^^^^
  File "/home/airflow/.local/lib/python3.12/site-packages/airflow/models/baseoperator.py", line 485, in apply_defaults
    result = func(self, **kwargs, default_args=default_args)
             ^^^^^^^^^^^^^^^^^^^^^^^^^^^^^^^^^^^^^^^^^^^^^^^
  File "/home/airflow/.local/lib/python3.12/site-packages/airflow/providers/docker/operators/docker.py", line 272, in __init__
    super().__init__(**kwargs)
  File "/home/airflow/.local/lib/python3.12/site-packages/airflow/models/baseoperator.py", line 485, in apply_defaults
    result = func(self, **kwargs, default_args=default_args)
             ^^^^^^^^^^^^^^^^^^^^^^^^^^^^^^^^^^^^^^^^^^^^^^^
  File "/home/airflow/.local/lib/python3.12/site-packages/airflow/models/baseoperator.py", line 882, in __init__
    raise AirflowException(
airflow.exceptions.AirflowException: Invalid arguments were passed to DockerOperator (task_id: bronze_task). Invalid arguments were:
**kwargs: {'volumes': ['${PWD}:/app']}
[2025-12-11T13:54:07.376+0000] {processor.py:842} WARNING - No viable dags retrieved from /opt/airflow/dags/dag.py
[2025-12-11T13:54:07.425+0000] {processor.py:183} INFO - Processing /opt/airflow/dags/dag.py took 0.104 seconds
[2025-12-11T13:54:37.711+0000] {processor.py:161} INFO - Started process (PID=185) to work on /opt/airflow/dags/dag.py
[2025-12-11T13:54:37.712+0000] {processor.py:830} INFO - Processing file /opt/airflow/dags/dag.py for tasks to queue
[2025-12-11T13:54:37.723+0000] {logging_mixin.py:188} INFO - [2025-12-11T13:54:37.721+0000] {dagbag.py:545} INFO - Filling up the DagBag from /opt/airflow/dags/dag.py
[2025-12-11T13:54:37.783+0000] {logging_mixin.py:188} INFO - [2025-12-11T13:54:37.764+0000] {dagbag.py:355} ERROR - Failed to import: /opt/airflow/dags/dag.py
Traceback (most recent call last):
  File "/home/airflow/.local/lib/python3.12/site-packages/airflow/models/dagbag.py", line 351, in parse
    loader.exec_module(new_module)
  File "<frozen importlib._bootstrap_external>", line 995, in exec_module
  File "<frozen importlib._bootstrap>", line 488, in _call_with_frames_removed
  File "/opt/airflow/dags/dag.py", line 28, in <module>
    bronze_task = DockerOperator(
                  ^^^^^^^^^^^^^^^
  File "/home/airflow/.local/lib/python3.12/site-packages/airflow/models/baseoperator.py", line 485, in apply_defaults
    result = func(self, **kwargs, default_args=default_args)
             ^^^^^^^^^^^^^^^^^^^^^^^^^^^^^^^^^^^^^^^^^^^^^^^
  File "/home/airflow/.local/lib/python3.12/site-packages/airflow/providers/docker/operators/docker.py", line 272, in __init__
    super().__init__(**kwargs)
  File "/home/airflow/.local/lib/python3.12/site-packages/airflow/models/baseoperator.py", line 485, in apply_defaults
    result = func(self, **kwargs, default_args=default_args)
             ^^^^^^^^^^^^^^^^^^^^^^^^^^^^^^^^^^^^^^^^^^^^^^^
  File "/home/airflow/.local/lib/python3.12/site-packages/airflow/models/baseoperator.py", line 882, in __init__
    raise AirflowException(
airflow.exceptions.AirflowException: Invalid arguments were passed to DockerOperator (task_id: bronze_task). Invalid arguments were:
**kwargs: {'volumes': ['${PWD}:/app']}
[2025-12-11T13:54:37.784+0000] {processor.py:842} WARNING - No viable dags retrieved from /opt/airflow/dags/dag.py
[2025-12-11T13:54:37.876+0000] {processor.py:183} INFO - Processing /opt/airflow/dags/dag.py took 0.210 seconds
[2025-12-11T13:55:08.007+0000] {processor.py:161} INFO - Started process (PID=190) to work on /opt/airflow/dags/dag.py
[2025-12-11T13:55:08.009+0000] {processor.py:830} INFO - Processing file /opt/airflow/dags/dag.py for tasks to queue
[2025-12-11T13:55:08.013+0000] {logging_mixin.py:188} INFO - [2025-12-11T13:55:08.012+0000] {dagbag.py:545} INFO - Filling up the DagBag from /opt/airflow/dags/dag.py
[2025-12-11T13:55:08.076+0000] {logging_mixin.py:188} INFO - [2025-12-11T13:55:08.060+0000] {dagbag.py:355} ERROR - Failed to import: /opt/airflow/dags/dag.py
Traceback (most recent call last):
  File "/home/airflow/.local/lib/python3.12/site-packages/airflow/models/dagbag.py", line 351, in parse
    loader.exec_module(new_module)
  File "<frozen importlib._bootstrap_external>", line 995, in exec_module
  File "<frozen importlib._bootstrap>", line 488, in _call_with_frames_removed
  File "/opt/airflow/dags/dag.py", line 28, in <module>
    bronze_task = DockerOperator(
                  ^^^^^^^^^^^^^^^
  File "/home/airflow/.local/lib/python3.12/site-packages/airflow/models/baseoperator.py", line 485, in apply_defaults
    result = func(self, **kwargs, default_args=default_args)
             ^^^^^^^^^^^^^^^^^^^^^^^^^^^^^^^^^^^^^^^^^^^^^^^
  File "/home/airflow/.local/lib/python3.12/site-packages/airflow/providers/docker/operators/docker.py", line 272, in __init__
    super().__init__(**kwargs)
  File "/home/airflow/.local/lib/python3.12/site-packages/airflow/models/baseoperator.py", line 485, in apply_defaults
    result = func(self, **kwargs, default_args=default_args)
             ^^^^^^^^^^^^^^^^^^^^^^^^^^^^^^^^^^^^^^^^^^^^^^^
  File "/home/airflow/.local/lib/python3.12/site-packages/airflow/models/baseoperator.py", line 882, in __init__
    raise AirflowException(
airflow.exceptions.AirflowException: Invalid arguments were passed to DockerOperator (task_id: bronze_task). Invalid arguments were:
**kwargs: {'volumes': ['${PWD}:/app']}
[2025-12-11T13:55:08.079+0000] {processor.py:842} WARNING - No viable dags retrieved from /opt/airflow/dags/dag.py
[2025-12-11T13:55:08.144+0000] {processor.py:183} INFO - Processing /opt/airflow/dags/dag.py took 0.150 seconds
[2025-12-11T13:55:38.569+0000] {processor.py:161} INFO - Started process (PID=195) to work on /opt/airflow/dags/dag.py
[2025-12-11T13:55:38.573+0000] {processor.py:830} INFO - Processing file /opt/airflow/dags/dag.py for tasks to queue
[2025-12-11T13:55:38.581+0000] {logging_mixin.py:188} INFO - [2025-12-11T13:55:38.580+0000] {dagbag.py:545} INFO - Filling up the DagBag from /opt/airflow/dags/dag.py
[2025-12-11T13:55:38.649+0000] {logging_mixin.py:188} INFO - [2025-12-11T13:55:38.635+0000] {dagbag.py:355} ERROR - Failed to import: /opt/airflow/dags/dag.py
Traceback (most recent call last):
  File "/home/airflow/.local/lib/python3.12/site-packages/airflow/models/dagbag.py", line 351, in parse
    loader.exec_module(new_module)
  File "<frozen importlib._bootstrap_external>", line 995, in exec_module
  File "<frozen importlib._bootstrap>", line 488, in _call_with_frames_removed
  File "/opt/airflow/dags/dag.py", line 28, in <module>
    bronze_task = DockerOperator(
                  ^^^^^^^^^^^^^^^
  File "/home/airflow/.local/lib/python3.12/site-packages/airflow/models/baseoperator.py", line 485, in apply_defaults
    result = func(self, **kwargs, default_args=default_args)
             ^^^^^^^^^^^^^^^^^^^^^^^^^^^^^^^^^^^^^^^^^^^^^^^
  File "/home/airflow/.local/lib/python3.12/site-packages/airflow/providers/docker/operators/docker.py", line 272, in __init__
    super().__init__(**kwargs)
  File "/home/airflow/.local/lib/python3.12/site-packages/airflow/models/baseoperator.py", line 485, in apply_defaults
    result = func(self, **kwargs, default_args=default_args)
             ^^^^^^^^^^^^^^^^^^^^^^^^^^^^^^^^^^^^^^^^^^^^^^^
  File "/home/airflow/.local/lib/python3.12/site-packages/airflow/models/baseoperator.py", line 882, in __init__
    raise AirflowException(
airflow.exceptions.AirflowException: Invalid arguments were passed to DockerOperator (task_id: bronze_task). Invalid arguments were:
**kwargs: {'volumes': ['${PWD}:/app']}
[2025-12-11T13:55:38.651+0000] {processor.py:842} WARNING - No viable dags retrieved from /opt/airflow/dags/dag.py
[2025-12-11T13:55:38.714+0000] {processor.py:183} INFO - Processing /opt/airflow/dags/dag.py took 0.166 seconds
[2025-12-11T13:56:09.049+0000] {processor.py:161} INFO - Started process (PID=200) to work on /opt/airflow/dags/dag.py
[2025-12-11T13:56:09.052+0000] {processor.py:830} INFO - Processing file /opt/airflow/dags/dag.py for tasks to queue
[2025-12-11T13:56:09.063+0000] {logging_mixin.py:188} INFO - [2025-12-11T13:56:09.061+0000] {dagbag.py:545} INFO - Filling up the DagBag from /opt/airflow/dags/dag.py
[2025-12-11T13:56:09.114+0000] {logging_mixin.py:188} INFO - [2025-12-11T13:56:09.101+0000] {dagbag.py:355} ERROR - Failed to import: /opt/airflow/dags/dag.py
Traceback (most recent call last):
  File "/home/airflow/.local/lib/python3.12/site-packages/airflow/models/dagbag.py", line 351, in parse
    loader.exec_module(new_module)
  File "<frozen importlib._bootstrap_external>", line 995, in exec_module
  File "<frozen importlib._bootstrap>", line 488, in _call_with_frames_removed
  File "/opt/airflow/dags/dag.py", line 28, in <module>
    bronze_task = DockerOperator(
                  ^^^^^^^^^^^^^^^
  File "/home/airflow/.local/lib/python3.12/site-packages/airflow/models/baseoperator.py", line 485, in apply_defaults
    result = func(self, **kwargs, default_args=default_args)
             ^^^^^^^^^^^^^^^^^^^^^^^^^^^^^^^^^^^^^^^^^^^^^^^
  File "/home/airflow/.local/lib/python3.12/site-packages/airflow/providers/docker/operators/docker.py", line 272, in __init__
    super().__init__(**kwargs)
  File "/home/airflow/.local/lib/python3.12/site-packages/airflow/models/baseoperator.py", line 485, in apply_defaults
    result = func(self, **kwargs, default_args=default_args)
             ^^^^^^^^^^^^^^^^^^^^^^^^^^^^^^^^^^^^^^^^^^^^^^^
  File "/home/airflow/.local/lib/python3.12/site-packages/airflow/models/baseoperator.py", line 882, in __init__
    raise AirflowException(
airflow.exceptions.AirflowException: Invalid arguments were passed to DockerOperator (task_id: bronze_task). Invalid arguments were:
**kwargs: {'volumes': ['${PWD}:/app']}
[2025-12-11T13:56:09.116+0000] {processor.py:842} WARNING - No viable dags retrieved from /opt/airflow/dags/dag.py
[2025-12-11T13:56:09.188+0000] {processor.py:183} INFO - Processing /opt/airflow/dags/dag.py took 0.175 seconds
[2025-12-11T13:56:39.900+0000] {processor.py:161} INFO - Started process (PID=205) to work on /opt/airflow/dags/dag.py
[2025-12-11T13:56:39.941+0000] {processor.py:830} INFO - Processing file /opt/airflow/dags/dag.py for tasks to queue
[2025-12-11T13:56:39.984+0000] {logging_mixin.py:188} INFO - [2025-12-11T13:56:39.978+0000] {dagbag.py:545} INFO - Filling up the DagBag from /opt/airflow/dags/dag.py
[2025-12-11T13:56:40.246+0000] {logging_mixin.py:188} INFO - [2025-12-11T13:56:40.189+0000] {dagbag.py:355} ERROR - Failed to import: /opt/airflow/dags/dag.py
Traceback (most recent call last):
  File "/home/airflow/.local/lib/python3.12/site-packages/airflow/models/dagbag.py", line 351, in parse
    loader.exec_module(new_module)
  File "<frozen importlib._bootstrap_external>", line 995, in exec_module
  File "<frozen importlib._bootstrap>", line 488, in _call_with_frames_removed
  File "/opt/airflow/dags/dag.py", line 28, in <module>
    bronze_task = DockerOperator(
                  ^^^^^^^^^^^^^^^
  File "/home/airflow/.local/lib/python3.12/site-packages/airflow/models/baseoperator.py", line 485, in apply_defaults
    result = func(self, **kwargs, default_args=default_args)
             ^^^^^^^^^^^^^^^^^^^^^^^^^^^^^^^^^^^^^^^^^^^^^^^
  File "/home/airflow/.local/lib/python3.12/site-packages/airflow/providers/docker/operators/docker.py", line 272, in __init__
    super().__init__(**kwargs)
  File "/home/airflow/.local/lib/python3.12/site-packages/airflow/models/baseoperator.py", line 485, in apply_defaults
    result = func(self, **kwargs, default_args=default_args)
             ^^^^^^^^^^^^^^^^^^^^^^^^^^^^^^^^^^^^^^^^^^^^^^^
  File "/home/airflow/.local/lib/python3.12/site-packages/airflow/models/baseoperator.py", line 882, in __init__
    raise AirflowException(
airflow.exceptions.AirflowException: Invalid arguments were passed to DockerOperator (task_id: bronze_task). Invalid arguments were:
**kwargs: {'volumes': ['${PWD}:/app']}
[2025-12-11T13:56:40.249+0000] {processor.py:842} WARNING - No viable dags retrieved from /opt/airflow/dags/dag.py
[2025-12-11T13:56:40.523+0000] {processor.py:183} INFO - Processing /opt/airflow/dags/dag.py took 0.972 seconds
[2025-12-11T13:57:11.012+0000] {processor.py:161} INFO - Started process (PID=210) to work on /opt/airflow/dags/dag.py
[2025-12-11T13:57:11.019+0000] {processor.py:830} INFO - Processing file /opt/airflow/dags/dag.py for tasks to queue
[2025-12-11T13:57:11.027+0000] {logging_mixin.py:188} INFO - [2025-12-11T13:57:11.026+0000] {dagbag.py:545} INFO - Filling up the DagBag from /opt/airflow/dags/dag.py
[2025-12-11T13:57:11.121+0000] {logging_mixin.py:188} INFO - [2025-12-11T13:57:11.092+0000] {dagbag.py:355} ERROR - Failed to import: /opt/airflow/dags/dag.py
Traceback (most recent call last):
  File "/home/airflow/.local/lib/python3.12/site-packages/airflow/models/dagbag.py", line 351, in parse
    loader.exec_module(new_module)
  File "<frozen importlib._bootstrap_external>", line 995, in exec_module
  File "<frozen importlib._bootstrap>", line 488, in _call_with_frames_removed
  File "/opt/airflow/dags/dag.py", line 28, in <module>
    bronze_task = DockerOperator(
                  ^^^^^^^^^^^^^^^
  File "/home/airflow/.local/lib/python3.12/site-packages/airflow/models/baseoperator.py", line 485, in apply_defaults
    result = func(self, **kwargs, default_args=default_args)
             ^^^^^^^^^^^^^^^^^^^^^^^^^^^^^^^^^^^^^^^^^^^^^^^
  File "/home/airflow/.local/lib/python3.12/site-packages/airflow/providers/docker/operators/docker.py", line 272, in __init__
    super().__init__(**kwargs)
  File "/home/airflow/.local/lib/python3.12/site-packages/airflow/models/baseoperator.py", line 485, in apply_defaults
    result = func(self, **kwargs, default_args=default_args)
             ^^^^^^^^^^^^^^^^^^^^^^^^^^^^^^^^^^^^^^^^^^^^^^^
  File "/home/airflow/.local/lib/python3.12/site-packages/airflow/models/baseoperator.py", line 882, in __init__
    raise AirflowException(
airflow.exceptions.AirflowException: Invalid arguments were passed to DockerOperator (task_id: bronze_task). Invalid arguments were:
**kwargs: {'volumes': ['${PWD}:/app']}
[2025-12-11T13:57:11.124+0000] {processor.py:842} WARNING - No viable dags retrieved from /opt/airflow/dags/dag.py
[2025-12-11T13:57:11.228+0000] {processor.py:183} INFO - Processing /opt/airflow/dags/dag.py took 0.277 seconds
[2025-12-11T13:57:41.646+0000] {processor.py:161} INFO - Started process (PID=215) to work on /opt/airflow/dags/dag.py
[2025-12-11T13:57:41.649+0000] {processor.py:830} INFO - Processing file /opt/airflow/dags/dag.py for tasks to queue
[2025-12-11T13:57:41.655+0000] {logging_mixin.py:188} INFO - [2025-12-11T13:57:41.654+0000] {dagbag.py:545} INFO - Filling up the DagBag from /opt/airflow/dags/dag.py
[2025-12-11T13:57:41.717+0000] {logging_mixin.py:188} INFO - [2025-12-11T13:57:41.697+0000] {dagbag.py:355} ERROR - Failed to import: /opt/airflow/dags/dag.py
Traceback (most recent call last):
  File "/home/airflow/.local/lib/python3.12/site-packages/airflow/models/dagbag.py", line 351, in parse
    loader.exec_module(new_module)
  File "<frozen importlib._bootstrap_external>", line 995, in exec_module
  File "<frozen importlib._bootstrap>", line 488, in _call_with_frames_removed
  File "/opt/airflow/dags/dag.py", line 28, in <module>
    bronze_task = DockerOperator(
                  ^^^^^^^^^^^^^^^
  File "/home/airflow/.local/lib/python3.12/site-packages/airflow/models/baseoperator.py", line 485, in apply_defaults
    result = func(self, **kwargs, default_args=default_args)
             ^^^^^^^^^^^^^^^^^^^^^^^^^^^^^^^^^^^^^^^^^^^^^^^
  File "/home/airflow/.local/lib/python3.12/site-packages/airflow/providers/docker/operators/docker.py", line 272, in __init__
    super().__init__(**kwargs)
  File "/home/airflow/.local/lib/python3.12/site-packages/airflow/models/baseoperator.py", line 485, in apply_defaults
    result = func(self, **kwargs, default_args=default_args)
             ^^^^^^^^^^^^^^^^^^^^^^^^^^^^^^^^^^^^^^^^^^^^^^^
  File "/home/airflow/.local/lib/python3.12/site-packages/airflow/models/baseoperator.py", line 882, in __init__
    raise AirflowException(
airflow.exceptions.AirflowException: Invalid arguments were passed to DockerOperator (task_id: bronze_task). Invalid arguments were:
**kwargs: {'volumes': ['${PWD}:/app']}
[2025-12-11T13:57:41.721+0000] {processor.py:842} WARNING - No viable dags retrieved from /opt/airflow/dags/dag.py
[2025-12-11T13:57:41.787+0000] {processor.py:183} INFO - Processing /opt/airflow/dags/dag.py took 0.158 seconds
[2025-12-11T13:58:11.904+0000] {processor.py:161} INFO - Started process (PID=220) to work on /opt/airflow/dags/dag.py
[2025-12-11T13:58:11.906+0000] {processor.py:830} INFO - Processing file /opt/airflow/dags/dag.py for tasks to queue
[2025-12-11T13:58:11.912+0000] {logging_mixin.py:188} INFO - [2025-12-11T13:58:11.911+0000] {dagbag.py:545} INFO - Filling up the DagBag from /opt/airflow/dags/dag.py
[2025-12-11T13:58:11.943+0000] {logging_mixin.py:188} INFO - [2025-12-11T13:58:11.935+0000] {dagbag.py:355} ERROR - Failed to import: /opt/airflow/dags/dag.py
Traceback (most recent call last):
  File "/home/airflow/.local/lib/python3.12/site-packages/airflow/models/dagbag.py", line 351, in parse
    loader.exec_module(new_module)
  File "<frozen importlib._bootstrap_external>", line 995, in exec_module
  File "<frozen importlib._bootstrap>", line 488, in _call_with_frames_removed
  File "/opt/airflow/dags/dag.py", line 28, in <module>
    bronze_task = DockerOperator(
                  ^^^^^^^^^^^^^^^
  File "/home/airflow/.local/lib/python3.12/site-packages/airflow/models/baseoperator.py", line 485, in apply_defaults
    result = func(self, **kwargs, default_args=default_args)
             ^^^^^^^^^^^^^^^^^^^^^^^^^^^^^^^^^^^^^^^^^^^^^^^
  File "/home/airflow/.local/lib/python3.12/site-packages/airflow/providers/docker/operators/docker.py", line 272, in __init__
    super().__init__(**kwargs)
  File "/home/airflow/.local/lib/python3.12/site-packages/airflow/models/baseoperator.py", line 485, in apply_defaults
    result = func(self, **kwargs, default_args=default_args)
             ^^^^^^^^^^^^^^^^^^^^^^^^^^^^^^^^^^^^^^^^^^^^^^^
  File "/home/airflow/.local/lib/python3.12/site-packages/airflow/models/baseoperator.py", line 882, in __init__
    raise AirflowException(
airflow.exceptions.AirflowException: Invalid arguments were passed to DockerOperator (task_id: bronze_task). Invalid arguments were:
**kwargs: {'volumes': ['${PWD}:/app']}
[2025-12-11T13:58:11.945+0000] {processor.py:842} WARNING - No viable dags retrieved from /opt/airflow/dags/dag.py
[2025-12-11T13:58:11.978+0000] {processor.py:183} INFO - Processing /opt/airflow/dags/dag.py took 0.090 seconds
[2025-12-11T13:58:42.227+0000] {processor.py:161} INFO - Started process (PID=225) to work on /opt/airflow/dags/dag.py
[2025-12-11T13:58:42.230+0000] {processor.py:830} INFO - Processing file /opt/airflow/dags/dag.py for tasks to queue
[2025-12-11T13:58:42.235+0000] {logging_mixin.py:188} INFO - [2025-12-11T13:58:42.234+0000] {dagbag.py:545} INFO - Filling up the DagBag from /opt/airflow/dags/dag.py
[2025-12-11T13:58:42.316+0000] {logging_mixin.py:188} INFO - [2025-12-11T13:58:42.299+0000] {dagbag.py:355} ERROR - Failed to import: /opt/airflow/dags/dag.py
Traceback (most recent call last):
  File "/home/airflow/.local/lib/python3.12/site-packages/airflow/models/dagbag.py", line 351, in parse
    loader.exec_module(new_module)
  File "<frozen importlib._bootstrap_external>", line 995, in exec_module
  File "<frozen importlib._bootstrap>", line 488, in _call_with_frames_removed
  File "/opt/airflow/dags/dag.py", line 28, in <module>
    bronze_task = DockerOperator(
                  ^^^^^^^^^^^^^^^
  File "/home/airflow/.local/lib/python3.12/site-packages/airflow/models/baseoperator.py", line 485, in apply_defaults
    result = func(self, **kwargs, default_args=default_args)
             ^^^^^^^^^^^^^^^^^^^^^^^^^^^^^^^^^^^^^^^^^^^^^^^
  File "/home/airflow/.local/lib/python3.12/site-packages/airflow/providers/docker/operators/docker.py", line 272, in __init__
    super().__init__(**kwargs)
  File "/home/airflow/.local/lib/python3.12/site-packages/airflow/models/baseoperator.py", line 485, in apply_defaults
    result = func(self, **kwargs, default_args=default_args)
             ^^^^^^^^^^^^^^^^^^^^^^^^^^^^^^^^^^^^^^^^^^^^^^^
  File "/home/airflow/.local/lib/python3.12/site-packages/airflow/models/baseoperator.py", line 882, in __init__
    raise AirflowException(
airflow.exceptions.AirflowException: Invalid arguments were passed to DockerOperator (task_id: bronze_task). Invalid arguments were:
**kwargs: {'volumes': ['${PWD}:/app']}
[2025-12-11T13:58:42.318+0000] {processor.py:842} WARNING - No viable dags retrieved from /opt/airflow/dags/dag.py
[2025-12-11T13:58:42.373+0000] {processor.py:183} INFO - Processing /opt/airflow/dags/dag.py took 0.156 seconds
[2025-12-11T13:59:12.981+0000] {processor.py:161} INFO - Started process (PID=230) to work on /opt/airflow/dags/dag.py
[2025-12-11T13:59:12.983+0000] {processor.py:830} INFO - Processing file /opt/airflow/dags/dag.py for tasks to queue
[2025-12-11T13:59:12.988+0000] {logging_mixin.py:188} INFO - [2025-12-11T13:59:12.987+0000] {dagbag.py:545} INFO - Filling up the DagBag from /opt/airflow/dags/dag.py
[2025-12-11T13:59:13.046+0000] {logging_mixin.py:188} INFO - [2025-12-11T13:59:13.027+0000] {dagbag.py:355} ERROR - Failed to import: /opt/airflow/dags/dag.py
Traceback (most recent call last):
  File "/home/airflow/.local/lib/python3.12/site-packages/airflow/models/dagbag.py", line 351, in parse
    loader.exec_module(new_module)
  File "<frozen importlib._bootstrap_external>", line 995, in exec_module
  File "<frozen importlib._bootstrap>", line 488, in _call_with_frames_removed
  File "/opt/airflow/dags/dag.py", line 28, in <module>
    bronze_task = DockerOperator(
                  ^^^^^^^^^^^^^^^
  File "/home/airflow/.local/lib/python3.12/site-packages/airflow/models/baseoperator.py", line 485, in apply_defaults
    result = func(self, **kwargs, default_args=default_args)
             ^^^^^^^^^^^^^^^^^^^^^^^^^^^^^^^^^^^^^^^^^^^^^^^
  File "/home/airflow/.local/lib/python3.12/site-packages/airflow/providers/docker/operators/docker.py", line 272, in __init__
    super().__init__(**kwargs)
  File "/home/airflow/.local/lib/python3.12/site-packages/airflow/models/baseoperator.py", line 485, in apply_defaults
    result = func(self, **kwargs, default_args=default_args)
             ^^^^^^^^^^^^^^^^^^^^^^^^^^^^^^^^^^^^^^^^^^^^^^^
  File "/home/airflow/.local/lib/python3.12/site-packages/airflow/models/baseoperator.py", line 882, in __init__
    raise AirflowException(
airflow.exceptions.AirflowException: Invalid arguments were passed to DockerOperator (task_id: bronze_task). Invalid arguments were:
**kwargs: {'volumes': ['${PWD}:/app']}
[2025-12-11T13:59:13.049+0000] {processor.py:842} WARNING - No viable dags retrieved from /opt/airflow/dags/dag.py
[2025-12-11T13:59:13.107+0000] {processor.py:183} INFO - Processing /opt/airflow/dags/dag.py took 0.145 seconds
