[2026-01-10T21:47:09.017+0000] {processor.py:161} INFO - Started process (PID=180) to work on /opt/airflow/dags/dag.py
[2026-01-10T21:47:09.022+0000] {processor.py:830} INFO - Processing file /opt/airflow/dags/dag.py for tasks to queue
[2026-01-10T21:47:09.031+0000] {logging_mixin.py:188} INFO - [2026-01-10T21:47:09.030+0000] {dagbag.py:545} INFO - Filling up the DagBag from /opt/airflow/dags/dag.py
[2026-01-10T21:47:09.145+0000] {processor.py:840} INFO - DAG(s) 'exchange_rates_pipeline' retrieved from /opt/airflow/dags/dag.py
[2026-01-10T21:47:09.279+0000] {logging_mixin.py:188} INFO - [2026-01-10T21:47:09.279+0000] {dag.py:3096} INFO - Sync 1 DAGs
[2026-01-10T21:47:09.358+0000] {logging_mixin.py:188} INFO - [2026-01-10T21:47:09.357+0000] {dag.py:3954} INFO - Setting next_dagrun for exchange_rates_pipeline to None, run_after=None
[2026-01-10T21:47:09.457+0000] {processor.py:183} INFO - Processing /opt/airflow/dags/dag.py took 0.487 seconds
[2026-01-10T21:47:39.787+0000] {processor.py:161} INFO - Started process (PID=185) to work on /opt/airflow/dags/dag.py
[2026-01-10T21:47:39.791+0000] {processor.py:830} INFO - Processing file /opt/airflow/dags/dag.py for tasks to queue
[2026-01-10T21:47:39.800+0000] {logging_mixin.py:188} INFO - [2026-01-10T21:47:39.798+0000] {dagbag.py:545} INFO - Filling up the DagBag from /opt/airflow/dags/dag.py
[2026-01-10T21:47:39.854+0000] {processor.py:840} INFO - DAG(s) 'exchange_rates_pipeline' retrieved from /opt/airflow/dags/dag.py
[2026-01-10T21:47:40.300+0000] {logging_mixin.py:188} INFO - [2026-01-10T21:47:40.300+0000] {dag.py:3096} INFO - Sync 1 DAGs
[2026-01-10T21:47:40.338+0000] {logging_mixin.py:188} INFO - [2026-01-10T21:47:40.337+0000] {dag.py:3954} INFO - Setting next_dagrun for exchange_rates_pipeline to None, run_after=None
[2026-01-10T21:47:40.392+0000] {processor.py:183} INFO - Processing /opt/airflow/dags/dag.py took 0.641 seconds
[2026-01-10T21:48:10.631+0000] {processor.py:161} INFO - Started process (PID=190) to work on /opt/airflow/dags/dag.py
[2026-01-10T21:48:10.632+0000] {processor.py:830} INFO - Processing file /opt/airflow/dags/dag.py for tasks to queue
[2026-01-10T21:48:10.634+0000] {logging_mixin.py:188} INFO - [2026-01-10T21:48:10.633+0000] {dagbag.py:545} INFO - Filling up the DagBag from /opt/airflow/dags/dag.py
[2026-01-10T21:48:10.656+0000] {processor.py:840} INFO - DAG(s) 'exchange_rates_pipeline' retrieved from /opt/airflow/dags/dag.py
[2026-01-10T21:48:10.699+0000] {logging_mixin.py:188} INFO - [2026-01-10T21:48:10.699+0000] {dag.py:3096} INFO - Sync 1 DAGs
[2026-01-10T21:48:10.714+0000] {logging_mixin.py:188} INFO - [2026-01-10T21:48:10.713+0000] {dag.py:3954} INFO - Setting next_dagrun for exchange_rates_pipeline to None, run_after=None
[2026-01-10T21:48:10.743+0000] {processor.py:183} INFO - Processing /opt/airflow/dags/dag.py took 0.120 seconds
[2026-01-10T21:48:40.875+0000] {processor.py:161} INFO - Started process (PID=195) to work on /opt/airflow/dags/dag.py
[2026-01-10T21:48:40.877+0000] {processor.py:830} INFO - Processing file /opt/airflow/dags/dag.py for tasks to queue
[2026-01-10T21:48:40.878+0000] {logging_mixin.py:188} INFO - [2026-01-10T21:48:40.878+0000] {dagbag.py:545} INFO - Filling up the DagBag from /opt/airflow/dags/dag.py
[2026-01-10T21:48:40.897+0000] {processor.py:840} INFO - DAG(s) 'exchange_rates_pipeline' retrieved from /opt/airflow/dags/dag.py
[2026-01-10T21:48:40.939+0000] {logging_mixin.py:188} INFO - [2026-01-10T21:48:40.939+0000] {dag.py:3096} INFO - Sync 1 DAGs
[2026-01-10T21:48:40.955+0000] {logging_mixin.py:188} INFO - [2026-01-10T21:48:40.955+0000] {dag.py:3954} INFO - Setting next_dagrun for exchange_rates_pipeline to None, run_after=None
[2026-01-10T21:48:40.984+0000] {processor.py:183} INFO - Processing /opt/airflow/dags/dag.py took 0.114 seconds
[2026-01-10T21:49:11.198+0000] {processor.py:161} INFO - Started process (PID=200) to work on /opt/airflow/dags/dag.py
[2026-01-10T21:49:11.199+0000] {processor.py:830} INFO - Processing file /opt/airflow/dags/dag.py for tasks to queue
[2026-01-10T21:49:11.201+0000] {logging_mixin.py:188} INFO - [2026-01-10T21:49:11.201+0000] {dagbag.py:545} INFO - Filling up the DagBag from /opt/airflow/dags/dag.py
[2026-01-10T21:49:11.231+0000] {processor.py:840} INFO - DAG(s) 'exchange_rates_pipeline' retrieved from /opt/airflow/dags/dag.py
[2026-01-10T21:49:11.266+0000] {logging_mixin.py:188} INFO - [2026-01-10T21:49:11.265+0000] {dag.py:3096} INFO - Sync 1 DAGs
[2026-01-10T21:49:11.283+0000] {logging_mixin.py:188} INFO - [2026-01-10T21:49:11.282+0000] {dag.py:3954} INFO - Setting next_dagrun for exchange_rates_pipeline to None, run_after=None
[2026-01-10T21:49:11.315+0000] {processor.py:183} INFO - Processing /opt/airflow/dags/dag.py took 0.122 seconds
[2026-01-10T21:49:41.752+0000] {processor.py:161} INFO - Started process (PID=205) to work on /opt/airflow/dags/dag.py
[2026-01-10T21:49:41.770+0000] {processor.py:830} INFO - Processing file /opt/airflow/dags/dag.py for tasks to queue
[2026-01-10T21:49:41.793+0000] {logging_mixin.py:188} INFO - [2026-01-10T21:49:41.788+0000] {dagbag.py:545} INFO - Filling up the DagBag from /opt/airflow/dags/dag.py
[2026-01-10T21:49:41.867+0000] {processor.py:840} INFO - DAG(s) 'exchange_rates_pipeline' retrieved from /opt/airflow/dags/dag.py
[2026-01-10T21:49:42.031+0000] {logging_mixin.py:188} INFO - [2026-01-10T21:49:42.030+0000] {dag.py:3096} INFO - Sync 1 DAGs
[2026-01-10T21:49:42.260+0000] {logging_mixin.py:188} INFO - [2026-01-10T21:49:42.260+0000] {dag.py:3954} INFO - Setting next_dagrun for exchange_rates_pipeline to None, run_after=None
[2026-01-10T21:49:42.335+0000] {processor.py:183} INFO - Processing /opt/airflow/dags/dag.py took 0.762 seconds
[2026-01-10T21:50:12.714+0000] {processor.py:161} INFO - Started process (PID=210) to work on /opt/airflow/dags/dag.py
[2026-01-10T21:50:12.719+0000] {processor.py:830} INFO - Processing file /opt/airflow/dags/dag.py for tasks to queue
[2026-01-10T21:50:12.729+0000] {logging_mixin.py:188} INFO - [2026-01-10T21:50:12.727+0000] {dagbag.py:545} INFO - Filling up the DagBag from /opt/airflow/dags/dag.py
[2026-01-10T21:50:12.791+0000] {processor.py:840} INFO - DAG(s) 'exchange_rates_pipeline' retrieved from /opt/airflow/dags/dag.py
[2026-01-10T21:50:12.925+0000] {logging_mixin.py:188} INFO - [2026-01-10T21:50:12.924+0000] {dag.py:3096} INFO - Sync 1 DAGs
[2026-01-10T21:50:12.959+0000] {logging_mixin.py:188} INFO - [2026-01-10T21:50:12.959+0000] {dag.py:3954} INFO - Setting next_dagrun for exchange_rates_pipeline to None, run_after=None
[2026-01-10T21:50:13.011+0000] {processor.py:183} INFO - Processing /opt/airflow/dags/dag.py took 0.314 seconds
[2026-01-10T21:50:43.252+0000] {processor.py:161} INFO - Started process (PID=219) to work on /opt/airflow/dags/dag.py
[2026-01-10T21:50:43.254+0000] {processor.py:830} INFO - Processing file /opt/airflow/dags/dag.py for tasks to queue
[2026-01-10T21:50:43.257+0000] {logging_mixin.py:188} INFO - [2026-01-10T21:50:43.256+0000] {dagbag.py:545} INFO - Filling up the DagBag from /opt/airflow/dags/dag.py
[2026-01-10T21:50:43.281+0000] {processor.py:840} INFO - DAG(s) 'exchange_rates_pipeline' retrieved from /opt/airflow/dags/dag.py
[2026-01-10T21:50:43.320+0000] {logging_mixin.py:188} INFO - [2026-01-10T21:50:43.320+0000] {dag.py:3096} INFO - Sync 1 DAGs
[2026-01-10T21:50:43.336+0000] {logging_mixin.py:188} INFO - [2026-01-10T21:50:43.335+0000] {dag.py:3954} INFO - Setting next_dagrun for exchange_rates_pipeline to None, run_after=None
[2026-01-10T21:50:43.355+0000] {processor.py:183} INFO - Processing /opt/airflow/dags/dag.py took 0.114 seconds
[2026-01-10T21:51:13.548+0000] {processor.py:161} INFO - Started process (PID=224) to work on /opt/airflow/dags/dag.py
[2026-01-10T21:51:13.550+0000] {processor.py:830} INFO - Processing file /opt/airflow/dags/dag.py for tasks to queue
[2026-01-10T21:51:13.554+0000] {logging_mixin.py:188} INFO - [2026-01-10T21:51:13.553+0000] {dagbag.py:545} INFO - Filling up the DagBag from /opt/airflow/dags/dag.py
[2026-01-10T21:51:13.592+0000] {processor.py:840} INFO - DAG(s) 'exchange_rates_pipeline' retrieved from /opt/airflow/dags/dag.py
[2026-01-10T21:51:13.641+0000] {logging_mixin.py:188} INFO - [2026-01-10T21:51:13.641+0000] {dag.py:3096} INFO - Sync 1 DAGs
[2026-01-10T21:51:13.665+0000] {logging_mixin.py:188} INFO - [2026-01-10T21:51:13.664+0000] {dag.py:3954} INFO - Setting next_dagrun for exchange_rates_pipeline to None, run_after=None
[2026-01-10T21:51:13.693+0000] {processor.py:183} INFO - Processing /opt/airflow/dags/dag.py took 0.154 seconds
[2026-01-10T21:51:43.785+0000] {processor.py:161} INFO - Started process (PID=229) to work on /opt/airflow/dags/dag.py
[2026-01-10T21:51:43.786+0000] {processor.py:830} INFO - Processing file /opt/airflow/dags/dag.py for tasks to queue
[2026-01-10T21:51:43.788+0000] {logging_mixin.py:188} INFO - [2026-01-10T21:51:43.788+0000] {dagbag.py:545} INFO - Filling up the DagBag from /opt/airflow/dags/dag.py
[2026-01-10T21:51:43.811+0000] {processor.py:840} INFO - DAG(s) 'exchange_rates_pipeline' retrieved from /opt/airflow/dags/dag.py
[2026-01-10T21:51:43.842+0000] {logging_mixin.py:188} INFO - [2026-01-10T21:51:43.842+0000] {dag.py:3096} INFO - Sync 1 DAGs
[2026-01-10T21:51:43.854+0000] {logging_mixin.py:188} INFO - [2026-01-10T21:51:43.854+0000] {dag.py:3954} INFO - Setting next_dagrun for exchange_rates_pipeline to None, run_after=None
[2026-01-10T21:51:43.876+0000] {processor.py:183} INFO - Processing /opt/airflow/dags/dag.py took 0.101 seconds
[2026-01-10T21:52:14.500+0000] {processor.py:161} INFO - Started process (PID=234) to work on /opt/airflow/dags/dag.py
[2026-01-10T21:52:14.501+0000] {processor.py:830} INFO - Processing file /opt/airflow/dags/dag.py for tasks to queue
[2026-01-10T21:52:14.504+0000] {logging_mixin.py:188} INFO - [2026-01-10T21:52:14.503+0000] {dagbag.py:545} INFO - Filling up the DagBag from /opt/airflow/dags/dag.py
[2026-01-10T21:52:14.541+0000] {processor.py:840} INFO - DAG(s) 'exchange_rates_pipeline' retrieved from /opt/airflow/dags/dag.py
[2026-01-10T21:52:14.599+0000] {logging_mixin.py:188} INFO - [2026-01-10T21:52:14.599+0000] {dag.py:3096} INFO - Sync 1 DAGs
[2026-01-10T21:52:14.617+0000] {logging_mixin.py:188} INFO - [2026-01-10T21:52:14.616+0000] {dag.py:3954} INFO - Setting next_dagrun for exchange_rates_pipeline to None, run_after=None
[2026-01-10T21:52:14.648+0000] {processor.py:183} INFO - Processing /opt/airflow/dags/dag.py took 0.158 seconds
[2026-01-10T21:52:45.071+0000] {processor.py:161} INFO - Started process (PID=239) to work on /opt/airflow/dags/dag.py
[2026-01-10T21:52:45.077+0000] {processor.py:830} INFO - Processing file /opt/airflow/dags/dag.py for tasks to queue
[2026-01-10T21:52:45.079+0000] {logging_mixin.py:188} INFO - [2026-01-10T21:52:45.079+0000] {dagbag.py:545} INFO - Filling up the DagBag from /opt/airflow/dags/dag.py
[2026-01-10T21:52:45.105+0000] {processor.py:840} INFO - DAG(s) 'exchange_rates_pipeline' retrieved from /opt/airflow/dags/dag.py
[2026-01-10T21:52:45.152+0000] {logging_mixin.py:188} INFO - [2026-01-10T21:52:45.152+0000] {dag.py:3096} INFO - Sync 1 DAGs
[2026-01-10T21:52:45.173+0000] {logging_mixin.py:188} INFO - [2026-01-10T21:52:45.173+0000] {dag.py:3954} INFO - Setting next_dagrun for exchange_rates_pipeline to None, run_after=None
[2026-01-10T21:52:45.198+0000] {processor.py:183} INFO - Processing /opt/airflow/dags/dag.py took 0.142 seconds
[2026-01-10T22:29:29.020+0000] {processor.py:161} INFO - Started process (PID=180) to work on /opt/airflow/dags/dag.py
[2026-01-10T22:29:29.022+0000] {processor.py:830} INFO - Processing file /opt/airflow/dags/dag.py for tasks to queue
[2026-01-10T22:29:29.026+0000] {logging_mixin.py:188} INFO - [2026-01-10T22:29:29.026+0000] {dagbag.py:545} INFO - Filling up the DagBag from /opt/airflow/dags/dag.py
[2026-01-10T22:29:29.062+0000] {processor.py:840} INFO - DAG(s) 'exchange_rates_pipeline' retrieved from /opt/airflow/dags/dag.py
[2026-01-10T22:29:29.097+0000] {logging_mixin.py:188} INFO - [2026-01-10T22:29:29.097+0000] {dag.py:3096} INFO - Sync 1 DAGs
[2026-01-10T22:29:29.115+0000] {logging_mixin.py:188} INFO - [2026-01-10T22:29:29.115+0000] {dag.py:3954} INFO - Setting next_dagrun for exchange_rates_pipeline to None, run_after=None
[2026-01-10T22:29:29.141+0000] {processor.py:183} INFO - Processing /opt/airflow/dags/dag.py took 0.129 seconds
[2026-01-10T22:29:59.297+0000] {processor.py:161} INFO - Started process (PID=185) to work on /opt/airflow/dags/dag.py
[2026-01-10T22:29:59.298+0000] {processor.py:830} INFO - Processing file /opt/airflow/dags/dag.py for tasks to queue
[2026-01-10T22:29:59.301+0000] {logging_mixin.py:188} INFO - [2026-01-10T22:29:59.301+0000] {dagbag.py:545} INFO - Filling up the DagBag from /opt/airflow/dags/dag.py
[2026-01-10T22:29:59.323+0000] {processor.py:840} INFO - DAG(s) 'exchange_rates_pipeline' retrieved from /opt/airflow/dags/dag.py
[2026-01-10T22:29:59.566+0000] {logging_mixin.py:188} INFO - [2026-01-10T22:29:59.566+0000] {dag.py:3096} INFO - Sync 1 DAGs
[2026-01-10T22:29:59.580+0000] {logging_mixin.py:188} INFO - [2026-01-10T22:29:59.580+0000] {dag.py:3954} INFO - Setting next_dagrun for exchange_rates_pipeline to None, run_after=None
[2026-01-10T22:29:59.608+0000] {processor.py:183} INFO - Processing /opt/airflow/dags/dag.py took 0.318 seconds
[2026-01-10T22:30:29.839+0000] {processor.py:161} INFO - Started process (PID=190) to work on /opt/airflow/dags/dag.py
[2026-01-10T22:30:29.840+0000] {processor.py:830} INFO - Processing file /opt/airflow/dags/dag.py for tasks to queue
[2026-01-10T22:30:29.841+0000] {logging_mixin.py:188} INFO - [2026-01-10T22:30:29.841+0000] {dagbag.py:545} INFO - Filling up the DagBag from /opt/airflow/dags/dag.py
[2026-01-10T22:30:29.862+0000] {processor.py:840} INFO - DAG(s) 'exchange_rates_pipeline' retrieved from /opt/airflow/dags/dag.py
[2026-01-10T22:30:29.897+0000] {logging_mixin.py:188} INFO - [2026-01-10T22:30:29.897+0000] {dag.py:3096} INFO - Sync 1 DAGs
[2026-01-10T22:30:29.912+0000] {logging_mixin.py:188} INFO - [2026-01-10T22:30:29.912+0000] {dag.py:3954} INFO - Setting next_dagrun for exchange_rates_pipeline to None, run_after=None
[2026-01-10T22:30:29.938+0000] {processor.py:183} INFO - Processing /opt/airflow/dags/dag.py took 0.105 seconds
[2026-01-10T22:31:00.089+0000] {processor.py:161} INFO - Started process (PID=195) to work on /opt/airflow/dags/dag.py
[2026-01-10T22:31:00.090+0000] {processor.py:830} INFO - Processing file /opt/airflow/dags/dag.py for tasks to queue
[2026-01-10T22:31:00.093+0000] {logging_mixin.py:188} INFO - [2026-01-10T22:31:00.092+0000] {dagbag.py:545} INFO - Filling up the DagBag from /opt/airflow/dags/dag.py
[2026-01-10T22:31:00.120+0000] {processor.py:840} INFO - DAG(s) 'exchange_rates_pipeline' retrieved from /opt/airflow/dags/dag.py
[2026-01-10T22:31:00.168+0000] {logging_mixin.py:188} INFO - [2026-01-10T22:31:00.167+0000] {dag.py:3096} INFO - Sync 1 DAGs
[2026-01-10T22:31:00.187+0000] {logging_mixin.py:188} INFO - [2026-01-10T22:31:00.186+0000] {dag.py:3954} INFO - Setting next_dagrun for exchange_rates_pipeline to None, run_after=None
[2026-01-10T22:31:00.218+0000] {processor.py:183} INFO - Processing /opt/airflow/dags/dag.py took 0.137 seconds
[2026-01-10T22:31:30.447+0000] {processor.py:161} INFO - Started process (PID=200) to work on /opt/airflow/dags/dag.py
[2026-01-10T22:31:30.448+0000] {processor.py:830} INFO - Processing file /opt/airflow/dags/dag.py for tasks to queue
[2026-01-10T22:31:30.450+0000] {logging_mixin.py:188} INFO - [2026-01-10T22:31:30.449+0000] {dagbag.py:545} INFO - Filling up the DagBag from /opt/airflow/dags/dag.py
[2026-01-10T22:31:30.469+0000] {processor.py:840} INFO - DAG(s) 'exchange_rates_pipeline' retrieved from /opt/airflow/dags/dag.py
[2026-01-10T22:31:30.501+0000] {logging_mixin.py:188} INFO - [2026-01-10T22:31:30.501+0000] {dag.py:3096} INFO - Sync 1 DAGs
[2026-01-10T22:31:30.516+0000] {logging_mixin.py:188} INFO - [2026-01-10T22:31:30.515+0000] {dag.py:3954} INFO - Setting next_dagrun for exchange_rates_pipeline to None, run_after=None
[2026-01-10T22:31:30.542+0000] {processor.py:183} INFO - Processing /opt/airflow/dags/dag.py took 0.101 seconds
[2026-01-10T22:32:00.698+0000] {processor.py:161} INFO - Started process (PID=205) to work on /opt/airflow/dags/dag.py
[2026-01-10T22:32:00.699+0000] {processor.py:830} INFO - Processing file /opt/airflow/dags/dag.py for tasks to queue
[2026-01-10T22:32:00.700+0000] {logging_mixin.py:188} INFO - [2026-01-10T22:32:00.700+0000] {dagbag.py:545} INFO - Filling up the DagBag from /opt/airflow/dags/dag.py
[2026-01-10T22:32:00.717+0000] {processor.py:840} INFO - DAG(s) 'exchange_rates_pipeline' retrieved from /opt/airflow/dags/dag.py
[2026-01-10T22:32:00.762+0000] {logging_mixin.py:188} INFO - [2026-01-10T22:32:00.762+0000] {dag.py:3096} INFO - Sync 1 DAGs
[2026-01-10T22:32:00.783+0000] {logging_mixin.py:188} INFO - [2026-01-10T22:32:00.782+0000] {dag.py:3954} INFO - Setting next_dagrun for exchange_rates_pipeline to None, run_after=None
[2026-01-10T22:32:00.824+0000] {processor.py:183} INFO - Processing /opt/airflow/dags/dag.py took 0.132 seconds
[2026-01-10T22:32:30.973+0000] {processor.py:161} INFO - Started process (PID=210) to work on /opt/airflow/dags/dag.py
[2026-01-10T22:32:30.974+0000] {processor.py:830} INFO - Processing file /opt/airflow/dags/dag.py for tasks to queue
[2026-01-10T22:32:30.975+0000] {logging_mixin.py:188} INFO - [2026-01-10T22:32:30.975+0000] {dagbag.py:545} INFO - Filling up the DagBag from /opt/airflow/dags/dag.py
[2026-01-10T22:32:30.991+0000] {processor.py:840} INFO - DAG(s) 'exchange_rates_pipeline' retrieved from /opt/airflow/dags/dag.py
[2026-01-10T22:32:31.025+0000] {logging_mixin.py:188} INFO - [2026-01-10T22:32:31.025+0000] {dag.py:3096} INFO - Sync 1 DAGs
[2026-01-10T22:32:31.038+0000] {logging_mixin.py:188} INFO - [2026-01-10T22:32:31.038+0000] {dag.py:3954} INFO - Setting next_dagrun for exchange_rates_pipeline to None, run_after=None
[2026-01-10T22:32:31.062+0000] {processor.py:183} INFO - Processing /opt/airflow/dags/dag.py took 0.095 seconds
[2026-01-10T22:33:01.316+0000] {processor.py:161} INFO - Started process (PID=215) to work on /opt/airflow/dags/dag.py
[2026-01-10T22:33:01.317+0000] {processor.py:830} INFO - Processing file /opt/airflow/dags/dag.py for tasks to queue
[2026-01-10T22:33:01.319+0000] {logging_mixin.py:188} INFO - [2026-01-10T22:33:01.318+0000] {dagbag.py:545} INFO - Filling up the DagBag from /opt/airflow/dags/dag.py
[2026-01-10T22:33:01.338+0000] {processor.py:840} INFO - DAG(s) 'exchange_rates_pipeline' retrieved from /opt/airflow/dags/dag.py
[2026-01-10T22:33:01.368+0000] {logging_mixin.py:188} INFO - [2026-01-10T22:33:01.368+0000] {dag.py:3096} INFO - Sync 1 DAGs
[2026-01-10T22:33:01.381+0000] {logging_mixin.py:188} INFO - [2026-01-10T22:33:01.381+0000] {dag.py:3954} INFO - Setting next_dagrun for exchange_rates_pipeline to None, run_after=None
[2026-01-10T22:33:01.408+0000] {processor.py:183} INFO - Processing /opt/airflow/dags/dag.py took 0.098 seconds
[2026-01-10T22:33:31.621+0000] {processor.py:161} INFO - Started process (PID=220) to work on /opt/airflow/dags/dag.py
[2026-01-10T22:33:31.623+0000] {processor.py:830} INFO - Processing file /opt/airflow/dags/dag.py for tasks to queue
[2026-01-10T22:33:31.625+0000] {logging_mixin.py:188} INFO - [2026-01-10T22:33:31.624+0000] {dagbag.py:545} INFO - Filling up the DagBag from /opt/airflow/dags/dag.py
[2026-01-10T22:33:31.646+0000] {processor.py:840} INFO - DAG(s) 'exchange_rates_pipeline' retrieved from /opt/airflow/dags/dag.py
[2026-01-10T22:33:31.680+0000] {logging_mixin.py:188} INFO - [2026-01-10T22:33:31.680+0000] {dag.py:3096} INFO - Sync 1 DAGs
[2026-01-10T22:33:31.697+0000] {logging_mixin.py:188} INFO - [2026-01-10T22:33:31.697+0000] {dag.py:3954} INFO - Setting next_dagrun for exchange_rates_pipeline to None, run_after=None
[2026-01-10T22:33:31.723+0000] {processor.py:183} INFO - Processing /opt/airflow/dags/dag.py took 0.111 seconds
[2026-01-10T22:34:01.874+0000] {processor.py:161} INFO - Started process (PID=225) to work on /opt/airflow/dags/dag.py
[2026-01-10T22:34:01.875+0000] {processor.py:830} INFO - Processing file /opt/airflow/dags/dag.py for tasks to queue
[2026-01-10T22:34:01.877+0000] {logging_mixin.py:188} INFO - [2026-01-10T22:34:01.876+0000] {dagbag.py:545} INFO - Filling up the DagBag from /opt/airflow/dags/dag.py
[2026-01-10T22:34:01.896+0000] {processor.py:840} INFO - DAG(s) 'exchange_rates_pipeline' retrieved from /opt/airflow/dags/dag.py
[2026-01-10T22:34:01.930+0000] {logging_mixin.py:188} INFO - [2026-01-10T22:34:01.929+0000] {dag.py:3096} INFO - Sync 1 DAGs
[2026-01-10T22:34:01.945+0000] {logging_mixin.py:188} INFO - [2026-01-10T22:34:01.945+0000] {dag.py:3954} INFO - Setting next_dagrun for exchange_rates_pipeline to None, run_after=None
[2026-01-10T22:34:01.966+0000] {processor.py:183} INFO - Processing /opt/airflow/dags/dag.py took 0.098 seconds
[2026-01-10T22:34:32.292+0000] {processor.py:161} INFO - Started process (PID=230) to work on /opt/airflow/dags/dag.py
[2026-01-10T22:34:32.293+0000] {processor.py:830} INFO - Processing file /opt/airflow/dags/dag.py for tasks to queue
[2026-01-10T22:34:32.297+0000] {logging_mixin.py:188} INFO - [2026-01-10T22:34:32.296+0000] {dagbag.py:545} INFO - Filling up the DagBag from /opt/airflow/dags/dag.py
[2026-01-10T22:34:32.316+0000] {processor.py:840} INFO - DAG(s) 'exchange_rates_pipeline' retrieved from /opt/airflow/dags/dag.py
[2026-01-10T22:34:32.350+0000] {logging_mixin.py:188} INFO - [2026-01-10T22:34:32.350+0000] {dag.py:3096} INFO - Sync 1 DAGs
[2026-01-10T22:34:32.365+0000] {logging_mixin.py:188} INFO - [2026-01-10T22:34:32.365+0000] {dag.py:3954} INFO - Setting next_dagrun for exchange_rates_pipeline to None, run_after=None
[2026-01-10T22:34:32.387+0000] {processor.py:183} INFO - Processing /opt/airflow/dags/dag.py took 0.102 seconds
[2026-01-10T22:35:02.530+0000] {processor.py:161} INFO - Started process (PID=235) to work on /opt/airflow/dags/dag.py
[2026-01-10T22:35:02.531+0000] {processor.py:830} INFO - Processing file /opt/airflow/dags/dag.py for tasks to queue
[2026-01-10T22:35:02.533+0000] {logging_mixin.py:188} INFO - [2026-01-10T22:35:02.532+0000] {dagbag.py:545} INFO - Filling up the DagBag from /opt/airflow/dags/dag.py
[2026-01-10T22:35:02.549+0000] {processor.py:840} INFO - DAG(s) 'exchange_rates_pipeline' retrieved from /opt/airflow/dags/dag.py
[2026-01-10T22:35:02.582+0000] {logging_mixin.py:188} INFO - [2026-01-10T22:35:02.582+0000] {dag.py:3096} INFO - Sync 1 DAGs
[2026-01-10T22:35:02.594+0000] {logging_mixin.py:188} INFO - [2026-01-10T22:35:02.594+0000] {dag.py:3954} INFO - Setting next_dagrun for exchange_rates_pipeline to None, run_after=None
[2026-01-10T22:35:02.614+0000] {processor.py:183} INFO - Processing /opt/airflow/dags/dag.py took 0.090 seconds
[2026-01-10T22:35:32.821+0000] {processor.py:161} INFO - Started process (PID=240) to work on /opt/airflow/dags/dag.py
[2026-01-10T22:35:32.822+0000] {processor.py:830} INFO - Processing file /opt/airflow/dags/dag.py for tasks to queue
[2026-01-10T22:35:32.824+0000] {logging_mixin.py:188} INFO - [2026-01-10T22:35:32.824+0000] {dagbag.py:545} INFO - Filling up the DagBag from /opt/airflow/dags/dag.py
[2026-01-10T22:35:32.844+0000] {processor.py:840} INFO - DAG(s) 'exchange_rates_pipeline' retrieved from /opt/airflow/dags/dag.py
[2026-01-10T22:35:32.879+0000] {logging_mixin.py:188} INFO - [2026-01-10T22:35:32.879+0000] {dag.py:3096} INFO - Sync 1 DAGs
[2026-01-10T22:35:32.892+0000] {logging_mixin.py:188} INFO - [2026-01-10T22:35:32.892+0000] {dag.py:3954} INFO - Setting next_dagrun for exchange_rates_pipeline to None, run_after=None
[2026-01-10T22:35:32.918+0000] {processor.py:183} INFO - Processing /opt/airflow/dags/dag.py took 0.102 seconds
[2026-01-10T22:36:03.072+0000] {processor.py:161} INFO - Started process (PID=245) to work on /opt/airflow/dags/dag.py
[2026-01-10T22:36:03.075+0000] {processor.py:830} INFO - Processing file /opt/airflow/dags/dag.py for tasks to queue
[2026-01-10T22:36:03.080+0000] {logging_mixin.py:188} INFO - [2026-01-10T22:36:03.079+0000] {dagbag.py:545} INFO - Filling up the DagBag from /opt/airflow/dags/dag.py
[2026-01-10T22:36:03.111+0000] {processor.py:840} INFO - DAG(s) 'exchange_rates_pipeline' retrieved from /opt/airflow/dags/dag.py
[2026-01-10T22:36:03.160+0000] {logging_mixin.py:188} INFO - [2026-01-10T22:36:03.160+0000] {dag.py:3096} INFO - Sync 1 DAGs
[2026-01-10T22:36:03.179+0000] {logging_mixin.py:188} INFO - [2026-01-10T22:36:03.179+0000] {dag.py:3954} INFO - Setting next_dagrun for exchange_rates_pipeline to None, run_after=None
[2026-01-10T22:36:03.213+0000] {processor.py:183} INFO - Processing /opt/airflow/dags/dag.py took 0.151 seconds
[2026-01-10T22:36:33.363+0000] {processor.py:161} INFO - Started process (PID=250) to work on /opt/airflow/dags/dag.py
[2026-01-10T22:36:33.365+0000] {processor.py:830} INFO - Processing file /opt/airflow/dags/dag.py for tasks to queue
[2026-01-10T22:36:33.367+0000] {logging_mixin.py:188} INFO - [2026-01-10T22:36:33.367+0000] {dagbag.py:545} INFO - Filling up the DagBag from /opt/airflow/dags/dag.py
[2026-01-10T22:36:33.408+0000] {processor.py:840} INFO - DAG(s) 'exchange_rates_pipeline' retrieved from /opt/airflow/dags/dag.py
[2026-01-10T22:36:33.443+0000] {logging_mixin.py:188} INFO - [2026-01-10T22:36:33.443+0000] {dag.py:3096} INFO - Sync 1 DAGs
[2026-01-10T22:36:33.460+0000] {logging_mixin.py:188} INFO - [2026-01-10T22:36:33.460+0000] {dag.py:3954} INFO - Setting next_dagrun for exchange_rates_pipeline to None, run_after=None
[2026-01-10T22:36:33.483+0000] {processor.py:183} INFO - Processing /opt/airflow/dags/dag.py took 0.132 seconds
[2026-01-10T22:37:03.631+0000] {processor.py:161} INFO - Started process (PID=255) to work on /opt/airflow/dags/dag.py
[2026-01-10T22:37:03.633+0000] {processor.py:830} INFO - Processing file /opt/airflow/dags/dag.py for tasks to queue
[2026-01-10T22:37:03.635+0000] {logging_mixin.py:188} INFO - [2026-01-10T22:37:03.635+0000] {dagbag.py:545} INFO - Filling up the DagBag from /opt/airflow/dags/dag.py
[2026-01-10T22:37:03.674+0000] {processor.py:840} INFO - DAG(s) 'exchange_rates_pipeline' retrieved from /opt/airflow/dags/dag.py
[2026-01-10T22:37:03.715+0000] {logging_mixin.py:188} INFO - [2026-01-10T22:37:03.715+0000] {dag.py:3096} INFO - Sync 1 DAGs
[2026-01-10T22:37:03.732+0000] {logging_mixin.py:188} INFO - [2026-01-10T22:37:03.732+0000] {dag.py:3954} INFO - Setting next_dagrun for exchange_rates_pipeline to None, run_after=None
[2026-01-10T22:37:03.757+0000] {processor.py:183} INFO - Processing /opt/airflow/dags/dag.py took 0.133 seconds
[2026-01-10T22:37:33.946+0000] {processor.py:161} INFO - Started process (PID=260) to work on /opt/airflow/dags/dag.py
[2026-01-10T22:37:33.948+0000] {processor.py:830} INFO - Processing file /opt/airflow/dags/dag.py for tasks to queue
[2026-01-10T22:37:33.955+0000] {logging_mixin.py:188} INFO - [2026-01-10T22:37:33.954+0000] {dagbag.py:545} INFO - Filling up the DagBag from /opt/airflow/dags/dag.py
[2026-01-10T22:37:33.989+0000] {processor.py:840} INFO - DAG(s) 'exchange_rates_pipeline' retrieved from /opt/airflow/dags/dag.py
[2026-01-10T22:37:34.068+0000] {logging_mixin.py:188} INFO - [2026-01-10T22:37:34.067+0000] {dag.py:3096} INFO - Sync 1 DAGs
[2026-01-10T22:37:34.091+0000] {logging_mixin.py:188} INFO - [2026-01-10T22:37:34.090+0000] {dag.py:3954} INFO - Setting next_dagrun for exchange_rates_pipeline to None, run_after=None
[2026-01-10T22:37:34.127+0000] {processor.py:183} INFO - Processing /opt/airflow/dags/dag.py took 0.201 seconds
[2026-01-10T22:38:04.264+0000] {processor.py:161} INFO - Started process (PID=265) to work on /opt/airflow/dags/dag.py
[2026-01-10T22:38:04.266+0000] {processor.py:830} INFO - Processing file /opt/airflow/dags/dag.py for tasks to queue
[2026-01-10T22:38:04.268+0000] {logging_mixin.py:188} INFO - [2026-01-10T22:38:04.268+0000] {dagbag.py:545} INFO - Filling up the DagBag from /opt/airflow/dags/dag.py
[2026-01-10T22:38:04.298+0000] {processor.py:840} INFO - DAG(s) 'exchange_rates_pipeline' retrieved from /opt/airflow/dags/dag.py
[2026-01-10T22:38:04.335+0000] {logging_mixin.py:188} INFO - [2026-01-10T22:38:04.334+0000] {dag.py:3096} INFO - Sync 1 DAGs
[2026-01-10T22:38:04.354+0000] {logging_mixin.py:188} INFO - [2026-01-10T22:38:04.354+0000] {dag.py:3954} INFO - Setting next_dagrun for exchange_rates_pipeline to None, run_after=None
[2026-01-10T22:38:04.378+0000] {processor.py:183} INFO - Processing /opt/airflow/dags/dag.py took 0.119 seconds
[2026-01-10T22:38:34.527+0000] {processor.py:161} INFO - Started process (PID=270) to work on /opt/airflow/dags/dag.py
[2026-01-10T22:38:34.528+0000] {processor.py:830} INFO - Processing file /opt/airflow/dags/dag.py for tasks to queue
[2026-01-10T22:38:34.531+0000] {logging_mixin.py:188} INFO - [2026-01-10T22:38:34.530+0000] {dagbag.py:545} INFO - Filling up the DagBag from /opt/airflow/dags/dag.py
[2026-01-10T22:38:34.555+0000] {processor.py:840} INFO - DAG(s) 'exchange_rates_pipeline' retrieved from /opt/airflow/dags/dag.py
[2026-01-10T22:38:34.593+0000] {logging_mixin.py:188} INFO - [2026-01-10T22:38:34.593+0000] {dag.py:3096} INFO - Sync 1 DAGs
[2026-01-10T22:38:34.610+0000] {logging_mixin.py:188} INFO - [2026-01-10T22:38:34.610+0000] {dag.py:3954} INFO - Setting next_dagrun for exchange_rates_pipeline to None, run_after=None
[2026-01-10T22:38:34.634+0000] {processor.py:183} INFO - Processing /opt/airflow/dags/dag.py took 0.113 seconds
[2026-01-10T22:39:04.763+0000] {processor.py:161} INFO - Started process (PID=275) to work on /opt/airflow/dags/dag.py
[2026-01-10T22:39:04.764+0000] {processor.py:830} INFO - Processing file /opt/airflow/dags/dag.py for tasks to queue
[2026-01-10T22:39:04.766+0000] {logging_mixin.py:188} INFO - [2026-01-10T22:39:04.766+0000] {dagbag.py:545} INFO - Filling up the DagBag from /opt/airflow/dags/dag.py
[2026-01-10T22:39:04.793+0000] {processor.py:840} INFO - DAG(s) 'exchange_rates_pipeline' retrieved from /opt/airflow/dags/dag.py
[2026-01-10T22:39:04.835+0000] {logging_mixin.py:188} INFO - [2026-01-10T22:39:04.835+0000] {dag.py:3096} INFO - Sync 1 DAGs
[2026-01-10T22:39:04.847+0000] {logging_mixin.py:188} INFO - [2026-01-10T22:39:04.847+0000] {dag.py:3954} INFO - Setting next_dagrun for exchange_rates_pipeline to None, run_after=None
[2026-01-10T22:39:04.870+0000] {processor.py:183} INFO - Processing /opt/airflow/dags/dag.py took 0.112 seconds
[2026-01-10T22:39:35.101+0000] {processor.py:161} INFO - Started process (PID=280) to work on /opt/airflow/dags/dag.py
[2026-01-10T22:39:35.102+0000] {processor.py:830} INFO - Processing file /opt/airflow/dags/dag.py for tasks to queue
[2026-01-10T22:39:35.104+0000] {logging_mixin.py:188} INFO - [2026-01-10T22:39:35.104+0000] {dagbag.py:545} INFO - Filling up the DagBag from /opt/airflow/dags/dag.py
[2026-01-10T22:39:35.128+0000] {processor.py:840} INFO - DAG(s) 'exchange_rates_pipeline' retrieved from /opt/airflow/dags/dag.py
[2026-01-10T22:39:35.158+0000] {logging_mixin.py:188} INFO - [2026-01-10T22:39:35.158+0000] {dag.py:3096} INFO - Sync 1 DAGs
[2026-01-10T22:39:35.170+0000] {logging_mixin.py:188} INFO - [2026-01-10T22:39:35.170+0000] {dag.py:3954} INFO - Setting next_dagrun for exchange_rates_pipeline to None, run_after=None
[2026-01-10T22:39:35.198+0000] {processor.py:183} INFO - Processing /opt/airflow/dags/dag.py took 0.103 seconds
[2026-01-10T22:40:05.299+0000] {processor.py:161} INFO - Started process (PID=285) to work on /opt/airflow/dags/dag.py
[2026-01-10T22:40:05.301+0000] {processor.py:830} INFO - Processing file /opt/airflow/dags/dag.py for tasks to queue
[2026-01-10T22:40:05.303+0000] {logging_mixin.py:188} INFO - [2026-01-10T22:40:05.302+0000] {dagbag.py:545} INFO - Filling up the DagBag from /opt/airflow/dags/dag.py
[2026-01-10T22:40:05.329+0000] {processor.py:840} INFO - DAG(s) 'exchange_rates_pipeline' retrieved from /opt/airflow/dags/dag.py
[2026-01-10T22:40:05.367+0000] {logging_mixin.py:188} INFO - [2026-01-10T22:40:05.366+0000] {dag.py:3096} INFO - Sync 1 DAGs
[2026-01-10T22:40:05.379+0000] {logging_mixin.py:188} INFO - [2026-01-10T22:40:05.379+0000] {dag.py:3954} INFO - Setting next_dagrun for exchange_rates_pipeline to None, run_after=None
[2026-01-10T22:40:05.410+0000] {processor.py:183} INFO - Processing /opt/airflow/dags/dag.py took 0.116 seconds
[2026-01-10T22:40:35.637+0000] {processor.py:161} INFO - Started process (PID=290) to work on /opt/airflow/dags/dag.py
[2026-01-10T22:40:35.639+0000] {processor.py:830} INFO - Processing file /opt/airflow/dags/dag.py for tasks to queue
[2026-01-10T22:40:35.642+0000] {logging_mixin.py:188} INFO - [2026-01-10T22:40:35.641+0000] {dagbag.py:545} INFO - Filling up the DagBag from /opt/airflow/dags/dag.py
[2026-01-10T22:40:35.679+0000] {processor.py:840} INFO - DAG(s) 'exchange_rates_pipeline' retrieved from /opt/airflow/dags/dag.py
[2026-01-10T22:40:35.739+0000] {logging_mixin.py:188} INFO - [2026-01-10T22:40:35.738+0000] {dag.py:3096} INFO - Sync 1 DAGs
[2026-01-10T22:40:35.764+0000] {logging_mixin.py:188} INFO - [2026-01-10T22:40:35.763+0000] {dag.py:3954} INFO - Setting next_dagrun for exchange_rates_pipeline to None, run_after=None
[2026-01-10T22:40:35.789+0000] {processor.py:183} INFO - Processing /opt/airflow/dags/dag.py took 0.171 seconds
[2026-01-10T22:41:05.872+0000] {processor.py:161} INFO - Started process (PID=295) to work on /opt/airflow/dags/dag.py
[2026-01-10T22:41:05.873+0000] {processor.py:830} INFO - Processing file /opt/airflow/dags/dag.py for tasks to queue
[2026-01-10T22:41:05.877+0000] {logging_mixin.py:188} INFO - [2026-01-10T22:41:05.876+0000] {dagbag.py:545} INFO - Filling up the DagBag from /opt/airflow/dags/dag.py
[2026-01-10T22:41:05.908+0000] {processor.py:840} INFO - DAG(s) 'exchange_rates_pipeline' retrieved from /opt/airflow/dags/dag.py
[2026-01-10T22:41:05.957+0000] {logging_mixin.py:188} INFO - [2026-01-10T22:41:05.957+0000] {dag.py:3096} INFO - Sync 1 DAGs
[2026-01-10T22:41:05.978+0000] {logging_mixin.py:188} INFO - [2026-01-10T22:41:05.978+0000] {dag.py:3954} INFO - Setting next_dagrun for exchange_rates_pipeline to None, run_after=None
[2026-01-10T22:41:06.013+0000] {processor.py:183} INFO - Processing /opt/airflow/dags/dag.py took 0.150 seconds
[2026-01-10T22:41:36.204+0000] {processor.py:161} INFO - Started process (PID=300) to work on /opt/airflow/dags/dag.py
[2026-01-10T22:41:36.205+0000] {processor.py:830} INFO - Processing file /opt/airflow/dags/dag.py for tasks to queue
[2026-01-10T22:41:36.207+0000] {logging_mixin.py:188} INFO - [2026-01-10T22:41:36.207+0000] {dagbag.py:545} INFO - Filling up the DagBag from /opt/airflow/dags/dag.py
[2026-01-10T22:41:36.228+0000] {processor.py:840} INFO - DAG(s) 'exchange_rates_pipeline' retrieved from /opt/airflow/dags/dag.py
[2026-01-10T22:41:36.262+0000] {logging_mixin.py:188} INFO - [2026-01-10T22:41:36.262+0000] {dag.py:3096} INFO - Sync 1 DAGs
[2026-01-10T22:41:36.274+0000] {logging_mixin.py:188} INFO - [2026-01-10T22:41:36.274+0000] {dag.py:3954} INFO - Setting next_dagrun for exchange_rates_pipeline to None, run_after=None
[2026-01-10T22:41:36.301+0000] {processor.py:183} INFO - Processing /opt/airflow/dags/dag.py took 0.102 seconds
[2026-01-10T22:42:06.408+0000] {processor.py:161} INFO - Started process (PID=305) to work on /opt/airflow/dags/dag.py
[2026-01-10T22:42:06.409+0000] {processor.py:830} INFO - Processing file /opt/airflow/dags/dag.py for tasks to queue
[2026-01-10T22:42:06.412+0000] {logging_mixin.py:188} INFO - [2026-01-10T22:42:06.411+0000] {dagbag.py:545} INFO - Filling up the DagBag from /opt/airflow/dags/dag.py
[2026-01-10T22:42:06.439+0000] {processor.py:840} INFO - DAG(s) 'exchange_rates_pipeline' retrieved from /opt/airflow/dags/dag.py
[2026-01-10T22:42:06.492+0000] {logging_mixin.py:188} INFO - [2026-01-10T22:42:06.491+0000] {dag.py:3096} INFO - Sync 1 DAGs
[2026-01-10T22:42:06.509+0000] {logging_mixin.py:188} INFO - [2026-01-10T22:42:06.508+0000] {dag.py:3954} INFO - Setting next_dagrun for exchange_rates_pipeline to None, run_after=None
[2026-01-10T22:42:06.531+0000] {processor.py:183} INFO - Processing /opt/airflow/dags/dag.py took 0.131 seconds
[2026-01-10T22:42:36.712+0000] {processor.py:161} INFO - Started process (PID=310) to work on /opt/airflow/dags/dag.py
[2026-01-10T22:42:36.713+0000] {processor.py:830} INFO - Processing file /opt/airflow/dags/dag.py for tasks to queue
[2026-01-10T22:42:36.715+0000] {logging_mixin.py:188} INFO - [2026-01-10T22:42:36.714+0000] {dagbag.py:545} INFO - Filling up the DagBag from /opt/airflow/dags/dag.py
[2026-01-10T22:42:36.738+0000] {processor.py:840} INFO - DAG(s) 'exchange_rates_pipeline' retrieved from /opt/airflow/dags/dag.py
[2026-01-10T22:42:36.767+0000] {logging_mixin.py:188} INFO - [2026-01-10T22:42:36.767+0000] {dag.py:3096} INFO - Sync 1 DAGs
[2026-01-10T22:42:36.779+0000] {logging_mixin.py:188} INFO - [2026-01-10T22:42:36.779+0000] {dag.py:3954} INFO - Setting next_dagrun for exchange_rates_pipeline to None, run_after=None
[2026-01-10T22:42:36.801+0000] {processor.py:183} INFO - Processing /opt/airflow/dags/dag.py took 0.096 seconds
[2026-01-10T22:43:07.247+0000] {processor.py:161} INFO - Started process (PID=315) to work on /opt/airflow/dags/dag.py
[2026-01-10T22:43:07.253+0000] {processor.py:830} INFO - Processing file /opt/airflow/dags/dag.py for tasks to queue
[2026-01-10T22:43:07.267+0000] {logging_mixin.py:188} INFO - [2026-01-10T22:43:07.267+0000] {dagbag.py:545} INFO - Filling up the DagBag from /opt/airflow/dags/dag.py
[2026-01-10T22:43:07.349+0000] {processor.py:840} INFO - DAG(s) 'exchange_rates_pipeline' retrieved from /opt/airflow/dags/dag.py
[2026-01-10T22:43:07.492+0000] {logging_mixin.py:188} INFO - [2026-01-10T22:43:07.491+0000] {dag.py:3096} INFO - Sync 1 DAGs
[2026-01-10T22:43:07.543+0000] {logging_mixin.py:188} INFO - [2026-01-10T22:43:07.543+0000] {dag.py:3954} INFO - Setting next_dagrun for exchange_rates_pipeline to None, run_after=None
[2026-01-10T22:43:07.621+0000] {processor.py:183} INFO - Processing /opt/airflow/dags/dag.py took 0.408 seconds
[2026-01-10T22:43:37.926+0000] {processor.py:161} INFO - Started process (PID=320) to work on /opt/airflow/dags/dag.py
[2026-01-10T22:43:37.931+0000] {processor.py:830} INFO - Processing file /opt/airflow/dags/dag.py for tasks to queue
[2026-01-10T22:43:37.939+0000] {logging_mixin.py:188} INFO - [2026-01-10T22:43:37.937+0000] {dagbag.py:545} INFO - Filling up the DagBag from /opt/airflow/dags/dag.py
[2026-01-10T22:43:37.972+0000] {processor.py:840} INFO - DAG(s) 'exchange_rates_pipeline' retrieved from /opt/airflow/dags/dag.py
[2026-01-10T22:43:38.018+0000] {logging_mixin.py:188} INFO - [2026-01-10T22:43:38.018+0000] {dag.py:3096} INFO - Sync 1 DAGs
[2026-01-10T22:43:38.037+0000] {logging_mixin.py:188} INFO - [2026-01-10T22:43:38.037+0000] {dag.py:3954} INFO - Setting next_dagrun for exchange_rates_pipeline to None, run_after=None
[2026-01-10T22:43:38.073+0000] {processor.py:183} INFO - Processing /opt/airflow/dags/dag.py took 0.166 seconds
[2026-01-10T22:44:08.148+0000] {processor.py:161} INFO - Started process (PID=325) to work on /opt/airflow/dags/dag.py
[2026-01-10T22:44:08.149+0000] {processor.py:830} INFO - Processing file /opt/airflow/dags/dag.py for tasks to queue
[2026-01-10T22:44:08.152+0000] {logging_mixin.py:188} INFO - [2026-01-10T22:44:08.151+0000] {dagbag.py:545} INFO - Filling up the DagBag from /opt/airflow/dags/dag.py
[2026-01-10T22:44:08.173+0000] {processor.py:840} INFO - DAG(s) 'exchange_rates_pipeline' retrieved from /opt/airflow/dags/dag.py
[2026-01-10T22:44:08.212+0000] {logging_mixin.py:188} INFO - [2026-01-10T22:44:08.212+0000] {dag.py:3096} INFO - Sync 1 DAGs
[2026-01-10T22:44:08.230+0000] {logging_mixin.py:188} INFO - [2026-01-10T22:44:08.230+0000] {dag.py:3954} INFO - Setting next_dagrun for exchange_rates_pipeline to None, run_after=None
[2026-01-10T22:44:08.265+0000] {processor.py:183} INFO - Processing /opt/airflow/dags/dag.py took 0.127 seconds
[2026-01-10T22:44:38.847+0000] {processor.py:161} INFO - Started process (PID=330) to work on /opt/airflow/dags/dag.py
[2026-01-10T22:44:38.848+0000] {processor.py:830} INFO - Processing file /opt/airflow/dags/dag.py for tasks to queue
[2026-01-10T22:44:38.850+0000] {logging_mixin.py:188} INFO - [2026-01-10T22:44:38.849+0000] {dagbag.py:545} INFO - Filling up the DagBag from /opt/airflow/dags/dag.py
[2026-01-10T22:44:38.871+0000] {processor.py:840} INFO - DAG(s) 'exchange_rates_pipeline' retrieved from /opt/airflow/dags/dag.py
[2026-01-10T22:44:38.910+0000] {logging_mixin.py:188} INFO - [2026-01-10T22:44:38.910+0000] {dag.py:3096} INFO - Sync 1 DAGs
[2026-01-10T22:44:38.926+0000] {logging_mixin.py:188} INFO - [2026-01-10T22:44:38.926+0000] {dag.py:3954} INFO - Setting next_dagrun for exchange_rates_pipeline to None, run_after=None
[2026-01-10T22:44:38.969+0000] {processor.py:183} INFO - Processing /opt/airflow/dags/dag.py took 0.129 seconds
[2026-01-10T22:45:11.805+0000] {processor.py:161} INFO - Started process (PID=335) to work on /opt/airflow/dags/dag.py
[2026-01-10T22:45:11.822+0000] {processor.py:830} INFO - Processing file /opt/airflow/dags/dag.py for tasks to queue
[2026-01-10T22:45:11.837+0000] {logging_mixin.py:188} INFO - [2026-01-10T22:45:11.836+0000] {dagbag.py:545} INFO - Filling up the DagBag from /opt/airflow/dags/dag.py
[2026-01-10T22:45:11.961+0000] {processor.py:840} INFO - DAG(s) 'exchange_rates_pipeline' retrieved from /opt/airflow/dags/dag.py
[2026-01-10T22:45:12.086+0000] {logging_mixin.py:188} INFO - [2026-01-10T22:45:12.085+0000] {dag.py:3096} INFO - Sync 1 DAGs
[2026-01-10T22:45:12.116+0000] {logging_mixin.py:188} INFO - [2026-01-10T22:45:12.115+0000] {dag.py:3954} INFO - Setting next_dagrun for exchange_rates_pipeline to None, run_after=None
[2026-01-10T22:45:12.165+0000] {processor.py:183} INFO - Processing /opt/airflow/dags/dag.py took 0.372 seconds
[2026-01-10T22:45:42.621+0000] {processor.py:161} INFO - Started process (PID=340) to work on /opt/airflow/dags/dag.py
[2026-01-10T22:45:42.622+0000] {processor.py:830} INFO - Processing file /opt/airflow/dags/dag.py for tasks to queue
[2026-01-10T22:45:42.625+0000] {logging_mixin.py:188} INFO - [2026-01-10T22:45:42.624+0000] {dagbag.py:545} INFO - Filling up the DagBag from /opt/airflow/dags/dag.py
[2026-01-10T22:45:42.649+0000] {processor.py:840} INFO - DAG(s) 'exchange_rates_pipeline' retrieved from /opt/airflow/dags/dag.py
[2026-01-10T22:45:42.712+0000] {logging_mixin.py:188} INFO - [2026-01-10T22:45:42.712+0000] {dag.py:3096} INFO - Sync 1 DAGs
[2026-01-10T22:45:42.728+0000] {logging_mixin.py:188} INFO - [2026-01-10T22:45:42.727+0000] {dag.py:3954} INFO - Setting next_dagrun for exchange_rates_pipeline to None, run_after=None
[2026-01-10T22:45:42.767+0000] {processor.py:183} INFO - Processing /opt/airflow/dags/dag.py took 0.155 seconds
[2026-01-10T22:46:13.025+0000] {processor.py:161} INFO - Started process (PID=345) to work on /opt/airflow/dags/dag.py
[2026-01-10T22:46:13.027+0000] {processor.py:830} INFO - Processing file /opt/airflow/dags/dag.py for tasks to queue
[2026-01-10T22:46:13.030+0000] {logging_mixin.py:188} INFO - [2026-01-10T22:46:13.029+0000] {dagbag.py:545} INFO - Filling up the DagBag from /opt/airflow/dags/dag.py
[2026-01-10T22:46:13.062+0000] {processor.py:840} INFO - DAG(s) 'exchange_rates_pipeline' retrieved from /opt/airflow/dags/dag.py
[2026-01-10T22:46:13.111+0000] {logging_mixin.py:188} INFO - [2026-01-10T22:46:13.110+0000] {dag.py:3096} INFO - Sync 1 DAGs
[2026-01-10T22:46:13.134+0000] {logging_mixin.py:188} INFO - [2026-01-10T22:46:13.134+0000] {dag.py:3954} INFO - Setting next_dagrun for exchange_rates_pipeline to None, run_after=None
[2026-01-10T22:46:13.161+0000] {processor.py:183} INFO - Processing /opt/airflow/dags/dag.py took 0.155 seconds
[2026-01-10T22:46:43.246+0000] {processor.py:161} INFO - Started process (PID=350) to work on /opt/airflow/dags/dag.py
[2026-01-10T22:46:43.248+0000] {processor.py:830} INFO - Processing file /opt/airflow/dags/dag.py for tasks to queue
[2026-01-10T22:46:43.250+0000] {logging_mixin.py:188} INFO - [2026-01-10T22:46:43.250+0000] {dagbag.py:545} INFO - Filling up the DagBag from /opt/airflow/dags/dag.py
[2026-01-10T22:46:43.265+0000] {processor.py:840} INFO - DAG(s) 'exchange_rates_pipeline' retrieved from /opt/airflow/dags/dag.py
[2026-01-10T22:46:43.299+0000] {logging_mixin.py:188} INFO - [2026-01-10T22:46:43.299+0000] {dag.py:3096} INFO - Sync 1 DAGs
[2026-01-10T22:46:43.318+0000] {logging_mixin.py:188} INFO - [2026-01-10T22:46:43.318+0000] {dag.py:3954} INFO - Setting next_dagrun for exchange_rates_pipeline to None, run_after=None
[2026-01-10T22:46:43.341+0000] {processor.py:183} INFO - Processing /opt/airflow/dags/dag.py took 0.104 seconds
[2026-01-10T22:47:13.507+0000] {processor.py:161} INFO - Started process (PID=355) to work on /opt/airflow/dags/dag.py
[2026-01-10T22:47:13.508+0000] {processor.py:830} INFO - Processing file /opt/airflow/dags/dag.py for tasks to queue
[2026-01-10T22:47:13.511+0000] {logging_mixin.py:188} INFO - [2026-01-10T22:47:13.511+0000] {dagbag.py:545} INFO - Filling up the DagBag from /opt/airflow/dags/dag.py
[2026-01-10T22:47:13.530+0000] {processor.py:840} INFO - DAG(s) 'exchange_rates_pipeline' retrieved from /opt/airflow/dags/dag.py
[2026-01-10T22:47:13.564+0000] {logging_mixin.py:188} INFO - [2026-01-10T22:47:13.564+0000] {dag.py:3096} INFO - Sync 1 DAGs
[2026-01-10T22:47:13.580+0000] {logging_mixin.py:188} INFO - [2026-01-10T22:47:13.580+0000] {dag.py:3954} INFO - Setting next_dagrun for exchange_rates_pipeline to None, run_after=None
[2026-01-10T22:47:13.603+0000] {processor.py:183} INFO - Processing /opt/airflow/dags/dag.py took 0.104 seconds
[2026-01-10T22:47:43.796+0000] {processor.py:161} INFO - Started process (PID=360) to work on /opt/airflow/dags/dag.py
[2026-01-10T22:47:43.797+0000] {processor.py:830} INFO - Processing file /opt/airflow/dags/dag.py for tasks to queue
[2026-01-10T22:47:43.801+0000] {logging_mixin.py:188} INFO - [2026-01-10T22:47:43.800+0000] {dagbag.py:545} INFO - Filling up the DagBag from /opt/airflow/dags/dag.py
[2026-01-10T22:47:43.818+0000] {processor.py:840} INFO - DAG(s) 'exchange_rates_pipeline' retrieved from /opt/airflow/dags/dag.py
[2026-01-10T22:47:43.847+0000] {logging_mixin.py:188} INFO - [2026-01-10T22:47:43.846+0000] {dag.py:3096} INFO - Sync 1 DAGs
[2026-01-10T22:47:43.859+0000] {logging_mixin.py:188} INFO - [2026-01-10T22:47:43.859+0000] {dag.py:3954} INFO - Setting next_dagrun for exchange_rates_pipeline to None, run_after=None
[2026-01-10T22:47:43.880+0000] {processor.py:183} INFO - Processing /opt/airflow/dags/dag.py took 0.089 seconds
[2026-01-10T22:48:14.129+0000] {processor.py:161} INFO - Started process (PID=365) to work on /opt/airflow/dags/dag.py
[2026-01-10T22:48:14.130+0000] {processor.py:830} INFO - Processing file /opt/airflow/dags/dag.py for tasks to queue
[2026-01-10T22:48:14.132+0000] {logging_mixin.py:188} INFO - [2026-01-10T22:48:14.132+0000] {dagbag.py:545} INFO - Filling up the DagBag from /opt/airflow/dags/dag.py
[2026-01-10T22:48:14.152+0000] {processor.py:840} INFO - DAG(s) 'exchange_rates_pipeline' retrieved from /opt/airflow/dags/dag.py
[2026-01-10T22:48:14.187+0000] {logging_mixin.py:188} INFO - [2026-01-10T22:48:14.186+0000] {dag.py:3096} INFO - Sync 1 DAGs
[2026-01-10T22:48:14.198+0000] {logging_mixin.py:188} INFO - [2026-01-10T22:48:14.198+0000] {dag.py:3954} INFO - Setting next_dagrun for exchange_rates_pipeline to None, run_after=None
[2026-01-10T22:48:14.220+0000] {processor.py:183} INFO - Processing /opt/airflow/dags/dag.py took 0.097 seconds
[2026-01-10T22:48:44.427+0000] {processor.py:161} INFO - Started process (PID=370) to work on /opt/airflow/dags/dag.py
[2026-01-10T22:48:44.428+0000] {processor.py:830} INFO - Processing file /opt/airflow/dags/dag.py for tasks to queue
[2026-01-10T22:48:44.429+0000] {logging_mixin.py:188} INFO - [2026-01-10T22:48:44.429+0000] {dagbag.py:545} INFO - Filling up the DagBag from /opt/airflow/dags/dag.py
[2026-01-10T22:48:44.445+0000] {processor.py:840} INFO - DAG(s) 'exchange_rates_pipeline' retrieved from /opt/airflow/dags/dag.py
[2026-01-10T22:48:44.475+0000] {logging_mixin.py:188} INFO - [2026-01-10T22:48:44.475+0000] {dag.py:3096} INFO - Sync 1 DAGs
[2026-01-10T22:48:44.488+0000] {logging_mixin.py:188} INFO - [2026-01-10T22:48:44.488+0000] {dag.py:3954} INFO - Setting next_dagrun for exchange_rates_pipeline to None, run_after=None
[2026-01-10T22:48:44.509+0000] {processor.py:183} INFO - Processing /opt/airflow/dags/dag.py took 0.088 seconds
[2026-01-10T22:49:14.757+0000] {processor.py:161} INFO - Started process (PID=375) to work on /opt/airflow/dags/dag.py
[2026-01-10T22:49:14.758+0000] {processor.py:830} INFO - Processing file /opt/airflow/dags/dag.py for tasks to queue
[2026-01-10T22:49:14.760+0000] {logging_mixin.py:188} INFO - [2026-01-10T22:49:14.760+0000] {dagbag.py:545} INFO - Filling up the DagBag from /opt/airflow/dags/dag.py
[2026-01-10T22:49:14.777+0000] {processor.py:840} INFO - DAG(s) 'exchange_rates_pipeline' retrieved from /opt/airflow/dags/dag.py
[2026-01-10T22:49:14.807+0000] {logging_mixin.py:188} INFO - [2026-01-10T22:49:14.807+0000] {dag.py:3096} INFO - Sync 1 DAGs
[2026-01-10T22:49:14.820+0000] {logging_mixin.py:188} INFO - [2026-01-10T22:49:14.820+0000] {dag.py:3954} INFO - Setting next_dagrun for exchange_rates_pipeline to None, run_after=None
[2026-01-10T22:49:14.842+0000] {processor.py:183} INFO - Processing /opt/airflow/dags/dag.py took 0.090 seconds
[2026-01-10T22:49:45.223+0000] {processor.py:161} INFO - Started process (PID=380) to work on /opt/airflow/dags/dag.py
[2026-01-10T22:49:45.225+0000] {processor.py:830} INFO - Processing file /opt/airflow/dags/dag.py for tasks to queue
[2026-01-10T22:49:45.228+0000] {logging_mixin.py:188} INFO - [2026-01-10T22:49:45.228+0000] {dagbag.py:545} INFO - Filling up the DagBag from /opt/airflow/dags/dag.py
[2026-01-10T22:49:45.244+0000] {processor.py:840} INFO - DAG(s) 'exchange_rates_pipeline' retrieved from /opt/airflow/dags/dag.py
[2026-01-10T22:49:45.276+0000] {logging_mixin.py:188} INFO - [2026-01-10T22:49:45.275+0000] {dag.py:3096} INFO - Sync 1 DAGs
[2026-01-10T22:49:45.289+0000] {logging_mixin.py:188} INFO - [2026-01-10T22:49:45.289+0000] {dag.py:3954} INFO - Setting next_dagrun for exchange_rates_pipeline to None, run_after=None
[2026-01-10T22:49:45.311+0000] {processor.py:183} INFO - Processing /opt/airflow/dags/dag.py took 0.093 seconds
[2026-01-10T22:50:15.487+0000] {processor.py:161} INFO - Started process (PID=385) to work on /opt/airflow/dags/dag.py
[2026-01-10T22:50:15.489+0000] {processor.py:830} INFO - Processing file /opt/airflow/dags/dag.py for tasks to queue
[2026-01-10T22:50:15.491+0000] {logging_mixin.py:188} INFO - [2026-01-10T22:50:15.491+0000] {dagbag.py:545} INFO - Filling up the DagBag from /opt/airflow/dags/dag.py
[2026-01-10T22:50:15.509+0000] {processor.py:840} INFO - DAG(s) 'exchange_rates_pipeline' retrieved from /opt/airflow/dags/dag.py
[2026-01-10T22:50:15.539+0000] {logging_mixin.py:188} INFO - [2026-01-10T22:50:15.538+0000] {dag.py:3096} INFO - Sync 1 DAGs
[2026-01-10T22:50:15.551+0000] {logging_mixin.py:188} INFO - [2026-01-10T22:50:15.551+0000] {dag.py:3954} INFO - Setting next_dagrun for exchange_rates_pipeline to None, run_after=None
[2026-01-10T22:50:15.574+0000] {processor.py:183} INFO - Processing /opt/airflow/dags/dag.py took 0.092 seconds
[2026-01-10T22:50:45.790+0000] {processor.py:161} INFO - Started process (PID=390) to work on /opt/airflow/dags/dag.py
[2026-01-10T22:50:45.791+0000] {processor.py:830} INFO - Processing file /opt/airflow/dags/dag.py for tasks to queue
[2026-01-10T22:50:45.793+0000] {logging_mixin.py:188} INFO - [2026-01-10T22:50:45.792+0000] {dagbag.py:545} INFO - Filling up the DagBag from /opt/airflow/dags/dag.py
[2026-01-10T22:50:45.811+0000] {processor.py:840} INFO - DAG(s) 'exchange_rates_pipeline' retrieved from /opt/airflow/dags/dag.py
[2026-01-10T22:50:45.847+0000] {logging_mixin.py:188} INFO - [2026-01-10T22:50:45.847+0000] {dag.py:3096} INFO - Sync 1 DAGs
[2026-01-10T22:50:45.862+0000] {logging_mixin.py:188} INFO - [2026-01-10T22:50:45.862+0000] {dag.py:3954} INFO - Setting next_dagrun for exchange_rates_pipeline to None, run_after=None
[2026-01-10T22:50:45.887+0000] {processor.py:183} INFO - Processing /opt/airflow/dags/dag.py took 0.103 seconds
[2026-01-10T22:51:16.047+0000] {processor.py:161} INFO - Started process (PID=395) to work on /opt/airflow/dags/dag.py
[2026-01-10T22:51:16.048+0000] {processor.py:830} INFO - Processing file /opt/airflow/dags/dag.py for tasks to queue
[2026-01-10T22:51:16.051+0000] {logging_mixin.py:188} INFO - [2026-01-10T22:51:16.050+0000] {dagbag.py:545} INFO - Filling up the DagBag from /opt/airflow/dags/dag.py
[2026-01-10T22:51:16.073+0000] {processor.py:840} INFO - DAG(s) 'exchange_rates_pipeline' retrieved from /opt/airflow/dags/dag.py
[2026-01-10T22:51:16.111+0000] {logging_mixin.py:188} INFO - [2026-01-10T22:51:16.111+0000] {dag.py:3096} INFO - Sync 1 DAGs
[2026-01-10T22:51:16.126+0000] {logging_mixin.py:188} INFO - [2026-01-10T22:51:16.125+0000] {dag.py:3954} INFO - Setting next_dagrun for exchange_rates_pipeline to None, run_after=None
[2026-01-10T22:51:16.147+0000] {processor.py:183} INFO - Processing /opt/airflow/dags/dag.py took 0.112 seconds
[2026-01-10T22:51:46.419+0000] {processor.py:161} INFO - Started process (PID=400) to work on /opt/airflow/dags/dag.py
[2026-01-10T22:51:46.420+0000] {processor.py:830} INFO - Processing file /opt/airflow/dags/dag.py for tasks to queue
[2026-01-10T22:51:46.423+0000] {logging_mixin.py:188} INFO - [2026-01-10T22:51:46.422+0000] {dagbag.py:545} INFO - Filling up the DagBag from /opt/airflow/dags/dag.py
[2026-01-10T22:51:46.449+0000] {processor.py:840} INFO - DAG(s) 'exchange_rates_pipeline' retrieved from /opt/airflow/dags/dag.py
[2026-01-10T22:51:46.495+0000] {logging_mixin.py:188} INFO - [2026-01-10T22:51:46.494+0000] {dag.py:3096} INFO - Sync 1 DAGs
[2026-01-10T22:51:46.511+0000] {logging_mixin.py:188} INFO - [2026-01-10T22:51:46.510+0000] {dag.py:3954} INFO - Setting next_dagrun for exchange_rates_pipeline to None, run_after=None
[2026-01-10T22:51:46.550+0000] {processor.py:183} INFO - Processing /opt/airflow/dags/dag.py took 0.150 seconds
[2026-01-10T22:52:16.643+0000] {processor.py:161} INFO - Started process (PID=405) to work on /opt/airflow/dags/dag.py
[2026-01-10T22:52:16.644+0000] {processor.py:830} INFO - Processing file /opt/airflow/dags/dag.py for tasks to queue
[2026-01-10T22:52:16.646+0000] {logging_mixin.py:188} INFO - [2026-01-10T22:52:16.646+0000] {dagbag.py:545} INFO - Filling up the DagBag from /opt/airflow/dags/dag.py
[2026-01-10T22:52:16.662+0000] {processor.py:840} INFO - DAG(s) 'exchange_rates_pipeline' retrieved from /opt/airflow/dags/dag.py
[2026-01-10T22:52:16.697+0000] {logging_mixin.py:188} INFO - [2026-01-10T22:52:16.697+0000] {dag.py:3096} INFO - Sync 1 DAGs
[2026-01-10T22:52:16.709+0000] {logging_mixin.py:188} INFO - [2026-01-10T22:52:16.709+0000] {dag.py:3954} INFO - Setting next_dagrun for exchange_rates_pipeline to None, run_after=None
[2026-01-10T22:52:16.733+0000] {processor.py:183} INFO - Processing /opt/airflow/dags/dag.py took 0.096 seconds
[2026-01-10T22:52:46.988+0000] {processor.py:161} INFO - Started process (PID=410) to work on /opt/airflow/dags/dag.py
[2026-01-10T22:52:46.990+0000] {processor.py:830} INFO - Processing file /opt/airflow/dags/dag.py for tasks to queue
[2026-01-10T22:52:46.992+0000] {logging_mixin.py:188} INFO - [2026-01-10T22:52:46.992+0000] {dagbag.py:545} INFO - Filling up the DagBag from /opt/airflow/dags/dag.py
[2026-01-10T22:52:47.033+0000] {processor.py:840} INFO - DAG(s) 'exchange_rates_pipeline' retrieved from /opt/airflow/dags/dag.py
[2026-01-10T22:52:47.098+0000] {logging_mixin.py:188} INFO - [2026-01-10T22:52:47.097+0000] {dag.py:3096} INFO - Sync 1 DAGs
[2026-01-10T22:52:47.122+0000] {logging_mixin.py:188} INFO - [2026-01-10T22:52:47.122+0000] {dag.py:3954} INFO - Setting next_dagrun for exchange_rates_pipeline to None, run_after=None
[2026-01-10T22:52:47.166+0000] {processor.py:183} INFO - Processing /opt/airflow/dags/dag.py took 0.198 seconds
[2026-01-10T22:53:17.276+0000] {processor.py:161} INFO - Started process (PID=415) to work on /opt/airflow/dags/dag.py
[2026-01-10T22:53:17.277+0000] {processor.py:830} INFO - Processing file /opt/airflow/dags/dag.py for tasks to queue
[2026-01-10T22:53:17.280+0000] {logging_mixin.py:188} INFO - [2026-01-10T22:53:17.280+0000] {dagbag.py:545} INFO - Filling up the DagBag from /opt/airflow/dags/dag.py
[2026-01-10T22:53:17.299+0000] {processor.py:840} INFO - DAG(s) 'exchange_rates_pipeline' retrieved from /opt/airflow/dags/dag.py
[2026-01-10T22:53:17.334+0000] {logging_mixin.py:188} INFO - [2026-01-10T22:53:17.334+0000] {dag.py:3096} INFO - Sync 1 DAGs
[2026-01-10T22:53:17.347+0000] {logging_mixin.py:188} INFO - [2026-01-10T22:53:17.347+0000] {dag.py:3954} INFO - Setting next_dagrun for exchange_rates_pipeline to None, run_after=None
[2026-01-10T22:53:17.373+0000] {processor.py:183} INFO - Processing /opt/airflow/dags/dag.py took 0.108 seconds
[2026-01-10T22:53:47.477+0000] {processor.py:161} INFO - Started process (PID=420) to work on /opt/airflow/dags/dag.py
[2026-01-10T22:53:47.478+0000] {processor.py:830} INFO - Processing file /opt/airflow/dags/dag.py for tasks to queue
[2026-01-10T22:53:47.481+0000] {logging_mixin.py:188} INFO - [2026-01-10T22:53:47.481+0000] {dagbag.py:545} INFO - Filling up the DagBag from /opt/airflow/dags/dag.py
[2026-01-10T22:53:47.510+0000] {processor.py:840} INFO - DAG(s) 'exchange_rates_pipeline' retrieved from /opt/airflow/dags/dag.py
[2026-01-10T22:53:47.549+0000] {logging_mixin.py:188} INFO - [2026-01-10T22:53:47.549+0000] {dag.py:3096} INFO - Sync 1 DAGs
[2026-01-10T22:53:47.566+0000] {logging_mixin.py:188} INFO - [2026-01-10T22:53:47.565+0000] {dag.py:3954} INFO - Setting next_dagrun for exchange_rates_pipeline to None, run_after=None
[2026-01-10T22:53:47.592+0000] {processor.py:183} INFO - Processing /opt/airflow/dags/dag.py took 0.123 seconds
[2026-01-10T22:54:17.833+0000] {processor.py:161} INFO - Started process (PID=425) to work on /opt/airflow/dags/dag.py
[2026-01-10T22:54:17.834+0000] {processor.py:830} INFO - Processing file /opt/airflow/dags/dag.py for tasks to queue
[2026-01-10T22:54:17.836+0000] {logging_mixin.py:188} INFO - [2026-01-10T22:54:17.836+0000] {dagbag.py:545} INFO - Filling up the DagBag from /opt/airflow/dags/dag.py
[2026-01-10T22:54:17.853+0000] {processor.py:840} INFO - DAG(s) 'exchange_rates_pipeline' retrieved from /opt/airflow/dags/dag.py
[2026-01-10T22:54:17.889+0000] {logging_mixin.py:188} INFO - [2026-01-10T22:54:17.888+0000] {dag.py:3096} INFO - Sync 1 DAGs
[2026-01-10T22:54:17.901+0000] {logging_mixin.py:188} INFO - [2026-01-10T22:54:17.901+0000] {dag.py:3954} INFO - Setting next_dagrun for exchange_rates_pipeline to None, run_after=None
[2026-01-10T22:54:17.929+0000] {processor.py:183} INFO - Processing /opt/airflow/dags/dag.py took 0.101 seconds
[2026-01-10T22:54:48.086+0000] {processor.py:161} INFO - Started process (PID=430) to work on /opt/airflow/dags/dag.py
[2026-01-10T22:54:48.087+0000] {processor.py:830} INFO - Processing file /opt/airflow/dags/dag.py for tasks to queue
[2026-01-10T22:54:48.089+0000] {logging_mixin.py:188} INFO - [2026-01-10T22:54:48.089+0000] {dagbag.py:545} INFO - Filling up the DagBag from /opt/airflow/dags/dag.py
[2026-01-10T22:54:48.105+0000] {processor.py:840} INFO - DAG(s) 'exchange_rates_pipeline' retrieved from /opt/airflow/dags/dag.py
[2026-01-10T22:54:48.136+0000] {logging_mixin.py:188} INFO - [2026-01-10T22:54:48.135+0000] {dag.py:3096} INFO - Sync 1 DAGs
[2026-01-10T22:54:48.150+0000] {logging_mixin.py:188} INFO - [2026-01-10T22:54:48.149+0000] {dag.py:3954} INFO - Setting next_dagrun for exchange_rates_pipeline to None, run_after=None
[2026-01-10T22:54:48.171+0000] {processor.py:183} INFO - Processing /opt/airflow/dags/dag.py took 0.090 seconds
[2026-01-10T22:55:18.383+0000] {processor.py:161} INFO - Started process (PID=435) to work on /opt/airflow/dags/dag.py
[2026-01-10T22:55:18.384+0000] {processor.py:830} INFO - Processing file /opt/airflow/dags/dag.py for tasks to queue
[2026-01-10T22:55:18.386+0000] {logging_mixin.py:188} INFO - [2026-01-10T22:55:18.386+0000] {dagbag.py:545} INFO - Filling up the DagBag from /opt/airflow/dags/dag.py
[2026-01-10T22:55:18.410+0000] {processor.py:840} INFO - DAG(s) 'exchange_rates_pipeline' retrieved from /opt/airflow/dags/dag.py
[2026-01-10T22:55:18.439+0000] {logging_mixin.py:188} INFO - [2026-01-10T22:55:18.439+0000] {dag.py:3096} INFO - Sync 1 DAGs
[2026-01-10T22:55:18.451+0000] {logging_mixin.py:188} INFO - [2026-01-10T22:55:18.451+0000] {dag.py:3954} INFO - Setting next_dagrun for exchange_rates_pipeline to None, run_after=None
[2026-01-10T22:55:18.468+0000] {processor.py:183} INFO - Processing /opt/airflow/dags/dag.py took 0.091 seconds
[2026-01-10T22:55:48.644+0000] {processor.py:161} INFO - Started process (PID=440) to work on /opt/airflow/dags/dag.py
[2026-01-10T22:55:48.645+0000] {processor.py:830} INFO - Processing file /opt/airflow/dags/dag.py for tasks to queue
[2026-01-10T22:55:48.647+0000] {logging_mixin.py:188} INFO - [2026-01-10T22:55:48.646+0000] {dagbag.py:545} INFO - Filling up the DagBag from /opt/airflow/dags/dag.py
[2026-01-10T22:55:48.668+0000] {processor.py:840} INFO - DAG(s) 'exchange_rates_pipeline' retrieved from /opt/airflow/dags/dag.py
[2026-01-10T22:55:48.704+0000] {logging_mixin.py:188} INFO - [2026-01-10T22:55:48.703+0000] {dag.py:3096} INFO - Sync 1 DAGs
[2026-01-10T22:55:48.716+0000] {logging_mixin.py:188} INFO - [2026-01-10T22:55:48.715+0000] {dag.py:3954} INFO - Setting next_dagrun for exchange_rates_pipeline to None, run_after=None
[2026-01-10T22:55:48.740+0000] {processor.py:183} INFO - Processing /opt/airflow/dags/dag.py took 0.103 seconds
[2026-01-10T22:56:19.005+0000] {processor.py:161} INFO - Started process (PID=445) to work on /opt/airflow/dags/dag.py
[2026-01-10T22:56:19.006+0000] {processor.py:830} INFO - Processing file /opt/airflow/dags/dag.py for tasks to queue
[2026-01-10T22:56:19.008+0000] {logging_mixin.py:188} INFO - [2026-01-10T22:56:19.007+0000] {dagbag.py:545} INFO - Filling up the DagBag from /opt/airflow/dags/dag.py
[2026-01-10T22:56:19.022+0000] {processor.py:840} INFO - DAG(s) 'exchange_rates_pipeline' retrieved from /opt/airflow/dags/dag.py
[2026-01-10T22:56:19.052+0000] {logging_mixin.py:188} INFO - [2026-01-10T22:56:19.052+0000] {dag.py:3096} INFO - Sync 1 DAGs
[2026-01-10T22:56:19.068+0000] {logging_mixin.py:188} INFO - [2026-01-10T22:56:19.068+0000] {dag.py:3954} INFO - Setting next_dagrun for exchange_rates_pipeline to None, run_after=None
[2026-01-10T22:56:19.090+0000] {processor.py:183} INFO - Processing /opt/airflow/dags/dag.py took 0.093 seconds
[2026-01-10T22:56:49.279+0000] {processor.py:161} INFO - Started process (PID=450) to work on /opt/airflow/dags/dag.py
[2026-01-10T22:56:49.280+0000] {processor.py:830} INFO - Processing file /opt/airflow/dags/dag.py for tasks to queue
[2026-01-10T22:56:49.282+0000] {logging_mixin.py:188} INFO - [2026-01-10T22:56:49.281+0000] {dagbag.py:545} INFO - Filling up the DagBag from /opt/airflow/dags/dag.py
[2026-01-10T22:56:49.296+0000] {processor.py:840} INFO - DAG(s) 'exchange_rates_pipeline' retrieved from /opt/airflow/dags/dag.py
[2026-01-10T22:56:49.325+0000] {logging_mixin.py:188} INFO - [2026-01-10T22:56:49.325+0000] {dag.py:3096} INFO - Sync 1 DAGs
[2026-01-10T22:56:49.341+0000] {logging_mixin.py:188} INFO - [2026-01-10T22:56:49.340+0000] {dag.py:3954} INFO - Setting next_dagrun for exchange_rates_pipeline to None, run_after=None
[2026-01-10T22:56:49.367+0000] {processor.py:183} INFO - Processing /opt/airflow/dags/dag.py took 0.094 seconds
[2026-01-10T22:57:19.580+0000] {processor.py:161} INFO - Started process (PID=455) to work on /opt/airflow/dags/dag.py
[2026-01-10T22:57:19.581+0000] {processor.py:830} INFO - Processing file /opt/airflow/dags/dag.py for tasks to queue
[2026-01-10T22:57:19.586+0000] {logging_mixin.py:188} INFO - [2026-01-10T22:57:19.585+0000] {dagbag.py:545} INFO - Filling up the DagBag from /opt/airflow/dags/dag.py
[2026-01-10T22:57:19.606+0000] {processor.py:840} INFO - DAG(s) 'exchange_rates_pipeline' retrieved from /opt/airflow/dags/dag.py
[2026-01-10T22:57:19.645+0000] {logging_mixin.py:188} INFO - [2026-01-10T22:57:19.644+0000] {dag.py:3096} INFO - Sync 1 DAGs
[2026-01-10T22:57:19.663+0000] {logging_mixin.py:188} INFO - [2026-01-10T22:57:19.663+0000] {dag.py:3954} INFO - Setting next_dagrun for exchange_rates_pipeline to None, run_after=None
[2026-01-10T22:57:19.687+0000] {processor.py:183} INFO - Processing /opt/airflow/dags/dag.py took 0.114 seconds
[2026-01-10T22:57:49.908+0000] {processor.py:161} INFO - Started process (PID=460) to work on /opt/airflow/dags/dag.py
[2026-01-10T22:57:49.909+0000] {processor.py:830} INFO - Processing file /opt/airflow/dags/dag.py for tasks to queue
[2026-01-10T22:57:49.911+0000] {logging_mixin.py:188} INFO - [2026-01-10T22:57:49.911+0000] {dagbag.py:545} INFO - Filling up the DagBag from /opt/airflow/dags/dag.py
[2026-01-10T22:57:49.926+0000] {processor.py:840} INFO - DAG(s) 'exchange_rates_pipeline' retrieved from /opt/airflow/dags/dag.py
[2026-01-10T22:57:49.967+0000] {logging_mixin.py:188} INFO - [2026-01-10T22:57:49.967+0000] {dag.py:3096} INFO - Sync 1 DAGs
[2026-01-10T22:57:49.979+0000] {logging_mixin.py:188} INFO - [2026-01-10T22:57:49.978+0000] {dag.py:3954} INFO - Setting next_dagrun for exchange_rates_pipeline to None, run_after=None
[2026-01-10T22:57:50.004+0000] {processor.py:183} INFO - Processing /opt/airflow/dags/dag.py took 0.102 seconds
[2026-01-10T22:58:20.201+0000] {processor.py:161} INFO - Started process (PID=465) to work on /opt/airflow/dags/dag.py
[2026-01-10T22:58:20.203+0000] {processor.py:830} INFO - Processing file /opt/airflow/dags/dag.py for tasks to queue
[2026-01-10T22:58:20.205+0000] {logging_mixin.py:188} INFO - [2026-01-10T22:58:20.205+0000] {dagbag.py:545} INFO - Filling up the DagBag from /opt/airflow/dags/dag.py
[2026-01-10T22:58:20.242+0000] {processor.py:840} INFO - DAG(s) 'exchange_rates_pipeline' retrieved from /opt/airflow/dags/dag.py
[2026-01-10T22:58:20.291+0000] {logging_mixin.py:188} INFO - [2026-01-10T22:58:20.290+0000] {dag.py:3096} INFO - Sync 1 DAGs
[2026-01-10T22:58:20.312+0000] {logging_mixin.py:188} INFO - [2026-01-10T22:58:20.311+0000] {dag.py:3954} INFO - Setting next_dagrun for exchange_rates_pipeline to None, run_after=None
[2026-01-10T22:58:20.337+0000] {processor.py:183} INFO - Processing /opt/airflow/dags/dag.py took 0.146 seconds
[2026-01-10T22:58:50.641+0000] {processor.py:161} INFO - Started process (PID=470) to work on /opt/airflow/dags/dag.py
[2026-01-10T22:58:50.648+0000] {processor.py:830} INFO - Processing file /opt/airflow/dags/dag.py for tasks to queue
[2026-01-10T22:58:50.662+0000] {logging_mixin.py:188} INFO - [2026-01-10T22:58:50.661+0000] {dagbag.py:545} INFO - Filling up the DagBag from /opt/airflow/dags/dag.py
[2026-01-10T22:58:50.701+0000] {processor.py:840} INFO - DAG(s) 'exchange_rates_pipeline' retrieved from /opt/airflow/dags/dag.py
[2026-01-10T22:58:50.979+0000] {logging_mixin.py:188} INFO - [2026-01-10T22:58:50.979+0000] {dag.py:3096} INFO - Sync 1 DAGs
[2026-01-10T22:58:51.135+0000] {logging_mixin.py:188} INFO - [2026-01-10T22:58:51.134+0000] {dag.py:3954} INFO - Setting next_dagrun for exchange_rates_pipeline to None, run_after=None
[2026-01-10T22:58:51.268+0000] {processor.py:183} INFO - Processing /opt/airflow/dags/dag.py took 0.671 seconds
[2026-01-10T22:59:21.548+0000] {processor.py:161} INFO - Started process (PID=475) to work on /opt/airflow/dags/dag.py
[2026-01-10T22:59:21.550+0000] {processor.py:830} INFO - Processing file /opt/airflow/dags/dag.py for tasks to queue
[2026-01-10T22:59:21.558+0000] {logging_mixin.py:188} INFO - [2026-01-10T22:59:21.555+0000] {dagbag.py:545} INFO - Filling up the DagBag from /opt/airflow/dags/dag.py
[2026-01-10T22:59:21.577+0000] {processor.py:840} INFO - DAG(s) 'exchange_rates_pipeline' retrieved from /opt/airflow/dags/dag.py
[2026-01-10T22:59:21.613+0000] {logging_mixin.py:188} INFO - [2026-01-10T22:59:21.613+0000] {dag.py:3096} INFO - Sync 1 DAGs
[2026-01-10T22:59:21.630+0000] {logging_mixin.py:188} INFO - [2026-01-10T22:59:21.630+0000] {dag.py:3954} INFO - Setting next_dagrun for exchange_rates_pipeline to None, run_after=None
[2026-01-10T22:59:21.655+0000] {processor.py:183} INFO - Processing /opt/airflow/dags/dag.py took 0.124 seconds
[2026-01-10T22:59:51.955+0000] {processor.py:161} INFO - Started process (PID=480) to work on /opt/airflow/dags/dag.py
[2026-01-10T22:59:51.969+0000] {processor.py:830} INFO - Processing file /opt/airflow/dags/dag.py for tasks to queue
[2026-01-10T22:59:51.978+0000] {logging_mixin.py:188} INFO - [2026-01-10T22:59:51.976+0000] {dagbag.py:545} INFO - Filling up the DagBag from /opt/airflow/dags/dag.py
[2026-01-10T22:59:52.058+0000] {processor.py:840} INFO - DAG(s) 'exchange_rates_pipeline' retrieved from /opt/airflow/dags/dag.py
[2026-01-10T22:59:52.233+0000] {logging_mixin.py:188} INFO - [2026-01-10T22:59:52.230+0000] {dag.py:3096} INFO - Sync 1 DAGs
[2026-01-10T22:59:52.290+0000] {logging_mixin.py:188} INFO - [2026-01-10T22:59:52.289+0000] {dag.py:3954} INFO - Setting next_dagrun for exchange_rates_pipeline to None, run_after=None
[2026-01-10T22:59:52.404+0000] {processor.py:183} INFO - Processing /opt/airflow/dags/dag.py took 0.485 seconds
[2026-01-10T23:00:22.672+0000] {processor.py:161} INFO - Started process (PID=485) to work on /opt/airflow/dags/dag.py
[2026-01-10T23:00:22.673+0000] {processor.py:830} INFO - Processing file /opt/airflow/dags/dag.py for tasks to queue
[2026-01-10T23:00:22.675+0000] {logging_mixin.py:188} INFO - [2026-01-10T23:00:22.674+0000] {dagbag.py:545} INFO - Filling up the DagBag from /opt/airflow/dags/dag.py
[2026-01-10T23:00:22.715+0000] {processor.py:840} INFO - DAG(s) 'exchange_rates_pipeline' retrieved from /opt/airflow/dags/dag.py
[2026-01-10T23:00:22.765+0000] {logging_mixin.py:188} INFO - [2026-01-10T23:00:22.765+0000] {dag.py:3096} INFO - Sync 1 DAGs
[2026-01-10T23:00:22.781+0000] {logging_mixin.py:188} INFO - [2026-01-10T23:00:22.781+0000] {dag.py:3954} INFO - Setting next_dagrun for exchange_rates_pipeline to None, run_after=None
[2026-01-10T23:00:22.809+0000] {processor.py:183} INFO - Processing /opt/airflow/dags/dag.py took 0.152 seconds
[2026-01-10T23:00:52.990+0000] {processor.py:161} INFO - Started process (PID=490) to work on /opt/airflow/dags/dag.py
[2026-01-10T23:00:52.992+0000] {processor.py:830} INFO - Processing file /opt/airflow/dags/dag.py for tasks to queue
[2026-01-10T23:00:52.995+0000] {logging_mixin.py:188} INFO - [2026-01-10T23:00:52.994+0000] {dagbag.py:545} INFO - Filling up the DagBag from /opt/airflow/dags/dag.py
[2026-01-10T23:00:53.022+0000] {processor.py:840} INFO - DAG(s) 'exchange_rates_pipeline' retrieved from /opt/airflow/dags/dag.py
[2026-01-10T23:00:53.140+0000] {logging_mixin.py:188} INFO - [2026-01-10T23:00:53.140+0000] {dag.py:3096} INFO - Sync 1 DAGs
[2026-01-10T23:00:53.155+0000] {logging_mixin.py:188} INFO - [2026-01-10T23:00:53.155+0000] {dag.py:3954} INFO - Setting next_dagrun for exchange_rates_pipeline to None, run_after=None
[2026-01-10T23:00:53.183+0000] {processor.py:183} INFO - Processing /opt/airflow/dags/dag.py took 0.201 seconds
[2026-01-10T23:01:23.349+0000] {processor.py:161} INFO - Started process (PID=495) to work on /opt/airflow/dags/dag.py
[2026-01-10T23:01:23.352+0000] {processor.py:830} INFO - Processing file /opt/airflow/dags/dag.py for tasks to queue
[2026-01-10T23:01:23.354+0000] {logging_mixin.py:188} INFO - [2026-01-10T23:01:23.354+0000] {dagbag.py:545} INFO - Filling up the DagBag from /opt/airflow/dags/dag.py
[2026-01-10T23:01:23.373+0000] {processor.py:840} INFO - DAG(s) 'exchange_rates_pipeline' retrieved from /opt/airflow/dags/dag.py
[2026-01-10T23:01:23.407+0000] {logging_mixin.py:188} INFO - [2026-01-10T23:01:23.407+0000] {dag.py:3096} INFO - Sync 1 DAGs
[2026-01-10T23:01:23.419+0000] {logging_mixin.py:188} INFO - [2026-01-10T23:01:23.419+0000] {dag.py:3954} INFO - Setting next_dagrun for exchange_rates_pipeline to None, run_after=None
[2026-01-10T23:01:23.441+0000] {processor.py:183} INFO - Processing /opt/airflow/dags/dag.py took 0.097 seconds
[2026-01-10T23:01:53.655+0000] {processor.py:161} INFO - Started process (PID=500) to work on /opt/airflow/dags/dag.py
[2026-01-10T23:01:53.656+0000] {processor.py:830} INFO - Processing file /opt/airflow/dags/dag.py for tasks to queue
[2026-01-10T23:01:53.658+0000] {logging_mixin.py:188} INFO - [2026-01-10T23:01:53.657+0000] {dagbag.py:545} INFO - Filling up the DagBag from /opt/airflow/dags/dag.py
[2026-01-10T23:01:53.674+0000] {processor.py:840} INFO - DAG(s) 'exchange_rates_pipeline' retrieved from /opt/airflow/dags/dag.py
[2026-01-10T23:01:53.706+0000] {logging_mixin.py:188} INFO - [2026-01-10T23:01:53.705+0000] {dag.py:3096} INFO - Sync 1 DAGs
[2026-01-10T23:01:53.718+0000] {logging_mixin.py:188} INFO - [2026-01-10T23:01:53.717+0000] {dag.py:3954} INFO - Setting next_dagrun for exchange_rates_pipeline to None, run_after=None
[2026-01-10T23:01:53.782+0000] {processor.py:183} INFO - Processing /opt/airflow/dags/dag.py took 0.136 seconds
[2026-01-10T23:02:24.295+0000] {processor.py:161} INFO - Started process (PID=505) to work on /opt/airflow/dags/dag.py
[2026-01-10T23:02:24.299+0000] {processor.py:830} INFO - Processing file /opt/airflow/dags/dag.py for tasks to queue
[2026-01-10T23:02:24.313+0000] {logging_mixin.py:188} INFO - [2026-01-10T23:02:24.311+0000] {dagbag.py:545} INFO - Filling up the DagBag from /opt/airflow/dags/dag.py
[2026-01-10T23:02:24.426+0000] {processor.py:840} INFO - DAG(s) 'exchange_rates_pipeline' retrieved from /opt/airflow/dags/dag.py
[2026-01-10T23:02:24.600+0000] {logging_mixin.py:188} INFO - [2026-01-10T23:02:24.599+0000] {dag.py:3096} INFO - Sync 1 DAGs
[2026-01-10T23:02:24.663+0000] {logging_mixin.py:188} INFO - [2026-01-10T23:02:24.662+0000] {dag.py:3954} INFO - Setting next_dagrun for exchange_rates_pipeline to None, run_after=None
[2026-01-10T23:02:24.709+0000] {processor.py:183} INFO - Processing /opt/airflow/dags/dag.py took 0.443 seconds
[2026-01-10T23:02:55.021+0000] {processor.py:161} INFO - Started process (PID=510) to work on /opt/airflow/dags/dag.py
[2026-01-10T23:02:55.026+0000] {processor.py:830} INFO - Processing file /opt/airflow/dags/dag.py for tasks to queue
[2026-01-10T23:02:55.041+0000] {logging_mixin.py:188} INFO - [2026-01-10T23:02:55.039+0000] {dagbag.py:545} INFO - Filling up the DagBag from /opt/airflow/dags/dag.py
[2026-01-10T23:02:55.135+0000] {processor.py:840} INFO - DAG(s) 'exchange_rates_pipeline' retrieved from /opt/airflow/dags/dag.py
[2026-01-10T23:02:55.326+0000] {logging_mixin.py:188} INFO - [2026-01-10T23:02:55.325+0000] {dag.py:3096} INFO - Sync 1 DAGs
[2026-01-10T23:02:55.408+0000] {logging_mixin.py:188} INFO - [2026-01-10T23:02:55.407+0000] {dag.py:3954} INFO - Setting next_dagrun for exchange_rates_pipeline to None, run_after=None
[2026-01-10T23:02:55.468+0000] {processor.py:183} INFO - Processing /opt/airflow/dags/dag.py took 0.494 seconds
[2026-01-10T23:03:25.854+0000] {processor.py:161} INFO - Started process (PID=515) to work on /opt/airflow/dags/dag.py
[2026-01-10T23:03:25.857+0000] {processor.py:830} INFO - Processing file /opt/airflow/dags/dag.py for tasks to queue
[2026-01-10T23:03:25.865+0000] {logging_mixin.py:188} INFO - [2026-01-10T23:03:25.864+0000] {dagbag.py:545} INFO - Filling up the DagBag from /opt/airflow/dags/dag.py
[2026-01-10T23:03:25.921+0000] {processor.py:840} INFO - DAG(s) 'exchange_rates_pipeline' retrieved from /opt/airflow/dags/dag.py
[2026-01-10T23:03:25.996+0000] {logging_mixin.py:188} INFO - [2026-01-10T23:03:25.996+0000] {dag.py:3096} INFO - Sync 1 DAGs
[2026-01-10T23:03:26.022+0000] {logging_mixin.py:188} INFO - [2026-01-10T23:03:26.022+0000] {dag.py:3954} INFO - Setting next_dagrun for exchange_rates_pipeline to None, run_after=None
[2026-01-10T23:03:26.067+0000] {processor.py:183} INFO - Processing /opt/airflow/dags/dag.py took 0.280 seconds
[2026-01-10T23:03:56.315+0000] {processor.py:161} INFO - Started process (PID=520) to work on /opt/airflow/dags/dag.py
[2026-01-10T23:03:56.319+0000] {processor.py:830} INFO - Processing file /opt/airflow/dags/dag.py for tasks to queue
[2026-01-10T23:03:56.325+0000] {logging_mixin.py:188} INFO - [2026-01-10T23:03:56.325+0000] {dagbag.py:545} INFO - Filling up the DagBag from /opt/airflow/dags/dag.py
[2026-01-10T23:03:56.350+0000] {processor.py:840} INFO - DAG(s) 'exchange_rates_pipeline' retrieved from /opt/airflow/dags/dag.py
[2026-01-10T23:03:56.398+0000] {logging_mixin.py:188} INFO - [2026-01-10T23:03:56.398+0000] {dag.py:3096} INFO - Sync 1 DAGs
[2026-01-10T23:03:56.413+0000] {logging_mixin.py:188} INFO - [2026-01-10T23:03:56.413+0000] {dag.py:3954} INFO - Setting next_dagrun for exchange_rates_pipeline to None, run_after=None
[2026-01-10T23:03:56.445+0000] {processor.py:183} INFO - Processing /opt/airflow/dags/dag.py took 0.144 seconds
[2026-01-10T23:04:26.529+0000] {processor.py:161} INFO - Started process (PID=525) to work on /opt/airflow/dags/dag.py
[2026-01-10T23:04:26.531+0000] {processor.py:830} INFO - Processing file /opt/airflow/dags/dag.py for tasks to queue
[2026-01-10T23:04:26.537+0000] {logging_mixin.py:188} INFO - [2026-01-10T23:04:26.536+0000] {dagbag.py:545} INFO - Filling up the DagBag from /opt/airflow/dags/dag.py
[2026-01-10T23:04:26.569+0000] {processor.py:840} INFO - DAG(s) 'exchange_rates_pipeline' retrieved from /opt/airflow/dags/dag.py
[2026-01-10T23:04:26.661+0000] {logging_mixin.py:188} INFO - [2026-01-10T23:04:26.660+0000] {dag.py:3096} INFO - Sync 1 DAGs
[2026-01-10T23:04:26.689+0000] {logging_mixin.py:188} INFO - [2026-01-10T23:04:26.689+0000] {dag.py:3954} INFO - Setting next_dagrun for exchange_rates_pipeline to None, run_after=None
[2026-01-10T23:04:26.727+0000] {processor.py:183} INFO - Processing /opt/airflow/dags/dag.py took 0.205 seconds
[2026-01-10T23:04:57.055+0000] {processor.py:161} INFO - Started process (PID=530) to work on /opt/airflow/dags/dag.py
[2026-01-10T23:04:57.058+0000] {processor.py:830} INFO - Processing file /opt/airflow/dags/dag.py for tasks to queue
[2026-01-10T23:04:57.064+0000] {logging_mixin.py:188} INFO - [2026-01-10T23:04:57.062+0000] {dagbag.py:545} INFO - Filling up the DagBag from /opt/airflow/dags/dag.py
[2026-01-10T23:04:57.115+0000] {processor.py:840} INFO - DAG(s) 'exchange_rates_pipeline' retrieved from /opt/airflow/dags/dag.py
[2026-01-10T23:04:57.197+0000] {logging_mixin.py:188} INFO - [2026-01-10T23:04:57.196+0000] {dag.py:3096} INFO - Sync 1 DAGs
[2026-01-10T23:04:57.224+0000] {logging_mixin.py:188} INFO - [2026-01-10T23:04:57.223+0000] {dag.py:3954} INFO - Setting next_dagrun for exchange_rates_pipeline to None, run_after=None
[2026-01-10T23:04:57.276+0000] {processor.py:183} INFO - Processing /opt/airflow/dags/dag.py took 0.240 seconds
[2026-01-10T23:05:27.594+0000] {processor.py:161} INFO - Started process (PID=535) to work on /opt/airflow/dags/dag.py
[2026-01-10T23:05:27.596+0000] {processor.py:830} INFO - Processing file /opt/airflow/dags/dag.py for tasks to queue
[2026-01-10T23:05:27.606+0000] {logging_mixin.py:188} INFO - [2026-01-10T23:05:27.605+0000] {dagbag.py:545} INFO - Filling up the DagBag from /opt/airflow/dags/dag.py
[2026-01-10T23:05:27.670+0000] {processor.py:840} INFO - DAG(s) 'exchange_rates_pipeline' retrieved from /opt/airflow/dags/dag.py
[2026-01-10T23:05:27.941+0000] {logging_mixin.py:188} INFO - [2026-01-10T23:05:27.941+0000] {dag.py:3096} INFO - Sync 1 DAGs
[2026-01-10T23:05:27.993+0000] {logging_mixin.py:188} INFO - [2026-01-10T23:05:27.992+0000] {dag.py:3954} INFO - Setting next_dagrun for exchange_rates_pipeline to None, run_after=None
[2026-01-10T23:05:28.033+0000] {processor.py:183} INFO - Processing /opt/airflow/dags/dag.py took 0.507 seconds
[2026-01-10T23:05:58.268+0000] {processor.py:161} INFO - Started process (PID=540) to work on /opt/airflow/dags/dag.py
[2026-01-10T23:05:58.269+0000] {processor.py:830} INFO - Processing file /opt/airflow/dags/dag.py for tasks to queue
[2026-01-10T23:05:58.271+0000] {logging_mixin.py:188} INFO - [2026-01-10T23:05:58.270+0000] {dagbag.py:545} INFO - Filling up the DagBag from /opt/airflow/dags/dag.py
[2026-01-10T23:05:58.293+0000] {processor.py:840} INFO - DAG(s) 'exchange_rates_pipeline' retrieved from /opt/airflow/dags/dag.py
[2026-01-10T23:05:58.346+0000] {logging_mixin.py:188} INFO - [2026-01-10T23:05:58.346+0000] {dag.py:3096} INFO - Sync 1 DAGs
[2026-01-10T23:05:58.380+0000] {logging_mixin.py:188} INFO - [2026-01-10T23:05:58.380+0000] {dag.py:3954} INFO - Setting next_dagrun for exchange_rates_pipeline to None, run_after=None
[2026-01-10T23:05:58.410+0000] {processor.py:183} INFO - Processing /opt/airflow/dags/dag.py took 0.149 seconds
[2026-01-10T23:06:28.537+0000] {processor.py:161} INFO - Started process (PID=545) to work on /opt/airflow/dags/dag.py
[2026-01-10T23:06:28.539+0000] {processor.py:830} INFO - Processing file /opt/airflow/dags/dag.py for tasks to queue
[2026-01-10T23:06:28.547+0000] {logging_mixin.py:188} INFO - [2026-01-10T23:06:28.546+0000] {dagbag.py:545} INFO - Filling up the DagBag from /opt/airflow/dags/dag.py
[2026-01-10T23:06:28.594+0000] {processor.py:840} INFO - DAG(s) 'exchange_rates_pipeline' retrieved from /opt/airflow/dags/dag.py
[2026-01-10T23:06:28.683+0000] {logging_mixin.py:188} INFO - [2026-01-10T23:06:28.683+0000] {dag.py:3096} INFO - Sync 1 DAGs
[2026-01-10T23:06:28.706+0000] {logging_mixin.py:188} INFO - [2026-01-10T23:06:28.705+0000] {dag.py:3954} INFO - Setting next_dagrun for exchange_rates_pipeline to None, run_after=None
[2026-01-10T23:06:28.733+0000] {processor.py:183} INFO - Processing /opt/airflow/dags/dag.py took 0.211 seconds
[2026-01-10T23:06:58.937+0000] {processor.py:161} INFO - Started process (PID=550) to work on /opt/airflow/dags/dag.py
[2026-01-10T23:06:58.938+0000] {processor.py:830} INFO - Processing file /opt/airflow/dags/dag.py for tasks to queue
[2026-01-10T23:06:58.940+0000] {logging_mixin.py:188} INFO - [2026-01-10T23:06:58.939+0000] {dagbag.py:545} INFO - Filling up the DagBag from /opt/airflow/dags/dag.py
[2026-01-10T23:06:58.958+0000] {processor.py:840} INFO - DAG(s) 'exchange_rates_pipeline' retrieved from /opt/airflow/dags/dag.py
[2026-01-10T23:06:59.006+0000] {logging_mixin.py:188} INFO - [2026-01-10T23:06:59.005+0000] {dag.py:3096} INFO - Sync 1 DAGs
[2026-01-10T23:06:59.097+0000] {logging_mixin.py:188} INFO - [2026-01-10T23:06:59.096+0000] {dag.py:3954} INFO - Setting next_dagrun for exchange_rates_pipeline to None, run_after=None
[2026-01-10T23:06:59.213+0000] {processor.py:183} INFO - Processing /opt/airflow/dags/dag.py took 0.282 seconds
[2026-01-10T23:07:29.557+0000] {processor.py:161} INFO - Started process (PID=555) to work on /opt/airflow/dags/dag.py
[2026-01-10T23:07:29.563+0000] {processor.py:830} INFO - Processing file /opt/airflow/dags/dag.py for tasks to queue
[2026-01-10T23:07:29.580+0000] {logging_mixin.py:188} INFO - [2026-01-10T23:07:29.578+0000] {dagbag.py:545} INFO - Filling up the DagBag from /opt/airflow/dags/dag.py
[2026-01-10T23:07:29.647+0000] {processor.py:840} INFO - DAG(s) 'exchange_rates_pipeline' retrieved from /opt/airflow/dags/dag.py
[2026-01-10T23:07:29.977+0000] {logging_mixin.py:188} INFO - [2026-01-10T23:07:29.976+0000] {dag.py:3096} INFO - Sync 1 DAGs
[2026-01-10T23:07:30.037+0000] {logging_mixin.py:188} INFO - [2026-01-10T23:07:30.037+0000] {dag.py:3954} INFO - Setting next_dagrun for exchange_rates_pipeline to None, run_after=None
[2026-01-10T23:07:30.080+0000] {processor.py:183} INFO - Processing /opt/airflow/dags/dag.py took 0.619 seconds
[2026-01-10T23:08:00.332+0000] {processor.py:161} INFO - Started process (PID=560) to work on /opt/airflow/dags/dag.py
[2026-01-10T23:08:00.333+0000] {processor.py:830} INFO - Processing file /opt/airflow/dags/dag.py for tasks to queue
[2026-01-10T23:08:00.335+0000] {logging_mixin.py:188} INFO - [2026-01-10T23:08:00.335+0000] {dagbag.py:545} INFO - Filling up the DagBag from /opt/airflow/dags/dag.py
[2026-01-10T23:08:00.352+0000] {processor.py:840} INFO - DAG(s) 'exchange_rates_pipeline' retrieved from /opt/airflow/dags/dag.py
[2026-01-10T23:08:00.406+0000] {logging_mixin.py:188} INFO - [2026-01-10T23:08:00.406+0000] {dag.py:3096} INFO - Sync 1 DAGs
[2026-01-10T23:08:00.426+0000] {logging_mixin.py:188} INFO - [2026-01-10T23:08:00.425+0000] {dag.py:3954} INFO - Setting next_dagrun for exchange_rates_pipeline to None, run_after=None
[2026-01-10T23:08:00.451+0000] {processor.py:183} INFO - Processing /opt/airflow/dags/dag.py took 0.125 seconds
[2026-01-10T23:08:30.569+0000] {processor.py:161} INFO - Started process (PID=565) to work on /opt/airflow/dags/dag.py
[2026-01-10T23:08:30.570+0000] {processor.py:830} INFO - Processing file /opt/airflow/dags/dag.py for tasks to queue
[2026-01-10T23:08:30.573+0000] {logging_mixin.py:188} INFO - [2026-01-10T23:08:30.572+0000] {dagbag.py:545} INFO - Filling up the DagBag from /opt/airflow/dags/dag.py
[2026-01-10T23:08:30.596+0000] {processor.py:840} INFO - DAG(s) 'exchange_rates_pipeline' retrieved from /opt/airflow/dags/dag.py
[2026-01-10T23:08:30.632+0000] {logging_mixin.py:188} INFO - [2026-01-10T23:08:30.631+0000] {dag.py:3096} INFO - Sync 1 DAGs
[2026-01-10T23:08:30.669+0000] {logging_mixin.py:188} INFO - [2026-01-10T23:08:30.668+0000] {dag.py:3954} INFO - Setting next_dagrun for exchange_rates_pipeline to None, run_after=None
[2026-01-10T23:08:30.737+0000] {processor.py:183} INFO - Processing /opt/airflow/dags/dag.py took 0.174 seconds
[2026-01-10T23:09:00.880+0000] {processor.py:161} INFO - Started process (PID=570) to work on /opt/airflow/dags/dag.py
[2026-01-10T23:09:00.881+0000] {processor.py:830} INFO - Processing file /opt/airflow/dags/dag.py for tasks to queue
[2026-01-10T23:09:00.884+0000] {logging_mixin.py:188} INFO - [2026-01-10T23:09:00.883+0000] {dagbag.py:545} INFO - Filling up the DagBag from /opt/airflow/dags/dag.py
[2026-01-10T23:09:00.917+0000] {processor.py:840} INFO - DAG(s) 'exchange_rates_pipeline' retrieved from /opt/airflow/dags/dag.py
[2026-01-10T23:09:00.949+0000] {logging_mixin.py:188} INFO - [2026-01-10T23:09:00.949+0000] {dag.py:3096} INFO - Sync 1 DAGs
[2026-01-10T23:09:00.964+0000] {logging_mixin.py:188} INFO - [2026-01-10T23:09:00.964+0000] {dag.py:3954} INFO - Setting next_dagrun for exchange_rates_pipeline to None, run_after=None
[2026-01-10T23:09:00.993+0000] {processor.py:183} INFO - Processing /opt/airflow/dags/dag.py took 0.123 seconds
[2026-01-10T23:09:31.335+0000] {processor.py:161} INFO - Started process (PID=575) to work on /opt/airflow/dags/dag.py
[2026-01-10T23:09:31.340+0000] {processor.py:830} INFO - Processing file /opt/airflow/dags/dag.py for tasks to queue
[2026-01-10T23:09:31.351+0000] {logging_mixin.py:188} INFO - [2026-01-10T23:09:31.350+0000] {dagbag.py:545} INFO - Filling up the DagBag from /opt/airflow/dags/dag.py
[2026-01-10T23:09:31.399+0000] {processor.py:840} INFO - DAG(s) 'exchange_rates_pipeline' retrieved from /opt/airflow/dags/dag.py
[2026-01-10T23:09:31.442+0000] {logging_mixin.py:188} INFO - [2026-01-10T23:09:31.442+0000] {dag.py:3096} INFO - Sync 1 DAGs
[2026-01-10T23:09:31.461+0000] {logging_mixin.py:188} INFO - [2026-01-10T23:09:31.460+0000] {dag.py:3954} INFO - Setting next_dagrun for exchange_rates_pipeline to None, run_after=None
[2026-01-10T23:09:31.494+0000] {processor.py:183} INFO - Processing /opt/airflow/dags/dag.py took 0.186 seconds
[2026-01-10T23:10:01.670+0000] {processor.py:161} INFO - Started process (PID=580) to work on /opt/airflow/dags/dag.py
[2026-01-10T23:10:01.671+0000] {processor.py:830} INFO - Processing file /opt/airflow/dags/dag.py for tasks to queue
[2026-01-10T23:10:01.674+0000] {logging_mixin.py:188} INFO - [2026-01-10T23:10:01.673+0000] {dagbag.py:545} INFO - Filling up the DagBag from /opt/airflow/dags/dag.py
[2026-01-10T23:10:01.692+0000] {processor.py:840} INFO - DAG(s) 'exchange_rates_pipeline' retrieved from /opt/airflow/dags/dag.py
[2026-01-10T23:10:01.730+0000] {logging_mixin.py:188} INFO - [2026-01-10T23:10:01.730+0000] {dag.py:3096} INFO - Sync 1 DAGs
[2026-01-10T23:10:01.744+0000] {logging_mixin.py:188} INFO - [2026-01-10T23:10:01.744+0000] {dag.py:3954} INFO - Setting next_dagrun for exchange_rates_pipeline to None, run_after=None
[2026-01-10T23:10:01.768+0000] {processor.py:183} INFO - Processing /opt/airflow/dags/dag.py took 0.106 seconds
[2026-01-10T23:10:31.917+0000] {processor.py:161} INFO - Started process (PID=585) to work on /opt/airflow/dags/dag.py
[2026-01-10T23:10:31.918+0000] {processor.py:830} INFO - Processing file /opt/airflow/dags/dag.py for tasks to queue
[2026-01-10T23:10:31.920+0000] {logging_mixin.py:188} INFO - [2026-01-10T23:10:31.919+0000] {dagbag.py:545} INFO - Filling up the DagBag from /opt/airflow/dags/dag.py
[2026-01-10T23:10:31.936+0000] {processor.py:840} INFO - DAG(s) 'exchange_rates_pipeline' retrieved from /opt/airflow/dags/dag.py
[2026-01-10T23:10:31.967+0000] {logging_mixin.py:188} INFO - [2026-01-10T23:10:31.967+0000] {dag.py:3096} INFO - Sync 1 DAGs
[2026-01-10T23:10:31.982+0000] {logging_mixin.py:188} INFO - [2026-01-10T23:10:31.982+0000] {dag.py:3954} INFO - Setting next_dagrun for exchange_rates_pipeline to None, run_after=None
[2026-01-10T23:10:32.005+0000] {processor.py:183} INFO - Processing /opt/airflow/dags/dag.py took 0.095 seconds
[2026-01-10T23:11:02.256+0000] {processor.py:161} INFO - Started process (PID=590) to work on /opt/airflow/dags/dag.py
[2026-01-10T23:11:02.257+0000] {processor.py:830} INFO - Processing file /opt/airflow/dags/dag.py for tasks to queue
[2026-01-10T23:11:02.259+0000] {logging_mixin.py:188} INFO - [2026-01-10T23:11:02.259+0000] {dagbag.py:545} INFO - Filling up the DagBag from /opt/airflow/dags/dag.py
[2026-01-10T23:11:02.281+0000] {processor.py:840} INFO - DAG(s) 'exchange_rates_pipeline' retrieved from /opt/airflow/dags/dag.py
[2026-01-10T23:11:02.314+0000] {logging_mixin.py:188} INFO - [2026-01-10T23:11:02.314+0000] {dag.py:3096} INFO - Sync 1 DAGs
[2026-01-10T23:11:02.348+0000] {logging_mixin.py:188} INFO - [2026-01-10T23:11:02.347+0000] {dag.py:3954} INFO - Setting next_dagrun for exchange_rates_pipeline to None, run_after=None
[2026-01-10T23:11:02.382+0000] {processor.py:183} INFO - Processing /opt/airflow/dags/dag.py took 0.133 seconds
[2026-01-10T23:11:32.523+0000] {processor.py:161} INFO - Started process (PID=595) to work on /opt/airflow/dags/dag.py
[2026-01-10T23:11:32.524+0000] {processor.py:830} INFO - Processing file /opt/airflow/dags/dag.py for tasks to queue
[2026-01-10T23:11:32.526+0000] {logging_mixin.py:188} INFO - [2026-01-10T23:11:32.526+0000] {dagbag.py:545} INFO - Filling up the DagBag from /opt/airflow/dags/dag.py
[2026-01-10T23:11:32.556+0000] {processor.py:840} INFO - DAG(s) 'exchange_rates_pipeline' retrieved from /opt/airflow/dags/dag.py
[2026-01-10T23:11:32.614+0000] {logging_mixin.py:188} INFO - [2026-01-10T23:11:32.614+0000] {dag.py:3096} INFO - Sync 1 DAGs
[2026-01-10T23:11:32.633+0000] {logging_mixin.py:188} INFO - [2026-01-10T23:11:32.633+0000] {dag.py:3954} INFO - Setting next_dagrun for exchange_rates_pipeline to None, run_after=None
[2026-01-10T23:11:32.685+0000] {processor.py:183} INFO - Processing /opt/airflow/dags/dag.py took 0.169 seconds
[2026-01-10T23:12:02.837+0000] {processor.py:161} INFO - Started process (PID=600) to work on /opt/airflow/dags/dag.py
[2026-01-10T23:12:02.838+0000] {processor.py:830} INFO - Processing file /opt/airflow/dags/dag.py for tasks to queue
[2026-01-10T23:12:02.840+0000] {logging_mixin.py:188} INFO - [2026-01-10T23:12:02.840+0000] {dagbag.py:545} INFO - Filling up the DagBag from /opt/airflow/dags/dag.py
[2026-01-10T23:12:02.856+0000] {processor.py:840} INFO - DAG(s) 'exchange_rates_pipeline' retrieved from /opt/airflow/dags/dag.py
[2026-01-10T23:12:02.890+0000] {logging_mixin.py:188} INFO - [2026-01-10T23:12:02.890+0000] {dag.py:3096} INFO - Sync 1 DAGs
[2026-01-10T23:12:02.909+0000] {logging_mixin.py:188} INFO - [2026-01-10T23:12:02.909+0000] {dag.py:3954} INFO - Setting next_dagrun for exchange_rates_pipeline to None, run_after=None
[2026-01-10T23:12:02.948+0000] {processor.py:183} INFO - Processing /opt/airflow/dags/dag.py took 0.117 seconds
[2026-01-10T23:12:33.173+0000] {processor.py:161} INFO - Started process (PID=605) to work on /opt/airflow/dags/dag.py
[2026-01-10T23:12:33.174+0000] {processor.py:830} INFO - Processing file /opt/airflow/dags/dag.py for tasks to queue
[2026-01-10T23:12:33.176+0000] {logging_mixin.py:188} INFO - [2026-01-10T23:12:33.176+0000] {dagbag.py:545} INFO - Filling up the DagBag from /opt/airflow/dags/dag.py
[2026-01-10T23:12:33.195+0000] {processor.py:840} INFO - DAG(s) 'exchange_rates_pipeline' retrieved from /opt/airflow/dags/dag.py
[2026-01-10T23:12:33.227+0000] {logging_mixin.py:188} INFO - [2026-01-10T23:12:33.227+0000] {dag.py:3096} INFO - Sync 1 DAGs
[2026-01-10T23:12:33.239+0000] {logging_mixin.py:188} INFO - [2026-01-10T23:12:33.239+0000] {dag.py:3954} INFO - Setting next_dagrun for exchange_rates_pipeline to None, run_after=None
[2026-01-10T23:12:33.263+0000] {processor.py:183} INFO - Processing /opt/airflow/dags/dag.py took 0.095 seconds
[2026-01-10T23:13:03.395+0000] {processor.py:161} INFO - Started process (PID=610) to work on /opt/airflow/dags/dag.py
[2026-01-10T23:13:03.396+0000] {processor.py:830} INFO - Processing file /opt/airflow/dags/dag.py for tasks to queue
[2026-01-10T23:13:03.398+0000] {logging_mixin.py:188} INFO - [2026-01-10T23:13:03.398+0000] {dagbag.py:545} INFO - Filling up the DagBag from /opt/airflow/dags/dag.py
[2026-01-10T23:13:03.417+0000] {processor.py:840} INFO - DAG(s) 'exchange_rates_pipeline' retrieved from /opt/airflow/dags/dag.py
[2026-01-10T23:13:03.452+0000] {logging_mixin.py:188} INFO - [2026-01-10T23:13:03.452+0000] {dag.py:3096} INFO - Sync 1 DAGs
[2026-01-10T23:13:03.493+0000] {logging_mixin.py:188} INFO - [2026-01-10T23:13:03.493+0000] {dag.py:3954} INFO - Setting next_dagrun for exchange_rates_pipeline to None, run_after=None
[2026-01-10T23:13:03.528+0000] {processor.py:183} INFO - Processing /opt/airflow/dags/dag.py took 0.139 seconds
[2026-01-10T23:13:33.732+0000] {processor.py:161} INFO - Started process (PID=615) to work on /opt/airflow/dags/dag.py
[2026-01-10T23:13:33.733+0000] {processor.py:830} INFO - Processing file /opt/airflow/dags/dag.py for tasks to queue
[2026-01-10T23:13:33.735+0000] {logging_mixin.py:188} INFO - [2026-01-10T23:13:33.734+0000] {dagbag.py:545} INFO - Filling up the DagBag from /opt/airflow/dags/dag.py
[2026-01-10T23:13:33.753+0000] {processor.py:840} INFO - DAG(s) 'exchange_rates_pipeline' retrieved from /opt/airflow/dags/dag.py
[2026-01-10T23:13:33.783+0000] {logging_mixin.py:188} INFO - [2026-01-10T23:13:33.783+0000] {dag.py:3096} INFO - Sync 1 DAGs
[2026-01-10T23:13:33.795+0000] {logging_mixin.py:188} INFO - [2026-01-10T23:13:33.795+0000] {dag.py:3954} INFO - Setting next_dagrun for exchange_rates_pipeline to None, run_after=None
[2026-01-10T23:13:33.815+0000] {processor.py:183} INFO - Processing /opt/airflow/dags/dag.py took 0.091 seconds
[2026-01-10T23:14:04.071+0000] {processor.py:161} INFO - Started process (PID=620) to work on /opt/airflow/dags/dag.py
[2026-01-10T23:14:04.073+0000] {processor.py:830} INFO - Processing file /opt/airflow/dags/dag.py for tasks to queue
[2026-01-10T23:14:04.075+0000] {logging_mixin.py:188} INFO - [2026-01-10T23:14:04.075+0000] {dagbag.py:545} INFO - Filling up the DagBag from /opt/airflow/dags/dag.py
[2026-01-10T23:14:04.116+0000] {processor.py:840} INFO - DAG(s) 'exchange_rates_pipeline' retrieved from /opt/airflow/dags/dag.py
[2026-01-10T23:14:04.176+0000] {logging_mixin.py:188} INFO - [2026-01-10T23:14:04.176+0000] {dag.py:3096} INFO - Sync 1 DAGs
[2026-01-10T23:14:04.198+0000] {logging_mixin.py:188} INFO - [2026-01-10T23:14:04.198+0000] {dag.py:3954} INFO - Setting next_dagrun for exchange_rates_pipeline to None, run_after=None
[2026-01-10T23:14:04.233+0000] {processor.py:183} INFO - Processing /opt/airflow/dags/dag.py took 0.170 seconds
[2026-01-10T23:14:34.320+0000] {processor.py:161} INFO - Started process (PID=625) to work on /opt/airflow/dags/dag.py
[2026-01-10T23:14:34.321+0000] {processor.py:830} INFO - Processing file /opt/airflow/dags/dag.py for tasks to queue
[2026-01-10T23:14:34.323+0000] {logging_mixin.py:188} INFO - [2026-01-10T23:14:34.323+0000] {dagbag.py:545} INFO - Filling up the DagBag from /opt/airflow/dags/dag.py
[2026-01-10T23:14:34.345+0000] {processor.py:840} INFO - DAG(s) 'exchange_rates_pipeline' retrieved from /opt/airflow/dags/dag.py
[2026-01-10T23:14:34.379+0000] {logging_mixin.py:188} INFO - [2026-01-10T23:14:34.379+0000] {dag.py:3096} INFO - Sync 1 DAGs
[2026-01-10T23:14:34.392+0000] {logging_mixin.py:188} INFO - [2026-01-10T23:14:34.392+0000] {dag.py:3954} INFO - Setting next_dagrun for exchange_rates_pipeline to None, run_after=None
[2026-01-10T23:14:34.442+0000] {processor.py:183} INFO - Processing /opt/airflow/dags/dag.py took 0.129 seconds
[2026-01-10T23:15:04.553+0000] {processor.py:161} INFO - Started process (PID=630) to work on /opt/airflow/dags/dag.py
[2026-01-10T23:15:04.555+0000] {processor.py:830} INFO - Processing file /opt/airflow/dags/dag.py for tasks to queue
[2026-01-10T23:15:04.557+0000] {logging_mixin.py:188} INFO - [2026-01-10T23:15:04.557+0000] {dagbag.py:545} INFO - Filling up the DagBag from /opt/airflow/dags/dag.py
[2026-01-10T23:15:04.578+0000] {processor.py:840} INFO - DAG(s) 'exchange_rates_pipeline' retrieved from /opt/airflow/dags/dag.py
[2026-01-10T23:15:04.615+0000] {logging_mixin.py:188} INFO - [2026-01-10T23:15:04.615+0000] {dag.py:3096} INFO - Sync 1 DAGs
[2026-01-10T23:15:04.631+0000] {logging_mixin.py:188} INFO - [2026-01-10T23:15:04.631+0000] {dag.py:3954} INFO - Setting next_dagrun for exchange_rates_pipeline to None, run_after=None
[2026-01-10T23:15:04.663+0000] {processor.py:183} INFO - Processing /opt/airflow/dags/dag.py took 0.116 seconds
[2026-01-10T23:15:34.934+0000] {processor.py:161} INFO - Started process (PID=635) to work on /opt/airflow/dags/dag.py
[2026-01-10T23:15:34.936+0000] {processor.py:830} INFO - Processing file /opt/airflow/dags/dag.py for tasks to queue
[2026-01-10T23:15:34.938+0000] {logging_mixin.py:188} INFO - [2026-01-10T23:15:34.938+0000] {dagbag.py:545} INFO - Filling up the DagBag from /opt/airflow/dags/dag.py
[2026-01-10T23:15:34.961+0000] {processor.py:840} INFO - DAG(s) 'exchange_rates_pipeline' retrieved from /opt/airflow/dags/dag.py
[2026-01-10T23:15:34.997+0000] {logging_mixin.py:188} INFO - [2026-01-10T23:15:34.997+0000] {dag.py:3096} INFO - Sync 1 DAGs
[2026-01-10T23:15:35.010+0000] {logging_mixin.py:188} INFO - [2026-01-10T23:15:35.010+0000] {dag.py:3954} INFO - Setting next_dagrun for exchange_rates_pipeline to None, run_after=None
[2026-01-10T23:15:35.035+0000] {processor.py:183} INFO - Processing /opt/airflow/dags/dag.py took 0.114 seconds
