[2025-12-08T01:44:44.665+0000] {processor.py:161} INFO - Started process (PID=181) to work on /opt/airflow/dags/dag.py
[2025-12-08T01:44:44.666+0000] {processor.py:830} INFO - Processing file /opt/airflow/dags/dag.py for tasks to queue
[2025-12-08T01:44:44.669+0000] {logging_mixin.py:188} INFO - [2025-12-08T01:44:44.668+0000] {dagbag.py:545} INFO - Filling up the DagBag from /opt/airflow/dags/dag.py
[2025-12-08T01:44:44.721+0000] {logging_mixin.py:188} INFO - [2025-12-08T01:44:44.703+0000] {dagbag.py:355} ERROR - Failed to import: /opt/airflow/dags/dag.py
Traceback (most recent call last):
  File "/home/airflow/.local/lib/python3.12/site-packages/airflow/models/dagbag.py", line 351, in parse
    loader.exec_module(new_module)
  File "<frozen importlib._bootstrap_external>", line 995, in exec_module
  File "<frozen importlib._bootstrap>", line 488, in _call_with_frames_removed
  File "/opt/airflow/dags/dag.py", line 28, in <module>
    bronze_task = DockerOperator(
                  ^^^^^^^^^^^^^^^
  File "/home/airflow/.local/lib/python3.12/site-packages/airflow/models/baseoperator.py", line 485, in apply_defaults
    result = func(self, **kwargs, default_args=default_args)
             ^^^^^^^^^^^^^^^^^^^^^^^^^^^^^^^^^^^^^^^^^^^^^^^
  File "/home/airflow/.local/lib/python3.12/site-packages/airflow/providers/docker/operators/docker.py", line 272, in __init__
    super().__init__(**kwargs)
  File "/home/airflow/.local/lib/python3.12/site-packages/airflow/models/baseoperator.py", line 485, in apply_defaults
    result = func(self, **kwargs, default_args=default_args)
             ^^^^^^^^^^^^^^^^^^^^^^^^^^^^^^^^^^^^^^^^^^^^^^^
  File "/home/airflow/.local/lib/python3.12/site-packages/airflow/models/baseoperator.py", line 882, in __init__
    raise AirflowException(
airflow.exceptions.AirflowException: Invalid arguments were passed to DockerOperator (task_id: bronze_task). Invalid arguments were:
**kwargs: {'volumes': ['${PWD}:/app']}
[2025-12-08T01:44:44.723+0000] {processor.py:842} WARNING - No viable dags retrieved from /opt/airflow/dags/dag.py
[2025-12-08T01:44:44.773+0000] {processor.py:183} INFO - Processing /opt/airflow/dags/dag.py took 0.126 seconds
[2025-12-08T01:45:15.127+0000] {processor.py:161} INFO - Started process (PID=186) to work on /opt/airflow/dags/dag.py
[2025-12-08T01:45:15.129+0000] {processor.py:830} INFO - Processing file /opt/airflow/dags/dag.py for tasks to queue
[2025-12-08T01:45:15.135+0000] {logging_mixin.py:188} INFO - [2025-12-08T01:45:15.134+0000] {dagbag.py:545} INFO - Filling up the DagBag from /opt/airflow/dags/dag.py
[2025-12-08T01:45:15.171+0000] {logging_mixin.py:188} INFO - [2025-12-08T01:45:15.161+0000] {dagbag.py:355} ERROR - Failed to import: /opt/airflow/dags/dag.py
Traceback (most recent call last):
  File "/home/airflow/.local/lib/python3.12/site-packages/airflow/models/dagbag.py", line 351, in parse
    loader.exec_module(new_module)
  File "<frozen importlib._bootstrap_external>", line 995, in exec_module
  File "<frozen importlib._bootstrap>", line 488, in _call_with_frames_removed
  File "/opt/airflow/dags/dag.py", line 28, in <module>
    bronze_task = DockerOperator(
                  ^^^^^^^^^^^^^^^
  File "/home/airflow/.local/lib/python3.12/site-packages/airflow/models/baseoperator.py", line 485, in apply_defaults
    result = func(self, **kwargs, default_args=default_args)
             ^^^^^^^^^^^^^^^^^^^^^^^^^^^^^^^^^^^^^^^^^^^^^^^
  File "/home/airflow/.local/lib/python3.12/site-packages/airflow/providers/docker/operators/docker.py", line 272, in __init__
    super().__init__(**kwargs)
  File "/home/airflow/.local/lib/python3.12/site-packages/airflow/models/baseoperator.py", line 485, in apply_defaults
    result = func(self, **kwargs, default_args=default_args)
             ^^^^^^^^^^^^^^^^^^^^^^^^^^^^^^^^^^^^^^^^^^^^^^^
  File "/home/airflow/.local/lib/python3.12/site-packages/airflow/models/baseoperator.py", line 882, in __init__
    raise AirflowException(
airflow.exceptions.AirflowException: Invalid arguments were passed to DockerOperator (task_id: bronze_task). Invalid arguments were:
**kwargs: {'volumes': ['${PWD}:/app']}
[2025-12-08T01:45:15.175+0000] {processor.py:842} WARNING - No viable dags retrieved from /opt/airflow/dags/dag.py
[2025-12-08T01:45:15.217+0000] {processor.py:183} INFO - Processing /opt/airflow/dags/dag.py took 0.107 seconds
[2025-12-08T01:45:45.507+0000] {processor.py:161} INFO - Started process (PID=191) to work on /opt/airflow/dags/dag.py
[2025-12-08T01:45:45.510+0000] {processor.py:830} INFO - Processing file /opt/airflow/dags/dag.py for tasks to queue
[2025-12-08T01:45:45.514+0000] {logging_mixin.py:188} INFO - [2025-12-08T01:45:45.513+0000] {dagbag.py:545} INFO - Filling up the DagBag from /opt/airflow/dags/dag.py
[2025-12-08T01:45:45.552+0000] {logging_mixin.py:188} INFO - [2025-12-08T01:45:45.541+0000] {dagbag.py:355} ERROR - Failed to import: /opt/airflow/dags/dag.py
Traceback (most recent call last):
  File "/home/airflow/.local/lib/python3.12/site-packages/airflow/models/dagbag.py", line 351, in parse
    loader.exec_module(new_module)
  File "<frozen importlib._bootstrap_external>", line 995, in exec_module
  File "<frozen importlib._bootstrap>", line 488, in _call_with_frames_removed
  File "/opt/airflow/dags/dag.py", line 28, in <module>
    bronze_task = DockerOperator(
                  ^^^^^^^^^^^^^^^
  File "/home/airflow/.local/lib/python3.12/site-packages/airflow/models/baseoperator.py", line 485, in apply_defaults
    result = func(self, **kwargs, default_args=default_args)
             ^^^^^^^^^^^^^^^^^^^^^^^^^^^^^^^^^^^^^^^^^^^^^^^
  File "/home/airflow/.local/lib/python3.12/site-packages/airflow/providers/docker/operators/docker.py", line 272, in __init__
    super().__init__(**kwargs)
  File "/home/airflow/.local/lib/python3.12/site-packages/airflow/models/baseoperator.py", line 485, in apply_defaults
    result = func(self, **kwargs, default_args=default_args)
             ^^^^^^^^^^^^^^^^^^^^^^^^^^^^^^^^^^^^^^^^^^^^^^^
  File "/home/airflow/.local/lib/python3.12/site-packages/airflow/models/baseoperator.py", line 882, in __init__
    raise AirflowException(
airflow.exceptions.AirflowException: Invalid arguments were passed to DockerOperator (task_id: bronze_task). Invalid arguments were:
**kwargs: {'volumes': ['${PWD}:/app']}
[2025-12-08T01:45:45.554+0000] {processor.py:842} WARNING - No viable dags retrieved from /opt/airflow/dags/dag.py
[2025-12-08T01:45:45.609+0000] {processor.py:183} INFO - Processing /opt/airflow/dags/dag.py took 0.113 seconds
[2025-12-08T01:46:16.003+0000] {processor.py:161} INFO - Started process (PID=196) to work on /opt/airflow/dags/dag.py
[2025-12-08T01:46:16.005+0000] {processor.py:830} INFO - Processing file /opt/airflow/dags/dag.py for tasks to queue
[2025-12-08T01:46:16.017+0000] {logging_mixin.py:188} INFO - [2025-12-08T01:46:16.016+0000] {dagbag.py:545} INFO - Filling up the DagBag from /opt/airflow/dags/dag.py
[2025-12-08T01:46:16.052+0000] {logging_mixin.py:188} INFO - [2025-12-08T01:46:16.043+0000] {dagbag.py:355} ERROR - Failed to import: /opt/airflow/dags/dag.py
Traceback (most recent call last):
  File "/home/airflow/.local/lib/python3.12/site-packages/airflow/models/dagbag.py", line 351, in parse
    loader.exec_module(new_module)
  File "<frozen importlib._bootstrap_external>", line 995, in exec_module
  File "<frozen importlib._bootstrap>", line 488, in _call_with_frames_removed
  File "/opt/airflow/dags/dag.py", line 28, in <module>
    bronze_task = DockerOperator(
                  ^^^^^^^^^^^^^^^
  File "/home/airflow/.local/lib/python3.12/site-packages/airflow/models/baseoperator.py", line 485, in apply_defaults
    result = func(self, **kwargs, default_args=default_args)
             ^^^^^^^^^^^^^^^^^^^^^^^^^^^^^^^^^^^^^^^^^^^^^^^
  File "/home/airflow/.local/lib/python3.12/site-packages/airflow/providers/docker/operators/docker.py", line 272, in __init__
    super().__init__(**kwargs)
  File "/home/airflow/.local/lib/python3.12/site-packages/airflow/models/baseoperator.py", line 485, in apply_defaults
    result = func(self, **kwargs, default_args=default_args)
             ^^^^^^^^^^^^^^^^^^^^^^^^^^^^^^^^^^^^^^^^^^^^^^^
  File "/home/airflow/.local/lib/python3.12/site-packages/airflow/models/baseoperator.py", line 882, in __init__
    raise AirflowException(
airflow.exceptions.AirflowException: Invalid arguments were passed to DockerOperator (task_id: bronze_task). Invalid arguments were:
**kwargs: {'volumes': ['${PWD}:/app']}
[2025-12-08T01:46:16.056+0000] {processor.py:842} WARNING - No viable dags retrieved from /opt/airflow/dags/dag.py
[2025-12-08T01:46:16.102+0000] {processor.py:183} INFO - Processing /opt/airflow/dags/dag.py took 0.118 seconds
[2025-12-08T01:46:46.591+0000] {processor.py:161} INFO - Started process (PID=201) to work on /opt/airflow/dags/dag.py
[2025-12-08T01:46:46.593+0000] {processor.py:830} INFO - Processing file /opt/airflow/dags/dag.py for tasks to queue
[2025-12-08T01:46:46.596+0000] {logging_mixin.py:188} INFO - [2025-12-08T01:46:46.596+0000] {dagbag.py:545} INFO - Filling up the DagBag from /opt/airflow/dags/dag.py
[2025-12-08T01:46:46.633+0000] {logging_mixin.py:188} INFO - [2025-12-08T01:46:46.624+0000] {dagbag.py:355} ERROR - Failed to import: /opt/airflow/dags/dag.py
Traceback (most recent call last):
  File "/home/airflow/.local/lib/python3.12/site-packages/airflow/models/dagbag.py", line 351, in parse
    loader.exec_module(new_module)
  File "<frozen importlib._bootstrap_external>", line 995, in exec_module
  File "<frozen importlib._bootstrap>", line 488, in _call_with_frames_removed
  File "/opt/airflow/dags/dag.py", line 28, in <module>
    bronze_task = DockerOperator(
                  ^^^^^^^^^^^^^^^
  File "/home/airflow/.local/lib/python3.12/site-packages/airflow/models/baseoperator.py", line 485, in apply_defaults
    result = func(self, **kwargs, default_args=default_args)
             ^^^^^^^^^^^^^^^^^^^^^^^^^^^^^^^^^^^^^^^^^^^^^^^
  File "/home/airflow/.local/lib/python3.12/site-packages/airflow/providers/docker/operators/docker.py", line 272, in __init__
    super().__init__(**kwargs)
  File "/home/airflow/.local/lib/python3.12/site-packages/airflow/models/baseoperator.py", line 485, in apply_defaults
    result = func(self, **kwargs, default_args=default_args)
             ^^^^^^^^^^^^^^^^^^^^^^^^^^^^^^^^^^^^^^^^^^^^^^^
  File "/home/airflow/.local/lib/python3.12/site-packages/airflow/models/baseoperator.py", line 882, in __init__
    raise AirflowException(
airflow.exceptions.AirflowException: Invalid arguments were passed to DockerOperator (task_id: bronze_task). Invalid arguments were:
**kwargs: {'volumes': ['${PWD}:/app']}
[2025-12-08T01:46:46.636+0000] {processor.py:842} WARNING - No viable dags retrieved from /opt/airflow/dags/dag.py
[2025-12-08T01:46:46.684+0000] {processor.py:183} INFO - Processing /opt/airflow/dags/dag.py took 0.100 seconds
