[2026-01-09T12:28:58.641+0000] {processor.py:161} INFO - Started process (PID=180) to work on /opt/airflow/dags/dag.py
[2026-01-09T12:28:58.643+0000] {processor.py:830} INFO - Processing file /opt/airflow/dags/dag.py for tasks to queue
[2026-01-09T12:28:58.645+0000] {logging_mixin.py:188} INFO - [2026-01-09T12:28:58.645+0000] {dagbag.py:545} INFO - Filling up the DagBag from /opt/airflow/dags/dag.py
[2026-01-09T12:28:58.685+0000] {processor.py:840} INFO - DAG(s) 'exchange_rates_pipeline' retrieved from /opt/airflow/dags/dag.py
[2026-01-09T12:28:58.727+0000] {logging_mixin.py:188} INFO - [2026-01-09T12:28:58.727+0000] {dag.py:3096} INFO - Sync 1 DAGs
[2026-01-09T12:28:58.761+0000] {logging_mixin.py:188} INFO - [2026-01-09T12:28:58.760+0000] {dag.py:3954} INFO - Setting next_dagrun for exchange_rates_pipeline to None, run_after=None
[2026-01-09T12:28:58.813+0000] {processor.py:183} INFO - Processing /opt/airflow/dags/dag.py took 0.179 seconds
[2026-01-09T12:29:29.160+0000] {processor.py:161} INFO - Started process (PID=185) to work on /opt/airflow/dags/dag.py
[2026-01-09T12:29:29.162+0000] {processor.py:830} INFO - Processing file /opt/airflow/dags/dag.py for tasks to queue
[2026-01-09T12:29:29.167+0000] {logging_mixin.py:188} INFO - [2026-01-09T12:29:29.165+0000] {dagbag.py:545} INFO - Filling up the DagBag from /opt/airflow/dags/dag.py
[2026-01-09T12:29:29.218+0000] {processor.py:840} INFO - DAG(s) 'exchange_rates_pipeline' retrieved from /opt/airflow/dags/dag.py
[2026-01-09T12:29:29.837+0000] {logging_mixin.py:188} INFO - [2026-01-09T12:29:29.837+0000] {dag.py:3096} INFO - Sync 1 DAGs
[2026-01-09T12:29:29.872+0000] {logging_mixin.py:188} INFO - [2026-01-09T12:29:29.872+0000] {dag.py:3954} INFO - Setting next_dagrun for exchange_rates_pipeline to None, run_after=None
[2026-01-09T12:29:30.074+0000] {processor.py:183} INFO - Processing /opt/airflow/dags/dag.py took 0.928 seconds
[2026-01-09T12:30:01.075+0000] {processor.py:161} INFO - Started process (PID=190) to work on /opt/airflow/dags/dag.py
[2026-01-09T12:30:01.078+0000] {processor.py:830} INFO - Processing file /opt/airflow/dags/dag.py for tasks to queue
[2026-01-09T12:30:01.084+0000] {logging_mixin.py:188} INFO - [2026-01-09T12:30:01.083+0000] {dagbag.py:545} INFO - Filling up the DagBag from /opt/airflow/dags/dag.py
[2026-01-09T12:30:01.166+0000] {processor.py:840} INFO - DAG(s) 'exchange_rates_pipeline' retrieved from /opt/airflow/dags/dag.py
[2026-01-09T12:30:01.286+0000] {logging_mixin.py:188} INFO - [2026-01-09T12:30:01.284+0000] {dag.py:3096} INFO - Sync 1 DAGs
[2026-01-09T12:30:01.313+0000] {logging_mixin.py:188} INFO - [2026-01-09T12:30:01.313+0000] {dag.py:3954} INFO - Setting next_dagrun for exchange_rates_pipeline to None, run_after=None
[2026-01-09T12:30:01.359+0000] {processor.py:183} INFO - Processing /opt/airflow/dags/dag.py took 0.326 seconds
[2026-01-09T12:30:31.574+0000] {processor.py:161} INFO - Started process (PID=197) to work on /opt/airflow/dags/dag.py
[2026-01-09T12:30:31.575+0000] {processor.py:830} INFO - Processing file /opt/airflow/dags/dag.py for tasks to queue
[2026-01-09T12:30:31.579+0000] {logging_mixin.py:188} INFO - [2026-01-09T12:30:31.578+0000] {dagbag.py:545} INFO - Filling up the DagBag from /opt/airflow/dags/dag.py
[2026-01-09T12:30:31.630+0000] {processor.py:840} INFO - DAG(s) 'exchange_rates_pipeline' retrieved from /opt/airflow/dags/dag.py
[2026-01-09T12:30:31.880+0000] {logging_mixin.py:188} INFO - [2026-01-09T12:30:31.879+0000] {dag.py:3096} INFO - Sync 1 DAGs
[2026-01-09T12:30:31.934+0000] {logging_mixin.py:188} INFO - [2026-01-09T12:30:31.934+0000] {dag.py:3954} INFO - Setting next_dagrun for exchange_rates_pipeline to None, run_after=None
[2026-01-09T12:30:32.021+0000] {processor.py:183} INFO - Processing /opt/airflow/dags/dag.py took 0.480 seconds
[2026-01-09T12:31:02.505+0000] {processor.py:161} INFO - Started process (PID=204) to work on /opt/airflow/dags/dag.py
[2026-01-09T12:31:02.506+0000] {processor.py:830} INFO - Processing file /opt/airflow/dags/dag.py for tasks to queue
[2026-01-09T12:31:02.509+0000] {logging_mixin.py:188} INFO - [2026-01-09T12:31:02.508+0000] {dagbag.py:545} INFO - Filling up the DagBag from /opt/airflow/dags/dag.py
[2026-01-09T12:31:02.539+0000] {processor.py:840} INFO - DAG(s) 'exchange_rates_pipeline' retrieved from /opt/airflow/dags/dag.py
[2026-01-09T12:31:02.583+0000] {logging_mixin.py:188} INFO - [2026-01-09T12:31:02.583+0000] {dag.py:3096} INFO - Sync 1 DAGs
[2026-01-09T12:31:02.616+0000] {logging_mixin.py:188} INFO - [2026-01-09T12:31:02.616+0000] {dag.py:3954} INFO - Setting next_dagrun for exchange_rates_pipeline to None, run_after=None
[2026-01-09T12:31:02.642+0000] {processor.py:183} INFO - Processing /opt/airflow/dags/dag.py took 0.144 seconds
[2026-01-09T12:31:32.728+0000] {processor.py:161} INFO - Started process (PID=209) to work on /opt/airflow/dags/dag.py
[2026-01-09T12:31:32.729+0000] {processor.py:830} INFO - Processing file /opt/airflow/dags/dag.py for tasks to queue
[2026-01-09T12:31:32.731+0000] {logging_mixin.py:188} INFO - [2026-01-09T12:31:32.731+0000] {dagbag.py:545} INFO - Filling up the DagBag from /opt/airflow/dags/dag.py
[2026-01-09T12:31:32.749+0000] {processor.py:840} INFO - DAG(s) 'exchange_rates_pipeline' retrieved from /opt/airflow/dags/dag.py
[2026-01-09T12:31:32.778+0000] {logging_mixin.py:188} INFO - [2026-01-09T12:31:32.777+0000] {dag.py:3096} INFO - Sync 1 DAGs
[2026-01-09T12:31:32.791+0000] {logging_mixin.py:188} INFO - [2026-01-09T12:31:32.791+0000] {dag.py:3954} INFO - Setting next_dagrun for exchange_rates_pipeline to None, run_after=None
[2026-01-09T12:31:32.824+0000] {processor.py:183} INFO - Processing /opt/airflow/dags/dag.py took 0.101 seconds
[2026-01-09T12:32:02.949+0000] {processor.py:161} INFO - Started process (PID=214) to work on /opt/airflow/dags/dag.py
[2026-01-09T12:32:02.951+0000] {processor.py:830} INFO - Processing file /opt/airflow/dags/dag.py for tasks to queue
[2026-01-09T12:32:02.952+0000] {logging_mixin.py:188} INFO - [2026-01-09T12:32:02.952+0000] {dagbag.py:545} INFO - Filling up the DagBag from /opt/airflow/dags/dag.py
[2026-01-09T12:32:02.977+0000] {processor.py:840} INFO - DAG(s) 'exchange_rates_pipeline' retrieved from /opt/airflow/dags/dag.py
[2026-01-09T12:32:03.014+0000] {logging_mixin.py:188} INFO - [2026-01-09T12:32:03.014+0000] {dag.py:3096} INFO - Sync 1 DAGs
[2026-01-09T12:32:03.028+0000] {logging_mixin.py:188} INFO - [2026-01-09T12:32:03.027+0000] {dag.py:3954} INFO - Setting next_dagrun for exchange_rates_pipeline to None, run_after=None
[2026-01-09T12:32:03.055+0000] {processor.py:183} INFO - Processing /opt/airflow/dags/dag.py took 0.111 seconds
[2026-01-09T12:32:33.328+0000] {processor.py:161} INFO - Started process (PID=219) to work on /opt/airflow/dags/dag.py
[2026-01-09T12:32:33.360+0000] {processor.py:830} INFO - Processing file /opt/airflow/dags/dag.py for tasks to queue
[2026-01-09T12:32:33.374+0000] {logging_mixin.py:188} INFO - [2026-01-09T12:32:33.374+0000] {dagbag.py:545} INFO - Filling up the DagBag from /opt/airflow/dags/dag.py
[2026-01-09T12:32:33.488+0000] {processor.py:840} INFO - DAG(s) 'exchange_rates_pipeline' retrieved from /opt/airflow/dags/dag.py
[2026-01-09T12:32:33.686+0000] {logging_mixin.py:188} INFO - [2026-01-09T12:32:33.685+0000] {dag.py:3096} INFO - Sync 1 DAGs
[2026-01-09T12:32:33.724+0000] {logging_mixin.py:188} INFO - [2026-01-09T12:32:33.724+0000] {dag.py:3954} INFO - Setting next_dagrun for exchange_rates_pipeline to None, run_after=None
[2026-01-09T12:32:33.836+0000] {processor.py:183} INFO - Processing /opt/airflow/dags/dag.py took 0.532 seconds
[2026-01-09T12:33:04.323+0000] {processor.py:161} INFO - Started process (PID=224) to work on /opt/airflow/dags/dag.py
[2026-01-09T12:33:04.325+0000] {processor.py:830} INFO - Processing file /opt/airflow/dags/dag.py for tasks to queue
[2026-01-09T12:33:04.329+0000] {logging_mixin.py:188} INFO - [2026-01-09T12:33:04.328+0000] {dagbag.py:545} INFO - Filling up the DagBag from /opt/airflow/dags/dag.py
[2026-01-09T12:33:04.365+0000] {processor.py:840} INFO - DAG(s) 'exchange_rates_pipeline' retrieved from /opt/airflow/dags/dag.py
[2026-01-09T12:33:04.427+0000] {logging_mixin.py:188} INFO - [2026-01-09T12:33:04.426+0000] {dag.py:3096} INFO - Sync 1 DAGs
[2026-01-09T12:33:04.464+0000] {logging_mixin.py:188} INFO - [2026-01-09T12:33:04.463+0000] {dag.py:3954} INFO - Setting next_dagrun for exchange_rates_pipeline to None, run_after=None
[2026-01-09T12:33:04.510+0000] {processor.py:183} INFO - Processing /opt/airflow/dags/dag.py took 0.199 seconds
[2026-01-09T12:33:34.865+0000] {processor.py:161} INFO - Started process (PID=229) to work on /opt/airflow/dags/dag.py
[2026-01-09T12:33:34.869+0000] {processor.py:830} INFO - Processing file /opt/airflow/dags/dag.py for tasks to queue
[2026-01-09T12:33:34.878+0000] {logging_mixin.py:188} INFO - [2026-01-09T12:33:34.877+0000] {dagbag.py:545} INFO - Filling up the DagBag from /opt/airflow/dags/dag.py
[2026-01-09T12:33:34.925+0000] {processor.py:840} INFO - DAG(s) 'exchange_rates_pipeline' retrieved from /opt/airflow/dags/dag.py
[2026-01-09T12:33:34.996+0000] {logging_mixin.py:188} INFO - [2026-01-09T12:33:34.995+0000] {dag.py:3096} INFO - Sync 1 DAGs
[2026-01-09T12:33:35.021+0000] {logging_mixin.py:188} INFO - [2026-01-09T12:33:35.021+0000] {dag.py:3954} INFO - Setting next_dagrun for exchange_rates_pipeline to None, run_after=None
[2026-01-09T12:33:35.050+0000] {processor.py:183} INFO - Processing /opt/airflow/dags/dag.py took 0.200 seconds
[2026-01-09T12:34:05.391+0000] {processor.py:161} INFO - Started process (PID=234) to work on /opt/airflow/dags/dag.py
[2026-01-09T12:34:05.393+0000] {processor.py:830} INFO - Processing file /opt/airflow/dags/dag.py for tasks to queue
[2026-01-09T12:34:05.397+0000] {logging_mixin.py:188} INFO - [2026-01-09T12:34:05.396+0000] {dagbag.py:545} INFO - Filling up the DagBag from /opt/airflow/dags/dag.py
[2026-01-09T12:34:05.418+0000] {processor.py:840} INFO - DAG(s) 'exchange_rates_pipeline' retrieved from /opt/airflow/dags/dag.py
[2026-01-09T12:34:05.491+0000] {logging_mixin.py:188} INFO - [2026-01-09T12:34:05.491+0000] {dag.py:3096} INFO - Sync 1 DAGs
[2026-01-09T12:34:05.508+0000] {logging_mixin.py:188} INFO - [2026-01-09T12:34:05.508+0000] {dag.py:3954} INFO - Setting next_dagrun for exchange_rates_pipeline to None, run_after=None
[2026-01-09T12:34:05.536+0000] {processor.py:183} INFO - Processing /opt/airflow/dags/dag.py took 0.153 seconds
[2026-01-09T12:34:35.675+0000] {processor.py:161} INFO - Started process (PID=239) to work on /opt/airflow/dags/dag.py
[2026-01-09T12:34:35.685+0000] {processor.py:830} INFO - Processing file /opt/airflow/dags/dag.py for tasks to queue
[2026-01-09T12:34:35.692+0000] {logging_mixin.py:188} INFO - [2026-01-09T12:34:35.691+0000] {dagbag.py:545} INFO - Filling up the DagBag from /opt/airflow/dags/dag.py
[2026-01-09T12:34:35.738+0000] {processor.py:840} INFO - DAG(s) 'exchange_rates_pipeline' retrieved from /opt/airflow/dags/dag.py
[2026-01-09T12:34:35.788+0000] {logging_mixin.py:188} INFO - [2026-01-09T12:34:35.788+0000] {dag.py:3096} INFO - Sync 1 DAGs
[2026-01-09T12:34:35.811+0000] {logging_mixin.py:188} INFO - [2026-01-09T12:34:35.811+0000] {dag.py:3954} INFO - Setting next_dagrun for exchange_rates_pipeline to None, run_after=None
[2026-01-09T12:34:35.843+0000] {processor.py:183} INFO - Processing /opt/airflow/dags/dag.py took 0.185 seconds
[2026-01-09T12:35:06.015+0000] {processor.py:161} INFO - Started process (PID=244) to work on /opt/airflow/dags/dag.py
[2026-01-09T12:35:06.017+0000] {processor.py:830} INFO - Processing file /opt/airflow/dags/dag.py for tasks to queue
[2026-01-09T12:35:06.020+0000] {logging_mixin.py:188} INFO - [2026-01-09T12:35:06.019+0000] {dagbag.py:545} INFO - Filling up the DagBag from /opt/airflow/dags/dag.py
[2026-01-09T12:35:06.051+0000] {processor.py:840} INFO - DAG(s) 'exchange_rates_pipeline' retrieved from /opt/airflow/dags/dag.py
[2026-01-09T12:35:06.114+0000] {logging_mixin.py:188} INFO - [2026-01-09T12:35:06.114+0000] {dag.py:3096} INFO - Sync 1 DAGs
[2026-01-09T12:35:06.145+0000] {logging_mixin.py:188} INFO - [2026-01-09T12:35:06.144+0000] {dag.py:3954} INFO - Setting next_dagrun for exchange_rates_pipeline to None, run_after=None
[2026-01-09T12:35:06.180+0000] {processor.py:183} INFO - Processing /opt/airflow/dags/dag.py took 0.176 seconds
[2026-01-09T12:35:36.354+0000] {processor.py:161} INFO - Started process (PID=249) to work on /opt/airflow/dags/dag.py
[2026-01-09T12:35:36.356+0000] {processor.py:830} INFO - Processing file /opt/airflow/dags/dag.py for tasks to queue
[2026-01-09T12:35:36.359+0000] {logging_mixin.py:188} INFO - [2026-01-09T12:35:36.359+0000] {dagbag.py:545} INFO - Filling up the DagBag from /opt/airflow/dags/dag.py
[2026-01-09T12:35:36.392+0000] {processor.py:840} INFO - DAG(s) 'exchange_rates_pipeline' retrieved from /opt/airflow/dags/dag.py
[2026-01-09T12:35:36.430+0000] {logging_mixin.py:188} INFO - [2026-01-09T12:35:36.429+0000] {dag.py:3096} INFO - Sync 1 DAGs
[2026-01-09T12:35:36.444+0000] {logging_mixin.py:188} INFO - [2026-01-09T12:35:36.444+0000] {dag.py:3954} INFO - Setting next_dagrun for exchange_rates_pipeline to None, run_after=None
[2026-01-09T12:35:36.467+0000] {processor.py:183} INFO - Processing /opt/airflow/dags/dag.py took 0.120 seconds
[2026-01-09T12:36:06.577+0000] {processor.py:161} INFO - Started process (PID=254) to work on /opt/airflow/dags/dag.py
[2026-01-09T12:36:06.579+0000] {processor.py:830} INFO - Processing file /opt/airflow/dags/dag.py for tasks to queue
[2026-01-09T12:36:06.581+0000] {logging_mixin.py:188} INFO - [2026-01-09T12:36:06.581+0000] {dagbag.py:545} INFO - Filling up the DagBag from /opt/airflow/dags/dag.py
[2026-01-09T12:36:06.603+0000] {processor.py:840} INFO - DAG(s) 'exchange_rates_pipeline' retrieved from /opt/airflow/dags/dag.py
[2026-01-09T12:36:06.638+0000] {logging_mixin.py:188} INFO - [2026-01-09T12:36:06.638+0000] {dag.py:3096} INFO - Sync 1 DAGs
[2026-01-09T12:36:06.654+0000] {logging_mixin.py:188} INFO - [2026-01-09T12:36:06.654+0000] {dag.py:3954} INFO - Setting next_dagrun for exchange_rates_pipeline to None, run_after=None
[2026-01-09T12:36:06.678+0000] {processor.py:183} INFO - Processing /opt/airflow/dags/dag.py took 0.108 seconds
[2026-01-09T12:36:36.877+0000] {processor.py:161} INFO - Started process (PID=259) to work on /opt/airflow/dags/dag.py
[2026-01-09T12:36:36.878+0000] {processor.py:830} INFO - Processing file /opt/airflow/dags/dag.py for tasks to queue
[2026-01-09T12:36:36.880+0000] {logging_mixin.py:188} INFO - [2026-01-09T12:36:36.880+0000] {dagbag.py:545} INFO - Filling up the DagBag from /opt/airflow/dags/dag.py
[2026-01-09T12:36:36.899+0000] {processor.py:840} INFO - DAG(s) 'exchange_rates_pipeline' retrieved from /opt/airflow/dags/dag.py
[2026-01-09T12:36:36.928+0000] {logging_mixin.py:188} INFO - [2026-01-09T12:36:36.928+0000] {dag.py:3096} INFO - Sync 1 DAGs
[2026-01-09T12:36:36.942+0000] {logging_mixin.py:188} INFO - [2026-01-09T12:36:36.942+0000] {dag.py:3954} INFO - Setting next_dagrun for exchange_rates_pipeline to None, run_after=None
[2026-01-09T12:36:36.972+0000] {processor.py:183} INFO - Processing /opt/airflow/dags/dag.py took 0.100 seconds
[2026-01-09T12:37:07.098+0000] {processor.py:161} INFO - Started process (PID=264) to work on /opt/airflow/dags/dag.py
[2026-01-09T12:37:07.099+0000] {processor.py:830} INFO - Processing file /opt/airflow/dags/dag.py for tasks to queue
[2026-01-09T12:37:07.101+0000] {logging_mixin.py:188} INFO - [2026-01-09T12:37:07.101+0000] {dagbag.py:545} INFO - Filling up the DagBag from /opt/airflow/dags/dag.py
[2026-01-09T12:37:07.117+0000] {processor.py:840} INFO - DAG(s) 'exchange_rates_pipeline' retrieved from /opt/airflow/dags/dag.py
[2026-01-09T12:37:07.154+0000] {logging_mixin.py:188} INFO - [2026-01-09T12:37:07.153+0000] {dag.py:3096} INFO - Sync 1 DAGs
[2026-01-09T12:37:07.166+0000] {logging_mixin.py:188} INFO - [2026-01-09T12:37:07.166+0000] {dag.py:3954} INFO - Setting next_dagrun for exchange_rates_pipeline to None, run_after=None
[2026-01-09T12:37:07.191+0000] {processor.py:183} INFO - Processing /opt/airflow/dags/dag.py took 0.098 seconds
[2026-01-09T12:37:37.405+0000] {processor.py:161} INFO - Started process (PID=269) to work on /opt/airflow/dags/dag.py
[2026-01-09T12:37:37.406+0000] {processor.py:830} INFO - Processing file /opt/airflow/dags/dag.py for tasks to queue
[2026-01-09T12:37:37.409+0000] {logging_mixin.py:188} INFO - [2026-01-09T12:37:37.409+0000] {dagbag.py:545} INFO - Filling up the DagBag from /opt/airflow/dags/dag.py
[2026-01-09T12:37:37.429+0000] {processor.py:840} INFO - DAG(s) 'exchange_rates_pipeline' retrieved from /opt/airflow/dags/dag.py
[2026-01-09T12:37:37.461+0000] {logging_mixin.py:188} INFO - [2026-01-09T12:37:37.461+0000] {dag.py:3096} INFO - Sync 1 DAGs
[2026-01-09T12:37:37.475+0000] {logging_mixin.py:188} INFO - [2026-01-09T12:37:37.474+0000] {dag.py:3954} INFO - Setting next_dagrun for exchange_rates_pipeline to None, run_after=None
[2026-01-09T12:37:37.499+0000] {processor.py:183} INFO - Processing /opt/airflow/dags/dag.py took 0.099 seconds
[2026-01-09T12:38:07.823+0000] {processor.py:161} INFO - Started process (PID=274) to work on /opt/airflow/dags/dag.py
[2026-01-09T12:38:07.826+0000] {processor.py:830} INFO - Processing file /opt/airflow/dags/dag.py for tasks to queue
[2026-01-09T12:38:07.831+0000] {logging_mixin.py:188} INFO - [2026-01-09T12:38:07.830+0000] {dagbag.py:545} INFO - Filling up the DagBag from /opt/airflow/dags/dag.py
[2026-01-09T12:38:07.865+0000] {processor.py:840} INFO - DAG(s) 'exchange_rates_pipeline' retrieved from /opt/airflow/dags/dag.py
[2026-01-09T12:38:07.938+0000] {logging_mixin.py:188} INFO - [2026-01-09T12:38:07.937+0000] {dag.py:3096} INFO - Sync 1 DAGs
[2026-01-09T12:38:07.962+0000] {logging_mixin.py:188} INFO - [2026-01-09T12:38:07.962+0000] {dag.py:3954} INFO - Setting next_dagrun for exchange_rates_pipeline to None, run_after=None
[2026-01-09T12:38:07.990+0000] {processor.py:183} INFO - Processing /opt/airflow/dags/dag.py took 0.177 seconds
[2026-01-09T12:38:38.102+0000] {processor.py:161} INFO - Started process (PID=279) to work on /opt/airflow/dags/dag.py
[2026-01-09T12:38:38.104+0000] {processor.py:830} INFO - Processing file /opt/airflow/dags/dag.py for tasks to queue
[2026-01-09T12:38:38.110+0000] {logging_mixin.py:188} INFO - [2026-01-09T12:38:38.110+0000] {dagbag.py:545} INFO - Filling up the DagBag from /opt/airflow/dags/dag.py
[2026-01-09T12:38:38.141+0000] {processor.py:840} INFO - DAG(s) 'exchange_rates_pipeline' retrieved from /opt/airflow/dags/dag.py
[2026-01-09T12:38:38.197+0000] {logging_mixin.py:188} INFO - [2026-01-09T12:38:38.196+0000] {dag.py:3096} INFO - Sync 1 DAGs
[2026-01-09T12:38:38.219+0000] {logging_mixin.py:188} INFO - [2026-01-09T12:38:38.219+0000] {dag.py:3954} INFO - Setting next_dagrun for exchange_rates_pipeline to None, run_after=None
[2026-01-09T12:38:38.246+0000] {processor.py:183} INFO - Processing /opt/airflow/dags/dag.py took 0.155 seconds
[2026-01-09T12:39:08.705+0000] {processor.py:161} INFO - Started process (PID=284) to work on /opt/airflow/dags/dag.py
[2026-01-09T12:39:08.706+0000] {processor.py:830} INFO - Processing file /opt/airflow/dags/dag.py for tasks to queue
[2026-01-09T12:39:08.708+0000] {logging_mixin.py:188} INFO - [2026-01-09T12:39:08.708+0000] {dagbag.py:545} INFO - Filling up the DagBag from /opt/airflow/dags/dag.py
[2026-01-09T12:39:08.731+0000] {processor.py:840} INFO - DAG(s) 'exchange_rates_pipeline' retrieved from /opt/airflow/dags/dag.py
[2026-01-09T12:39:08.768+0000] {logging_mixin.py:188} INFO - [2026-01-09T12:39:08.767+0000] {dag.py:3096} INFO - Sync 1 DAGs
[2026-01-09T12:39:08.783+0000] {logging_mixin.py:188} INFO - [2026-01-09T12:39:08.783+0000] {dag.py:3954} INFO - Setting next_dagrun for exchange_rates_pipeline to None, run_after=None
[2026-01-09T12:39:08.817+0000] {processor.py:183} INFO - Processing /opt/airflow/dags/dag.py took 0.119 seconds
[2026-01-09T12:39:38.933+0000] {processor.py:161} INFO - Started process (PID=289) to work on /opt/airflow/dags/dag.py
[2026-01-09T12:39:38.935+0000] {processor.py:830} INFO - Processing file /opt/airflow/dags/dag.py for tasks to queue
[2026-01-09T12:39:38.938+0000] {logging_mixin.py:188} INFO - [2026-01-09T12:39:38.938+0000] {dagbag.py:545} INFO - Filling up the DagBag from /opt/airflow/dags/dag.py
[2026-01-09T12:39:38.973+0000] {processor.py:840} INFO - DAG(s) 'exchange_rates_pipeline' retrieved from /opt/airflow/dags/dag.py
[2026-01-09T12:39:39.022+0000] {logging_mixin.py:188} INFO - [2026-01-09T12:39:39.021+0000] {dag.py:3096} INFO - Sync 1 DAGs
[2026-01-09T12:39:39.052+0000] {logging_mixin.py:188} INFO - [2026-01-09T12:39:39.052+0000] {dag.py:3954} INFO - Setting next_dagrun for exchange_rates_pipeline to None, run_after=None
[2026-01-09T12:39:39.095+0000] {processor.py:183} INFO - Processing /opt/airflow/dags/dag.py took 0.173 seconds
[2026-01-09T12:40:09.279+0000] {processor.py:161} INFO - Started process (PID=294) to work on /opt/airflow/dags/dag.py
[2026-01-09T12:40:09.280+0000] {processor.py:830} INFO - Processing file /opt/airflow/dags/dag.py for tasks to queue
[2026-01-09T12:40:09.283+0000] {logging_mixin.py:188} INFO - [2026-01-09T12:40:09.283+0000] {dagbag.py:545} INFO - Filling up the DagBag from /opt/airflow/dags/dag.py
[2026-01-09T12:40:09.315+0000] {processor.py:840} INFO - DAG(s) 'exchange_rates_pipeline' retrieved from /opt/airflow/dags/dag.py
[2026-01-09T12:40:09.346+0000] {logging_mixin.py:188} INFO - [2026-01-09T12:40:09.346+0000] {dag.py:3096} INFO - Sync 1 DAGs
[2026-01-09T12:40:09.370+0000] {logging_mixin.py:188} INFO - [2026-01-09T12:40:09.370+0000] {dag.py:3954} INFO - Setting next_dagrun for exchange_rates_pipeline to None, run_after=None
[2026-01-09T12:40:09.397+0000] {processor.py:183} INFO - Processing /opt/airflow/dags/dag.py took 0.129 seconds
[2026-01-09T12:40:39.534+0000] {processor.py:161} INFO - Started process (PID=299) to work on /opt/airflow/dags/dag.py
[2026-01-09T12:40:39.537+0000] {processor.py:830} INFO - Processing file /opt/airflow/dags/dag.py for tasks to queue
[2026-01-09T12:40:39.542+0000] {logging_mixin.py:188} INFO - [2026-01-09T12:40:39.541+0000] {dagbag.py:545} INFO - Filling up the DagBag from /opt/airflow/dags/dag.py
[2026-01-09T12:40:39.580+0000] {processor.py:840} INFO - DAG(s) 'exchange_rates_pipeline' retrieved from /opt/airflow/dags/dag.py
[2026-01-09T12:40:39.627+0000] {logging_mixin.py:188} INFO - [2026-01-09T12:40:39.627+0000] {dag.py:3096} INFO - Sync 1 DAGs
[2026-01-09T12:40:39.645+0000] {logging_mixin.py:188} INFO - [2026-01-09T12:40:39.645+0000] {dag.py:3954} INFO - Setting next_dagrun for exchange_rates_pipeline to None, run_after=None
[2026-01-09T12:40:39.673+0000] {processor.py:183} INFO - Processing /opt/airflow/dags/dag.py took 0.148 seconds
[2026-01-09T12:41:09.874+0000] {processor.py:161} INFO - Started process (PID=304) to work on /opt/airflow/dags/dag.py
[2026-01-09T12:41:09.876+0000] {processor.py:830} INFO - Processing file /opt/airflow/dags/dag.py for tasks to queue
[2026-01-09T12:41:09.883+0000] {logging_mixin.py:188} INFO - [2026-01-09T12:41:09.883+0000] {dagbag.py:545} INFO - Filling up the DagBag from /opt/airflow/dags/dag.py
[2026-01-09T12:41:09.929+0000] {processor.py:840} INFO - DAG(s) 'exchange_rates_pipeline' retrieved from /opt/airflow/dags/dag.py
[2026-01-09T12:41:09.990+0000] {logging_mixin.py:188} INFO - [2026-01-09T12:41:09.989+0000] {dag.py:3096} INFO - Sync 1 DAGs
[2026-01-09T12:41:10.017+0000] {logging_mixin.py:188} INFO - [2026-01-09T12:41:10.017+0000] {dag.py:3954} INFO - Setting next_dagrun for exchange_rates_pipeline to None, run_after=None
[2026-01-09T12:41:10.053+0000] {processor.py:183} INFO - Processing /opt/airflow/dags/dag.py took 0.190 seconds
[2026-01-09T12:41:40.307+0000] {processor.py:161} INFO - Started process (PID=309) to work on /opt/airflow/dags/dag.py
[2026-01-09T12:41:40.308+0000] {processor.py:830} INFO - Processing file /opt/airflow/dags/dag.py for tasks to queue
[2026-01-09T12:41:40.310+0000] {logging_mixin.py:188} INFO - [2026-01-09T12:41:40.310+0000] {dagbag.py:545} INFO - Filling up the DagBag from /opt/airflow/dags/dag.py
[2026-01-09T12:41:40.327+0000] {processor.py:840} INFO - DAG(s) 'exchange_rates_pipeline' retrieved from /opt/airflow/dags/dag.py
[2026-01-09T12:41:40.358+0000] {logging_mixin.py:188} INFO - [2026-01-09T12:41:40.357+0000] {dag.py:3096} INFO - Sync 1 DAGs
[2026-01-09T12:41:40.371+0000] {logging_mixin.py:188} INFO - [2026-01-09T12:41:40.371+0000] {dag.py:3954} INFO - Setting next_dagrun for exchange_rates_pipeline to None, run_after=None
[2026-01-09T12:41:40.394+0000] {processor.py:183} INFO - Processing /opt/airflow/dags/dag.py took 0.093 seconds
[2026-01-09T12:42:10.506+0000] {processor.py:161} INFO - Started process (PID=314) to work on /opt/airflow/dags/dag.py
[2026-01-09T12:42:10.507+0000] {processor.py:830} INFO - Processing file /opt/airflow/dags/dag.py for tasks to queue
[2026-01-09T12:42:10.509+0000] {logging_mixin.py:188} INFO - [2026-01-09T12:42:10.509+0000] {dagbag.py:545} INFO - Filling up the DagBag from /opt/airflow/dags/dag.py
[2026-01-09T12:42:10.527+0000] {processor.py:840} INFO - DAG(s) 'exchange_rates_pipeline' retrieved from /opt/airflow/dags/dag.py
[2026-01-09T12:42:10.570+0000] {logging_mixin.py:188} INFO - [2026-01-09T12:42:10.570+0000] {dag.py:3096} INFO - Sync 1 DAGs
[2026-01-09T12:42:10.592+0000] {logging_mixin.py:188} INFO - [2026-01-09T12:42:10.592+0000] {dag.py:3954} INFO - Setting next_dagrun for exchange_rates_pipeline to None, run_after=None
[2026-01-09T12:42:10.620+0000] {processor.py:183} INFO - Processing /opt/airflow/dags/dag.py took 0.120 seconds
[2026-01-09T12:42:40.803+0000] {processor.py:161} INFO - Started process (PID=319) to work on /opt/airflow/dags/dag.py
[2026-01-09T12:42:40.804+0000] {processor.py:830} INFO - Processing file /opt/airflow/dags/dag.py for tasks to queue
[2026-01-09T12:42:40.807+0000] {logging_mixin.py:188} INFO - [2026-01-09T12:42:40.807+0000] {dagbag.py:545} INFO - Filling up the DagBag from /opt/airflow/dags/dag.py
[2026-01-09T12:42:40.835+0000] {processor.py:840} INFO - DAG(s) 'exchange_rates_pipeline' retrieved from /opt/airflow/dags/dag.py
[2026-01-09T12:42:40.867+0000] {logging_mixin.py:188} INFO - [2026-01-09T12:42:40.867+0000] {dag.py:3096} INFO - Sync 1 DAGs
[2026-01-09T12:42:40.886+0000] {logging_mixin.py:188} INFO - [2026-01-09T12:42:40.885+0000] {dag.py:3954} INFO - Setting next_dagrun for exchange_rates_pipeline to None, run_after=None
[2026-01-09T12:42:40.913+0000] {processor.py:183} INFO - Processing /opt/airflow/dags/dag.py took 0.116 seconds
[2026-01-09T12:43:11.169+0000] {processor.py:161} INFO - Started process (PID=324) to work on /opt/airflow/dags/dag.py
[2026-01-09T12:43:11.174+0000] {processor.py:830} INFO - Processing file /opt/airflow/dags/dag.py for tasks to queue
[2026-01-09T12:43:11.187+0000] {logging_mixin.py:188} INFO - [2026-01-09T12:43:11.186+0000] {dagbag.py:545} INFO - Filling up the DagBag from /opt/airflow/dags/dag.py
[2026-01-09T12:43:11.260+0000] {processor.py:840} INFO - DAG(s) 'exchange_rates_pipeline' retrieved from /opt/airflow/dags/dag.py
[2026-01-09T12:43:11.493+0000] {logging_mixin.py:188} INFO - [2026-01-09T12:43:11.492+0000] {dag.py:3096} INFO - Sync 1 DAGs
[2026-01-09T12:43:11.651+0000] {logging_mixin.py:188} INFO - [2026-01-09T12:43:11.650+0000] {dag.py:3954} INFO - Setting next_dagrun for exchange_rates_pipeline to None, run_after=None
[2026-01-09T12:43:11.717+0000] {processor.py:183} INFO - Processing /opt/airflow/dags/dag.py took 0.612 seconds
[2026-01-09T12:43:41.972+0000] {processor.py:161} INFO - Started process (PID=329) to work on /opt/airflow/dags/dag.py
[2026-01-09T12:43:41.975+0000] {processor.py:830} INFO - Processing file /opt/airflow/dags/dag.py for tasks to queue
[2026-01-09T12:43:41.982+0000] {logging_mixin.py:188} INFO - [2026-01-09T12:43:41.981+0000] {dagbag.py:545} INFO - Filling up the DagBag from /opt/airflow/dags/dag.py
[2026-01-09T12:43:42.037+0000] {processor.py:840} INFO - DAG(s) 'exchange_rates_pipeline' retrieved from /opt/airflow/dags/dag.py
[2026-01-09T12:43:42.090+0000] {logging_mixin.py:188} INFO - [2026-01-09T12:43:42.090+0000] {dag.py:3096} INFO - Sync 1 DAGs
[2026-01-09T12:43:42.110+0000] {logging_mixin.py:188} INFO - [2026-01-09T12:43:42.110+0000] {dag.py:3954} INFO - Setting next_dagrun for exchange_rates_pipeline to None, run_after=None
[2026-01-09T12:43:42.137+0000] {processor.py:183} INFO - Processing /opt/airflow/dags/dag.py took 0.175 seconds
[2026-01-09T12:44:12.279+0000] {processor.py:161} INFO - Started process (PID=334) to work on /opt/airflow/dags/dag.py
[2026-01-09T12:44:12.280+0000] {processor.py:830} INFO - Processing file /opt/airflow/dags/dag.py for tasks to queue
[2026-01-09T12:44:12.282+0000] {logging_mixin.py:188} INFO - [2026-01-09T12:44:12.281+0000] {dagbag.py:545} INFO - Filling up the DagBag from /opt/airflow/dags/dag.py
[2026-01-09T12:44:12.299+0000] {processor.py:840} INFO - DAG(s) 'exchange_rates_pipeline' retrieved from /opt/airflow/dags/dag.py
[2026-01-09T12:44:12.336+0000] {logging_mixin.py:188} INFO - [2026-01-09T12:44:12.336+0000] {dag.py:3096} INFO - Sync 1 DAGs
[2026-01-09T12:44:12.349+0000] {logging_mixin.py:188} INFO - [2026-01-09T12:44:12.349+0000] {dag.py:3954} INFO - Setting next_dagrun for exchange_rates_pipeline to None, run_after=None
[2026-01-09T12:44:12.372+0000] {processor.py:183} INFO - Processing /opt/airflow/dags/dag.py took 0.099 seconds
[2026-01-09T12:44:42.586+0000] {processor.py:161} INFO - Started process (PID=341) to work on /opt/airflow/dags/dag.py
[2026-01-09T12:44:42.587+0000] {processor.py:830} INFO - Processing file /opt/airflow/dags/dag.py for tasks to queue
[2026-01-09T12:44:42.590+0000] {logging_mixin.py:188} INFO - [2026-01-09T12:44:42.589+0000] {dagbag.py:545} INFO - Filling up the DagBag from /opt/airflow/dags/dag.py
[2026-01-09T12:44:42.642+0000] {processor.py:840} INFO - DAG(s) 'exchange_rates_pipeline' retrieved from /opt/airflow/dags/dag.py
[2026-01-09T12:44:42.688+0000] {logging_mixin.py:188} INFO - [2026-01-09T12:44:42.688+0000] {dag.py:3096} INFO - Sync 1 DAGs
[2026-01-09T12:44:42.710+0000] {logging_mixin.py:188} INFO - [2026-01-09T12:44:42.710+0000] {dag.py:3954} INFO - Setting next_dagrun for exchange_rates_pipeline to None, run_after=None
[2026-01-09T12:44:42.734+0000] {processor.py:183} INFO - Processing /opt/airflow/dags/dag.py took 0.155 seconds
[2026-01-09T12:45:12.927+0000] {processor.py:161} INFO - Started process (PID=346) to work on /opt/airflow/dags/dag.py
[2026-01-09T12:45:12.928+0000] {processor.py:830} INFO - Processing file /opt/airflow/dags/dag.py for tasks to queue
[2026-01-09T12:45:12.930+0000] {logging_mixin.py:188} INFO - [2026-01-09T12:45:12.929+0000] {dagbag.py:545} INFO - Filling up the DagBag from /opt/airflow/dags/dag.py
[2026-01-09T12:45:12.973+0000] {processor.py:840} INFO - DAG(s) 'exchange_rates_pipeline' retrieved from /opt/airflow/dags/dag.py
[2026-01-09T12:45:13.021+0000] {logging_mixin.py:188} INFO - [2026-01-09T12:45:13.021+0000] {dag.py:3096} INFO - Sync 1 DAGs
[2026-01-09T12:45:13.033+0000] {logging_mixin.py:188} INFO - [2026-01-09T12:45:13.033+0000] {dag.py:3954} INFO - Setting next_dagrun for exchange_rates_pipeline to None, run_after=None
[2026-01-09T12:45:13.066+0000] {processor.py:183} INFO - Processing /opt/airflow/dags/dag.py took 0.144 seconds
[2026-01-09T12:45:43.609+0000] {processor.py:161} INFO - Started process (PID=351) to work on /opt/airflow/dags/dag.py
[2026-01-09T12:45:43.610+0000] {processor.py:830} INFO - Processing file /opt/airflow/dags/dag.py for tasks to queue
[2026-01-09T12:45:43.614+0000] {logging_mixin.py:188} INFO - [2026-01-09T12:45:43.614+0000] {dagbag.py:545} INFO - Filling up the DagBag from /opt/airflow/dags/dag.py
[2026-01-09T12:45:43.647+0000] {processor.py:840} INFO - DAG(s) 'exchange_rates_pipeline' retrieved from /opt/airflow/dags/dag.py
[2026-01-09T12:45:43.685+0000] {logging_mixin.py:188} INFO - [2026-01-09T12:45:43.685+0000] {dag.py:3096} INFO - Sync 1 DAGs
[2026-01-09T12:45:43.701+0000] {logging_mixin.py:188} INFO - [2026-01-09T12:45:43.701+0000] {dag.py:3954} INFO - Setting next_dagrun for exchange_rates_pipeline to None, run_after=None
[2026-01-09T12:45:43.728+0000] {processor.py:183} INFO - Processing /opt/airflow/dags/dag.py took 0.127 seconds
[2026-01-09T12:46:13.873+0000] {processor.py:161} INFO - Started process (PID=356) to work on /opt/airflow/dags/dag.py
[2026-01-09T12:46:13.878+0000] {processor.py:830} INFO - Processing file /opt/airflow/dags/dag.py for tasks to queue
[2026-01-09T12:46:13.881+0000] {logging_mixin.py:188} INFO - [2026-01-09T12:46:13.881+0000] {dagbag.py:545} INFO - Filling up the DagBag from /opt/airflow/dags/dag.py
[2026-01-09T12:46:13.913+0000] {processor.py:840} INFO - DAG(s) 'exchange_rates_pipeline' retrieved from /opt/airflow/dags/dag.py
[2026-01-09T12:46:13.998+0000] {logging_mixin.py:188} INFO - [2026-01-09T12:46:13.997+0000] {dag.py:3096} INFO - Sync 1 DAGs
[2026-01-09T12:46:14.041+0000] {logging_mixin.py:188} INFO - [2026-01-09T12:46:14.040+0000] {dag.py:3954} INFO - Setting next_dagrun for exchange_rates_pipeline to None, run_after=None
[2026-01-09T12:46:14.084+0000] {processor.py:183} INFO - Processing /opt/airflow/dags/dag.py took 0.224 seconds
[2026-01-09T12:46:44.193+0000] {processor.py:161} INFO - Started process (PID=361) to work on /opt/airflow/dags/dag.py
[2026-01-09T12:46:44.195+0000] {processor.py:830} INFO - Processing file /opt/airflow/dags/dag.py for tasks to queue
[2026-01-09T12:46:44.198+0000] {logging_mixin.py:188} INFO - [2026-01-09T12:46:44.197+0000] {dagbag.py:545} INFO - Filling up the DagBag from /opt/airflow/dags/dag.py
[2026-01-09T12:46:44.222+0000] {processor.py:840} INFO - DAG(s) 'exchange_rates_pipeline' retrieved from /opt/airflow/dags/dag.py
[2026-01-09T12:46:44.257+0000] {logging_mixin.py:188} INFO - [2026-01-09T12:46:44.257+0000] {dag.py:3096} INFO - Sync 1 DAGs
[2026-01-09T12:46:44.271+0000] {logging_mixin.py:188} INFO - [2026-01-09T12:46:44.271+0000] {dag.py:3954} INFO - Setting next_dagrun for exchange_rates_pipeline to None, run_after=None
[2026-01-09T12:46:44.295+0000] {processor.py:183} INFO - Processing /opt/airflow/dags/dag.py took 0.112 seconds
[2026-01-09T12:47:14.592+0000] {processor.py:161} INFO - Started process (PID=366) to work on /opt/airflow/dags/dag.py
[2026-01-09T12:47:14.598+0000] {processor.py:830} INFO - Processing file /opt/airflow/dags/dag.py for tasks to queue
[2026-01-09T12:47:14.603+0000] {logging_mixin.py:188} INFO - [2026-01-09T12:47:14.601+0000] {dagbag.py:545} INFO - Filling up the DagBag from /opt/airflow/dags/dag.py
[2026-01-09T12:47:14.648+0000] {processor.py:840} INFO - DAG(s) 'exchange_rates_pipeline' retrieved from /opt/airflow/dags/dag.py
[2026-01-09T12:47:14.804+0000] {logging_mixin.py:188} INFO - [2026-01-09T12:47:14.803+0000] {dag.py:3096} INFO - Sync 1 DAGs
[2026-01-09T12:47:14.904+0000] {logging_mixin.py:188} INFO - [2026-01-09T12:47:14.903+0000] {dag.py:3954} INFO - Setting next_dagrun for exchange_rates_pipeline to None, run_after=None
[2026-01-09T12:47:15.001+0000] {processor.py:183} INFO - Processing /opt/airflow/dags/dag.py took 0.448 seconds
[2026-01-09T12:47:45.298+0000] {processor.py:161} INFO - Started process (PID=371) to work on /opt/airflow/dags/dag.py
[2026-01-09T12:47:45.299+0000] {processor.py:830} INFO - Processing file /opt/airflow/dags/dag.py for tasks to queue
[2026-01-09T12:47:45.301+0000] {logging_mixin.py:188} INFO - [2026-01-09T12:47:45.301+0000] {dagbag.py:545} INFO - Filling up the DagBag from /opt/airflow/dags/dag.py
[2026-01-09T12:47:45.323+0000] {processor.py:840} INFO - DAG(s) 'exchange_rates_pipeline' retrieved from /opt/airflow/dags/dag.py
[2026-01-09T12:47:45.367+0000] {logging_mixin.py:188} INFO - [2026-01-09T12:47:45.367+0000] {dag.py:3096} INFO - Sync 1 DAGs
[2026-01-09T12:47:45.383+0000] {logging_mixin.py:188} INFO - [2026-01-09T12:47:45.382+0000] {dag.py:3954} INFO - Setting next_dagrun for exchange_rates_pipeline to None, run_after=None
[2026-01-09T12:47:45.409+0000] {processor.py:183} INFO - Processing /opt/airflow/dags/dag.py took 0.118 seconds
[2026-01-09T12:48:15.505+0000] {processor.py:161} INFO - Started process (PID=376) to work on /opt/airflow/dags/dag.py
[2026-01-09T12:48:15.507+0000] {processor.py:830} INFO - Processing file /opt/airflow/dags/dag.py for tasks to queue
[2026-01-09T12:48:15.510+0000] {logging_mixin.py:188} INFO - [2026-01-09T12:48:15.509+0000] {dagbag.py:545} INFO - Filling up the DagBag from /opt/airflow/dags/dag.py
[2026-01-09T12:48:15.539+0000] {processor.py:840} INFO - DAG(s) 'exchange_rates_pipeline' retrieved from /opt/airflow/dags/dag.py
[2026-01-09T12:48:15.584+0000] {logging_mixin.py:188} INFO - [2026-01-09T12:48:15.584+0000] {dag.py:3096} INFO - Sync 1 DAGs
[2026-01-09T12:48:15.605+0000] {logging_mixin.py:188} INFO - [2026-01-09T12:48:15.604+0000] {dag.py:3954} INFO - Setting next_dagrun for exchange_rates_pipeline to None, run_after=None
[2026-01-09T12:48:15.626+0000] {processor.py:183} INFO - Processing /opt/airflow/dags/dag.py took 0.128 seconds
[2026-01-09T12:48:45.878+0000] {processor.py:161} INFO - Started process (PID=381) to work on /opt/airflow/dags/dag.py
[2026-01-09T12:48:45.880+0000] {processor.py:830} INFO - Processing file /opt/airflow/dags/dag.py for tasks to queue
[2026-01-09T12:48:45.887+0000] {logging_mixin.py:188} INFO - [2026-01-09T12:48:45.886+0000] {dagbag.py:545} INFO - Filling up the DagBag from /opt/airflow/dags/dag.py
[2026-01-09T12:48:45.927+0000] {processor.py:840} INFO - DAG(s) 'exchange_rates_pipeline' retrieved from /opt/airflow/dags/dag.py
[2026-01-09T12:48:46.010+0000] {logging_mixin.py:188} INFO - [2026-01-09T12:48:46.010+0000] {dag.py:3096} INFO - Sync 1 DAGs
[2026-01-09T12:48:46.030+0000] {logging_mixin.py:188} INFO - [2026-01-09T12:48:46.030+0000] {dag.py:3954} INFO - Setting next_dagrun for exchange_rates_pipeline to None, run_after=None
[2026-01-09T12:48:46.060+0000] {processor.py:183} INFO - Processing /opt/airflow/dags/dag.py took 0.190 seconds
[2026-01-09T12:49:16.742+0000] {processor.py:161} INFO - Started process (PID=386) to work on /opt/airflow/dags/dag.py
[2026-01-09T12:49:16.753+0000] {processor.py:830} INFO - Processing file /opt/airflow/dags/dag.py for tasks to queue
[2026-01-09T12:49:16.766+0000] {logging_mixin.py:188} INFO - [2026-01-09T12:49:16.764+0000] {dagbag.py:545} INFO - Filling up the DagBag from /opt/airflow/dags/dag.py
[2026-01-09T12:49:16.859+0000] {processor.py:840} INFO - DAG(s) 'exchange_rates_pipeline' retrieved from /opt/airflow/dags/dag.py
[2026-01-09T12:49:17.058+0000] {logging_mixin.py:188} INFO - [2026-01-09T12:49:17.057+0000] {dag.py:3096} INFO - Sync 1 DAGs
[2026-01-09T12:49:17.103+0000] {logging_mixin.py:188} INFO - [2026-01-09T12:49:17.102+0000] {dag.py:3954} INFO - Setting next_dagrun for exchange_rates_pipeline to None, run_after=None
[2026-01-09T12:49:17.158+0000] {processor.py:183} INFO - Processing /opt/airflow/dags/dag.py took 0.560 seconds
[2026-01-09T12:49:47.345+0000] {processor.py:161} INFO - Started process (PID=391) to work on /opt/airflow/dags/dag.py
[2026-01-09T12:49:47.346+0000] {processor.py:830} INFO - Processing file /opt/airflow/dags/dag.py for tasks to queue
[2026-01-09T12:49:47.349+0000] {logging_mixin.py:188} INFO - [2026-01-09T12:49:47.349+0000] {dagbag.py:545} INFO - Filling up the DagBag from /opt/airflow/dags/dag.py
[2026-01-09T12:49:47.384+0000] {processor.py:840} INFO - DAG(s) 'exchange_rates_pipeline' retrieved from /opt/airflow/dags/dag.py
[2026-01-09T12:49:47.417+0000] {logging_mixin.py:188} INFO - [2026-01-09T12:49:47.416+0000] {dag.py:3096} INFO - Sync 1 DAGs
[2026-01-09T12:49:47.431+0000] {logging_mixin.py:188} INFO - [2026-01-09T12:49:47.430+0000] {dag.py:3954} INFO - Setting next_dagrun for exchange_rates_pipeline to None, run_after=None
[2026-01-09T12:49:47.455+0000] {processor.py:183} INFO - Processing /opt/airflow/dags/dag.py took 0.117 seconds
[2026-01-09T12:50:17.756+0000] {processor.py:161} INFO - Started process (PID=396) to work on /opt/airflow/dags/dag.py
[2026-01-09T12:50:17.764+0000] {processor.py:830} INFO - Processing file /opt/airflow/dags/dag.py for tasks to queue
[2026-01-09T12:50:17.767+0000] {logging_mixin.py:188} INFO - [2026-01-09T12:50:17.766+0000] {dagbag.py:545} INFO - Filling up the DagBag from /opt/airflow/dags/dag.py
[2026-01-09T12:50:17.830+0000] {processor.py:840} INFO - DAG(s) 'exchange_rates_pipeline' retrieved from /opt/airflow/dags/dag.py
[2026-01-09T12:50:17.944+0000] {logging_mixin.py:188} INFO - [2026-01-09T12:50:17.944+0000] {dag.py:3096} INFO - Sync 1 DAGs
[2026-01-09T12:50:17.985+0000] {logging_mixin.py:188} INFO - [2026-01-09T12:50:17.984+0000] {dag.py:3954} INFO - Setting next_dagrun for exchange_rates_pipeline to None, run_after=None
[2026-01-09T12:50:18.044+0000] {processor.py:183} INFO - Processing /opt/airflow/dags/dag.py took 0.302 seconds
[2026-01-09T12:50:48.370+0000] {processor.py:161} INFO - Started process (PID=401) to work on /opt/airflow/dags/dag.py
[2026-01-09T12:50:48.372+0000] {processor.py:830} INFO - Processing file /opt/airflow/dags/dag.py for tasks to queue
[2026-01-09T12:50:48.377+0000] {logging_mixin.py:188} INFO - [2026-01-09T12:50:48.376+0000] {dagbag.py:545} INFO - Filling up the DagBag from /opt/airflow/dags/dag.py
[2026-01-09T12:50:48.426+0000] {processor.py:840} INFO - DAG(s) 'exchange_rates_pipeline' retrieved from /opt/airflow/dags/dag.py
[2026-01-09T12:50:48.482+0000] {logging_mixin.py:188} INFO - [2026-01-09T12:50:48.481+0000] {dag.py:3096} INFO - Sync 1 DAGs
[2026-01-09T12:50:48.503+0000] {logging_mixin.py:188} INFO - [2026-01-09T12:50:48.503+0000] {dag.py:3954} INFO - Setting next_dagrun for exchange_rates_pipeline to None, run_after=None
[2026-01-09T12:50:48.534+0000] {processor.py:183} INFO - Processing /opt/airflow/dags/dag.py took 0.179 seconds
[2026-01-09T12:51:18.834+0000] {processor.py:161} INFO - Started process (PID=406) to work on /opt/airflow/dags/dag.py
[2026-01-09T12:51:18.835+0000] {processor.py:830} INFO - Processing file /opt/airflow/dags/dag.py for tasks to queue
[2026-01-09T12:51:18.838+0000] {logging_mixin.py:188} INFO - [2026-01-09T12:51:18.838+0000] {dagbag.py:545} INFO - Filling up the DagBag from /opt/airflow/dags/dag.py
[2026-01-09T12:51:18.862+0000] {processor.py:840} INFO - DAG(s) 'exchange_rates_pipeline' retrieved from /opt/airflow/dags/dag.py
[2026-01-09T12:51:18.905+0000] {logging_mixin.py:188} INFO - [2026-01-09T12:51:18.905+0000] {dag.py:3096} INFO - Sync 1 DAGs
[2026-01-09T12:51:18.921+0000] {logging_mixin.py:188} INFO - [2026-01-09T12:51:18.920+0000] {dag.py:3954} INFO - Setting next_dagrun for exchange_rates_pipeline to None, run_after=None
[2026-01-09T12:51:18.942+0000] {processor.py:183} INFO - Processing /opt/airflow/dags/dag.py took 0.121 seconds
[2026-01-09T12:51:49.032+0000] {processor.py:161} INFO - Started process (PID=411) to work on /opt/airflow/dags/dag.py
[2026-01-09T12:51:49.034+0000] {processor.py:830} INFO - Processing file /opt/airflow/dags/dag.py for tasks to queue
[2026-01-09T12:51:49.036+0000] {logging_mixin.py:188} INFO - [2026-01-09T12:51:49.036+0000] {dagbag.py:545} INFO - Filling up the DagBag from /opt/airflow/dags/dag.py
[2026-01-09T12:51:49.064+0000] {processor.py:840} INFO - DAG(s) 'exchange_rates_pipeline' retrieved from /opt/airflow/dags/dag.py
[2026-01-09T12:51:49.112+0000] {logging_mixin.py:188} INFO - [2026-01-09T12:51:49.111+0000] {dag.py:3096} INFO - Sync 1 DAGs
[2026-01-09T12:51:49.139+0000] {logging_mixin.py:188} INFO - [2026-01-09T12:51:49.139+0000] {dag.py:3954} INFO - Setting next_dagrun for exchange_rates_pipeline to None, run_after=None
[2026-01-09T12:51:49.163+0000] {processor.py:183} INFO - Processing /opt/airflow/dags/dag.py took 0.136 seconds
[2026-01-09T12:52:19.433+0000] {processor.py:161} INFO - Started process (PID=416) to work on /opt/airflow/dags/dag.py
[2026-01-09T12:52:19.434+0000] {processor.py:830} INFO - Processing file /opt/airflow/dags/dag.py for tasks to queue
[2026-01-09T12:52:19.437+0000] {logging_mixin.py:188} INFO - [2026-01-09T12:52:19.436+0000] {dagbag.py:545} INFO - Filling up the DagBag from /opt/airflow/dags/dag.py
[2026-01-09T12:52:19.453+0000] {processor.py:840} INFO - DAG(s) 'exchange_rates_pipeline' retrieved from /opt/airflow/dags/dag.py
[2026-01-09T12:52:19.484+0000] {logging_mixin.py:188} INFO - [2026-01-09T12:52:19.484+0000] {dag.py:3096} INFO - Sync 1 DAGs
[2026-01-09T12:52:19.503+0000] {logging_mixin.py:188} INFO - [2026-01-09T12:52:19.503+0000] {dag.py:3954} INFO - Setting next_dagrun for exchange_rates_pipeline to None, run_after=None
[2026-01-09T12:52:19.526+0000] {processor.py:183} INFO - Processing /opt/airflow/dags/dag.py took 0.098 seconds
[2026-01-09T12:52:49.667+0000] {processor.py:161} INFO - Started process (PID=421) to work on /opt/airflow/dags/dag.py
[2026-01-09T12:52:49.668+0000] {processor.py:830} INFO - Processing file /opt/airflow/dags/dag.py for tasks to queue
[2026-01-09T12:52:49.671+0000] {logging_mixin.py:188} INFO - [2026-01-09T12:52:49.670+0000] {dagbag.py:545} INFO - Filling up the DagBag from /opt/airflow/dags/dag.py
[2026-01-09T12:52:49.690+0000] {processor.py:840} INFO - DAG(s) 'exchange_rates_pipeline' retrieved from /opt/airflow/dags/dag.py
[2026-01-09T12:52:49.740+0000] {logging_mixin.py:188} INFO - [2026-01-09T12:52:49.740+0000] {dag.py:3096} INFO - Sync 1 DAGs
[2026-01-09T12:52:49.759+0000] {logging_mixin.py:188} INFO - [2026-01-09T12:52:49.759+0000] {dag.py:3954} INFO - Setting next_dagrun for exchange_rates_pipeline to None, run_after=None
[2026-01-09T12:52:49.789+0000] {processor.py:183} INFO - Processing /opt/airflow/dags/dag.py took 0.129 seconds
[2026-01-09T12:53:19.917+0000] {processor.py:161} INFO - Started process (PID=426) to work on /opt/airflow/dags/dag.py
[2026-01-09T12:53:19.918+0000] {processor.py:830} INFO - Processing file /opt/airflow/dags/dag.py for tasks to queue
[2026-01-09T12:53:19.920+0000] {logging_mixin.py:188} INFO - [2026-01-09T12:53:19.920+0000] {dagbag.py:545} INFO - Filling up the DagBag from /opt/airflow/dags/dag.py
[2026-01-09T12:53:19.943+0000] {processor.py:840} INFO - DAG(s) 'exchange_rates_pipeline' retrieved from /opt/airflow/dags/dag.py
[2026-01-09T12:53:19.977+0000] {logging_mixin.py:188} INFO - [2026-01-09T12:53:19.976+0000] {dag.py:3096} INFO - Sync 1 DAGs
[2026-01-09T12:53:19.990+0000] {logging_mixin.py:188} INFO - [2026-01-09T12:53:19.990+0000] {dag.py:3954} INFO - Setting next_dagrun for exchange_rates_pipeline to None, run_after=None
[2026-01-09T12:53:20.020+0000] {processor.py:183} INFO - Processing /opt/airflow/dags/dag.py took 0.108 seconds
[2026-01-09T12:53:50.177+0000] {processor.py:161} INFO - Started process (PID=431) to work on /opt/airflow/dags/dag.py
[2026-01-09T12:53:50.178+0000] {processor.py:830} INFO - Processing file /opt/airflow/dags/dag.py for tasks to queue
[2026-01-09T12:53:50.181+0000] {logging_mixin.py:188} INFO - [2026-01-09T12:53:50.181+0000] {dagbag.py:545} INFO - Filling up the DagBag from /opt/airflow/dags/dag.py
[2026-01-09T12:53:50.205+0000] {processor.py:840} INFO - DAG(s) 'exchange_rates_pipeline' retrieved from /opt/airflow/dags/dag.py
[2026-01-09T12:53:50.260+0000] {logging_mixin.py:188} INFO - [2026-01-09T12:53:50.260+0000] {dag.py:3096} INFO - Sync 1 DAGs
[2026-01-09T12:53:50.281+0000] {logging_mixin.py:188} INFO - [2026-01-09T12:53:50.281+0000] {dag.py:3954} INFO - Setting next_dagrun for exchange_rates_pipeline to None, run_after=None
[2026-01-09T12:53:50.302+0000] {processor.py:183} INFO - Processing /opt/airflow/dags/dag.py took 0.131 seconds
[2026-01-09T12:54:20.699+0000] {processor.py:161} INFO - Started process (PID=446) to work on /opt/airflow/dags/dag.py
[2026-01-09T12:54:20.702+0000] {processor.py:830} INFO - Processing file /opt/airflow/dags/dag.py for tasks to queue
[2026-01-09T12:54:20.708+0000] {logging_mixin.py:188} INFO - [2026-01-09T12:54:20.708+0000] {dagbag.py:545} INFO - Filling up the DagBag from /opt/airflow/dags/dag.py
[2026-01-09T12:54:20.830+0000] {processor.py:840} INFO - DAG(s) 'exchange_rates_pipeline' retrieved from /opt/airflow/dags/dag.py
[2026-01-09T12:54:20.995+0000] {logging_mixin.py:188} INFO - [2026-01-09T12:54:20.994+0000] {dag.py:3096} INFO - Sync 1 DAGs
[2026-01-09T12:54:21.061+0000] {logging_mixin.py:188} INFO - [2026-01-09T12:54:21.061+0000] {dag.py:3954} INFO - Setting next_dagrun for exchange_rates_pipeline to None, run_after=None
[2026-01-09T12:54:21.092+0000] {processor.py:183} INFO - Processing /opt/airflow/dags/dag.py took 0.412 seconds
