[2026-01-04T14:56:48.841+0000] {processor.py:161} INFO - Started process (PID=180) to work on /opt/airflow/dags/dag.py
[2026-01-04T14:56:48.843+0000] {processor.py:830} INFO - Processing file /opt/airflow/dags/dag.py for tasks to queue
[2026-01-04T14:56:48.852+0000] {logging_mixin.py:188} INFO - [2026-01-04T14:56:48.852+0000] {dagbag.py:545} INFO - Filling up the DagBag from /opt/airflow/dags/dag.py
[2026-01-04T14:56:48.943+0000] {processor.py:840} INFO - DAG(s) 'exchange_rates_pipeline' retrieved from /opt/airflow/dags/dag.py
[2026-01-04T14:56:49.035+0000] {logging_mixin.py:188} INFO - [2026-01-04T14:56:49.034+0000] {dag.py:3096} INFO - Sync 1 DAGs
[2026-01-04T14:56:49.096+0000] {logging_mixin.py:188} INFO - [2026-01-04T14:56:49.095+0000] {dag.py:3954} INFO - Setting next_dagrun for exchange_rates_pipeline to None, run_after=None
[2026-01-04T14:56:49.209+0000] {processor.py:183} INFO - Processing /opt/airflow/dags/dag.py took 0.391 seconds
[2026-01-04T14:57:20.934+0000] {processor.py:161} INFO - Started process (PID=185) to work on /opt/airflow/dags/dag.py
[2026-01-04T14:57:21.024+0000] {processor.py:830} INFO - Processing file /opt/airflow/dags/dag.py for tasks to queue
[2026-01-04T14:57:21.153+0000] {logging_mixin.py:188} INFO - [2026-01-04T14:57:21.067+0000] {dagbag.py:545} INFO - Filling up the DagBag from /opt/airflow/dags/dag.py
[2026-01-04T14:57:21.632+0000] {processor.py:840} INFO - DAG(s) 'exchange_rates_pipeline' retrieved from /opt/airflow/dags/dag.py
[2026-01-04T14:57:26.573+0000] {logging_mixin.py:188} INFO - [2026-01-04T14:57:26.569+0000] {dag.py:3096} INFO - Sync 1 DAGs
[2026-01-04T14:57:26.774+0000] {logging_mixin.py:188} INFO - [2026-01-04T14:57:26.772+0000] {dag.py:3954} INFO - Setting next_dagrun for exchange_rates_pipeline to None, run_after=None
[2026-01-04T14:57:27.171+0000] {processor.py:183} INFO - Processing /opt/airflow/dags/dag.py took 6.296 seconds
[2026-01-04T14:57:57.716+0000] {processor.py:161} INFO - Started process (PID=190) to work on /opt/airflow/dags/dag.py
[2026-01-04T14:57:57.718+0000] {processor.py:830} INFO - Processing file /opt/airflow/dags/dag.py for tasks to queue
[2026-01-04T14:57:57.730+0000] {logging_mixin.py:188} INFO - [2026-01-04T14:57:57.729+0000] {dagbag.py:545} INFO - Filling up the DagBag from /opt/airflow/dags/dag.py
[2026-01-04T14:57:57.770+0000] {processor.py:840} INFO - DAG(s) 'exchange_rates_pipeline' retrieved from /opt/airflow/dags/dag.py
[2026-01-04T14:57:57.837+0000] {logging_mixin.py:188} INFO - [2026-01-04T14:57:57.837+0000] {dag.py:3096} INFO - Sync 1 DAGs
[2026-01-04T14:57:57.866+0000] {logging_mixin.py:188} INFO - [2026-01-04T14:57:57.865+0000] {dag.py:3954} INFO - Setting next_dagrun for exchange_rates_pipeline to None, run_after=None
[2026-01-04T14:57:57.903+0000] {processor.py:183} INFO - Processing /opt/airflow/dags/dag.py took 0.204 seconds
[2026-01-04T14:58:28.055+0000] {processor.py:161} INFO - Started process (PID=195) to work on /opt/airflow/dags/dag.py
[2026-01-04T14:58:28.060+0000] {processor.py:830} INFO - Processing file /opt/airflow/dags/dag.py for tasks to queue
[2026-01-04T14:58:28.069+0000] {logging_mixin.py:188} INFO - [2026-01-04T14:58:28.068+0000] {dagbag.py:545} INFO - Filling up the DagBag from /opt/airflow/dags/dag.py
[2026-01-04T14:58:28.111+0000] {processor.py:840} INFO - DAG(s) 'exchange_rates_pipeline' retrieved from /opt/airflow/dags/dag.py
[2026-01-04T14:58:28.165+0000] {logging_mixin.py:188} INFO - [2026-01-04T14:58:28.161+0000] {dag.py:3096} INFO - Sync 1 DAGs
[2026-01-04T14:58:28.217+0000] {logging_mixin.py:188} INFO - [2026-01-04T14:58:28.216+0000] {dag.py:3954} INFO - Setting next_dagrun for exchange_rates_pipeline to None, run_after=None
[2026-01-04T14:58:28.256+0000] {processor.py:183} INFO - Processing /opt/airflow/dags/dag.py took 0.227 seconds
[2026-01-04T14:58:58.530+0000] {processor.py:161} INFO - Started process (PID=200) to work on /opt/airflow/dags/dag.py
[2026-01-04T14:58:58.532+0000] {processor.py:830} INFO - Processing file /opt/airflow/dags/dag.py for tasks to queue
[2026-01-04T14:58:58.536+0000] {logging_mixin.py:188} INFO - [2026-01-04T14:58:58.536+0000] {dagbag.py:545} INFO - Filling up the DagBag from /opt/airflow/dags/dag.py
[2026-01-04T14:58:58.574+0000] {processor.py:840} INFO - DAG(s) 'exchange_rates_pipeline' retrieved from /opt/airflow/dags/dag.py
[2026-01-04T14:58:58.613+0000] {logging_mixin.py:188} INFO - [2026-01-04T14:58:58.612+0000] {dag.py:3096} INFO - Sync 1 DAGs
[2026-01-04T14:58:58.672+0000] {logging_mixin.py:188} INFO - [2026-01-04T14:58:58.671+0000] {dag.py:3954} INFO - Setting next_dagrun for exchange_rates_pipeline to None, run_after=None
[2026-01-04T14:58:58.826+0000] {processor.py:183} INFO - Processing /opt/airflow/dags/dag.py took 0.308 seconds
[2026-01-04T14:59:29.264+0000] {processor.py:161} INFO - Started process (PID=205) to work on /opt/airflow/dags/dag.py
[2026-01-04T14:59:29.267+0000] {processor.py:830} INFO - Processing file /opt/airflow/dags/dag.py for tasks to queue
[2026-01-04T14:59:29.271+0000] {logging_mixin.py:188} INFO - [2026-01-04T14:59:29.270+0000] {dagbag.py:545} INFO - Filling up the DagBag from /opt/airflow/dags/dag.py
[2026-01-04T14:59:29.334+0000] {processor.py:840} INFO - DAG(s) 'exchange_rates_pipeline' retrieved from /opt/airflow/dags/dag.py
[2026-01-04T14:59:29.406+0000] {logging_mixin.py:188} INFO - [2026-01-04T14:59:29.406+0000] {dag.py:3096} INFO - Sync 1 DAGs
[2026-01-04T14:59:29.441+0000] {logging_mixin.py:188} INFO - [2026-01-04T14:59:29.441+0000] {dag.py:3954} INFO - Setting next_dagrun for exchange_rates_pipeline to None, run_after=None
[2026-01-04T14:59:29.476+0000] {processor.py:183} INFO - Processing /opt/airflow/dags/dag.py took 0.220 seconds
[2026-01-04T14:59:59.971+0000] {processor.py:161} INFO - Started process (PID=212) to work on /opt/airflow/dags/dag.py
[2026-01-04T14:59:59.980+0000] {processor.py:830} INFO - Processing file /opt/airflow/dags/dag.py for tasks to queue
[2026-01-04T14:59:59.994+0000] {logging_mixin.py:188} INFO - [2026-01-04T14:59:59.993+0000] {dagbag.py:545} INFO - Filling up the DagBag from /opt/airflow/dags/dag.py
[2026-01-04T15:00:00.123+0000] {processor.py:840} INFO - DAG(s) 'exchange_rates_pipeline' retrieved from /opt/airflow/dags/dag.py
[2026-01-04T15:00:00.271+0000] {logging_mixin.py:188} INFO - [2026-01-04T15:00:00.270+0000] {dag.py:3096} INFO - Sync 1 DAGs
[2026-01-04T15:00:00.317+0000] {logging_mixin.py:188} INFO - [2026-01-04T15:00:00.316+0000] {dag.py:3954} INFO - Setting next_dagrun for exchange_rates_pipeline to None, run_after=None
[2026-01-04T15:00:00.352+0000] {processor.py:183} INFO - Processing /opt/airflow/dags/dag.py took 0.459 seconds
[2026-01-04T15:00:30.886+0000] {processor.py:161} INFO - Started process (PID=219) to work on /opt/airflow/dags/dag.py
[2026-01-04T15:00:30.889+0000] {processor.py:830} INFO - Processing file /opt/airflow/dags/dag.py for tasks to queue
[2026-01-04T15:00:30.895+0000] {logging_mixin.py:188} INFO - [2026-01-04T15:00:30.894+0000] {dagbag.py:545} INFO - Filling up the DagBag from /opt/airflow/dags/dag.py
[2026-01-04T15:00:30.942+0000] {processor.py:840} INFO - DAG(s) 'exchange_rates_pipeline' retrieved from /opt/airflow/dags/dag.py
[2026-01-04T15:00:31.022+0000] {logging_mixin.py:188} INFO - [2026-01-04T15:00:31.021+0000] {dag.py:3096} INFO - Sync 1 DAGs
[2026-01-04T15:00:31.060+0000] {logging_mixin.py:188} INFO - [2026-01-04T15:00:31.059+0000] {dag.py:3954} INFO - Setting next_dagrun for exchange_rates_pipeline to None, run_after=None
[2026-01-04T15:00:31.113+0000] {processor.py:183} INFO - Processing /opt/airflow/dags/dag.py took 0.241 seconds
[2026-01-04T15:01:01.455+0000] {processor.py:161} INFO - Started process (PID=224) to work on /opt/airflow/dags/dag.py
[2026-01-04T15:01:01.456+0000] {processor.py:830} INFO - Processing file /opt/airflow/dags/dag.py for tasks to queue
[2026-01-04T15:01:01.462+0000] {logging_mixin.py:188} INFO - [2026-01-04T15:01:01.461+0000] {dagbag.py:545} INFO - Filling up the DagBag from /opt/airflow/dags/dag.py
[2026-01-04T15:01:01.505+0000] {processor.py:840} INFO - DAG(s) 'exchange_rates_pipeline' retrieved from /opt/airflow/dags/dag.py
[2026-01-04T15:01:01.569+0000] {logging_mixin.py:188} INFO - [2026-01-04T15:01:01.568+0000] {dag.py:3096} INFO - Sync 1 DAGs
[2026-01-04T15:01:01.600+0000] {logging_mixin.py:188} INFO - [2026-01-04T15:01:01.599+0000] {dag.py:3954} INFO - Setting next_dagrun for exchange_rates_pipeline to None, run_after=None
[2026-01-04T15:01:01.641+0000] {processor.py:183} INFO - Processing /opt/airflow/dags/dag.py took 0.200 seconds
[2026-01-04T15:01:31.780+0000] {processor.py:161} INFO - Started process (PID=229) to work on /opt/airflow/dags/dag.py
[2026-01-04T15:01:31.782+0000] {processor.py:830} INFO - Processing file /opt/airflow/dags/dag.py for tasks to queue
[2026-01-04T15:01:31.786+0000] {logging_mixin.py:188} INFO - [2026-01-04T15:01:31.785+0000] {dagbag.py:545} INFO - Filling up the DagBag from /opt/airflow/dags/dag.py
[2026-01-04T15:01:31.842+0000] {processor.py:840} INFO - DAG(s) 'exchange_rates_pipeline' retrieved from /opt/airflow/dags/dag.py
[2026-01-04T15:01:31.918+0000] {logging_mixin.py:188} INFO - [2026-01-04T15:01:31.917+0000] {dag.py:3096} INFO - Sync 1 DAGs
[2026-01-04T15:01:31.949+0000] {logging_mixin.py:188} INFO - [2026-01-04T15:01:31.949+0000] {dag.py:3954} INFO - Setting next_dagrun for exchange_rates_pipeline to None, run_after=None
[2026-01-04T15:01:32.011+0000] {processor.py:183} INFO - Processing /opt/airflow/dags/dag.py took 0.245 seconds
[2026-01-04T15:02:02.471+0000] {processor.py:161} INFO - Started process (PID=234) to work on /opt/airflow/dags/dag.py
[2026-01-04T15:02:02.474+0000] {processor.py:830} INFO - Processing file /opt/airflow/dags/dag.py for tasks to queue
[2026-01-04T15:02:02.480+0000] {logging_mixin.py:188} INFO - [2026-01-04T15:02:02.479+0000] {dagbag.py:545} INFO - Filling up the DagBag from /opt/airflow/dags/dag.py
[2026-01-04T15:02:02.522+0000] {processor.py:840} INFO - DAG(s) 'exchange_rates_pipeline' retrieved from /opt/airflow/dags/dag.py
[2026-01-04T15:02:02.585+0000] {logging_mixin.py:188} INFO - [2026-01-04T15:02:02.584+0000] {dag.py:3096} INFO - Sync 1 DAGs
[2026-01-04T15:02:02.612+0000] {logging_mixin.py:188} INFO - [2026-01-04T15:02:02.612+0000] {dag.py:3954} INFO - Setting next_dagrun for exchange_rates_pipeline to None, run_after=None
[2026-01-04T15:02:02.648+0000] {processor.py:183} INFO - Processing /opt/airflow/dags/dag.py took 0.196 seconds
[2026-01-04T15:02:32.844+0000] {processor.py:161} INFO - Started process (PID=239) to work on /opt/airflow/dags/dag.py
[2026-01-04T15:02:32.847+0000] {processor.py:830} INFO - Processing file /opt/airflow/dags/dag.py for tasks to queue
[2026-01-04T15:02:32.852+0000] {logging_mixin.py:188} INFO - [2026-01-04T15:02:32.851+0000] {dagbag.py:545} INFO - Filling up the DagBag from /opt/airflow/dags/dag.py
[2026-01-04T15:02:32.916+0000] {processor.py:840} INFO - DAG(s) 'exchange_rates_pipeline' retrieved from /opt/airflow/dags/dag.py
[2026-01-04T15:02:32.997+0000] {logging_mixin.py:188} INFO - [2026-01-04T15:02:32.996+0000] {dag.py:3096} INFO - Sync 1 DAGs
[2026-01-04T15:02:33.030+0000] {logging_mixin.py:188} INFO - [2026-01-04T15:02:33.030+0000] {dag.py:3954} INFO - Setting next_dagrun for exchange_rates_pipeline to None, run_after=None
[2026-01-04T15:02:33.103+0000] {processor.py:183} INFO - Processing /opt/airflow/dags/dag.py took 0.280 seconds
