[2026-01-03T22:21:11.957+0000] {processor.py:161} INFO - Started process (PID=180) to work on /opt/airflow/dags/dag.py
[2026-01-03T22:21:11.959+0000] {processor.py:830} INFO - Processing file /opt/airflow/dags/dag.py for tasks to queue
[2026-01-03T22:21:11.961+0000] {logging_mixin.py:188} INFO - [2026-01-03T22:21:11.961+0000] {dagbag.py:545} INFO - Filling up the DagBag from /opt/airflow/dags/dag.py
[2026-01-03T22:21:11.998+0000] {processor.py:840} INFO - DAG(s) 'exchange_rates_pipeline' retrieved from /opt/airflow/dags/dag.py
[2026-01-03T22:21:12.076+0000] {logging_mixin.py:188} INFO - [2026-01-03T22:21:12.076+0000] {dag.py:3096} INFO - Sync 1 DAGs
[2026-01-03T22:21:12.174+0000] {logging_mixin.py:188} INFO - [2026-01-03T22:21:12.173+0000] {dag.py:3954} INFO - Setting next_dagrun for exchange_rates_pipeline to None, run_after=None
[2026-01-03T22:21:12.216+0000] {processor.py:183} INFO - Processing /opt/airflow/dags/dag.py took 0.269 seconds
[2026-01-03T22:21:42.371+0000] {processor.py:161} INFO - Started process (PID=185) to work on /opt/airflow/dags/dag.py
[2026-01-03T22:21:42.373+0000] {processor.py:830} INFO - Processing file /opt/airflow/dags/dag.py for tasks to queue
[2026-01-03T22:21:42.381+0000] {logging_mixin.py:188} INFO - [2026-01-03T22:21:42.380+0000] {dagbag.py:545} INFO - Filling up the DagBag from /opt/airflow/dags/dag.py
[2026-01-03T22:21:42.445+0000] {processor.py:840} INFO - DAG(s) 'exchange_rates_pipeline' retrieved from /opt/airflow/dags/dag.py
[2026-01-03T22:21:42.849+0000] {logging_mixin.py:188} INFO - [2026-01-03T22:21:42.848+0000] {dag.py:3096} INFO - Sync 1 DAGs
[2026-01-03T22:21:42.880+0000] {logging_mixin.py:188} INFO - [2026-01-03T22:21:42.879+0000] {dag.py:3954} INFO - Setting next_dagrun for exchange_rates_pipeline to None, run_after=None
[2026-01-03T22:21:42.937+0000] {processor.py:183} INFO - Processing /opt/airflow/dags/dag.py took 0.585 seconds
[2026-01-03T22:22:13.496+0000] {processor.py:161} INFO - Started process (PID=190) to work on /opt/airflow/dags/dag.py
[2026-01-03T22:22:13.508+0000] {processor.py:830} INFO - Processing file /opt/airflow/dags/dag.py for tasks to queue
[2026-01-03T22:22:13.526+0000] {logging_mixin.py:188} INFO - [2026-01-03T22:22:13.521+0000] {dagbag.py:545} INFO - Filling up the DagBag from /opt/airflow/dags/dag.py
[2026-01-03T22:22:13.617+0000] {processor.py:840} INFO - DAG(s) 'exchange_rates_pipeline' retrieved from /opt/airflow/dags/dag.py
[2026-01-03T22:22:13.752+0000] {logging_mixin.py:188} INFO - [2026-01-03T22:22:13.751+0000] {dag.py:3096} INFO - Sync 1 DAGs
[2026-01-03T22:22:13.861+0000] {logging_mixin.py:188} INFO - [2026-01-03T22:22:13.861+0000] {dag.py:3954} INFO - Setting next_dagrun for exchange_rates_pipeline to None, run_after=None
[2026-01-03T22:22:13.918+0000] {processor.py:183} INFO - Processing /opt/airflow/dags/dag.py took 0.491 seconds
[2026-01-03T22:22:44.234+0000] {processor.py:161} INFO - Started process (PID=195) to work on /opt/airflow/dags/dag.py
[2026-01-03T22:22:44.236+0000] {processor.py:830} INFO - Processing file /opt/airflow/dags/dag.py for tasks to queue
[2026-01-03T22:22:44.241+0000] {logging_mixin.py:188} INFO - [2026-01-03T22:22:44.239+0000] {dagbag.py:545} INFO - Filling up the DagBag from /opt/airflow/dags/dag.py
[2026-01-03T22:22:44.298+0000] {processor.py:840} INFO - DAG(s) 'exchange_rates_pipeline' retrieved from /opt/airflow/dags/dag.py
[2026-01-03T22:22:44.355+0000] {logging_mixin.py:188} INFO - [2026-01-03T22:22:44.354+0000] {dag.py:3096} INFO - Sync 1 DAGs
[2026-01-03T22:22:44.374+0000] {logging_mixin.py:188} INFO - [2026-01-03T22:22:44.374+0000] {dag.py:3954} INFO - Setting next_dagrun for exchange_rates_pipeline to None, run_after=None
[2026-01-03T22:22:44.417+0000] {processor.py:183} INFO - Processing /opt/airflow/dags/dag.py took 0.191 seconds
[2026-01-03T22:23:14.578+0000] {processor.py:161} INFO - Started process (PID=204) to work on /opt/airflow/dags/dag.py
[2026-01-03T22:23:14.580+0000] {processor.py:830} INFO - Processing file /opt/airflow/dags/dag.py for tasks to queue
[2026-01-03T22:23:14.583+0000] {logging_mixin.py:188} INFO - [2026-01-03T22:23:14.583+0000] {dagbag.py:545} INFO - Filling up the DagBag from /opt/airflow/dags/dag.py
[2026-01-03T22:23:14.626+0000] {processor.py:840} INFO - DAG(s) 'exchange_rates_pipeline' retrieved from /opt/airflow/dags/dag.py
[2026-01-03T22:23:14.690+0000] {logging_mixin.py:188} INFO - [2026-01-03T22:23:14.690+0000] {dag.py:3096} INFO - Sync 1 DAGs
[2026-01-03T22:23:14.716+0000] {logging_mixin.py:188} INFO - [2026-01-03T22:23:14.716+0000] {dag.py:3954} INFO - Setting next_dagrun for exchange_rates_pipeline to None, run_after=None
[2026-01-03T22:23:14.742+0000] {processor.py:183} INFO - Processing /opt/airflow/dags/dag.py took 0.174 seconds
[2026-01-03T22:23:45.218+0000] {processor.py:161} INFO - Started process (PID=209) to work on /opt/airflow/dags/dag.py
[2026-01-03T22:23:45.222+0000] {processor.py:830} INFO - Processing file /opt/airflow/dags/dag.py for tasks to queue
[2026-01-03T22:23:45.230+0000] {logging_mixin.py:188} INFO - [2026-01-03T22:23:45.229+0000] {dagbag.py:545} INFO - Filling up the DagBag from /opt/airflow/dags/dag.py
[2026-01-03T22:23:45.290+0000] {processor.py:840} INFO - DAG(s) 'exchange_rates_pipeline' retrieved from /opt/airflow/dags/dag.py
[2026-01-03T22:23:45.375+0000] {logging_mixin.py:188} INFO - [2026-01-03T22:23:45.375+0000] {dag.py:3096} INFO - Sync 1 DAGs
[2026-01-03T22:23:45.416+0000] {logging_mixin.py:188} INFO - [2026-01-03T22:23:45.414+0000] {dag.py:3954} INFO - Setting next_dagrun for exchange_rates_pipeline to None, run_after=None
[2026-01-03T22:23:45.474+0000] {processor.py:183} INFO - Processing /opt/airflow/dags/dag.py took 0.269 seconds
[2026-01-03T22:24:15.626+0000] {processor.py:161} INFO - Started process (PID=214) to work on /opt/airflow/dags/dag.py
[2026-01-03T22:24:15.662+0000] {processor.py:830} INFO - Processing file /opt/airflow/dags/dag.py for tasks to queue
[2026-01-03T22:24:15.677+0000] {logging_mixin.py:188} INFO - [2026-01-03T22:24:15.677+0000] {dagbag.py:545} INFO - Filling up the DagBag from /opt/airflow/dags/dag.py
[2026-01-03T22:24:15.730+0000] {processor.py:840} INFO - DAG(s) 'exchange_rates_pipeline' retrieved from /opt/airflow/dags/dag.py
[2026-01-03T22:24:15.842+0000] {logging_mixin.py:188} INFO - [2026-01-03T22:24:15.841+0000] {dag.py:3096} INFO - Sync 1 DAGs
[2026-01-03T22:24:15.888+0000] {logging_mixin.py:188} INFO - [2026-01-03T22:24:15.887+0000] {dag.py:3954} INFO - Setting next_dagrun for exchange_rates_pipeline to None, run_after=None
[2026-01-03T22:24:16.000+0000] {processor.py:183} INFO - Processing /opt/airflow/dags/dag.py took 0.391 seconds
[2026-01-03T22:24:46.387+0000] {processor.py:161} INFO - Started process (PID=219) to work on /opt/airflow/dags/dag.py
[2026-01-03T22:24:46.390+0000] {processor.py:830} INFO - Processing file /opt/airflow/dags/dag.py for tasks to queue
[2026-01-03T22:24:46.394+0000] {logging_mixin.py:188} INFO - [2026-01-03T22:24:46.393+0000] {dagbag.py:545} INFO - Filling up the DagBag from /opt/airflow/dags/dag.py
[2026-01-03T22:24:46.457+0000] {processor.py:840} INFO - DAG(s) 'exchange_rates_pipeline' retrieved from /opt/airflow/dags/dag.py
[2026-01-03T22:24:46.509+0000] {logging_mixin.py:188} INFO - [2026-01-03T22:24:46.509+0000] {dag.py:3096} INFO - Sync 1 DAGs
[2026-01-03T22:24:46.535+0000] {logging_mixin.py:188} INFO - [2026-01-03T22:24:46.535+0000] {dag.py:3954} INFO - Setting next_dagrun for exchange_rates_pipeline to None, run_after=None
[2026-01-03T22:24:46.575+0000] {processor.py:183} INFO - Processing /opt/airflow/dags/dag.py took 0.206 seconds
[2026-01-03T22:25:16.923+0000] {processor.py:161} INFO - Started process (PID=224) to work on /opt/airflow/dags/dag.py
[2026-01-03T22:25:16.947+0000] {processor.py:830} INFO - Processing file /opt/airflow/dags/dag.py for tasks to queue
[2026-01-03T22:25:16.966+0000] {logging_mixin.py:188} INFO - [2026-01-03T22:25:16.964+0000] {dagbag.py:545} INFO - Filling up the DagBag from /opt/airflow/dags/dag.py
[2026-01-03T22:25:17.210+0000] {processor.py:840} INFO - DAG(s) 'exchange_rates_pipeline' retrieved from /opt/airflow/dags/dag.py
[2026-01-03T22:25:17.339+0000] {logging_mixin.py:188} INFO - [2026-01-03T22:25:17.338+0000] {dag.py:3096} INFO - Sync 1 DAGs
[2026-01-03T22:25:17.401+0000] {logging_mixin.py:188} INFO - [2026-01-03T22:25:17.401+0000] {dag.py:3954} INFO - Setting next_dagrun for exchange_rates_pipeline to None, run_after=None
[2026-01-03T22:25:17.488+0000] {processor.py:183} INFO - Processing /opt/airflow/dags/dag.py took 0.619 seconds
[2026-01-03T22:25:48.050+0000] {processor.py:161} INFO - Started process (PID=229) to work on /opt/airflow/dags/dag.py
[2026-01-03T22:25:48.055+0000] {processor.py:830} INFO - Processing file /opt/airflow/dags/dag.py for tasks to queue
[2026-01-03T22:25:48.061+0000] {logging_mixin.py:188} INFO - [2026-01-03T22:25:48.060+0000] {dagbag.py:545} INFO - Filling up the DagBag from /opt/airflow/dags/dag.py
[2026-01-03T22:25:48.139+0000] {processor.py:840} INFO - DAG(s) 'exchange_rates_pipeline' retrieved from /opt/airflow/dags/dag.py
[2026-01-03T22:25:48.218+0000] {logging_mixin.py:188} INFO - [2026-01-03T22:25:48.218+0000] {dag.py:3096} INFO - Sync 1 DAGs
[2026-01-03T22:25:48.238+0000] {logging_mixin.py:188} INFO - [2026-01-03T22:25:48.237+0000] {dag.py:3954} INFO - Setting next_dagrun for exchange_rates_pipeline to None, run_after=None
[2026-01-03T22:25:48.292+0000] {processor.py:183} INFO - Processing /opt/airflow/dags/dag.py took 0.260 seconds
[2026-01-03T22:26:18.599+0000] {processor.py:161} INFO - Started process (PID=234) to work on /opt/airflow/dags/dag.py
[2026-01-03T22:26:18.602+0000] {processor.py:830} INFO - Processing file /opt/airflow/dags/dag.py for tasks to queue
[2026-01-03T22:26:18.610+0000] {logging_mixin.py:188} INFO - [2026-01-03T22:26:18.608+0000] {dagbag.py:545} INFO - Filling up the DagBag from /opt/airflow/dags/dag.py
[2026-01-03T22:26:18.717+0000] {processor.py:840} INFO - DAG(s) 'exchange_rates_pipeline' retrieved from /opt/airflow/dags/dag.py
[2026-01-03T22:26:19.095+0000] {logging_mixin.py:188} INFO - [2026-01-03T22:26:19.094+0000] {dag.py:3096} INFO - Sync 1 DAGs
[2026-01-03T22:26:19.159+0000] {logging_mixin.py:188} INFO - [2026-01-03T22:26:19.158+0000] {dag.py:3954} INFO - Setting next_dagrun for exchange_rates_pipeline to None, run_after=None
[2026-01-03T22:26:19.230+0000] {processor.py:183} INFO - Processing /opt/airflow/dags/dag.py took 0.650 seconds
[2026-01-03T22:26:49.695+0000] {processor.py:161} INFO - Started process (PID=239) to work on /opt/airflow/dags/dag.py
[2026-01-03T22:26:49.697+0000] {processor.py:830} INFO - Processing file /opt/airflow/dags/dag.py for tasks to queue
[2026-01-03T22:26:49.701+0000] {logging_mixin.py:188} INFO - [2026-01-03T22:26:49.700+0000] {dagbag.py:545} INFO - Filling up the DagBag from /opt/airflow/dags/dag.py
[2026-01-03T22:26:49.756+0000] {processor.py:840} INFO - DAG(s) 'exchange_rates_pipeline' retrieved from /opt/airflow/dags/dag.py
[2026-01-03T22:26:49.821+0000] {logging_mixin.py:188} INFO - [2026-01-03T22:26:49.821+0000] {dag.py:3096} INFO - Sync 1 DAGs
[2026-01-03T22:26:49.860+0000] {logging_mixin.py:188} INFO - [2026-01-03T22:26:49.859+0000] {dag.py:3954} INFO - Setting next_dagrun for exchange_rates_pipeline to None, run_after=None
[2026-01-03T22:26:49.907+0000] {processor.py:183} INFO - Processing /opt/airflow/dags/dag.py took 0.220 seconds
[2026-01-03T22:27:20.063+0000] {processor.py:161} INFO - Started process (PID=244) to work on /opt/airflow/dags/dag.py
[2026-01-03T22:27:20.066+0000] {processor.py:830} INFO - Processing file /opt/airflow/dags/dag.py for tasks to queue
[2026-01-03T22:27:20.070+0000] {logging_mixin.py:188} INFO - [2026-01-03T22:27:20.069+0000] {dagbag.py:545} INFO - Filling up the DagBag from /opt/airflow/dags/dag.py
[2026-01-03T22:27:20.131+0000] {processor.py:840} INFO - DAG(s) 'exchange_rates_pipeline' retrieved from /opt/airflow/dags/dag.py
[2026-01-03T22:27:20.185+0000] {logging_mixin.py:188} INFO - [2026-01-03T22:27:20.185+0000] {dag.py:3096} INFO - Sync 1 DAGs
[2026-01-03T22:27:20.204+0000] {logging_mixin.py:188} INFO - [2026-01-03T22:27:20.204+0000] {dag.py:3954} INFO - Setting next_dagrun for exchange_rates_pipeline to None, run_after=None
[2026-01-03T22:27:20.245+0000] {processor.py:183} INFO - Processing /opt/airflow/dags/dag.py took 0.196 seconds
[2026-01-03T22:27:50.696+0000] {processor.py:161} INFO - Started process (PID=249) to work on /opt/airflow/dags/dag.py
[2026-01-03T22:27:50.697+0000] {processor.py:830} INFO - Processing file /opt/airflow/dags/dag.py for tasks to queue
[2026-01-03T22:27:50.704+0000] {logging_mixin.py:188} INFO - [2026-01-03T22:27:50.703+0000] {dagbag.py:545} INFO - Filling up the DagBag from /opt/airflow/dags/dag.py
[2026-01-03T22:27:50.754+0000] {processor.py:840} INFO - DAG(s) 'exchange_rates_pipeline' retrieved from /opt/airflow/dags/dag.py
[2026-01-03T22:27:50.838+0000] {logging_mixin.py:188} INFO - [2026-01-03T22:27:50.838+0000] {dag.py:3096} INFO - Sync 1 DAGs
[2026-01-03T22:27:50.868+0000] {logging_mixin.py:188} INFO - [2026-01-03T22:27:50.866+0000] {dag.py:3954} INFO - Setting next_dagrun for exchange_rates_pipeline to None, run_after=None
[2026-01-03T22:27:50.923+0000] {processor.py:183} INFO - Processing /opt/airflow/dags/dag.py took 0.238 seconds
[2026-01-03T22:28:21.072+0000] {processor.py:161} INFO - Started process (PID=254) to work on /opt/airflow/dags/dag.py
[2026-01-03T22:28:21.074+0000] {processor.py:830} INFO - Processing file /opt/airflow/dags/dag.py for tasks to queue
[2026-01-03T22:28:21.079+0000] {logging_mixin.py:188} INFO - [2026-01-03T22:28:21.078+0000] {dagbag.py:545} INFO - Filling up the DagBag from /opt/airflow/dags/dag.py
[2026-01-03T22:28:21.126+0000] {processor.py:840} INFO - DAG(s) 'exchange_rates_pipeline' retrieved from /opt/airflow/dags/dag.py
[2026-01-03T22:28:21.165+0000] {logging_mixin.py:188} INFO - [2026-01-03T22:28:21.165+0000] {dag.py:3096} INFO - Sync 1 DAGs
[2026-01-03T22:28:21.182+0000] {logging_mixin.py:188} INFO - [2026-01-03T22:28:21.182+0000] {dag.py:3954} INFO - Setting next_dagrun for exchange_rates_pipeline to None, run_after=None
[2026-01-03T22:28:21.210+0000] {processor.py:183} INFO - Processing /opt/airflow/dags/dag.py took 0.145 seconds
[2026-01-03T22:28:51.413+0000] {processor.py:161} INFO - Started process (PID=259) to work on /opt/airflow/dags/dag.py
[2026-01-03T22:28:51.423+0000] {processor.py:830} INFO - Processing file /opt/airflow/dags/dag.py for tasks to queue
[2026-01-03T22:28:51.442+0000] {logging_mixin.py:188} INFO - [2026-01-03T22:28:51.439+0000] {dagbag.py:545} INFO - Filling up the DagBag from /opt/airflow/dags/dag.py
[2026-01-03T22:28:51.507+0000] {processor.py:840} INFO - DAG(s) 'exchange_rates_pipeline' retrieved from /opt/airflow/dags/dag.py
[2026-01-03T22:28:51.862+0000] {logging_mixin.py:188} INFO - [2026-01-03T22:28:51.860+0000] {dag.py:3096} INFO - Sync 1 DAGs
[2026-01-03T22:28:51.957+0000] {logging_mixin.py:188} INFO - [2026-01-03T22:28:51.956+0000] {dag.py:3954} INFO - Setting next_dagrun for exchange_rates_pipeline to None, run_after=None
[2026-01-03T22:28:52.075+0000] {processor.py:183} INFO - Processing /opt/airflow/dags/dag.py took 0.700 seconds
[2026-01-03T22:29:22.448+0000] {processor.py:161} INFO - Started process (PID=264) to work on /opt/airflow/dags/dag.py
[2026-01-03T22:29:22.450+0000] {processor.py:830} INFO - Processing file /opt/airflow/dags/dag.py for tasks to queue
[2026-01-03T22:29:22.455+0000] {logging_mixin.py:188} INFO - [2026-01-03T22:29:22.454+0000] {dagbag.py:545} INFO - Filling up the DagBag from /opt/airflow/dags/dag.py
[2026-01-03T22:29:22.498+0000] {processor.py:840} INFO - DAG(s) 'exchange_rates_pipeline' retrieved from /opt/airflow/dags/dag.py
[2026-01-03T22:29:22.603+0000] {logging_mixin.py:188} INFO - [2026-01-03T22:29:22.602+0000] {dag.py:3096} INFO - Sync 1 DAGs
[2026-01-03T22:29:22.651+0000] {logging_mixin.py:188} INFO - [2026-01-03T22:29:22.644+0000] {dag.py:3954} INFO - Setting next_dagrun for exchange_rates_pipeline to None, run_after=None
[2026-01-03T22:29:22.704+0000] {processor.py:183} INFO - Processing /opt/airflow/dags/dag.py took 0.269 seconds
[2026-01-03T22:29:53.075+0000] {processor.py:161} INFO - Started process (PID=269) to work on /opt/airflow/dags/dag.py
[2026-01-03T22:29:53.081+0000] {processor.py:830} INFO - Processing file /opt/airflow/dags/dag.py for tasks to queue
[2026-01-03T22:29:53.087+0000] {logging_mixin.py:188} INFO - [2026-01-03T22:29:53.086+0000] {dagbag.py:545} INFO - Filling up the DagBag from /opt/airflow/dags/dag.py
[2026-01-03T22:29:53.137+0000] {processor.py:840} INFO - DAG(s) 'exchange_rates_pipeline' retrieved from /opt/airflow/dags/dag.py
[2026-01-03T22:29:53.282+0000] {logging_mixin.py:188} INFO - [2026-01-03T22:29:53.282+0000] {dag.py:3096} INFO - Sync 1 DAGs
[2026-01-03T22:29:53.318+0000] {logging_mixin.py:188} INFO - [2026-01-03T22:29:53.317+0000] {dag.py:3954} INFO - Setting next_dagrun for exchange_rates_pipeline to None, run_after=None
[2026-01-03T22:29:53.353+0000] {processor.py:183} INFO - Processing /opt/airflow/dags/dag.py took 0.290 seconds
