[2026-01-05T13:09:02.604+0000] {processor.py:161} INFO - Started process (PID=180) to work on /opt/airflow/dags/dag.py
[2026-01-05T13:09:02.607+0000] {processor.py:830} INFO - Processing file /opt/airflow/dags/dag.py for tasks to queue
[2026-01-05T13:09:02.620+0000] {logging_mixin.py:188} INFO - [2026-01-05T13:09:02.614+0000] {dagbag.py:545} INFO - Filling up the DagBag from /opt/airflow/dags/dag.py
[2026-01-05T13:09:02.682+0000] {processor.py:840} INFO - DAG(s) 'exchange_rates_pipeline' retrieved from /opt/airflow/dags/dag.py
[2026-01-05T13:09:02.750+0000] {logging_mixin.py:188} INFO - [2026-01-05T13:09:02.749+0000] {dag.py:3096} INFO - Sync 1 DAGs
[2026-01-05T13:09:02.794+0000] {logging_mixin.py:188} INFO - [2026-01-05T13:09:02.793+0000] {dag.py:3954} INFO - Setting next_dagrun for exchange_rates_pipeline to None, run_after=None
[2026-01-05T13:09:02.851+0000] {processor.py:183} INFO - Processing /opt/airflow/dags/dag.py took 0.262 seconds
[2026-01-05T13:09:33.112+0000] {processor.py:161} INFO - Started process (PID=185) to work on /opt/airflow/dags/dag.py
[2026-01-05T13:09:33.115+0000] {processor.py:830} INFO - Processing file /opt/airflow/dags/dag.py for tasks to queue
[2026-01-05T13:09:33.123+0000] {logging_mixin.py:188} INFO - [2026-01-05T13:09:33.122+0000] {dagbag.py:545} INFO - Filling up the DagBag from /opt/airflow/dags/dag.py
[2026-01-05T13:09:33.199+0000] {processor.py:840} INFO - DAG(s) 'exchange_rates_pipeline' retrieved from /opt/airflow/dags/dag.py
[2026-01-05T13:09:33.562+0000] {logging_mixin.py:188} INFO - [2026-01-05T13:09:33.561+0000] {dag.py:3096} INFO - Sync 1 DAGs
[2026-01-05T13:09:33.591+0000] {logging_mixin.py:188} INFO - [2026-01-05T13:09:33.590+0000] {dag.py:3954} INFO - Setting next_dagrun for exchange_rates_pipeline to None, run_after=None
[2026-01-05T13:09:33.639+0000] {processor.py:183} INFO - Processing /opt/airflow/dags/dag.py took 0.556 seconds
[2026-01-05T13:10:04.111+0000] {processor.py:161} INFO - Started process (PID=190) to work on /opt/airflow/dags/dag.py
[2026-01-05T13:10:04.118+0000] {processor.py:830} INFO - Processing file /opt/airflow/dags/dag.py for tasks to queue
[2026-01-05T13:10:04.123+0000] {logging_mixin.py:188} INFO - [2026-01-05T13:10:04.122+0000] {dagbag.py:545} INFO - Filling up the DagBag from /opt/airflow/dags/dag.py
[2026-01-05T13:10:04.179+0000] {processor.py:840} INFO - DAG(s) 'exchange_rates_pipeline' retrieved from /opt/airflow/dags/dag.py
[2026-01-05T13:10:04.242+0000] {logging_mixin.py:188} INFO - [2026-01-05T13:10:04.242+0000] {dag.py:3096} INFO - Sync 1 DAGs
[2026-01-05T13:10:04.288+0000] {logging_mixin.py:188} INFO - [2026-01-05T13:10:04.287+0000] {dag.py:3954} INFO - Setting next_dagrun for exchange_rates_pipeline to None, run_after=None
[2026-01-05T13:10:04.368+0000] {processor.py:183} INFO - Processing /opt/airflow/dags/dag.py took 0.285 seconds
[2026-01-05T13:10:34.940+0000] {processor.py:161} INFO - Started process (PID=195) to work on /opt/airflow/dags/dag.py
[2026-01-05T13:10:34.949+0000] {processor.py:830} INFO - Processing file /opt/airflow/dags/dag.py for tasks to queue
[2026-01-05T13:10:34.959+0000] {logging_mixin.py:188} INFO - [2026-01-05T13:10:34.957+0000] {dagbag.py:545} INFO - Filling up the DagBag from /opt/airflow/dags/dag.py
[2026-01-05T13:10:35.053+0000] {processor.py:840} INFO - DAG(s) 'exchange_rates_pipeline' retrieved from /opt/airflow/dags/dag.py
[2026-01-05T13:10:35.194+0000] {logging_mixin.py:188} INFO - [2026-01-05T13:10:35.193+0000] {dag.py:3096} INFO - Sync 1 DAGs
[2026-01-05T13:10:35.265+0000] {logging_mixin.py:188} INFO - [2026-01-05T13:10:35.264+0000] {dag.py:3954} INFO - Setting next_dagrun for exchange_rates_pipeline to None, run_after=None
[2026-01-05T13:10:35.329+0000] {processor.py:183} INFO - Processing /opt/airflow/dags/dag.py took 0.434 seconds
[2026-01-05T13:11:05.778+0000] {processor.py:161} INFO - Started process (PID=200) to work on /opt/airflow/dags/dag.py
[2026-01-05T13:11:05.789+0000] {processor.py:830} INFO - Processing file /opt/airflow/dags/dag.py for tasks to queue
[2026-01-05T13:11:05.792+0000] {logging_mixin.py:188} INFO - [2026-01-05T13:11:05.792+0000] {dagbag.py:545} INFO - Filling up the DagBag from /opt/airflow/dags/dag.py
[2026-01-05T13:11:05.849+0000] {processor.py:840} INFO - DAG(s) 'exchange_rates_pipeline' retrieved from /opt/airflow/dags/dag.py
[2026-01-05T13:11:05.941+0000] {logging_mixin.py:188} INFO - [2026-01-05T13:11:05.940+0000] {dag.py:3096} INFO - Sync 1 DAGs
[2026-01-05T13:11:05.981+0000] {logging_mixin.py:188} INFO - [2026-01-05T13:11:05.981+0000] {dag.py:3954} INFO - Setting next_dagrun for exchange_rates_pipeline to None, run_after=None
[2026-01-05T13:11:06.070+0000] {processor.py:183} INFO - Processing /opt/airflow/dags/dag.py took 0.301 seconds
[2026-01-05T13:11:36.559+0000] {processor.py:161} INFO - Started process (PID=205) to work on /opt/airflow/dags/dag.py
[2026-01-05T13:11:36.561+0000] {processor.py:830} INFO - Processing file /opt/airflow/dags/dag.py for tasks to queue
[2026-01-05T13:11:36.567+0000] {logging_mixin.py:188} INFO - [2026-01-05T13:11:36.565+0000] {dagbag.py:545} INFO - Filling up the DagBag from /opt/airflow/dags/dag.py
[2026-01-05T13:11:36.615+0000] {processor.py:840} INFO - DAG(s) 'exchange_rates_pipeline' retrieved from /opt/airflow/dags/dag.py
[2026-01-05T13:11:36.703+0000] {logging_mixin.py:188} INFO - [2026-01-05T13:11:36.702+0000] {dag.py:3096} INFO - Sync 1 DAGs
[2026-01-05T13:11:36.766+0000] {logging_mixin.py:188} INFO - [2026-01-05T13:11:36.764+0000] {dag.py:3954} INFO - Setting next_dagrun for exchange_rates_pipeline to None, run_after=None
[2026-01-05T13:11:36.840+0000] {processor.py:183} INFO - Processing /opt/airflow/dags/dag.py took 0.298 seconds
[2026-01-05T13:12:06.938+0000] {processor.py:161} INFO - Started process (PID=210) to work on /opt/airflow/dags/dag.py
[2026-01-05T13:12:06.943+0000] {processor.py:830} INFO - Processing file /opt/airflow/dags/dag.py for tasks to queue
[2026-01-05T13:12:06.947+0000] {logging_mixin.py:188} INFO - [2026-01-05T13:12:06.946+0000] {dagbag.py:545} INFO - Filling up the DagBag from /opt/airflow/dags/dag.py
[2026-01-05T13:12:06.993+0000] {processor.py:840} INFO - DAG(s) 'exchange_rates_pipeline' retrieved from /opt/airflow/dags/dag.py
[2026-01-05T13:12:07.207+0000] {logging_mixin.py:188} INFO - [2026-01-05T13:12:07.206+0000] {dag.py:3096} INFO - Sync 1 DAGs
[2026-01-05T13:12:07.500+0000] {logging_mixin.py:188} INFO - [2026-01-05T13:12:07.499+0000] {dag.py:3954} INFO - Setting next_dagrun for exchange_rates_pipeline to None, run_after=None
[2026-01-05T13:12:07.599+0000] {processor.py:183} INFO - Processing /opt/airflow/dags/dag.py took 0.670 seconds
[2026-01-05T13:12:39.738+0000] {processor.py:161} INFO - Started process (PID=215) to work on /opt/airflow/dags/dag.py
[2026-01-05T13:12:39.770+0000] {processor.py:830} INFO - Processing file /opt/airflow/dags/dag.py for tasks to queue
[2026-01-05T13:12:39.832+0000] {logging_mixin.py:188} INFO - [2026-01-05T13:12:39.831+0000] {dagbag.py:545} INFO - Filling up the DagBag from /opt/airflow/dags/dag.py
[2026-01-05T13:12:40.026+0000] {processor.py:840} INFO - DAG(s) 'exchange_rates_pipeline' retrieved from /opt/airflow/dags/dag.py
[2026-01-05T13:12:40.155+0000] {logging_mixin.py:188} INFO - [2026-01-05T13:12:40.154+0000] {dag.py:3096} INFO - Sync 1 DAGs
[2026-01-05T13:12:40.201+0000] {logging_mixin.py:188} INFO - [2026-01-05T13:12:40.200+0000] {dag.py:3954} INFO - Setting next_dagrun for exchange_rates_pipeline to None, run_after=None
[2026-01-05T13:12:40.287+0000] {processor.py:183} INFO - Processing /opt/airflow/dags/dag.py took 0.751 seconds
[2026-01-05T13:13:10.980+0000] {processor.py:161} INFO - Started process (PID=220) to work on /opt/airflow/dags/dag.py
[2026-01-05T13:13:11.012+0000] {processor.py:830} INFO - Processing file /opt/airflow/dags/dag.py for tasks to queue
[2026-01-05T13:13:11.067+0000] {logging_mixin.py:188} INFO - [2026-01-05T13:13:11.063+0000] {dagbag.py:545} INFO - Filling up the DagBag from /opt/airflow/dags/dag.py
[2026-01-05T13:13:11.197+0000] {processor.py:840} INFO - DAG(s) 'exchange_rates_pipeline' retrieved from /opt/airflow/dags/dag.py
[2026-01-05T13:13:11.430+0000] {logging_mixin.py:188} INFO - [2026-01-05T13:13:11.430+0000] {dag.py:3096} INFO - Sync 1 DAGs
[2026-01-05T13:13:11.555+0000] {logging_mixin.py:188} INFO - [2026-01-05T13:13:11.555+0000] {dag.py:3954} INFO - Setting next_dagrun for exchange_rates_pipeline to None, run_after=None
[2026-01-05T13:13:11.646+0000] {processor.py:183} INFO - Processing /opt/airflow/dags/dag.py took 0.724 seconds
[2026-01-05T13:13:42.010+0000] {processor.py:161} INFO - Started process (PID=225) to work on /opt/airflow/dags/dag.py
[2026-01-05T13:13:42.012+0000] {processor.py:830} INFO - Processing file /opt/airflow/dags/dag.py for tasks to queue
[2026-01-05T13:13:42.016+0000] {logging_mixin.py:188} INFO - [2026-01-05T13:13:42.015+0000] {dagbag.py:545} INFO - Filling up the DagBag from /opt/airflow/dags/dag.py
[2026-01-05T13:13:42.075+0000] {processor.py:840} INFO - DAG(s) 'exchange_rates_pipeline' retrieved from /opt/airflow/dags/dag.py
[2026-01-05T13:13:42.202+0000] {logging_mixin.py:188} INFO - [2026-01-05T13:13:42.201+0000] {dag.py:3096} INFO - Sync 1 DAGs
[2026-01-05T13:13:42.267+0000] {logging_mixin.py:188} INFO - [2026-01-05T13:13:42.266+0000] {dag.py:3954} INFO - Setting next_dagrun for exchange_rates_pipeline to None, run_after=None
[2026-01-05T13:13:42.339+0000] {processor.py:183} INFO - Processing /opt/airflow/dags/dag.py took 0.340 seconds
[2026-01-05T13:14:12.769+0000] {processor.py:161} INFO - Started process (PID=230) to work on /opt/airflow/dags/dag.py
[2026-01-05T13:14:12.771+0000] {processor.py:830} INFO - Processing file /opt/airflow/dags/dag.py for tasks to queue
[2026-01-05T13:14:12.775+0000] {logging_mixin.py:188} INFO - [2026-01-05T13:14:12.774+0000] {dagbag.py:545} INFO - Filling up the DagBag from /opt/airflow/dags/dag.py
[2026-01-05T13:14:12.828+0000] {processor.py:840} INFO - DAG(s) 'exchange_rates_pipeline' retrieved from /opt/airflow/dags/dag.py
[2026-01-05T13:14:12.928+0000] {logging_mixin.py:188} INFO - [2026-01-05T13:14:12.928+0000] {dag.py:3096} INFO - Sync 1 DAGs
[2026-01-05T13:14:12.951+0000] {logging_mixin.py:188} INFO - [2026-01-05T13:14:12.951+0000] {dag.py:3954} INFO - Setting next_dagrun for exchange_rates_pipeline to None, run_after=None
[2026-01-05T13:14:12.982+0000] {processor.py:183} INFO - Processing /opt/airflow/dags/dag.py took 0.232 seconds
[2026-01-05T13:14:43.095+0000] {processor.py:161} INFO - Started process (PID=235) to work on /opt/airflow/dags/dag.py
[2026-01-05T13:14:43.098+0000] {processor.py:830} INFO - Processing file /opt/airflow/dags/dag.py for tasks to queue
[2026-01-05T13:14:43.104+0000] {logging_mixin.py:188} INFO - [2026-01-05T13:14:43.103+0000] {dagbag.py:545} INFO - Filling up the DagBag from /opt/airflow/dags/dag.py
[2026-01-05T13:14:43.157+0000] {processor.py:840} INFO - DAG(s) 'exchange_rates_pipeline' retrieved from /opt/airflow/dags/dag.py
[2026-01-05T13:14:43.234+0000] {logging_mixin.py:188} INFO - [2026-01-05T13:14:43.233+0000] {dag.py:3096} INFO - Sync 1 DAGs
[2026-01-05T13:14:43.267+0000] {logging_mixin.py:188} INFO - [2026-01-05T13:14:43.267+0000] {dag.py:3954} INFO - Setting next_dagrun for exchange_rates_pipeline to None, run_after=None
[2026-01-05T13:14:43.307+0000] {processor.py:183} INFO - Processing /opt/airflow/dags/dag.py took 0.228 seconds
[2026-01-05T13:15:13.577+0000] {processor.py:161} INFO - Started process (PID=240) to work on /opt/airflow/dags/dag.py
[2026-01-05T13:15:13.579+0000] {processor.py:830} INFO - Processing file /opt/airflow/dags/dag.py for tasks to queue
[2026-01-05T13:15:13.582+0000] {logging_mixin.py:188} INFO - [2026-01-05T13:15:13.581+0000] {dagbag.py:545} INFO - Filling up the DagBag from /opt/airflow/dags/dag.py
[2026-01-05T13:15:13.626+0000] {processor.py:840} INFO - DAG(s) 'exchange_rates_pipeline' retrieved from /opt/airflow/dags/dag.py
[2026-01-05T13:15:13.679+0000] {logging_mixin.py:188} INFO - [2026-01-05T13:15:13.678+0000] {dag.py:3096} INFO - Sync 1 DAGs
[2026-01-05T13:15:13.695+0000] {logging_mixin.py:188} INFO - [2026-01-05T13:15:13.695+0000] {dag.py:3954} INFO - Setting next_dagrun for exchange_rates_pipeline to None, run_after=None
[2026-01-05T13:15:13.717+0000] {processor.py:183} INFO - Processing /opt/airflow/dags/dag.py took 0.148 seconds
[2026-01-05T13:15:43.879+0000] {processor.py:161} INFO - Started process (PID=245) to work on /opt/airflow/dags/dag.py
[2026-01-05T13:15:43.881+0000] {processor.py:830} INFO - Processing file /opt/airflow/dags/dag.py for tasks to queue
[2026-01-05T13:15:43.886+0000] {logging_mixin.py:188} INFO - [2026-01-05T13:15:43.885+0000] {dagbag.py:545} INFO - Filling up the DagBag from /opt/airflow/dags/dag.py
[2026-01-05T13:15:43.930+0000] {processor.py:840} INFO - DAG(s) 'exchange_rates_pipeline' retrieved from /opt/airflow/dags/dag.py
[2026-01-05T13:15:43.995+0000] {logging_mixin.py:188} INFO - [2026-01-05T13:15:43.994+0000] {dag.py:3096} INFO - Sync 1 DAGs
[2026-01-05T13:15:44.026+0000] {logging_mixin.py:188} INFO - [2026-01-05T13:15:44.025+0000] {dag.py:3954} INFO - Setting next_dagrun for exchange_rates_pipeline to None, run_after=None
[2026-01-05T13:15:44.085+0000] {processor.py:183} INFO - Processing /opt/airflow/dags/dag.py took 0.212 seconds
[2026-01-05T13:16:14.344+0000] {processor.py:161} INFO - Started process (PID=250) to work on /opt/airflow/dags/dag.py
[2026-01-05T13:16:14.346+0000] {processor.py:830} INFO - Processing file /opt/airflow/dags/dag.py for tasks to queue
[2026-01-05T13:16:14.351+0000] {logging_mixin.py:188} INFO - [2026-01-05T13:16:14.350+0000] {dagbag.py:545} INFO - Filling up the DagBag from /opt/airflow/dags/dag.py
[2026-01-05T13:16:14.388+0000] {processor.py:840} INFO - DAG(s) 'exchange_rates_pipeline' retrieved from /opt/airflow/dags/dag.py
[2026-01-05T13:16:14.428+0000] {logging_mixin.py:188} INFO - [2026-01-05T13:16:14.427+0000] {dag.py:3096} INFO - Sync 1 DAGs
[2026-01-05T13:16:14.447+0000] {logging_mixin.py:188} INFO - [2026-01-05T13:16:14.446+0000] {dag.py:3954} INFO - Setting next_dagrun for exchange_rates_pipeline to None, run_after=None
[2026-01-05T13:16:14.472+0000] {processor.py:183} INFO - Processing /opt/airflow/dags/dag.py took 0.135 seconds
[2026-01-05T13:16:44.694+0000] {processor.py:161} INFO - Started process (PID=255) to work on /opt/airflow/dags/dag.py
[2026-01-05T13:16:44.697+0000] {processor.py:830} INFO - Processing file /opt/airflow/dags/dag.py for tasks to queue
[2026-01-05T13:16:44.704+0000] {logging_mixin.py:188} INFO - [2026-01-05T13:16:44.704+0000] {dagbag.py:545} INFO - Filling up the DagBag from /opt/airflow/dags/dag.py
[2026-01-05T13:16:44.775+0000] {processor.py:840} INFO - DAG(s) 'exchange_rates_pipeline' retrieved from /opt/airflow/dags/dag.py
[2026-01-05T13:16:44.867+0000] {logging_mixin.py:188} INFO - [2026-01-05T13:16:44.867+0000] {dag.py:3096} INFO - Sync 1 DAGs
[2026-01-05T13:16:44.899+0000] {logging_mixin.py:188} INFO - [2026-01-05T13:16:44.899+0000] {dag.py:3954} INFO - Setting next_dagrun for exchange_rates_pipeline to None, run_after=None
[2026-01-05T13:16:44.954+0000] {processor.py:183} INFO - Processing /opt/airflow/dags/dag.py took 0.276 seconds
[2026-01-05T13:17:15.428+0000] {processor.py:161} INFO - Started process (PID=260) to work on /opt/airflow/dags/dag.py
[2026-01-05T13:17:15.431+0000] {processor.py:830} INFO - Processing file /opt/airflow/dags/dag.py for tasks to queue
[2026-01-05T13:17:15.444+0000] {logging_mixin.py:188} INFO - [2026-01-05T13:17:15.435+0000] {dagbag.py:545} INFO - Filling up the DagBag from /opt/airflow/dags/dag.py
[2026-01-05T13:17:15.580+0000] {processor.py:840} INFO - DAG(s) 'exchange_rates_pipeline' retrieved from /opt/airflow/dags/dag.py
[2026-01-05T13:17:15.627+0000] {logging_mixin.py:188} INFO - [2026-01-05T13:17:15.627+0000] {dag.py:3096} INFO - Sync 1 DAGs
[2026-01-05T13:17:15.652+0000] {logging_mixin.py:188} INFO - [2026-01-05T13:17:15.651+0000] {dag.py:3954} INFO - Setting next_dagrun for exchange_rates_pipeline to None, run_after=None
[2026-01-05T13:17:15.724+0000] {processor.py:183} INFO - Processing /opt/airflow/dags/dag.py took 0.324 seconds
[2026-01-05T13:17:46.975+0000] {processor.py:161} INFO - Started process (PID=265) to work on /opt/airflow/dags/dag.py
[2026-01-05T13:17:46.981+0000] {processor.py:830} INFO - Processing file /opt/airflow/dags/dag.py for tasks to queue
[2026-01-05T13:17:47.008+0000] {logging_mixin.py:188} INFO - [2026-01-05T13:17:47.004+0000] {dagbag.py:545} INFO - Filling up the DagBag from /opt/airflow/dags/dag.py
[2026-01-05T13:17:47.153+0000] {processor.py:840} INFO - DAG(s) 'exchange_rates_pipeline' retrieved from /opt/airflow/dags/dag.py
[2026-01-05T13:17:47.605+0000] {logging_mixin.py:188} INFO - [2026-01-05T13:17:47.598+0000] {dag.py:3096} INFO - Sync 1 DAGs
[2026-01-05T13:17:47.713+0000] {logging_mixin.py:188} INFO - [2026-01-05T13:17:47.709+0000] {dag.py:3954} INFO - Setting next_dagrun for exchange_rates_pipeline to None, run_after=None
[2026-01-05T13:17:47.836+0000] {processor.py:183} INFO - Processing /opt/airflow/dags/dag.py took 0.958 seconds
[2026-01-05T13:18:18.397+0000] {processor.py:161} INFO - Started process (PID=270) to work on /opt/airflow/dags/dag.py
[2026-01-05T13:18:18.401+0000] {processor.py:830} INFO - Processing file /opt/airflow/dags/dag.py for tasks to queue
[2026-01-05T13:18:18.408+0000] {logging_mixin.py:188} INFO - [2026-01-05T13:18:18.407+0000] {dagbag.py:545} INFO - Filling up the DagBag from /opt/airflow/dags/dag.py
[2026-01-05T13:18:18.531+0000] {processor.py:840} INFO - DAG(s) 'exchange_rates_pipeline' retrieved from /opt/airflow/dags/dag.py
[2026-01-05T13:18:18.634+0000] {logging_mixin.py:188} INFO - [2026-01-05T13:18:18.633+0000] {dag.py:3096} INFO - Sync 1 DAGs
[2026-01-05T13:18:18.682+0000] {logging_mixin.py:188} INFO - [2026-01-05T13:18:18.681+0000] {dag.py:3954} INFO - Setting next_dagrun for exchange_rates_pipeline to None, run_after=None
[2026-01-05T13:18:18.726+0000] {processor.py:183} INFO - Processing /opt/airflow/dags/dag.py took 0.383 seconds
[2026-01-05T13:18:49.301+0000] {processor.py:161} INFO - Started process (PID=275) to work on /opt/airflow/dags/dag.py
[2026-01-05T13:18:49.304+0000] {processor.py:830} INFO - Processing file /opt/airflow/dags/dag.py for tasks to queue
[2026-01-05T13:18:49.308+0000] {logging_mixin.py:188} INFO - [2026-01-05T13:18:49.308+0000] {dagbag.py:545} INFO - Filling up the DagBag from /opt/airflow/dags/dag.py
[2026-01-05T13:18:49.420+0000] {processor.py:840} INFO - DAG(s) 'exchange_rates_pipeline' retrieved from /opt/airflow/dags/dag.py
[2026-01-05T13:18:49.521+0000] {logging_mixin.py:188} INFO - [2026-01-05T13:18:49.521+0000] {dag.py:3096} INFO - Sync 1 DAGs
[2026-01-05T13:18:49.558+0000] {logging_mixin.py:188} INFO - [2026-01-05T13:18:49.557+0000] {dag.py:3954} INFO - Setting next_dagrun for exchange_rates_pipeline to None, run_after=None
[2026-01-05T13:18:49.590+0000] {processor.py:183} INFO - Processing /opt/airflow/dags/dag.py took 0.324 seconds
[2026-01-05T13:19:20.435+0000] {processor.py:161} INFO - Started process (PID=280) to work on /opt/airflow/dags/dag.py
[2026-01-05T13:19:20.439+0000] {processor.py:830} INFO - Processing file /opt/airflow/dags/dag.py for tasks to queue
[2026-01-05T13:19:20.443+0000] {logging_mixin.py:188} INFO - [2026-01-05T13:19:20.442+0000] {dagbag.py:545} INFO - Filling up the DagBag from /opt/airflow/dags/dag.py
[2026-01-05T13:19:20.532+0000] {processor.py:840} INFO - DAG(s) 'exchange_rates_pipeline' retrieved from /opt/airflow/dags/dag.py
[2026-01-05T13:19:20.622+0000] {logging_mixin.py:188} INFO - [2026-01-05T13:19:20.621+0000] {dag.py:3096} INFO - Sync 1 DAGs
[2026-01-05T13:19:20.642+0000] {logging_mixin.py:188} INFO - [2026-01-05T13:19:20.642+0000] {dag.py:3954} INFO - Setting next_dagrun for exchange_rates_pipeline to None, run_after=None
[2026-01-05T13:19:20.687+0000] {processor.py:183} INFO - Processing /opt/airflow/dags/dag.py took 0.282 seconds
[2026-01-05T13:19:51.385+0000] {processor.py:161} INFO - Started process (PID=285) to work on /opt/airflow/dags/dag.py
[2026-01-05T13:19:51.390+0000] {processor.py:830} INFO - Processing file /opt/airflow/dags/dag.py for tasks to queue
[2026-01-05T13:19:51.402+0000] {logging_mixin.py:188} INFO - [2026-01-05T13:19:51.399+0000] {dagbag.py:545} INFO - Filling up the DagBag from /opt/airflow/dags/dag.py
[2026-01-05T13:19:51.545+0000] {processor.py:840} INFO - DAG(s) 'exchange_rates_pipeline' retrieved from /opt/airflow/dags/dag.py
[2026-01-05T13:19:51.724+0000] {logging_mixin.py:188} INFO - [2026-01-05T13:19:51.723+0000] {dag.py:3096} INFO - Sync 1 DAGs
[2026-01-05T13:19:51.782+0000] {logging_mixin.py:188} INFO - [2026-01-05T13:19:51.782+0000] {dag.py:3954} INFO - Setting next_dagrun for exchange_rates_pipeline to None, run_after=None
[2026-01-05T13:19:51.824+0000] {processor.py:183} INFO - Processing /opt/airflow/dags/dag.py took 0.506 seconds
[2026-01-05T13:20:22.231+0000] {processor.py:161} INFO - Started process (PID=290) to work on /opt/airflow/dags/dag.py
[2026-01-05T13:20:22.235+0000] {processor.py:830} INFO - Processing file /opt/airflow/dags/dag.py for tasks to queue
[2026-01-05T13:20:22.240+0000] {logging_mixin.py:188} INFO - [2026-01-05T13:20:22.239+0000] {dagbag.py:545} INFO - Filling up the DagBag from /opt/airflow/dags/dag.py
[2026-01-05T13:20:22.311+0000] {processor.py:840} INFO - DAG(s) 'exchange_rates_pipeline' retrieved from /opt/airflow/dags/dag.py
[2026-01-05T13:20:22.404+0000] {logging_mixin.py:188} INFO - [2026-01-05T13:20:22.403+0000] {dag.py:3096} INFO - Sync 1 DAGs
[2026-01-05T13:20:22.451+0000] {logging_mixin.py:188} INFO - [2026-01-05T13:20:22.450+0000] {dag.py:3954} INFO - Setting next_dagrun for exchange_rates_pipeline to None, run_after=None
[2026-01-05T13:20:22.521+0000] {processor.py:183} INFO - Processing /opt/airflow/dags/dag.py took 0.307 seconds
[2026-01-05T13:20:52.835+0000] {processor.py:161} INFO - Started process (PID=295) to work on /opt/airflow/dags/dag.py
[2026-01-05T13:20:52.848+0000] {processor.py:830} INFO - Processing file /opt/airflow/dags/dag.py for tasks to queue
[2026-01-05T13:20:52.871+0000] {logging_mixin.py:188} INFO - [2026-01-05T13:20:52.869+0000] {dagbag.py:545} INFO - Filling up the DagBag from /opt/airflow/dags/dag.py
[2026-01-05T13:20:53.015+0000] {processor.py:840} INFO - DAG(s) 'exchange_rates_pipeline' retrieved from /opt/airflow/dags/dag.py
[2026-01-05T13:20:53.326+0000] {logging_mixin.py:188} INFO - [2026-01-05T13:20:53.325+0000] {dag.py:3096} INFO - Sync 1 DAGs
[2026-01-05T13:20:53.458+0000] {logging_mixin.py:188} INFO - [2026-01-05T13:20:53.457+0000] {dag.py:3954} INFO - Setting next_dagrun for exchange_rates_pipeline to None, run_after=None
[2026-01-05T13:20:53.536+0000] {processor.py:183} INFO - Processing /opt/airflow/dags/dag.py took 0.781 seconds
[2026-01-05T13:21:21.998+0000] {processor.py:161} INFO - Started process (PID=300) to work on /opt/airflow/dags/dag.py
[2026-01-05T13:21:22.002+0000] {processor.py:830} INFO - Processing file /opt/airflow/dags/dag.py for tasks to queue
[2026-01-05T13:21:22.007+0000] {logging_mixin.py:188} INFO - [2026-01-05T13:21:22.006+0000] {dagbag.py:545} INFO - Filling up the DagBag from /opt/airflow/dags/dag.py
[2026-01-05T13:21:22.103+0000] {processor.py:840} INFO - DAG(s) 'exchange_rates_pipeline' retrieved from /opt/airflow/dags/dag.py
[2026-01-05T13:21:22.185+0000] {logging_mixin.py:188} INFO - [2026-01-05T13:21:22.185+0000] {dag.py:3096} INFO - Sync 1 DAGs
[2026-01-05T13:21:22.210+0000] {logging_mixin.py:188} INFO - [2026-01-05T13:21:22.210+0000] {dag.py:3954} INFO - Setting next_dagrun for exchange_rates_pipeline to None, run_after=None
[2026-01-05T13:21:22.266+0000] {processor.py:183} INFO - Processing /opt/airflow/dags/dag.py took 0.278 seconds
[2026-01-05T13:21:53.118+0000] {processor.py:161} INFO - Started process (PID=305) to work on /opt/airflow/dags/dag.py
[2026-01-05T13:21:53.125+0000] {processor.py:830} INFO - Processing file /opt/airflow/dags/dag.py for tasks to queue
[2026-01-05T13:21:53.158+0000] {logging_mixin.py:188} INFO - [2026-01-05T13:21:53.153+0000] {dagbag.py:545} INFO - Filling up the DagBag from /opt/airflow/dags/dag.py
[2026-01-05T13:21:53.306+0000] {processor.py:840} INFO - DAG(s) 'exchange_rates_pipeline' retrieved from /opt/airflow/dags/dag.py
[2026-01-05T13:21:53.473+0000] {logging_mixin.py:188} INFO - [2026-01-05T13:21:53.472+0000] {dag.py:3096} INFO - Sync 1 DAGs
[2026-01-05T13:21:53.548+0000] {logging_mixin.py:188} INFO - [2026-01-05T13:21:53.547+0000] {dag.py:3954} INFO - Setting next_dagrun for exchange_rates_pipeline to None, run_after=None
[2026-01-05T13:21:53.652+0000] {processor.py:183} INFO - Processing /opt/airflow/dags/dag.py took 0.643 seconds
[2026-01-05T13:22:24.954+0000] {processor.py:161} INFO - Started process (PID=312) to work on /opt/airflow/dags/dag.py
[2026-01-05T13:22:24.963+0000] {processor.py:830} INFO - Processing file /opt/airflow/dags/dag.py for tasks to queue
[2026-01-05T13:22:25.002+0000] {logging_mixin.py:188} INFO - [2026-01-05T13:22:24.997+0000] {dagbag.py:545} INFO - Filling up the DagBag from /opt/airflow/dags/dag.py
[2026-01-05T13:22:25.360+0000] {processor.py:840} INFO - DAG(s) 'exchange_rates_pipeline' retrieved from /opt/airflow/dags/dag.py
[2026-01-05T13:22:25.643+0000] {logging_mixin.py:188} INFO - [2026-01-05T13:22:25.643+0000] {dag.py:3096} INFO - Sync 1 DAGs
[2026-01-05T13:22:26.008+0000] {logging_mixin.py:188} INFO - [2026-01-05T13:22:26.008+0000] {dag.py:3954} INFO - Setting next_dagrun for exchange_rates_pipeline to None, run_after=None
[2026-01-05T13:22:26.113+0000] {processor.py:183} INFO - Processing /opt/airflow/dags/dag.py took 1.243 seconds
[2026-01-05T13:22:56.534+0000] {processor.py:161} INFO - Started process (PID=319) to work on /opt/airflow/dags/dag.py
[2026-01-05T13:22:56.544+0000] {processor.py:830} INFO - Processing file /opt/airflow/dags/dag.py for tasks to queue
[2026-01-05T13:22:56.554+0000] {logging_mixin.py:188} INFO - [2026-01-05T13:22:56.553+0000] {dagbag.py:545} INFO - Filling up the DagBag from /opt/airflow/dags/dag.py
[2026-01-05T13:22:56.647+0000] {processor.py:840} INFO - DAG(s) 'exchange_rates_pipeline' retrieved from /opt/airflow/dags/dag.py
[2026-01-05T13:22:56.753+0000] {logging_mixin.py:188} INFO - [2026-01-05T13:22:56.753+0000] {dag.py:3096} INFO - Sync 1 DAGs
[2026-01-05T13:22:56.784+0000] {logging_mixin.py:188} INFO - [2026-01-05T13:22:56.784+0000] {dag.py:3954} INFO - Setting next_dagrun for exchange_rates_pipeline to None, run_after=None
[2026-01-05T13:22:56.837+0000] {processor.py:183} INFO - Processing /opt/airflow/dags/dag.py took 0.325 seconds
[2026-01-05T13:23:27.612+0000] {processor.py:161} INFO - Started process (PID=324) to work on /opt/airflow/dags/dag.py
[2026-01-05T13:23:27.617+0000] {processor.py:830} INFO - Processing file /opt/airflow/dags/dag.py for tasks to queue
[2026-01-05T13:23:27.628+0000] {logging_mixin.py:188} INFO - [2026-01-05T13:23:27.628+0000] {dagbag.py:545} INFO - Filling up the DagBag from /opt/airflow/dags/dag.py
[2026-01-05T13:23:27.803+0000] {processor.py:840} INFO - DAG(s) 'exchange_rates_pipeline' retrieved from /opt/airflow/dags/dag.py
[2026-01-05T13:23:27.999+0000] {logging_mixin.py:188} INFO - [2026-01-05T13:23:27.996+0000] {dag.py:3096} INFO - Sync 1 DAGs
[2026-01-05T13:23:28.047+0000] {logging_mixin.py:188} INFO - [2026-01-05T13:23:28.045+0000] {dag.py:3954} INFO - Setting next_dagrun for exchange_rates_pipeline to None, run_after=None
[2026-01-05T13:23:28.125+0000] {processor.py:183} INFO - Processing /opt/airflow/dags/dag.py took 0.554 seconds
[2026-01-05T13:23:58.624+0000] {processor.py:161} INFO - Started process (PID=329) to work on /opt/airflow/dags/dag.py
[2026-01-05T13:23:58.633+0000] {processor.py:830} INFO - Processing file /opt/airflow/dags/dag.py for tasks to queue
[2026-01-05T13:23:58.665+0000] {logging_mixin.py:188} INFO - [2026-01-05T13:23:58.658+0000] {dagbag.py:545} INFO - Filling up the DagBag from /opt/airflow/dags/dag.py
[2026-01-05T13:23:58.992+0000] {processor.py:840} INFO - DAG(s) 'exchange_rates_pipeline' retrieved from /opt/airflow/dags/dag.py
[2026-01-05T13:23:59.325+0000] {logging_mixin.py:188} INFO - [2026-01-05T13:23:59.324+0000] {dag.py:3096} INFO - Sync 1 DAGs
[2026-01-05T13:23:59.420+0000] {logging_mixin.py:188} INFO - [2026-01-05T13:23:59.420+0000] {dag.py:3954} INFO - Setting next_dagrun for exchange_rates_pipeline to None, run_after=None
[2026-01-05T13:23:59.496+0000] {processor.py:183} INFO - Processing /opt/airflow/dags/dag.py took 0.959 seconds
[2026-01-05T13:24:30.314+0000] {processor.py:161} INFO - Started process (PID=334) to work on /opt/airflow/dags/dag.py
[2026-01-05T13:24:30.317+0000] {processor.py:830} INFO - Processing file /opt/airflow/dags/dag.py for tasks to queue
[2026-01-05T13:24:30.325+0000] {logging_mixin.py:188} INFO - [2026-01-05T13:24:30.324+0000] {dagbag.py:545} INFO - Filling up the DagBag from /opt/airflow/dags/dag.py
[2026-01-05T13:24:30.395+0000] {processor.py:840} INFO - DAG(s) 'exchange_rates_pipeline' retrieved from /opt/airflow/dags/dag.py
[2026-01-05T13:24:30.512+0000] {logging_mixin.py:188} INFO - [2026-01-05T13:24:30.511+0000] {dag.py:3096} INFO - Sync 1 DAGs
[2026-01-05T13:24:30.570+0000] {logging_mixin.py:188} INFO - [2026-01-05T13:24:30.569+0000] {dag.py:3954} INFO - Setting next_dagrun for exchange_rates_pipeline to None, run_after=None
[2026-01-05T13:24:30.669+0000] {processor.py:183} INFO - Processing /opt/airflow/dags/dag.py took 0.380 seconds
[2026-01-05T13:25:01.009+0000] {processor.py:161} INFO - Started process (PID=339) to work on /opt/airflow/dags/dag.py
[2026-01-05T13:25:01.024+0000] {processor.py:830} INFO - Processing file /opt/airflow/dags/dag.py for tasks to queue
[2026-01-05T13:25:01.080+0000] {logging_mixin.py:188} INFO - [2026-01-05T13:25:01.076+0000] {dagbag.py:545} INFO - Filling up the DagBag from /opt/airflow/dags/dag.py
[2026-01-05T13:25:01.424+0000] {processor.py:840} INFO - DAG(s) 'exchange_rates_pipeline' retrieved from /opt/airflow/dags/dag.py
[2026-01-05T13:25:01.766+0000] {logging_mixin.py:188} INFO - [2026-01-05T13:25:01.765+0000] {dag.py:3096} INFO - Sync 1 DAGs
[2026-01-05T13:25:01.922+0000] {logging_mixin.py:188} INFO - [2026-01-05T13:25:01.921+0000] {dag.py:3954} INFO - Setting next_dagrun for exchange_rates_pipeline to None, run_after=None
[2026-01-05T13:25:02.014+0000] {processor.py:183} INFO - Processing /opt/airflow/dags/dag.py took 1.075 seconds
[2026-01-05T13:25:32.589+0000] {processor.py:161} INFO - Started process (PID=344) to work on /opt/airflow/dags/dag.py
[2026-01-05T13:25:32.603+0000] {processor.py:830} INFO - Processing file /opt/airflow/dags/dag.py for tasks to queue
[2026-01-05T13:25:32.619+0000] {logging_mixin.py:188} INFO - [2026-01-05T13:25:32.616+0000] {dagbag.py:545} INFO - Filling up the DagBag from /opt/airflow/dags/dag.py
[2026-01-05T13:25:32.908+0000] {processor.py:840} INFO - DAG(s) 'exchange_rates_pipeline' retrieved from /opt/airflow/dags/dag.py
[2026-01-05T13:25:33.399+0000] {logging_mixin.py:188} INFO - [2026-01-05T13:25:33.393+0000] {dag.py:3096} INFO - Sync 1 DAGs
[2026-01-05T13:25:33.573+0000] {logging_mixin.py:188} INFO - [2026-01-05T13:25:33.573+0000] {dag.py:3954} INFO - Setting next_dagrun for exchange_rates_pipeline to None, run_after=None
[2026-01-05T13:25:33.795+0000] {processor.py:183} INFO - Processing /opt/airflow/dags/dag.py took 1.276 seconds
[2026-01-05T13:26:04.414+0000] {processor.py:161} INFO - Started process (PID=349) to work on /opt/airflow/dags/dag.py
[2026-01-05T13:26:04.417+0000] {processor.py:830} INFO - Processing file /opt/airflow/dags/dag.py for tasks to queue
[2026-01-05T13:26:04.423+0000] {logging_mixin.py:188} INFO - [2026-01-05T13:26:04.422+0000] {dagbag.py:545} INFO - Filling up the DagBag from /opt/airflow/dags/dag.py
[2026-01-05T13:26:04.476+0000] {processor.py:840} INFO - DAG(s) 'exchange_rates_pipeline' retrieved from /opt/airflow/dags/dag.py
[2026-01-05T13:26:04.549+0000] {logging_mixin.py:188} INFO - [2026-01-05T13:26:04.548+0000] {dag.py:3096} INFO - Sync 1 DAGs
[2026-01-05T13:26:04.604+0000] {logging_mixin.py:188} INFO - [2026-01-05T13:26:04.604+0000] {dag.py:3954} INFO - Setting next_dagrun for exchange_rates_pipeline to None, run_after=None
[2026-01-05T13:26:04.700+0000] {processor.py:183} INFO - Processing /opt/airflow/dags/dag.py took 0.299 seconds
[2026-01-05T13:26:35.320+0000] {processor.py:161} INFO - Started process (PID=354) to work on /opt/airflow/dags/dag.py
[2026-01-05T13:26:35.322+0000] {processor.py:830} INFO - Processing file /opt/airflow/dags/dag.py for tasks to queue
[2026-01-05T13:26:35.328+0000] {logging_mixin.py:188} INFO - [2026-01-05T13:26:35.328+0000] {dagbag.py:545} INFO - Filling up the DagBag from /opt/airflow/dags/dag.py
[2026-01-05T13:26:35.419+0000] {processor.py:840} INFO - DAG(s) 'exchange_rates_pipeline' retrieved from /opt/airflow/dags/dag.py
[2026-01-05T13:26:35.479+0000] {logging_mixin.py:188} INFO - [2026-01-05T13:26:35.478+0000] {dag.py:3096} INFO - Sync 1 DAGs
[2026-01-05T13:26:35.516+0000] {logging_mixin.py:188} INFO - [2026-01-05T13:26:35.515+0000] {dag.py:3954} INFO - Setting next_dagrun for exchange_rates_pipeline to None, run_after=None
[2026-01-05T13:26:35.571+0000] {processor.py:183} INFO - Processing /opt/airflow/dags/dag.py took 0.265 seconds
[2026-01-05T13:27:06.139+0000] {processor.py:161} INFO - Started process (PID=359) to work on /opt/airflow/dags/dag.py
[2026-01-05T13:27:06.150+0000] {processor.py:830} INFO - Processing file /opt/airflow/dags/dag.py for tasks to queue
[2026-01-05T13:27:06.163+0000] {logging_mixin.py:188} INFO - [2026-01-05T13:27:06.161+0000] {dagbag.py:545} INFO - Filling up the DagBag from /opt/airflow/dags/dag.py
[2026-01-05T13:27:06.250+0000] {processor.py:840} INFO - DAG(s) 'exchange_rates_pipeline' retrieved from /opt/airflow/dags/dag.py
[2026-01-05T13:27:06.412+0000] {logging_mixin.py:188} INFO - [2026-01-05T13:27:06.409+0000] {dag.py:3096} INFO - Sync 1 DAGs
[2026-01-05T13:27:06.475+0000] {logging_mixin.py:188} INFO - [2026-01-05T13:27:06.474+0000] {dag.py:3954} INFO - Setting next_dagrun for exchange_rates_pipeline to None, run_after=None
[2026-01-05T13:27:06.639+0000] {processor.py:183} INFO - Processing /opt/airflow/dags/dag.py took 0.541 seconds
[2026-01-05T13:27:37.376+0000] {processor.py:161} INFO - Started process (PID=364) to work on /opt/airflow/dags/dag.py
[2026-01-05T13:27:37.381+0000] {processor.py:830} INFO - Processing file /opt/airflow/dags/dag.py for tasks to queue
[2026-01-05T13:27:37.384+0000] {logging_mixin.py:188} INFO - [2026-01-05T13:27:37.384+0000] {dagbag.py:545} INFO - Filling up the DagBag from /opt/airflow/dags/dag.py
[2026-01-05T13:27:37.443+0000] {processor.py:840} INFO - DAG(s) 'exchange_rates_pipeline' retrieved from /opt/airflow/dags/dag.py
[2026-01-05T13:27:37.533+0000] {logging_mixin.py:188} INFO - [2026-01-05T13:27:37.531+0000] {dag.py:3096} INFO - Sync 1 DAGs
[2026-01-05T13:27:37.566+0000] {logging_mixin.py:188} INFO - [2026-01-05T13:27:37.565+0000] {dag.py:3954} INFO - Setting next_dagrun for exchange_rates_pipeline to None, run_after=None
[2026-01-05T13:27:37.618+0000] {processor.py:183} INFO - Processing /opt/airflow/dags/dag.py took 0.259 seconds
[2026-01-05T13:28:07.948+0000] {processor.py:161} INFO - Started process (PID=369) to work on /opt/airflow/dags/dag.py
[2026-01-05T13:28:07.950+0000] {processor.py:830} INFO - Processing file /opt/airflow/dags/dag.py for tasks to queue
[2026-01-05T13:28:07.957+0000] {logging_mixin.py:188} INFO - [2026-01-05T13:28:07.956+0000] {dagbag.py:545} INFO - Filling up the DagBag from /opt/airflow/dags/dag.py
[2026-01-05T13:28:07.998+0000] {processor.py:840} INFO - DAG(s) 'exchange_rates_pipeline' retrieved from /opt/airflow/dags/dag.py
[2026-01-05T13:28:08.045+0000] {logging_mixin.py:188} INFO - [2026-01-05T13:28:08.045+0000] {dag.py:3096} INFO - Sync 1 DAGs
[2026-01-05T13:28:08.079+0000] {logging_mixin.py:188} INFO - [2026-01-05T13:28:08.078+0000] {dag.py:3954} INFO - Setting next_dagrun for exchange_rates_pipeline to None, run_after=None
[2026-01-05T13:28:08.114+0000] {processor.py:183} INFO - Processing /opt/airflow/dags/dag.py took 0.176 seconds
[2026-01-05T13:28:38.431+0000] {processor.py:161} INFO - Started process (PID=374) to work on /opt/airflow/dags/dag.py
[2026-01-05T13:28:38.443+0000] {processor.py:830} INFO - Processing file /opt/airflow/dags/dag.py for tasks to queue
[2026-01-05T13:28:38.454+0000] {logging_mixin.py:188} INFO - [2026-01-05T13:28:38.452+0000] {dagbag.py:545} INFO - Filling up the DagBag from /opt/airflow/dags/dag.py
[2026-01-05T13:28:38.574+0000] {processor.py:840} INFO - DAG(s) 'exchange_rates_pipeline' retrieved from /opt/airflow/dags/dag.py
[2026-01-05T13:28:38.757+0000] {logging_mixin.py:188} INFO - [2026-01-05T13:28:38.753+0000] {dag.py:3096} INFO - Sync 1 DAGs
[2026-01-05T13:28:38.803+0000] {logging_mixin.py:188} INFO - [2026-01-05T13:28:38.802+0000] {dag.py:3954} INFO - Setting next_dagrun for exchange_rates_pipeline to None, run_after=None
[2026-01-05T13:28:38.874+0000] {processor.py:183} INFO - Processing /opt/airflow/dags/dag.py took 0.603 seconds
[2026-01-05T13:29:09.196+0000] {processor.py:161} INFO - Started process (PID=379) to work on /opt/airflow/dags/dag.py
[2026-01-05T13:29:09.197+0000] {processor.py:830} INFO - Processing file /opt/airflow/dags/dag.py for tasks to queue
[2026-01-05T13:29:09.201+0000] {logging_mixin.py:188} INFO - [2026-01-05T13:29:09.200+0000] {dagbag.py:545} INFO - Filling up the DagBag from /opt/airflow/dags/dag.py
[2026-01-05T13:29:09.231+0000] {processor.py:840} INFO - DAG(s) 'exchange_rates_pipeline' retrieved from /opt/airflow/dags/dag.py
[2026-01-05T13:29:09.288+0000] {logging_mixin.py:188} INFO - [2026-01-05T13:29:09.287+0000] {dag.py:3096} INFO - Sync 1 DAGs
[2026-01-05T13:29:09.322+0000] {logging_mixin.py:188} INFO - [2026-01-05T13:29:09.322+0000] {dag.py:3954} INFO - Setting next_dagrun for exchange_rates_pipeline to None, run_after=None
[2026-01-05T13:29:09.356+0000] {processor.py:183} INFO - Processing /opt/airflow/dags/dag.py took 0.177 seconds
[2026-01-05T13:29:31.592+0000] {processor.py:161} INFO - Started process (PID=384) to work on /opt/airflow/dags/dag.py
[2026-01-05T13:29:31.599+0000] {processor.py:830} INFO - Processing file /opt/airflow/dags/dag.py for tasks to queue
[2026-01-05T13:29:31.603+0000] {logging_mixin.py:188} INFO - [2026-01-05T13:29:31.603+0000] {dagbag.py:545} INFO - Filling up the DagBag from /opt/airflow/dags/dag.py
[2026-01-05T13:29:31.676+0000] {processor.py:840} INFO - DAG(s) 'exchange_rates_pipeline' retrieved from /opt/airflow/dags/dag.py
[2026-01-05T13:29:31.746+0000] {logging_mixin.py:188} INFO - [2026-01-05T13:29:31.745+0000] {dag.py:3096} INFO - Sync 1 DAGs
[2026-01-05T13:29:31.777+0000] {logging_mixin.py:188} INFO - [2026-01-05T13:29:31.776+0000] {dag.py:3954} INFO - Setting next_dagrun for exchange_rates_pipeline to None, run_after=None
[2026-01-05T13:29:31.837+0000] {processor.py:183} INFO - Processing /opt/airflow/dags/dag.py took 0.256 seconds
[2026-01-05T13:30:02.159+0000] {processor.py:161} INFO - Started process (PID=389) to work on /opt/airflow/dags/dag.py
[2026-01-05T13:30:02.160+0000] {processor.py:830} INFO - Processing file /opt/airflow/dags/dag.py for tasks to queue
[2026-01-05T13:30:02.164+0000] {logging_mixin.py:188} INFO - [2026-01-05T13:30:02.163+0000] {dagbag.py:545} INFO - Filling up the DagBag from /opt/airflow/dags/dag.py
[2026-01-05T13:30:02.223+0000] {processor.py:840} INFO - DAG(s) 'exchange_rates_pipeline' retrieved from /opt/airflow/dags/dag.py
[2026-01-05T13:30:02.285+0000] {logging_mixin.py:188} INFO - [2026-01-05T13:30:02.285+0000] {dag.py:3096} INFO - Sync 1 DAGs
[2026-01-05T13:30:02.312+0000] {logging_mixin.py:188} INFO - [2026-01-05T13:30:02.311+0000] {dag.py:3954} INFO - Setting next_dagrun for exchange_rates_pipeline to None, run_after=None
[2026-01-05T13:30:02.345+0000] {processor.py:183} INFO - Processing /opt/airflow/dags/dag.py took 0.195 seconds
[2026-01-05T13:30:32.645+0000] {processor.py:161} INFO - Started process (PID=394) to work on /opt/airflow/dags/dag.py
[2026-01-05T13:30:32.646+0000] {processor.py:830} INFO - Processing file /opt/airflow/dags/dag.py for tasks to queue
[2026-01-05T13:30:32.649+0000] {logging_mixin.py:188} INFO - [2026-01-05T13:30:32.649+0000] {dagbag.py:545} INFO - Filling up the DagBag from /opt/airflow/dags/dag.py
[2026-01-05T13:30:32.683+0000] {processor.py:840} INFO - DAG(s) 'exchange_rates_pipeline' retrieved from /opt/airflow/dags/dag.py
[2026-01-05T13:30:32.736+0000] {logging_mixin.py:188} INFO - [2026-01-05T13:30:32.736+0000] {dag.py:3096} INFO - Sync 1 DAGs
[2026-01-05T13:30:32.762+0000] {logging_mixin.py:188} INFO - [2026-01-05T13:30:32.761+0000] {dag.py:3954} INFO - Setting next_dagrun for exchange_rates_pipeline to None, run_after=None
[2026-01-05T13:30:32.786+0000] {processor.py:183} INFO - Processing /opt/airflow/dags/dag.py took 0.147 seconds
[2026-01-05T13:31:02.869+0000] {processor.py:161} INFO - Started process (PID=399) to work on /opt/airflow/dags/dag.py
[2026-01-05T13:31:02.870+0000] {processor.py:830} INFO - Processing file /opt/airflow/dags/dag.py for tasks to queue
[2026-01-05T13:31:02.873+0000] {logging_mixin.py:188} INFO - [2026-01-05T13:31:02.872+0000] {dagbag.py:545} INFO - Filling up the DagBag from /opt/airflow/dags/dag.py
[2026-01-05T13:31:02.890+0000] {processor.py:840} INFO - DAG(s) 'exchange_rates_pipeline' retrieved from /opt/airflow/dags/dag.py
[2026-01-05T13:31:02.921+0000] {logging_mixin.py:188} INFO - [2026-01-05T13:31:02.920+0000] {dag.py:3096} INFO - Sync 1 DAGs
[2026-01-05T13:31:02.933+0000] {logging_mixin.py:188} INFO - [2026-01-05T13:31:02.933+0000] {dag.py:3954} INFO - Setting next_dagrun for exchange_rates_pipeline to None, run_after=None
[2026-01-05T13:31:02.954+0000] {processor.py:183} INFO - Processing /opt/airflow/dags/dag.py took 0.091 seconds
[2026-01-05T13:31:33.103+0000] {processor.py:161} INFO - Started process (PID=404) to work on /opt/airflow/dags/dag.py
[2026-01-05T13:31:33.105+0000] {processor.py:830} INFO - Processing file /opt/airflow/dags/dag.py for tasks to queue
[2026-01-05T13:31:33.108+0000] {logging_mixin.py:188} INFO - [2026-01-05T13:31:33.107+0000] {dagbag.py:545} INFO - Filling up the DagBag from /opt/airflow/dags/dag.py
[2026-01-05T13:31:33.145+0000] {processor.py:840} INFO - DAG(s) 'exchange_rates_pipeline' retrieved from /opt/airflow/dags/dag.py
[2026-01-05T13:31:33.182+0000] {logging_mixin.py:188} INFO - [2026-01-05T13:31:33.182+0000] {dag.py:3096} INFO - Sync 1 DAGs
[2026-01-05T13:31:33.201+0000] {logging_mixin.py:188} INFO - [2026-01-05T13:31:33.200+0000] {dag.py:3954} INFO - Setting next_dagrun for exchange_rates_pipeline to None, run_after=None
[2026-01-05T13:31:33.225+0000] {processor.py:183} INFO - Processing /opt/airflow/dags/dag.py took 0.128 seconds
[2026-01-05T13:32:03.403+0000] {processor.py:161} INFO - Started process (PID=409) to work on /opt/airflow/dags/dag.py
[2026-01-05T13:32:03.404+0000] {processor.py:830} INFO - Processing file /opt/airflow/dags/dag.py for tasks to queue
[2026-01-05T13:32:03.407+0000] {logging_mixin.py:188} INFO - [2026-01-05T13:32:03.406+0000] {dagbag.py:545} INFO - Filling up the DagBag from /opt/airflow/dags/dag.py
[2026-01-05T13:32:03.430+0000] {processor.py:840} INFO - DAG(s) 'exchange_rates_pipeline' retrieved from /opt/airflow/dags/dag.py
[2026-01-05T13:32:03.489+0000] {logging_mixin.py:188} INFO - [2026-01-05T13:32:03.489+0000] {dag.py:3096} INFO - Sync 1 DAGs
[2026-01-05T13:32:03.522+0000] {logging_mixin.py:188} INFO - [2026-01-05T13:32:03.521+0000] {dag.py:3954} INFO - Setting next_dagrun for exchange_rates_pipeline to None, run_after=None
[2026-01-05T13:32:03.558+0000] {processor.py:183} INFO - Processing /opt/airflow/dags/dag.py took 0.162 seconds
[2026-01-05T13:32:33.649+0000] {processor.py:161} INFO - Started process (PID=414) to work on /opt/airflow/dags/dag.py
[2026-01-05T13:32:33.651+0000] {processor.py:830} INFO - Processing file /opt/airflow/dags/dag.py for tasks to queue
[2026-01-05T13:32:33.654+0000] {logging_mixin.py:188} INFO - [2026-01-05T13:32:33.654+0000] {dagbag.py:545} INFO - Filling up the DagBag from /opt/airflow/dags/dag.py
[2026-01-05T13:32:33.673+0000] {processor.py:840} INFO - DAG(s) 'exchange_rates_pipeline' retrieved from /opt/airflow/dags/dag.py
[2026-01-05T13:32:33.704+0000] {logging_mixin.py:188} INFO - [2026-01-05T13:32:33.704+0000] {dag.py:3096} INFO - Sync 1 DAGs
[2026-01-05T13:32:33.717+0000] {logging_mixin.py:188} INFO - [2026-01-05T13:32:33.716+0000] {dag.py:3954} INFO - Setting next_dagrun for exchange_rates_pipeline to None, run_after=None
[2026-01-05T13:32:33.744+0000] {processor.py:183} INFO - Processing /opt/airflow/dags/dag.py took 0.101 seconds
[2026-01-05T13:33:04.056+0000] {processor.py:161} INFO - Started process (PID=419) to work on /opt/airflow/dags/dag.py
[2026-01-05T13:33:04.058+0000] {processor.py:830} INFO - Processing file /opt/airflow/dags/dag.py for tasks to queue
[2026-01-05T13:33:04.066+0000] {logging_mixin.py:188} INFO - [2026-01-05T13:33:04.063+0000] {dagbag.py:545} INFO - Filling up the DagBag from /opt/airflow/dags/dag.py
[2026-01-05T13:33:04.101+0000] {processor.py:840} INFO - DAG(s) 'exchange_rates_pipeline' retrieved from /opt/airflow/dags/dag.py
[2026-01-05T13:33:04.148+0000] {logging_mixin.py:188} INFO - [2026-01-05T13:33:04.148+0000] {dag.py:3096} INFO - Sync 1 DAGs
[2026-01-05T13:33:04.171+0000] {logging_mixin.py:188} INFO - [2026-01-05T13:33:04.171+0000] {dag.py:3954} INFO - Setting next_dagrun for exchange_rates_pipeline to None, run_after=None
[2026-01-05T13:33:04.227+0000] {processor.py:183} INFO - Processing /opt/airflow/dags/dag.py took 0.178 seconds
[2026-01-05T13:33:34.447+0000] {processor.py:161} INFO - Started process (PID=424) to work on /opt/airflow/dags/dag.py
[2026-01-05T13:33:34.448+0000] {processor.py:830} INFO - Processing file /opt/airflow/dags/dag.py for tasks to queue
[2026-01-05T13:33:34.450+0000] {logging_mixin.py:188} INFO - [2026-01-05T13:33:34.450+0000] {dagbag.py:545} INFO - Filling up the DagBag from /opt/airflow/dags/dag.py
[2026-01-05T13:33:34.479+0000] {processor.py:840} INFO - DAG(s) 'exchange_rates_pipeline' retrieved from /opt/airflow/dags/dag.py
[2026-01-05T13:33:34.514+0000] {logging_mixin.py:188} INFO - [2026-01-05T13:33:34.514+0000] {dag.py:3096} INFO - Sync 1 DAGs
[2026-01-05T13:33:34.529+0000] {logging_mixin.py:188} INFO - [2026-01-05T13:33:34.529+0000] {dag.py:3954} INFO - Setting next_dagrun for exchange_rates_pipeline to None, run_after=None
[2026-01-05T13:33:34.549+0000] {processor.py:183} INFO - Processing /opt/airflow/dags/dag.py took 0.110 seconds
[2026-01-05T13:34:04.664+0000] {processor.py:161} INFO - Started process (PID=429) to work on /opt/airflow/dags/dag.py
[2026-01-05T13:34:04.666+0000] {processor.py:830} INFO - Processing file /opt/airflow/dags/dag.py for tasks to queue
[2026-01-05T13:34:04.668+0000] {logging_mixin.py:188} INFO - [2026-01-05T13:34:04.668+0000] {dagbag.py:545} INFO - Filling up the DagBag from /opt/airflow/dags/dag.py
[2026-01-05T13:34:04.692+0000] {processor.py:840} INFO - DAG(s) 'exchange_rates_pipeline' retrieved from /opt/airflow/dags/dag.py
[2026-01-05T13:34:04.721+0000] {logging_mixin.py:188} INFO - [2026-01-05T13:34:04.721+0000] {dag.py:3096} INFO - Sync 1 DAGs
[2026-01-05T13:34:04.733+0000] {logging_mixin.py:188} INFO - [2026-01-05T13:34:04.732+0000] {dag.py:3954} INFO - Setting next_dagrun for exchange_rates_pipeline to None, run_after=None
[2026-01-05T13:34:04.753+0000] {processor.py:183} INFO - Processing /opt/airflow/dags/dag.py took 0.097 seconds
[2026-01-05T13:34:34.881+0000] {processor.py:161} INFO - Started process (PID=434) to work on /opt/airflow/dags/dag.py
[2026-01-05T13:34:34.882+0000] {processor.py:830} INFO - Processing file /opt/airflow/dags/dag.py for tasks to queue
[2026-01-05T13:34:34.884+0000] {logging_mixin.py:188} INFO - [2026-01-05T13:34:34.884+0000] {dagbag.py:545} INFO - Filling up the DagBag from /opt/airflow/dags/dag.py
[2026-01-05T13:34:34.914+0000] {processor.py:840} INFO - DAG(s) 'exchange_rates_pipeline' retrieved from /opt/airflow/dags/dag.py
[2026-01-05T13:34:34.946+0000] {logging_mixin.py:188} INFO - [2026-01-05T13:34:34.945+0000] {dag.py:3096} INFO - Sync 1 DAGs
[2026-01-05T13:34:34.958+0000] {logging_mixin.py:188} INFO - [2026-01-05T13:34:34.958+0000] {dag.py:3954} INFO - Setting next_dagrun for exchange_rates_pipeline to None, run_after=None
[2026-01-05T13:34:34.980+0000] {processor.py:183} INFO - Processing /opt/airflow/dags/dag.py took 0.105 seconds
[2026-01-05T13:35:05.165+0000] {processor.py:161} INFO - Started process (PID=439) to work on /opt/airflow/dags/dag.py
[2026-01-05T13:35:05.166+0000] {processor.py:830} INFO - Processing file /opt/airflow/dags/dag.py for tasks to queue
[2026-01-05T13:35:05.168+0000] {logging_mixin.py:188} INFO - [2026-01-05T13:35:05.168+0000] {dagbag.py:545} INFO - Filling up the DagBag from /opt/airflow/dags/dag.py
[2026-01-05T13:35:05.184+0000] {processor.py:840} INFO - DAG(s) 'exchange_rates_pipeline' retrieved from /opt/airflow/dags/dag.py
[2026-01-05T13:35:05.214+0000] {logging_mixin.py:188} INFO - [2026-01-05T13:35:05.213+0000] {dag.py:3096} INFO - Sync 1 DAGs
[2026-01-05T13:35:05.225+0000] {logging_mixin.py:188} INFO - [2026-01-05T13:35:05.225+0000] {dag.py:3954} INFO - Setting next_dagrun for exchange_rates_pipeline to None, run_after=None
[2026-01-05T13:35:05.247+0000] {processor.py:183} INFO - Processing /opt/airflow/dags/dag.py took 0.087 seconds
[2026-01-05T13:35:35.391+0000] {processor.py:161} INFO - Started process (PID=444) to work on /opt/airflow/dags/dag.py
[2026-01-05T13:35:35.392+0000] {processor.py:830} INFO - Processing file /opt/airflow/dags/dag.py for tasks to queue
[2026-01-05T13:35:35.394+0000] {logging_mixin.py:188} INFO - [2026-01-05T13:35:35.394+0000] {dagbag.py:545} INFO - Filling up the DagBag from /opt/airflow/dags/dag.py
[2026-01-05T13:35:35.412+0000] {processor.py:840} INFO - DAG(s) 'exchange_rates_pipeline' retrieved from /opt/airflow/dags/dag.py
[2026-01-05T13:35:35.439+0000] {logging_mixin.py:188} INFO - [2026-01-05T13:35:35.439+0000] {dag.py:3096} INFO - Sync 1 DAGs
[2026-01-05T13:35:35.452+0000] {logging_mixin.py:188} INFO - [2026-01-05T13:35:35.451+0000] {dag.py:3954} INFO - Setting next_dagrun for exchange_rates_pipeline to None, run_after=None
[2026-01-05T13:35:35.475+0000] {processor.py:183} INFO - Processing /opt/airflow/dags/dag.py took 0.090 seconds
[2026-01-05T13:36:05.700+0000] {processor.py:161} INFO - Started process (PID=449) to work on /opt/airflow/dags/dag.py
[2026-01-05T13:36:05.701+0000] {processor.py:830} INFO - Processing file /opt/airflow/dags/dag.py for tasks to queue
[2026-01-05T13:36:05.706+0000] {logging_mixin.py:188} INFO - [2026-01-05T13:36:05.705+0000] {dagbag.py:545} INFO - Filling up the DagBag from /opt/airflow/dags/dag.py
[2026-01-05T13:36:05.758+0000] {processor.py:840} INFO - DAG(s) 'exchange_rates_pipeline' retrieved from /opt/airflow/dags/dag.py
[2026-01-05T13:36:05.843+0000] {logging_mixin.py:188} INFO - [2026-01-05T13:36:05.842+0000] {dag.py:3096} INFO - Sync 1 DAGs
[2026-01-05T13:36:05.874+0000] {logging_mixin.py:188} INFO - [2026-01-05T13:36:05.874+0000] {dag.py:3954} INFO - Setting next_dagrun for exchange_rates_pipeline to None, run_after=None
[2026-01-05T13:36:05.914+0000] {processor.py:183} INFO - Processing /opt/airflow/dags/dag.py took 0.228 seconds
[2026-01-05T13:36:36.134+0000] {processor.py:161} INFO - Started process (PID=454) to work on /opt/airflow/dags/dag.py
[2026-01-05T13:36:36.137+0000] {processor.py:830} INFO - Processing file /opt/airflow/dags/dag.py for tasks to queue
[2026-01-05T13:36:36.140+0000] {logging_mixin.py:188} INFO - [2026-01-05T13:36:36.139+0000] {dagbag.py:545} INFO - Filling up the DagBag from /opt/airflow/dags/dag.py
[2026-01-05T13:36:36.171+0000] {processor.py:840} INFO - DAG(s) 'exchange_rates_pipeline' retrieved from /opt/airflow/dags/dag.py
[2026-01-05T13:36:36.220+0000] {logging_mixin.py:188} INFO - [2026-01-05T13:36:36.220+0000] {dag.py:3096} INFO - Sync 1 DAGs
[2026-01-05T13:36:36.254+0000] {logging_mixin.py:188} INFO - [2026-01-05T13:36:36.254+0000] {dag.py:3954} INFO - Setting next_dagrun for exchange_rates_pipeline to None, run_after=None
[2026-01-05T13:36:36.295+0000] {processor.py:183} INFO - Processing /opt/airflow/dags/dag.py took 0.167 seconds
[2026-01-05T13:37:06.346+0000] {processor.py:161} INFO - Started process (PID=459) to work on /opt/airflow/dags/dag.py
[2026-01-05T13:37:06.347+0000] {processor.py:830} INFO - Processing file /opt/airflow/dags/dag.py for tasks to queue
[2026-01-05T13:37:06.349+0000] {logging_mixin.py:188} INFO - [2026-01-05T13:37:06.348+0000] {dagbag.py:545} INFO - Filling up the DagBag from /opt/airflow/dags/dag.py
[2026-01-05T13:37:06.370+0000] {processor.py:840} INFO - DAG(s) 'exchange_rates_pipeline' retrieved from /opt/airflow/dags/dag.py
[2026-01-05T13:37:06.403+0000] {logging_mixin.py:188} INFO - [2026-01-05T13:37:06.403+0000] {dag.py:3096} INFO - Sync 1 DAGs
[2026-01-05T13:37:06.424+0000] {logging_mixin.py:188} INFO - [2026-01-05T13:37:06.424+0000] {dag.py:3954} INFO - Setting next_dagrun for exchange_rates_pipeline to None, run_after=None
[2026-01-05T13:37:06.453+0000] {processor.py:183} INFO - Processing /opt/airflow/dags/dag.py took 0.115 seconds
[2026-01-05T13:37:36.566+0000] {processor.py:161} INFO - Started process (PID=464) to work on /opt/airflow/dags/dag.py
[2026-01-05T13:37:36.567+0000] {processor.py:830} INFO - Processing file /opt/airflow/dags/dag.py for tasks to queue
[2026-01-05T13:37:36.569+0000] {logging_mixin.py:188} INFO - [2026-01-05T13:37:36.568+0000] {dagbag.py:545} INFO - Filling up the DagBag from /opt/airflow/dags/dag.py
[2026-01-05T13:37:36.584+0000] {processor.py:840} INFO - DAG(s) 'exchange_rates_pipeline' retrieved from /opt/airflow/dags/dag.py
[2026-01-05T13:37:36.614+0000] {logging_mixin.py:188} INFO - [2026-01-05T13:37:36.613+0000] {dag.py:3096} INFO - Sync 1 DAGs
[2026-01-05T13:37:36.626+0000] {logging_mixin.py:188} INFO - [2026-01-05T13:37:36.626+0000] {dag.py:3954} INFO - Setting next_dagrun for exchange_rates_pipeline to None, run_after=None
[2026-01-05T13:37:36.648+0000] {processor.py:183} INFO - Processing /opt/airflow/dags/dag.py took 0.088 seconds
[2026-01-05T13:38:06.858+0000] {processor.py:161} INFO - Started process (PID=469) to work on /opt/airflow/dags/dag.py
[2026-01-05T13:38:06.859+0000] {processor.py:830} INFO - Processing file /opt/airflow/dags/dag.py for tasks to queue
[2026-01-05T13:38:06.860+0000] {logging_mixin.py:188} INFO - [2026-01-05T13:38:06.860+0000] {dagbag.py:545} INFO - Filling up the DagBag from /opt/airflow/dags/dag.py
[2026-01-05T13:38:06.883+0000] {processor.py:840} INFO - DAG(s) 'exchange_rates_pipeline' retrieved from /opt/airflow/dags/dag.py
[2026-01-05T13:38:06.920+0000] {logging_mixin.py:188} INFO - [2026-01-05T13:38:06.920+0000] {dag.py:3096} INFO - Sync 1 DAGs
[2026-01-05T13:38:06.935+0000] {logging_mixin.py:188} INFO - [2026-01-05T13:38:06.935+0000] {dag.py:3954} INFO - Setting next_dagrun for exchange_rates_pipeline to None, run_after=None
[2026-01-05T13:38:06.958+0000] {processor.py:183} INFO - Processing /opt/airflow/dags/dag.py took 0.106 seconds
[2026-01-05T13:38:37.070+0000] {processor.py:161} INFO - Started process (PID=474) to work on /opt/airflow/dags/dag.py
[2026-01-05T13:38:37.071+0000] {processor.py:830} INFO - Processing file /opt/airflow/dags/dag.py for tasks to queue
[2026-01-05T13:38:37.073+0000] {logging_mixin.py:188} INFO - [2026-01-05T13:38:37.073+0000] {dagbag.py:545} INFO - Filling up the DagBag from /opt/airflow/dags/dag.py
[2026-01-05T13:38:37.089+0000] {processor.py:840} INFO - DAG(s) 'exchange_rates_pipeline' retrieved from /opt/airflow/dags/dag.py
[2026-01-05T13:38:37.118+0000] {logging_mixin.py:188} INFO - [2026-01-05T13:38:37.118+0000] {dag.py:3096} INFO - Sync 1 DAGs
[2026-01-05T13:38:37.130+0000] {logging_mixin.py:188} INFO - [2026-01-05T13:38:37.130+0000] {dag.py:3954} INFO - Setting next_dagrun for exchange_rates_pipeline to None, run_after=None
[2026-01-05T13:38:37.154+0000] {processor.py:183} INFO - Processing /opt/airflow/dags/dag.py took 0.089 seconds
[2026-01-05T13:39:07.507+0000] {processor.py:161} INFO - Started process (PID=479) to work on /opt/airflow/dags/dag.py
[2026-01-05T13:39:07.509+0000] {processor.py:830} INFO - Processing file /opt/airflow/dags/dag.py for tasks to queue
[2026-01-05T13:39:07.510+0000] {logging_mixin.py:188} INFO - [2026-01-05T13:39:07.510+0000] {dagbag.py:545} INFO - Filling up the DagBag from /opt/airflow/dags/dag.py
[2026-01-05T13:39:07.528+0000] {processor.py:840} INFO - DAG(s) 'exchange_rates_pipeline' retrieved from /opt/airflow/dags/dag.py
[2026-01-05T13:39:07.556+0000] {logging_mixin.py:188} INFO - [2026-01-05T13:39:07.556+0000] {dag.py:3096} INFO - Sync 1 DAGs
[2026-01-05T13:39:07.568+0000] {logging_mixin.py:188} INFO - [2026-01-05T13:39:07.568+0000] {dag.py:3954} INFO - Setting next_dagrun for exchange_rates_pipeline to None, run_after=None
[2026-01-05T13:39:07.589+0000] {processor.py:183} INFO - Processing /opt/airflow/dags/dag.py took 0.087 seconds
[2026-01-05T13:39:37.760+0000] {processor.py:161} INFO - Started process (PID=484) to work on /opt/airflow/dags/dag.py
[2026-01-05T13:39:37.762+0000] {processor.py:830} INFO - Processing file /opt/airflow/dags/dag.py for tasks to queue
[2026-01-05T13:39:37.765+0000] {logging_mixin.py:188} INFO - [2026-01-05T13:39:37.765+0000] {dagbag.py:545} INFO - Filling up the DagBag from /opt/airflow/dags/dag.py
[2026-01-05T13:39:37.798+0000] {processor.py:840} INFO - DAG(s) 'exchange_rates_pipeline' retrieved from /opt/airflow/dags/dag.py
[2026-01-05T13:39:37.842+0000] {logging_mixin.py:188} INFO - [2026-01-05T13:39:37.841+0000] {dag.py:3096} INFO - Sync 1 DAGs
[2026-01-05T13:39:37.862+0000] {logging_mixin.py:188} INFO - [2026-01-05T13:39:37.861+0000] {dag.py:3954} INFO - Setting next_dagrun for exchange_rates_pipeline to None, run_after=None
[2026-01-05T13:39:37.890+0000] {processor.py:183} INFO - Processing /opt/airflow/dags/dag.py took 0.138 seconds
[2026-01-05T13:40:08.042+0000] {processor.py:161} INFO - Started process (PID=489) to work on /opt/airflow/dags/dag.py
[2026-01-05T13:40:08.043+0000] {processor.py:830} INFO - Processing file /opt/airflow/dags/dag.py for tasks to queue
[2026-01-05T13:40:08.046+0000] {logging_mixin.py:188} INFO - [2026-01-05T13:40:08.046+0000] {dagbag.py:545} INFO - Filling up the DagBag from /opt/airflow/dags/dag.py
[2026-01-05T13:40:08.073+0000] {processor.py:840} INFO - DAG(s) 'exchange_rates_pipeline' retrieved from /opt/airflow/dags/dag.py
[2026-01-05T13:40:08.116+0000] {logging_mixin.py:188} INFO - [2026-01-05T13:40:08.116+0000] {dag.py:3096} INFO - Sync 1 DAGs
[2026-01-05T13:40:08.131+0000] {logging_mixin.py:188} INFO - [2026-01-05T13:40:08.130+0000] {dag.py:3954} INFO - Setting next_dagrun for exchange_rates_pipeline to None, run_after=None
[2026-01-05T13:40:08.154+0000] {processor.py:183} INFO - Processing /opt/airflow/dags/dag.py took 0.124 seconds
[2026-01-05T13:40:38.371+0000] {processor.py:161} INFO - Started process (PID=494) to work on /opt/airflow/dags/dag.py
[2026-01-05T13:40:38.372+0000] {processor.py:830} INFO - Processing file /opt/airflow/dags/dag.py for tasks to queue
[2026-01-05T13:40:38.374+0000] {logging_mixin.py:188} INFO - [2026-01-05T13:40:38.374+0000] {dagbag.py:545} INFO - Filling up the DagBag from /opt/airflow/dags/dag.py
[2026-01-05T13:40:38.405+0000] {processor.py:840} INFO - DAG(s) 'exchange_rates_pipeline' retrieved from /opt/airflow/dags/dag.py
[2026-01-05T13:40:38.460+0000] {logging_mixin.py:188} INFO - [2026-01-05T13:40:38.460+0000] {dag.py:3096} INFO - Sync 1 DAGs
[2026-01-05T13:40:38.504+0000] {logging_mixin.py:188} INFO - [2026-01-05T13:40:38.504+0000] {dag.py:3954} INFO - Setting next_dagrun for exchange_rates_pipeline to None, run_after=None
[2026-01-05T13:40:38.537+0000] {processor.py:183} INFO - Processing /opt/airflow/dags/dag.py took 0.174 seconds
[2026-01-05T13:41:09.486+0000] {processor.py:161} INFO - Started process (PID=499) to work on /opt/airflow/dags/dag.py
[2026-01-05T13:41:09.488+0000] {processor.py:830} INFO - Processing file /opt/airflow/dags/dag.py for tasks to queue
[2026-01-05T13:41:09.491+0000] {logging_mixin.py:188} INFO - [2026-01-05T13:41:09.490+0000] {dagbag.py:545} INFO - Filling up the DagBag from /opt/airflow/dags/dag.py
[2026-01-05T13:41:09.562+0000] {processor.py:840} INFO - DAG(s) 'exchange_rates_pipeline' retrieved from /opt/airflow/dags/dag.py
[2026-01-05T13:41:09.940+0000] {logging_mixin.py:188} INFO - [2026-01-05T13:41:09.940+0000] {dag.py:3096} INFO - Sync 1 DAGs
[2026-01-05T13:41:10.030+0000] {logging_mixin.py:188} INFO - [2026-01-05T13:41:10.030+0000] {dag.py:3954} INFO - Setting next_dagrun for exchange_rates_pipeline to None, run_after=None
[2026-01-05T13:41:10.127+0000] {processor.py:183} INFO - Processing /opt/airflow/dags/dag.py took 0.649 seconds
[2026-01-05T13:41:40.870+0000] {processor.py:161} INFO - Started process (PID=504) to work on /opt/airflow/dags/dag.py
[2026-01-05T13:41:40.871+0000] {processor.py:830} INFO - Processing file /opt/airflow/dags/dag.py for tasks to queue
[2026-01-05T13:41:40.874+0000] {logging_mixin.py:188} INFO - [2026-01-05T13:41:40.873+0000] {dagbag.py:545} INFO - Filling up the DagBag from /opt/airflow/dags/dag.py
[2026-01-05T13:41:40.894+0000] {processor.py:840} INFO - DAG(s) 'exchange_rates_pipeline' retrieved from /opt/airflow/dags/dag.py
[2026-01-05T13:41:40.925+0000] {logging_mixin.py:188} INFO - [2026-01-05T13:41:40.925+0000] {dag.py:3096} INFO - Sync 1 DAGs
[2026-01-05T13:41:40.938+0000] {logging_mixin.py:188} INFO - [2026-01-05T13:41:40.938+0000] {dag.py:3954} INFO - Setting next_dagrun for exchange_rates_pipeline to None, run_after=None
[2026-01-05T13:41:40.960+0000] {processor.py:183} INFO - Processing /opt/airflow/dags/dag.py took 0.096 seconds
