[2026-01-07T13:55:17.946+0000] {processor.py:161} INFO - Started process (PID=180) to work on /opt/airflow/dags/dag.py
[2026-01-07T13:55:17.953+0000] {processor.py:830} INFO - Processing file /opt/airflow/dags/dag.py for tasks to queue
[2026-01-07T13:55:17.964+0000] {logging_mixin.py:188} INFO - [2026-01-07T13:55:17.963+0000] {dagbag.py:545} INFO - Filling up the DagBag from /opt/airflow/dags/dag.py
[2026-01-07T13:55:18.047+0000] {processor.py:840} INFO - DAG(s) 'exchange_rates_pipeline' retrieved from /opt/airflow/dags/dag.py
[2026-01-07T13:55:18.108+0000] {logging_mixin.py:188} INFO - [2026-01-07T13:55:18.106+0000] {dag.py:3096} INFO - Sync 1 DAGs
[2026-01-07T13:55:18.138+0000] {logging_mixin.py:188} INFO - [2026-01-07T13:55:18.138+0000] {dag.py:3954} INFO - Setting next_dagrun for exchange_rates_pipeline to None, run_after=None
[2026-01-07T13:55:18.180+0000] {processor.py:183} INFO - Processing /opt/airflow/dags/dag.py took 0.249 seconds
[2026-01-07T13:55:48.531+0000] {processor.py:161} INFO - Started process (PID=185) to work on /opt/airflow/dags/dag.py
[2026-01-07T13:55:48.541+0000] {processor.py:830} INFO - Processing file /opt/airflow/dags/dag.py for tasks to queue
[2026-01-07T13:55:48.554+0000] {logging_mixin.py:188} INFO - [2026-01-07T13:55:48.551+0000] {dagbag.py:545} INFO - Filling up the DagBag from /opt/airflow/dags/dag.py
[2026-01-07T13:55:48.672+0000] {processor.py:840} INFO - DAG(s) 'exchange_rates_pipeline' retrieved from /opt/airflow/dags/dag.py
[2026-01-07T13:55:50.201+0000] {logging_mixin.py:188} INFO - [2026-01-07T13:55:50.200+0000] {dag.py:3096} INFO - Sync 1 DAGs
[2026-01-07T13:55:50.229+0000] {logging_mixin.py:188} INFO - [2026-01-07T13:55:50.228+0000] {dag.py:3954} INFO - Setting next_dagrun for exchange_rates_pipeline to None, run_after=None
[2026-01-07T13:55:50.265+0000] {processor.py:183} INFO - Processing /opt/airflow/dags/dag.py took 1.779 seconds
[2026-01-07T13:56:20.696+0000] {processor.py:161} INFO - Started process (PID=192) to work on /opt/airflow/dags/dag.py
[2026-01-07T13:56:20.705+0000] {processor.py:830} INFO - Processing file /opt/airflow/dags/dag.py for tasks to queue
[2026-01-07T13:56:20.742+0000] {logging_mixin.py:188} INFO - [2026-01-07T13:56:20.733+0000] {dagbag.py:545} INFO - Filling up the DagBag from /opt/airflow/dags/dag.py
[2026-01-07T13:56:20.888+0000] {processor.py:840} INFO - DAG(s) 'exchange_rates_pipeline' retrieved from /opt/airflow/dags/dag.py
[2026-01-07T13:56:21.051+0000] {logging_mixin.py:188} INFO - [2026-01-07T13:56:21.051+0000] {dag.py:3096} INFO - Sync 1 DAGs
[2026-01-07T13:56:21.131+0000] {logging_mixin.py:188} INFO - [2026-01-07T13:56:21.130+0000] {dag.py:3954} INFO - Setting next_dagrun for exchange_rates_pipeline to None, run_after=None
[2026-01-07T13:56:21.229+0000] {processor.py:183} INFO - Processing /opt/airflow/dags/dag.py took 0.584 seconds
[2026-01-07T13:56:51.629+0000] {processor.py:161} INFO - Started process (PID=199) to work on /opt/airflow/dags/dag.py
[2026-01-07T13:56:51.638+0000] {processor.py:830} INFO - Processing file /opt/airflow/dags/dag.py for tasks to queue
[2026-01-07T13:56:51.643+0000] {logging_mixin.py:188} INFO - [2026-01-07T13:56:51.643+0000] {dagbag.py:545} INFO - Filling up the DagBag from /opt/airflow/dags/dag.py
[2026-01-07T13:56:51.685+0000] {processor.py:840} INFO - DAG(s) 'exchange_rates_pipeline' retrieved from /opt/airflow/dags/dag.py
[2026-01-07T13:56:51.740+0000] {logging_mixin.py:188} INFO - [2026-01-07T13:56:51.739+0000] {dag.py:3096} INFO - Sync 1 DAGs
[2026-01-07T13:56:51.757+0000] {logging_mixin.py:188} INFO - [2026-01-07T13:56:51.757+0000] {dag.py:3954} INFO - Setting next_dagrun for exchange_rates_pipeline to None, run_after=None
[2026-01-07T13:56:51.783+0000] {processor.py:183} INFO - Processing /opt/airflow/dags/dag.py took 0.178 seconds
[2026-01-07T13:57:22.128+0000] {processor.py:161} INFO - Started process (PID=204) to work on /opt/airflow/dags/dag.py
[2026-01-07T13:57:22.131+0000] {processor.py:830} INFO - Processing file /opt/airflow/dags/dag.py for tasks to queue
[2026-01-07T13:57:22.133+0000] {logging_mixin.py:188} INFO - [2026-01-07T13:57:22.133+0000] {dagbag.py:545} INFO - Filling up the DagBag from /opt/airflow/dags/dag.py
[2026-01-07T13:57:22.238+0000] {processor.py:840} INFO - DAG(s) 'exchange_rates_pipeline' retrieved from /opt/airflow/dags/dag.py
[2026-01-07T13:57:22.406+0000] {logging_mixin.py:188} INFO - [2026-01-07T13:57:22.406+0000] {dag.py:3096} INFO - Sync 1 DAGs
[2026-01-07T13:57:22.456+0000] {logging_mixin.py:188} INFO - [2026-01-07T13:57:22.456+0000] {dag.py:3954} INFO - Setting next_dagrun for exchange_rates_pipeline to None, run_after=None
[2026-01-07T13:57:22.613+0000] {processor.py:183} INFO - Processing /opt/airflow/dags/dag.py took 0.498 seconds
[2026-01-07T13:57:52.827+0000] {processor.py:161} INFO - Started process (PID=209) to work on /opt/airflow/dags/dag.py
[2026-01-07T13:57:52.829+0000] {processor.py:830} INFO - Processing file /opt/airflow/dags/dag.py for tasks to queue
[2026-01-07T13:57:52.831+0000] {logging_mixin.py:188} INFO - [2026-01-07T13:57:52.831+0000] {dagbag.py:545} INFO - Filling up the DagBag from /opt/airflow/dags/dag.py
[2026-01-07T13:57:52.853+0000] {processor.py:840} INFO - DAG(s) 'exchange_rates_pipeline' retrieved from /opt/airflow/dags/dag.py
[2026-01-07T13:57:52.886+0000] {logging_mixin.py:188} INFO - [2026-01-07T13:57:52.886+0000] {dag.py:3096} INFO - Sync 1 DAGs
[2026-01-07T13:57:52.900+0000] {logging_mixin.py:188} INFO - [2026-01-07T13:57:52.899+0000] {dag.py:3954} INFO - Setting next_dagrun for exchange_rates_pipeline to None, run_after=None
[2026-01-07T13:57:52.931+0000] {processor.py:183} INFO - Processing /opt/airflow/dags/dag.py took 0.111 seconds
[2026-01-07T13:58:23.041+0000] {processor.py:161} INFO - Started process (PID=214) to work on /opt/airflow/dags/dag.py
[2026-01-07T13:58:23.043+0000] {processor.py:830} INFO - Processing file /opt/airflow/dags/dag.py for tasks to queue
[2026-01-07T13:58:23.046+0000] {logging_mixin.py:188} INFO - [2026-01-07T13:58:23.046+0000] {dagbag.py:545} INFO - Filling up the DagBag from /opt/airflow/dags/dag.py
[2026-01-07T13:58:23.071+0000] {processor.py:840} INFO - DAG(s) 'exchange_rates_pipeline' retrieved from /opt/airflow/dags/dag.py
[2026-01-07T13:58:23.108+0000] {logging_mixin.py:188} INFO - [2026-01-07T13:58:23.108+0000] {dag.py:3096} INFO - Sync 1 DAGs
[2026-01-07T13:58:23.124+0000] {logging_mixin.py:188} INFO - [2026-01-07T13:58:23.124+0000] {dag.py:3954} INFO - Setting next_dagrun for exchange_rates_pipeline to None, run_after=None
[2026-01-07T13:58:23.147+0000] {processor.py:183} INFO - Processing /opt/airflow/dags/dag.py took 0.113 seconds
[2026-01-07T13:58:53.325+0000] {processor.py:161} INFO - Started process (PID=219) to work on /opt/airflow/dags/dag.py
[2026-01-07T13:58:53.326+0000] {processor.py:830} INFO - Processing file /opt/airflow/dags/dag.py for tasks to queue
[2026-01-07T13:58:53.329+0000] {logging_mixin.py:188} INFO - [2026-01-07T13:58:53.328+0000] {dagbag.py:545} INFO - Filling up the DagBag from /opt/airflow/dags/dag.py
[2026-01-07T13:58:53.346+0000] {processor.py:840} INFO - DAG(s) 'exchange_rates_pipeline' retrieved from /opt/airflow/dags/dag.py
[2026-01-07T13:58:53.375+0000] {logging_mixin.py:188} INFO - [2026-01-07T13:58:53.375+0000] {dag.py:3096} INFO - Sync 1 DAGs
[2026-01-07T13:58:53.388+0000] {logging_mixin.py:188} INFO - [2026-01-07T13:58:53.387+0000] {dag.py:3954} INFO - Setting next_dagrun for exchange_rates_pipeline to None, run_after=None
[2026-01-07T13:58:53.411+0000] {processor.py:183} INFO - Processing /opt/airflow/dags/dag.py took 0.091 seconds
[2026-01-07T13:59:23.559+0000] {processor.py:161} INFO - Started process (PID=224) to work on /opt/airflow/dags/dag.py
[2026-01-07T13:59:23.560+0000] {processor.py:830} INFO - Processing file /opt/airflow/dags/dag.py for tasks to queue
[2026-01-07T13:59:23.563+0000] {logging_mixin.py:188} INFO - [2026-01-07T13:59:23.562+0000] {dagbag.py:545} INFO - Filling up the DagBag from /opt/airflow/dags/dag.py
[2026-01-07T13:59:23.582+0000] {processor.py:840} INFO - DAG(s) 'exchange_rates_pipeline' retrieved from /opt/airflow/dags/dag.py
[2026-01-07T13:59:23.614+0000] {logging_mixin.py:188} INFO - [2026-01-07T13:59:23.614+0000] {dag.py:3096} INFO - Sync 1 DAGs
[2026-01-07T13:59:23.628+0000] {logging_mixin.py:188} INFO - [2026-01-07T13:59:23.628+0000] {dag.py:3954} INFO - Setting next_dagrun for exchange_rates_pipeline to None, run_after=None
[2026-01-07T13:59:23.651+0000] {processor.py:183} INFO - Processing /opt/airflow/dags/dag.py took 0.097 seconds
[2026-01-07T13:59:53.878+0000] {processor.py:161} INFO - Started process (PID=229) to work on /opt/airflow/dags/dag.py
[2026-01-07T13:59:53.879+0000] {processor.py:830} INFO - Processing file /opt/airflow/dags/dag.py for tasks to queue
[2026-01-07T13:59:53.881+0000] {logging_mixin.py:188} INFO - [2026-01-07T13:59:53.880+0000] {dagbag.py:545} INFO - Filling up the DagBag from /opt/airflow/dags/dag.py
[2026-01-07T13:59:53.898+0000] {processor.py:840} INFO - DAG(s) 'exchange_rates_pipeline' retrieved from /opt/airflow/dags/dag.py
[2026-01-07T13:59:53.928+0000] {logging_mixin.py:188} INFO - [2026-01-07T13:59:53.927+0000] {dag.py:3096} INFO - Sync 1 DAGs
[2026-01-07T13:59:53.940+0000] {logging_mixin.py:188} INFO - [2026-01-07T13:59:53.939+0000] {dag.py:3954} INFO - Setting next_dagrun for exchange_rates_pipeline to None, run_after=None
[2026-01-07T13:59:53.961+0000] {processor.py:183} INFO - Processing /opt/airflow/dags/dag.py took 0.089 seconds
[2026-01-07T14:00:24.086+0000] {processor.py:161} INFO - Started process (PID=234) to work on /opt/airflow/dags/dag.py
[2026-01-07T14:00:24.087+0000] {processor.py:830} INFO - Processing file /opt/airflow/dags/dag.py for tasks to queue
[2026-01-07T14:00:24.090+0000] {logging_mixin.py:188} INFO - [2026-01-07T14:00:24.089+0000] {dagbag.py:545} INFO - Filling up the DagBag from /opt/airflow/dags/dag.py
[2026-01-07T14:00:24.108+0000] {processor.py:840} INFO - DAG(s) 'exchange_rates_pipeline' retrieved from /opt/airflow/dags/dag.py
[2026-01-07T14:00:24.138+0000] {logging_mixin.py:188} INFO - [2026-01-07T14:00:24.137+0000] {dag.py:3096} INFO - Sync 1 DAGs
[2026-01-07T14:00:24.150+0000] {logging_mixin.py:188} INFO - [2026-01-07T14:00:24.149+0000] {dag.py:3954} INFO - Setting next_dagrun for exchange_rates_pipeline to None, run_after=None
[2026-01-07T14:00:24.173+0000] {processor.py:183} INFO - Processing /opt/airflow/dags/dag.py took 0.093 seconds
[2026-01-07T14:00:54.309+0000] {processor.py:161} INFO - Started process (PID=239) to work on /opt/airflow/dags/dag.py
[2026-01-07T14:00:54.311+0000] {processor.py:830} INFO - Processing file /opt/airflow/dags/dag.py for tasks to queue
[2026-01-07T14:00:54.318+0000] {logging_mixin.py:188} INFO - [2026-01-07T14:00:54.317+0000] {dagbag.py:545} INFO - Filling up the DagBag from /opt/airflow/dags/dag.py
[2026-01-07T14:00:54.346+0000] {processor.py:840} INFO - DAG(s) 'exchange_rates_pipeline' retrieved from /opt/airflow/dags/dag.py
[2026-01-07T14:00:54.388+0000] {logging_mixin.py:188} INFO - [2026-01-07T14:00:54.388+0000] {dag.py:3096} INFO - Sync 1 DAGs
[2026-01-07T14:00:54.402+0000] {logging_mixin.py:188} INFO - [2026-01-07T14:00:54.402+0000] {dag.py:3954} INFO - Setting next_dagrun for exchange_rates_pipeline to None, run_after=None
[2026-01-07T14:00:54.425+0000] {processor.py:183} INFO - Processing /opt/airflow/dags/dag.py took 0.124 seconds
[2026-01-07T14:01:24.594+0000] {processor.py:161} INFO - Started process (PID=244) to work on /opt/airflow/dags/dag.py
[2026-01-07T14:01:24.595+0000] {processor.py:830} INFO - Processing file /opt/airflow/dags/dag.py for tasks to queue
[2026-01-07T14:01:24.598+0000] {logging_mixin.py:188} INFO - [2026-01-07T14:01:24.598+0000] {dagbag.py:545} INFO - Filling up the DagBag from /opt/airflow/dags/dag.py
[2026-01-07T14:01:24.622+0000] {processor.py:840} INFO - DAG(s) 'exchange_rates_pipeline' retrieved from /opt/airflow/dags/dag.py
[2026-01-07T14:01:24.650+0000] {logging_mixin.py:188} INFO - [2026-01-07T14:01:24.650+0000] {dag.py:3096} INFO - Sync 1 DAGs
[2026-01-07T14:01:24.663+0000] {logging_mixin.py:188} INFO - [2026-01-07T14:01:24.663+0000] {dag.py:3954} INFO - Setting next_dagrun for exchange_rates_pipeline to None, run_after=None
[2026-01-07T14:01:24.686+0000] {processor.py:183} INFO - Processing /opt/airflow/dags/dag.py took 0.098 seconds
[2026-01-07T14:01:54.828+0000] {processor.py:161} INFO - Started process (PID=249) to work on /opt/airflow/dags/dag.py
[2026-01-07T14:01:54.829+0000] {processor.py:830} INFO - Processing file /opt/airflow/dags/dag.py for tasks to queue
[2026-01-07T14:01:54.831+0000] {logging_mixin.py:188} INFO - [2026-01-07T14:01:54.831+0000] {dagbag.py:545} INFO - Filling up the DagBag from /opt/airflow/dags/dag.py
[2026-01-07T14:01:54.850+0000] {processor.py:840} INFO - DAG(s) 'exchange_rates_pipeline' retrieved from /opt/airflow/dags/dag.py
[2026-01-07T14:01:54.880+0000] {logging_mixin.py:188} INFO - [2026-01-07T14:01:54.880+0000] {dag.py:3096} INFO - Sync 1 DAGs
[2026-01-07T14:01:54.893+0000] {logging_mixin.py:188} INFO - [2026-01-07T14:01:54.893+0000] {dag.py:3954} INFO - Setting next_dagrun for exchange_rates_pipeline to None, run_after=None
[2026-01-07T14:01:54.915+0000] {processor.py:183} INFO - Processing /opt/airflow/dags/dag.py took 0.092 seconds
[2026-01-07T14:02:25.088+0000] {processor.py:161} INFO - Started process (PID=254) to work on /opt/airflow/dags/dag.py
[2026-01-07T14:02:25.089+0000] {processor.py:830} INFO - Processing file /opt/airflow/dags/dag.py for tasks to queue
[2026-01-07T14:02:25.091+0000] {logging_mixin.py:188} INFO - [2026-01-07T14:02:25.091+0000] {dagbag.py:545} INFO - Filling up the DagBag from /opt/airflow/dags/dag.py
[2026-01-07T14:02:25.109+0000] {processor.py:840} INFO - DAG(s) 'exchange_rates_pipeline' retrieved from /opt/airflow/dags/dag.py
[2026-01-07T14:02:25.140+0000] {logging_mixin.py:188} INFO - [2026-01-07T14:02:25.140+0000] {dag.py:3096} INFO - Sync 1 DAGs
[2026-01-07T14:02:25.156+0000] {logging_mixin.py:188} INFO - [2026-01-07T14:02:25.155+0000] {dag.py:3954} INFO - Setting next_dagrun for exchange_rates_pipeline to None, run_after=None
[2026-01-07T14:02:25.191+0000] {processor.py:183} INFO - Processing /opt/airflow/dags/dag.py took 0.109 seconds
[2026-01-07T14:02:55.338+0000] {processor.py:161} INFO - Started process (PID=259) to work on /opt/airflow/dags/dag.py
[2026-01-07T14:02:55.340+0000] {processor.py:830} INFO - Processing file /opt/airflow/dags/dag.py for tasks to queue
[2026-01-07T14:02:55.343+0000] {logging_mixin.py:188} INFO - [2026-01-07T14:02:55.343+0000] {dagbag.py:545} INFO - Filling up the DagBag from /opt/airflow/dags/dag.py
[2026-01-07T14:02:55.369+0000] {processor.py:840} INFO - DAG(s) 'exchange_rates_pipeline' retrieved from /opt/airflow/dags/dag.py
[2026-01-07T14:02:55.410+0000] {logging_mixin.py:188} INFO - [2026-01-07T14:02:55.410+0000] {dag.py:3096} INFO - Sync 1 DAGs
[2026-01-07T14:02:55.425+0000] {logging_mixin.py:188} INFO - [2026-01-07T14:02:55.425+0000] {dag.py:3954} INFO - Setting next_dagrun for exchange_rates_pipeline to None, run_after=None
[2026-01-07T14:02:55.448+0000] {processor.py:183} INFO - Processing /opt/airflow/dags/dag.py took 0.117 seconds
[2026-01-07T14:03:25.616+0000] {processor.py:161} INFO - Started process (PID=264) to work on /opt/airflow/dags/dag.py
[2026-01-07T14:03:25.619+0000] {processor.py:830} INFO - Processing file /opt/airflow/dags/dag.py for tasks to queue
[2026-01-07T14:03:25.625+0000] {logging_mixin.py:188} INFO - [2026-01-07T14:03:25.625+0000] {dagbag.py:545} INFO - Filling up the DagBag from /opt/airflow/dags/dag.py
[2026-01-07T14:03:25.652+0000] {processor.py:840} INFO - DAG(s) 'exchange_rates_pipeline' retrieved from /opt/airflow/dags/dag.py
[2026-01-07T14:03:25.688+0000] {logging_mixin.py:188} INFO - [2026-01-07T14:03:25.688+0000] {dag.py:3096} INFO - Sync 1 DAGs
[2026-01-07T14:03:25.703+0000] {logging_mixin.py:188} INFO - [2026-01-07T14:03:25.703+0000] {dag.py:3954} INFO - Setting next_dagrun for exchange_rates_pipeline to None, run_after=None
[2026-01-07T14:03:25.728+0000] {processor.py:183} INFO - Processing /opt/airflow/dags/dag.py took 0.128 seconds
[2026-01-07T14:03:55.827+0000] {processor.py:161} INFO - Started process (PID=269) to work on /opt/airflow/dags/dag.py
[2026-01-07T14:03:55.828+0000] {processor.py:830} INFO - Processing file /opt/airflow/dags/dag.py for tasks to queue
[2026-01-07T14:03:55.830+0000] {logging_mixin.py:188} INFO - [2026-01-07T14:03:55.830+0000] {dagbag.py:545} INFO - Filling up the DagBag from /opt/airflow/dags/dag.py
[2026-01-07T14:03:55.847+0000] {processor.py:840} INFO - DAG(s) 'exchange_rates_pipeline' retrieved from /opt/airflow/dags/dag.py
[2026-01-07T14:03:55.887+0000] {logging_mixin.py:188} INFO - [2026-01-07T14:03:55.887+0000] {dag.py:3096} INFO - Sync 1 DAGs
[2026-01-07T14:03:55.900+0000] {logging_mixin.py:188} INFO - [2026-01-07T14:03:55.900+0000] {dag.py:3954} INFO - Setting next_dagrun for exchange_rates_pipeline to None, run_after=None
[2026-01-07T14:03:55.923+0000] {processor.py:183} INFO - Processing /opt/airflow/dags/dag.py took 0.102 seconds
[2026-01-07T14:04:26.123+0000] {processor.py:161} INFO - Started process (PID=274) to work on /opt/airflow/dags/dag.py
[2026-01-07T14:04:26.124+0000] {processor.py:830} INFO - Processing file /opt/airflow/dags/dag.py for tasks to queue
[2026-01-07T14:04:26.126+0000] {logging_mixin.py:188} INFO - [2026-01-07T14:04:26.126+0000] {dagbag.py:545} INFO - Filling up the DagBag from /opt/airflow/dags/dag.py
[2026-01-07T14:04:26.145+0000] {processor.py:840} INFO - DAG(s) 'exchange_rates_pipeline' retrieved from /opt/airflow/dags/dag.py
[2026-01-07T14:04:26.176+0000] {logging_mixin.py:188} INFO - [2026-01-07T14:04:26.176+0000] {dag.py:3096} INFO - Sync 1 DAGs
[2026-01-07T14:04:26.192+0000] {logging_mixin.py:188} INFO - [2026-01-07T14:04:26.192+0000] {dag.py:3954} INFO - Setting next_dagrun for exchange_rates_pipeline to None, run_after=None
[2026-01-07T14:04:26.215+0000] {processor.py:183} INFO - Processing /opt/airflow/dags/dag.py took 0.097 seconds
[2026-01-07T14:04:56.323+0000] {processor.py:161} INFO - Started process (PID=279) to work on /opt/airflow/dags/dag.py
[2026-01-07T14:04:56.324+0000] {processor.py:830} INFO - Processing file /opt/airflow/dags/dag.py for tasks to queue
[2026-01-07T14:04:56.326+0000] {logging_mixin.py:188} INFO - [2026-01-07T14:04:56.326+0000] {dagbag.py:545} INFO - Filling up the DagBag from /opt/airflow/dags/dag.py
[2026-01-07T14:04:56.351+0000] {processor.py:840} INFO - DAG(s) 'exchange_rates_pipeline' retrieved from /opt/airflow/dags/dag.py
[2026-01-07T14:04:56.386+0000] {logging_mixin.py:188} INFO - [2026-01-07T14:04:56.386+0000] {dag.py:3096} INFO - Sync 1 DAGs
[2026-01-07T14:04:56.399+0000] {logging_mixin.py:188} INFO - [2026-01-07T14:04:56.399+0000] {dag.py:3954} INFO - Setting next_dagrun for exchange_rates_pipeline to None, run_after=None
[2026-01-07T14:04:56.417+0000] {processor.py:183} INFO - Processing /opt/airflow/dags/dag.py took 0.100 seconds
[2026-01-07T14:05:26.710+0000] {processor.py:161} INFO - Started process (PID=284) to work on /opt/airflow/dags/dag.py
[2026-01-07T14:05:26.712+0000] {processor.py:830} INFO - Processing file /opt/airflow/dags/dag.py for tasks to queue
[2026-01-07T14:05:26.714+0000] {logging_mixin.py:188} INFO - [2026-01-07T14:05:26.714+0000] {dagbag.py:545} INFO - Filling up the DagBag from /opt/airflow/dags/dag.py
[2026-01-07T14:05:26.739+0000] {processor.py:840} INFO - DAG(s) 'exchange_rates_pipeline' retrieved from /opt/airflow/dags/dag.py
[2026-01-07T14:05:26.778+0000] {logging_mixin.py:188} INFO - [2026-01-07T14:05:26.778+0000] {dag.py:3096} INFO - Sync 1 DAGs
[2026-01-07T14:05:26.790+0000] {logging_mixin.py:188} INFO - [2026-01-07T14:05:26.790+0000] {dag.py:3954} INFO - Setting next_dagrun for exchange_rates_pipeline to None, run_after=None
[2026-01-07T14:05:26.813+0000] {processor.py:183} INFO - Processing /opt/airflow/dags/dag.py took 0.108 seconds
[2026-01-07T14:05:56.918+0000] {processor.py:161} INFO - Started process (PID=289) to work on /opt/airflow/dags/dag.py
[2026-01-07T14:05:56.919+0000] {processor.py:830} INFO - Processing file /opt/airflow/dags/dag.py for tasks to queue
[2026-01-07T14:05:56.921+0000] {logging_mixin.py:188} INFO - [2026-01-07T14:05:56.921+0000] {dagbag.py:545} INFO - Filling up the DagBag from /opt/airflow/dags/dag.py
[2026-01-07T14:05:56.937+0000] {processor.py:840} INFO - DAG(s) 'exchange_rates_pipeline' retrieved from /opt/airflow/dags/dag.py
[2026-01-07T14:05:56.968+0000] {logging_mixin.py:188} INFO - [2026-01-07T14:05:56.967+0000] {dag.py:3096} INFO - Sync 1 DAGs
[2026-01-07T14:05:56.980+0000] {logging_mixin.py:188} INFO - [2026-01-07T14:05:56.980+0000] {dag.py:3954} INFO - Setting next_dagrun for exchange_rates_pipeline to None, run_after=None
[2026-01-07T14:05:57.003+0000] {processor.py:183} INFO - Processing /opt/airflow/dags/dag.py took 0.091 seconds
[2026-01-07T14:06:27.224+0000] {processor.py:161} INFO - Started process (PID=294) to work on /opt/airflow/dags/dag.py
[2026-01-07T14:06:27.225+0000] {processor.py:830} INFO - Processing file /opt/airflow/dags/dag.py for tasks to queue
[2026-01-07T14:06:27.227+0000] {logging_mixin.py:188} INFO - [2026-01-07T14:06:27.227+0000] {dagbag.py:545} INFO - Filling up the DagBag from /opt/airflow/dags/dag.py
[2026-01-07T14:06:27.247+0000] {processor.py:840} INFO - DAG(s) 'exchange_rates_pipeline' retrieved from /opt/airflow/dags/dag.py
[2026-01-07T14:06:27.276+0000] {logging_mixin.py:188} INFO - [2026-01-07T14:06:27.275+0000] {dag.py:3096} INFO - Sync 1 DAGs
[2026-01-07T14:06:27.288+0000] {logging_mixin.py:188} INFO - [2026-01-07T14:06:27.288+0000] {dag.py:3954} INFO - Setting next_dagrun for exchange_rates_pipeline to None, run_after=None
[2026-01-07T14:06:27.309+0000] {processor.py:183} INFO - Processing /opt/airflow/dags/dag.py took 0.090 seconds
[2026-01-07T14:06:57.438+0000] {processor.py:161} INFO - Started process (PID=299) to work on /opt/airflow/dags/dag.py
[2026-01-07T14:06:57.439+0000] {processor.py:830} INFO - Processing file /opt/airflow/dags/dag.py for tasks to queue
[2026-01-07T14:06:57.442+0000] {logging_mixin.py:188} INFO - [2026-01-07T14:06:57.441+0000] {dagbag.py:545} INFO - Filling up the DagBag from /opt/airflow/dags/dag.py
[2026-01-07T14:06:57.462+0000] {processor.py:840} INFO - DAG(s) 'exchange_rates_pipeline' retrieved from /opt/airflow/dags/dag.py
[2026-01-07T14:06:57.498+0000] {logging_mixin.py:188} INFO - [2026-01-07T14:06:57.497+0000] {dag.py:3096} INFO - Sync 1 DAGs
[2026-01-07T14:06:57.513+0000] {logging_mixin.py:188} INFO - [2026-01-07T14:06:57.513+0000] {dag.py:3954} INFO - Setting next_dagrun for exchange_rates_pipeline to None, run_after=None
[2026-01-07T14:06:57.540+0000] {processor.py:183} INFO - Processing /opt/airflow/dags/dag.py took 0.113 seconds
[2026-01-07T14:07:28.044+0000] {processor.py:161} INFO - Started process (PID=304) to work on /opt/airflow/dags/dag.py
[2026-01-07T14:07:28.051+0000] {processor.py:830} INFO - Processing file /opt/airflow/dags/dag.py for tasks to queue
[2026-01-07T14:07:28.072+0000] {logging_mixin.py:188} INFO - [2026-01-07T14:07:28.064+0000] {dagbag.py:545} INFO - Filling up the DagBag from /opt/airflow/dags/dag.py
[2026-01-07T14:07:28.135+0000] {processor.py:840} INFO - DAG(s) 'exchange_rates_pipeline' retrieved from /opt/airflow/dags/dag.py
[2026-01-07T14:07:28.252+0000] {logging_mixin.py:188} INFO - [2026-01-07T14:07:28.252+0000] {dag.py:3096} INFO - Sync 1 DAGs
[2026-01-07T14:07:28.339+0000] {logging_mixin.py:188} INFO - [2026-01-07T14:07:28.339+0000] {dag.py:3954} INFO - Setting next_dagrun for exchange_rates_pipeline to None, run_after=None
[2026-01-07T14:07:28.498+0000] {processor.py:183} INFO - Processing /opt/airflow/dags/dag.py took 0.510 seconds
[2026-01-07T14:07:58.920+0000] {processor.py:161} INFO - Started process (PID=309) to work on /opt/airflow/dags/dag.py
[2026-01-07T14:07:58.922+0000] {processor.py:830} INFO - Processing file /opt/airflow/dags/dag.py for tasks to queue
[2026-01-07T14:07:58.929+0000] {logging_mixin.py:188} INFO - [2026-01-07T14:07:58.928+0000] {dagbag.py:545} INFO - Filling up the DagBag from /opt/airflow/dags/dag.py
[2026-01-07T14:07:58.985+0000] {processor.py:840} INFO - DAG(s) 'exchange_rates_pipeline' retrieved from /opt/airflow/dags/dag.py
[2026-01-07T14:07:59.114+0000] {logging_mixin.py:188} INFO - [2026-01-07T14:07:59.113+0000] {dag.py:3096} INFO - Sync 1 DAGs
[2026-01-07T14:07:59.182+0000] {logging_mixin.py:188} INFO - [2026-01-07T14:07:59.182+0000] {dag.py:3954} INFO - Setting next_dagrun for exchange_rates_pipeline to None, run_after=None
[2026-01-07T14:07:59.228+0000] {processor.py:183} INFO - Processing /opt/airflow/dags/dag.py took 0.326 seconds
[2026-01-07T14:08:29.446+0000] {processor.py:161} INFO - Started process (PID=314) to work on /opt/airflow/dags/dag.py
[2026-01-07T14:08:29.448+0000] {processor.py:830} INFO - Processing file /opt/airflow/dags/dag.py for tasks to queue
[2026-01-07T14:08:29.455+0000] {logging_mixin.py:188} INFO - [2026-01-07T14:08:29.454+0000] {dagbag.py:545} INFO - Filling up the DagBag from /opt/airflow/dags/dag.py
[2026-01-07T14:08:29.497+0000] {processor.py:840} INFO - DAG(s) 'exchange_rates_pipeline' retrieved from /opt/airflow/dags/dag.py
[2026-01-07T14:08:29.562+0000] {logging_mixin.py:188} INFO - [2026-01-07T14:08:29.560+0000] {dag.py:3096} INFO - Sync 1 DAGs
[2026-01-07T14:08:29.592+0000] {logging_mixin.py:188} INFO - [2026-01-07T14:08:29.591+0000] {dag.py:3954} INFO - Setting next_dagrun for exchange_rates_pipeline to None, run_after=None
[2026-01-07T14:08:29.627+0000] {processor.py:183} INFO - Processing /opt/airflow/dags/dag.py took 0.189 seconds
[2026-01-07T14:09:00.042+0000] {processor.py:161} INFO - Started process (PID=319) to work on /opt/airflow/dags/dag.py
[2026-01-07T14:09:00.045+0000] {processor.py:830} INFO - Processing file /opt/airflow/dags/dag.py for tasks to queue
[2026-01-07T14:09:00.053+0000] {logging_mixin.py:188} INFO - [2026-01-07T14:09:00.052+0000] {dagbag.py:545} INFO - Filling up the DagBag from /opt/airflow/dags/dag.py
[2026-01-07T14:09:00.117+0000] {processor.py:840} INFO - DAG(s) 'exchange_rates_pipeline' retrieved from /opt/airflow/dags/dag.py
[2026-01-07T14:09:00.229+0000] {logging_mixin.py:188} INFO - [2026-01-07T14:09:00.229+0000] {dag.py:3096} INFO - Sync 1 DAGs
[2026-01-07T14:09:00.270+0000] {logging_mixin.py:188} INFO - [2026-01-07T14:09:00.270+0000] {dag.py:3954} INFO - Setting next_dagrun for exchange_rates_pipeline to None, run_after=None
[2026-01-07T14:09:00.308+0000] {processor.py:183} INFO - Processing /opt/airflow/dags/dag.py took 0.288 seconds
[2026-01-07T14:09:30.758+0000] {processor.py:161} INFO - Started process (PID=324) to work on /opt/airflow/dags/dag.py
[2026-01-07T14:09:30.763+0000] {processor.py:830} INFO - Processing file /opt/airflow/dags/dag.py for tasks to queue
[2026-01-07T14:09:30.777+0000] {logging_mixin.py:188} INFO - [2026-01-07T14:09:30.774+0000] {dagbag.py:545} INFO - Filling up the DagBag from /opt/airflow/dags/dag.py
[2026-01-07T14:09:30.873+0000] {processor.py:840} INFO - DAG(s) 'exchange_rates_pipeline' retrieved from /opt/airflow/dags/dag.py
[2026-01-07T14:09:31.002+0000] {logging_mixin.py:188} INFO - [2026-01-07T14:09:31.001+0000] {dag.py:3096} INFO - Sync 1 DAGs
[2026-01-07T14:09:31.030+0000] {logging_mixin.py:188} INFO - [2026-01-07T14:09:31.030+0000] {dag.py:3954} INFO - Setting next_dagrun for exchange_rates_pipeline to None, run_after=None
[2026-01-07T14:09:31.063+0000] {processor.py:183} INFO - Processing /opt/airflow/dags/dag.py took 0.369 seconds
[2026-01-07T14:10:01.312+0000] {processor.py:161} INFO - Started process (PID=329) to work on /opt/airflow/dags/dag.py
[2026-01-07T14:10:01.314+0000] {processor.py:830} INFO - Processing file /opt/airflow/dags/dag.py for tasks to queue
[2026-01-07T14:10:01.316+0000] {logging_mixin.py:188} INFO - [2026-01-07T14:10:01.316+0000] {dagbag.py:545} INFO - Filling up the DagBag from /opt/airflow/dags/dag.py
[2026-01-07T14:10:01.341+0000] {processor.py:840} INFO - DAG(s) 'exchange_rates_pipeline' retrieved from /opt/airflow/dags/dag.py
[2026-01-07T14:10:01.382+0000] {logging_mixin.py:188} INFO - [2026-01-07T14:10:01.382+0000] {dag.py:3096} INFO - Sync 1 DAGs
[2026-01-07T14:10:01.408+0000] {logging_mixin.py:188} INFO - [2026-01-07T14:10:01.407+0000] {dag.py:3954} INFO - Setting next_dagrun for exchange_rates_pipeline to None, run_after=None
[2026-01-07T14:10:01.438+0000] {processor.py:183} INFO - Processing /opt/airflow/dags/dag.py took 0.136 seconds
[2026-01-07T14:10:31.517+0000] {processor.py:161} INFO - Started process (PID=334) to work on /opt/airflow/dags/dag.py
[2026-01-07T14:10:31.519+0000] {processor.py:830} INFO - Processing file /opt/airflow/dags/dag.py for tasks to queue
[2026-01-07T14:10:31.522+0000] {logging_mixin.py:188} INFO - [2026-01-07T14:10:31.521+0000] {dagbag.py:545} INFO - Filling up the DagBag from /opt/airflow/dags/dag.py
[2026-01-07T14:10:31.545+0000] {processor.py:840} INFO - DAG(s) 'exchange_rates_pipeline' retrieved from /opt/airflow/dags/dag.py
[2026-01-07T14:10:31.584+0000] {logging_mixin.py:188} INFO - [2026-01-07T14:10:31.584+0000] {dag.py:3096} INFO - Sync 1 DAGs
[2026-01-07T14:10:31.601+0000] {logging_mixin.py:188} INFO - [2026-01-07T14:10:31.601+0000] {dag.py:3954} INFO - Setting next_dagrun for exchange_rates_pipeline to None, run_after=None
[2026-01-07T14:10:31.625+0000] {processor.py:183} INFO - Processing /opt/airflow/dags/dag.py took 0.118 seconds
[2026-01-07T14:11:01.710+0000] {processor.py:161} INFO - Started process (PID=339) to work on /opt/airflow/dags/dag.py
[2026-01-07T14:11:01.711+0000] {processor.py:830} INFO - Processing file /opt/airflow/dags/dag.py for tasks to queue
[2026-01-07T14:11:01.713+0000] {logging_mixin.py:188} INFO - [2026-01-07T14:11:01.713+0000] {dagbag.py:545} INFO - Filling up the DagBag from /opt/airflow/dags/dag.py
[2026-01-07T14:11:01.733+0000] {processor.py:840} INFO - DAG(s) 'exchange_rates_pipeline' retrieved from /opt/airflow/dags/dag.py
[2026-01-07T14:11:01.764+0000] {logging_mixin.py:188} INFO - [2026-01-07T14:11:01.764+0000] {dag.py:3096} INFO - Sync 1 DAGs
[2026-01-07T14:11:01.779+0000] {logging_mixin.py:188} INFO - [2026-01-07T14:11:01.779+0000] {dag.py:3954} INFO - Setting next_dagrun for exchange_rates_pipeline to None, run_after=None
[2026-01-07T14:11:01.806+0000] {processor.py:183} INFO - Processing /opt/airflow/dags/dag.py took 0.103 seconds
[2026-01-07T14:11:32.122+0000] {processor.py:161} INFO - Started process (PID=344) to work on /opt/airflow/dags/dag.py
[2026-01-07T14:11:32.123+0000] {processor.py:830} INFO - Processing file /opt/airflow/dags/dag.py for tasks to queue
[2026-01-07T14:11:32.126+0000] {logging_mixin.py:188} INFO - [2026-01-07T14:11:32.125+0000] {dagbag.py:545} INFO - Filling up the DagBag from /opt/airflow/dags/dag.py
[2026-01-07T14:11:32.151+0000] {processor.py:840} INFO - DAG(s) 'exchange_rates_pipeline' retrieved from /opt/airflow/dags/dag.py
[2026-01-07T14:11:32.202+0000] {logging_mixin.py:188} INFO - [2026-01-07T14:11:32.201+0000] {dag.py:3096} INFO - Sync 1 DAGs
[2026-01-07T14:11:32.220+0000] {logging_mixin.py:188} INFO - [2026-01-07T14:11:32.220+0000] {dag.py:3954} INFO - Setting next_dagrun for exchange_rates_pipeline to None, run_after=None
[2026-01-07T14:11:32.240+0000] {processor.py:183} INFO - Processing /opt/airflow/dags/dag.py took 0.135 seconds
[2026-01-07T14:12:02.325+0000] {processor.py:161} INFO - Started process (PID=349) to work on /opt/airflow/dags/dag.py
[2026-01-07T14:12:02.327+0000] {processor.py:830} INFO - Processing file /opt/airflow/dags/dag.py for tasks to queue
[2026-01-07T14:12:02.330+0000] {logging_mixin.py:188} INFO - [2026-01-07T14:12:02.329+0000] {dagbag.py:545} INFO - Filling up the DagBag from /opt/airflow/dags/dag.py
[2026-01-07T14:12:02.371+0000] {processor.py:840} INFO - DAG(s) 'exchange_rates_pipeline' retrieved from /opt/airflow/dags/dag.py
[2026-01-07T14:12:02.417+0000] {logging_mixin.py:188} INFO - [2026-01-07T14:12:02.417+0000] {dag.py:3096} INFO - Sync 1 DAGs
[2026-01-07T14:12:02.436+0000] {logging_mixin.py:188} INFO - [2026-01-07T14:12:02.436+0000] {dag.py:3954} INFO - Setting next_dagrun for exchange_rates_pipeline to None, run_after=None
[2026-01-07T14:12:02.467+0000] {processor.py:183} INFO - Processing /opt/airflow/dags/dag.py took 0.148 seconds
[2026-01-07T14:12:32.704+0000] {processor.py:161} INFO - Started process (PID=354) to work on /opt/airflow/dags/dag.py
[2026-01-07T14:12:32.706+0000] {processor.py:830} INFO - Processing file /opt/airflow/dags/dag.py for tasks to queue
[2026-01-07T14:12:32.708+0000] {logging_mixin.py:188} INFO - [2026-01-07T14:12:32.708+0000] {dagbag.py:545} INFO - Filling up the DagBag from /opt/airflow/dags/dag.py
[2026-01-07T14:12:32.737+0000] {processor.py:840} INFO - DAG(s) 'exchange_rates_pipeline' retrieved from /opt/airflow/dags/dag.py
[2026-01-07T14:12:32.785+0000] {logging_mixin.py:188} INFO - [2026-01-07T14:12:32.785+0000] {dag.py:3096} INFO - Sync 1 DAGs
[2026-01-07T14:12:32.800+0000] {logging_mixin.py:188} INFO - [2026-01-07T14:12:32.800+0000] {dag.py:3954} INFO - Setting next_dagrun for exchange_rates_pipeline to None, run_after=None
[2026-01-07T14:12:32.823+0000] {processor.py:183} INFO - Processing /opt/airflow/dags/dag.py took 0.129 seconds
[2026-01-07T14:13:02.973+0000] {processor.py:161} INFO - Started process (PID=359) to work on /opt/airflow/dags/dag.py
[2026-01-07T14:13:02.974+0000] {processor.py:830} INFO - Processing file /opt/airflow/dags/dag.py for tasks to queue
[2026-01-07T14:13:02.976+0000] {logging_mixin.py:188} INFO - [2026-01-07T14:13:02.976+0000] {dagbag.py:545} INFO - Filling up the DagBag from /opt/airflow/dags/dag.py
[2026-01-07T14:13:03.001+0000] {processor.py:840} INFO - DAG(s) 'exchange_rates_pipeline' retrieved from /opt/airflow/dags/dag.py
[2026-01-07T14:13:03.044+0000] {logging_mixin.py:188} INFO - [2026-01-07T14:13:03.043+0000] {dag.py:3096} INFO - Sync 1 DAGs
[2026-01-07T14:13:03.086+0000] {logging_mixin.py:188} INFO - [2026-01-07T14:13:03.086+0000] {dag.py:3954} INFO - Setting next_dagrun for exchange_rates_pipeline to None, run_after=None
[2026-01-07T14:13:03.129+0000] {processor.py:183} INFO - Processing /opt/airflow/dags/dag.py took 0.165 seconds
[2026-01-07T14:13:33.269+0000] {processor.py:161} INFO - Started process (PID=364) to work on /opt/airflow/dags/dag.py
[2026-01-07T14:13:33.271+0000] {processor.py:830} INFO - Processing file /opt/airflow/dags/dag.py for tasks to queue
[2026-01-07T14:13:33.282+0000] {logging_mixin.py:188} INFO - [2026-01-07T14:13:33.281+0000] {dagbag.py:545} INFO - Filling up the DagBag from /opt/airflow/dags/dag.py
[2026-01-07T14:13:33.314+0000] {processor.py:840} INFO - DAG(s) 'exchange_rates_pipeline' retrieved from /opt/airflow/dags/dag.py
[2026-01-07T14:13:33.354+0000] {logging_mixin.py:188} INFO - [2026-01-07T14:13:33.353+0000] {dag.py:3096} INFO - Sync 1 DAGs
[2026-01-07T14:13:33.376+0000] {logging_mixin.py:188} INFO - [2026-01-07T14:13:33.376+0000] {dag.py:3954} INFO - Setting next_dagrun for exchange_rates_pipeline to None, run_after=None
[2026-01-07T14:13:33.409+0000] {processor.py:183} INFO - Processing /opt/airflow/dags/dag.py took 0.146 seconds
[2026-01-07T14:14:03.618+0000] {processor.py:161} INFO - Started process (PID=369) to work on /opt/airflow/dags/dag.py
[2026-01-07T14:14:03.622+0000] {processor.py:830} INFO - Processing file /opt/airflow/dags/dag.py for tasks to queue
[2026-01-07T14:14:03.628+0000] {logging_mixin.py:188} INFO - [2026-01-07T14:14:03.627+0000] {dagbag.py:545} INFO - Filling up the DagBag from /opt/airflow/dags/dag.py
[2026-01-07T14:14:03.673+0000] {processor.py:840} INFO - DAG(s) 'exchange_rates_pipeline' retrieved from /opt/airflow/dags/dag.py
[2026-01-07T14:14:03.728+0000] {logging_mixin.py:188} INFO - [2026-01-07T14:14:03.728+0000] {dag.py:3096} INFO - Sync 1 DAGs
[2026-01-07T14:14:03.747+0000] {logging_mixin.py:188} INFO - [2026-01-07T14:14:03.747+0000] {dag.py:3954} INFO - Setting next_dagrun for exchange_rates_pipeline to None, run_after=None
[2026-01-07T14:14:03.785+0000] {processor.py:183} INFO - Processing /opt/airflow/dags/dag.py took 0.184 seconds
[2026-01-07T14:14:33.898+0000] {processor.py:161} INFO - Started process (PID=374) to work on /opt/airflow/dags/dag.py
[2026-01-07T14:14:33.903+0000] {processor.py:830} INFO - Processing file /opt/airflow/dags/dag.py for tasks to queue
[2026-01-07T14:14:33.905+0000] {logging_mixin.py:188} INFO - [2026-01-07T14:14:33.905+0000] {dagbag.py:545} INFO - Filling up the DagBag from /opt/airflow/dags/dag.py
[2026-01-07T14:14:33.948+0000] {processor.py:840} INFO - DAG(s) 'exchange_rates_pipeline' retrieved from /opt/airflow/dags/dag.py
[2026-01-07T14:14:33.994+0000] {logging_mixin.py:188} INFO - [2026-01-07T14:14:33.994+0000] {dag.py:3096} INFO - Sync 1 DAGs
[2026-01-07T14:14:34.012+0000] {logging_mixin.py:188} INFO - [2026-01-07T14:14:34.012+0000] {dag.py:3954} INFO - Setting next_dagrun for exchange_rates_pipeline to None, run_after=None
[2026-01-07T14:14:34.044+0000] {processor.py:183} INFO - Processing /opt/airflow/dags/dag.py took 0.155 seconds
[2026-01-07T14:15:04.224+0000] {processor.py:161} INFO - Started process (PID=379) to work on /opt/airflow/dags/dag.py
[2026-01-07T14:15:04.226+0000] {processor.py:830} INFO - Processing file /opt/airflow/dags/dag.py for tasks to queue
[2026-01-07T14:15:04.228+0000] {logging_mixin.py:188} INFO - [2026-01-07T14:15:04.228+0000] {dagbag.py:545} INFO - Filling up the DagBag from /opt/airflow/dags/dag.py
[2026-01-07T14:15:04.256+0000] {processor.py:840} INFO - DAG(s) 'exchange_rates_pipeline' retrieved from /opt/airflow/dags/dag.py
[2026-01-07T14:15:04.297+0000] {logging_mixin.py:188} INFO - [2026-01-07T14:15:04.296+0000] {dag.py:3096} INFO - Sync 1 DAGs
[2026-01-07T14:15:04.312+0000] {logging_mixin.py:188} INFO - [2026-01-07T14:15:04.312+0000] {dag.py:3954} INFO - Setting next_dagrun for exchange_rates_pipeline to None, run_after=None
[2026-01-07T14:15:04.344+0000] {processor.py:183} INFO - Processing /opt/airflow/dags/dag.py took 0.126 seconds
[2026-01-07T14:15:34.641+0000] {processor.py:161} INFO - Started process (PID=384) to work on /opt/airflow/dags/dag.py
[2026-01-07T14:15:34.643+0000] {processor.py:830} INFO - Processing file /opt/airflow/dags/dag.py for tasks to queue
[2026-01-07T14:15:34.647+0000] {logging_mixin.py:188} INFO - [2026-01-07T14:15:34.646+0000] {dagbag.py:545} INFO - Filling up the DagBag from /opt/airflow/dags/dag.py
[2026-01-07T14:15:34.680+0000] {processor.py:840} INFO - DAG(s) 'exchange_rates_pipeline' retrieved from /opt/airflow/dags/dag.py
[2026-01-07T14:15:34.743+0000] {logging_mixin.py:188} INFO - [2026-01-07T14:15:34.742+0000] {dag.py:3096} INFO - Sync 1 DAGs
[2026-01-07T14:15:34.765+0000] {logging_mixin.py:188} INFO - [2026-01-07T14:15:34.765+0000] {dag.py:3954} INFO - Setting next_dagrun for exchange_rates_pipeline to None, run_after=None
[2026-01-07T14:15:34.807+0000] {processor.py:183} INFO - Processing /opt/airflow/dags/dag.py took 0.176 seconds
[2026-01-07T14:16:05.104+0000] {processor.py:161} INFO - Started process (PID=389) to work on /opt/airflow/dags/dag.py
[2026-01-07T14:16:05.106+0000] {processor.py:830} INFO - Processing file /opt/airflow/dags/dag.py for tasks to queue
[2026-01-07T14:16:05.109+0000] {logging_mixin.py:188} INFO - [2026-01-07T14:16:05.109+0000] {dagbag.py:545} INFO - Filling up the DagBag from /opt/airflow/dags/dag.py
[2026-01-07T14:16:05.134+0000] {processor.py:840} INFO - DAG(s) 'exchange_rates_pipeline' retrieved from /opt/airflow/dags/dag.py
[2026-01-07T14:16:05.179+0000] {logging_mixin.py:188} INFO - [2026-01-07T14:16:05.179+0000] {dag.py:3096} INFO - Sync 1 DAGs
[2026-01-07T14:16:05.196+0000] {logging_mixin.py:188} INFO - [2026-01-07T14:16:05.195+0000] {dag.py:3954} INFO - Setting next_dagrun for exchange_rates_pipeline to None, run_after=None
[2026-01-07T14:16:05.232+0000] {processor.py:183} INFO - Processing /opt/airflow/dags/dag.py took 0.138 seconds
[2026-01-07T14:16:35.513+0000] {processor.py:161} INFO - Started process (PID=394) to work on /opt/airflow/dags/dag.py
[2026-01-07T14:16:35.514+0000] {processor.py:830} INFO - Processing file /opt/airflow/dags/dag.py for tasks to queue
[2026-01-07T14:16:35.517+0000] {logging_mixin.py:188} INFO - [2026-01-07T14:16:35.516+0000] {dagbag.py:545} INFO - Filling up the DagBag from /opt/airflow/dags/dag.py
[2026-01-07T14:16:35.534+0000] {processor.py:840} INFO - DAG(s) 'exchange_rates_pipeline' retrieved from /opt/airflow/dags/dag.py
[2026-01-07T14:16:35.573+0000] {logging_mixin.py:188} INFO - [2026-01-07T14:16:35.573+0000] {dag.py:3096} INFO - Sync 1 DAGs
[2026-01-07T14:16:35.586+0000] {logging_mixin.py:188} INFO - [2026-01-07T14:16:35.586+0000] {dag.py:3954} INFO - Setting next_dagrun for exchange_rates_pipeline to None, run_after=None
[2026-01-07T14:16:35.614+0000] {processor.py:183} INFO - Processing /opt/airflow/dags/dag.py took 0.106 seconds
[2026-01-07T14:17:05.748+0000] {processor.py:161} INFO - Started process (PID=399) to work on /opt/airflow/dags/dag.py
[2026-01-07T14:17:05.749+0000] {processor.py:830} INFO - Processing file /opt/airflow/dags/dag.py for tasks to queue
[2026-01-07T14:17:05.753+0000] {logging_mixin.py:188} INFO - [2026-01-07T14:17:05.752+0000] {dagbag.py:545} INFO - Filling up the DagBag from /opt/airflow/dags/dag.py
[2026-01-07T14:17:05.778+0000] {processor.py:840} INFO - DAG(s) 'exchange_rates_pipeline' retrieved from /opt/airflow/dags/dag.py
[2026-01-07T14:17:05.811+0000] {logging_mixin.py:188} INFO - [2026-01-07T14:17:05.810+0000] {dag.py:3096} INFO - Sync 1 DAGs
[2026-01-07T14:17:05.826+0000] {logging_mixin.py:188} INFO - [2026-01-07T14:17:05.825+0000] {dag.py:3954} INFO - Setting next_dagrun for exchange_rates_pipeline to None, run_after=None
[2026-01-07T14:17:05.847+0000] {processor.py:183} INFO - Processing /opt/airflow/dags/dag.py took 0.113 seconds
[2026-01-07T14:17:36.042+0000] {processor.py:161} INFO - Started process (PID=404) to work on /opt/airflow/dags/dag.py
[2026-01-07T14:17:36.043+0000] {processor.py:830} INFO - Processing file /opt/airflow/dags/dag.py for tasks to queue
[2026-01-07T14:17:36.047+0000] {logging_mixin.py:188} INFO - [2026-01-07T14:17:36.047+0000] {dagbag.py:545} INFO - Filling up the DagBag from /opt/airflow/dags/dag.py
[2026-01-07T14:17:36.068+0000] {processor.py:840} INFO - DAG(s) 'exchange_rates_pipeline' retrieved from /opt/airflow/dags/dag.py
[2026-01-07T14:17:36.111+0000] {logging_mixin.py:188} INFO - [2026-01-07T14:17:36.111+0000] {dag.py:3096} INFO - Sync 1 DAGs
[2026-01-07T14:17:36.125+0000] {logging_mixin.py:188} INFO - [2026-01-07T14:17:36.125+0000] {dag.py:3954} INFO - Setting next_dagrun for exchange_rates_pipeline to None, run_after=None
[2026-01-07T14:17:36.147+0000] {processor.py:183} INFO - Processing /opt/airflow/dags/dag.py took 0.111 seconds
[2026-01-07T14:18:06.406+0000] {processor.py:161} INFO - Started process (PID=409) to work on /opt/airflow/dags/dag.py
[2026-01-07T14:18:06.410+0000] {processor.py:830} INFO - Processing file /opt/airflow/dags/dag.py for tasks to queue
[2026-01-07T14:18:06.415+0000] {logging_mixin.py:188} INFO - [2026-01-07T14:18:06.414+0000] {dagbag.py:545} INFO - Filling up the DagBag from /opt/airflow/dags/dag.py
[2026-01-07T14:18:06.456+0000] {processor.py:840} INFO - DAG(s) 'exchange_rates_pipeline' retrieved from /opt/airflow/dags/dag.py
[2026-01-07T14:18:06.519+0000] {logging_mixin.py:188} INFO - [2026-01-07T14:18:06.519+0000] {dag.py:3096} INFO - Sync 1 DAGs
[2026-01-07T14:18:06.544+0000] {logging_mixin.py:188} INFO - [2026-01-07T14:18:06.543+0000] {dag.py:3954} INFO - Setting next_dagrun for exchange_rates_pipeline to None, run_after=None
[2026-01-07T14:18:06.577+0000] {processor.py:183} INFO - Processing /opt/airflow/dags/dag.py took 0.186 seconds
[2026-01-07T14:18:36.848+0000] {processor.py:161} INFO - Started process (PID=414) to work on /opt/airflow/dags/dag.py
[2026-01-07T14:18:36.853+0000] {processor.py:830} INFO - Processing file /opt/airflow/dags/dag.py for tasks to queue
[2026-01-07T14:18:36.859+0000] {logging_mixin.py:188} INFO - [2026-01-07T14:18:36.859+0000] {dagbag.py:545} INFO - Filling up the DagBag from /opt/airflow/dags/dag.py
[2026-01-07T14:18:36.878+0000] {processor.py:840} INFO - DAG(s) 'exchange_rates_pipeline' retrieved from /opt/airflow/dags/dag.py
[2026-01-07T14:18:36.912+0000] {logging_mixin.py:188} INFO - [2026-01-07T14:18:36.912+0000] {dag.py:3096} INFO - Sync 1 DAGs
[2026-01-07T14:18:36.932+0000] {logging_mixin.py:188} INFO - [2026-01-07T14:18:36.931+0000] {dag.py:3954} INFO - Setting next_dagrun for exchange_rates_pipeline to None, run_after=None
[2026-01-07T14:18:36.957+0000] {processor.py:183} INFO - Processing /opt/airflow/dags/dag.py took 0.119 seconds
[2026-01-07T14:19:07.159+0000] {processor.py:161} INFO - Started process (PID=419) to work on /opt/airflow/dags/dag.py
[2026-01-07T14:19:07.161+0000] {processor.py:830} INFO - Processing file /opt/airflow/dags/dag.py for tasks to queue
[2026-01-07T14:19:07.164+0000] {logging_mixin.py:188} INFO - [2026-01-07T14:19:07.163+0000] {dagbag.py:545} INFO - Filling up the DagBag from /opt/airflow/dags/dag.py
[2026-01-07T14:19:07.223+0000] {processor.py:840} INFO - DAG(s) 'exchange_rates_pipeline' retrieved from /opt/airflow/dags/dag.py
[2026-01-07T14:19:07.290+0000] {logging_mixin.py:188} INFO - [2026-01-07T14:19:07.290+0000] {dag.py:3096} INFO - Sync 1 DAGs
[2026-01-07T14:19:07.307+0000] {logging_mixin.py:188} INFO - [2026-01-07T14:19:07.307+0000] {dag.py:3954} INFO - Setting next_dagrun for exchange_rates_pipeline to None, run_after=None
[2026-01-07T14:19:07.342+0000] {processor.py:183} INFO - Processing /opt/airflow/dags/dag.py took 0.194 seconds
[2026-01-07T14:19:37.456+0000] {processor.py:161} INFO - Started process (PID=424) to work on /opt/airflow/dags/dag.py
[2026-01-07T14:19:37.458+0000] {processor.py:830} INFO - Processing file /opt/airflow/dags/dag.py for tasks to queue
[2026-01-07T14:19:37.461+0000] {logging_mixin.py:188} INFO - [2026-01-07T14:19:37.461+0000] {dagbag.py:545} INFO - Filling up the DagBag from /opt/airflow/dags/dag.py
[2026-01-07T14:19:37.484+0000] {processor.py:840} INFO - DAG(s) 'exchange_rates_pipeline' retrieved from /opt/airflow/dags/dag.py
[2026-01-07T14:19:37.537+0000] {logging_mixin.py:188} INFO - [2026-01-07T14:19:37.537+0000] {dag.py:3096} INFO - Sync 1 DAGs
[2026-01-07T14:19:37.593+0000] {logging_mixin.py:188} INFO - [2026-01-07T14:19:37.593+0000] {dag.py:3954} INFO - Setting next_dagrun for exchange_rates_pipeline to None, run_after=None
[2026-01-07T14:19:37.735+0000] {processor.py:183} INFO - Processing /opt/airflow/dags/dag.py took 0.287 seconds
[2026-01-07T14:20:07.875+0000] {processor.py:161} INFO - Started process (PID=429) to work on /opt/airflow/dags/dag.py
[2026-01-07T14:20:07.878+0000] {processor.py:830} INFO - Processing file /opt/airflow/dags/dag.py for tasks to queue
[2026-01-07T14:20:07.889+0000] {logging_mixin.py:188} INFO - [2026-01-07T14:20:07.887+0000] {dagbag.py:545} INFO - Filling up the DagBag from /opt/airflow/dags/dag.py
[2026-01-07T14:20:08.008+0000] {processor.py:840} INFO - DAG(s) 'exchange_rates_pipeline' retrieved from /opt/airflow/dags/dag.py
[2026-01-07T14:20:08.114+0000] {logging_mixin.py:188} INFO - [2026-01-07T14:20:08.111+0000] {dag.py:3096} INFO - Sync 1 DAGs
[2026-01-07T14:20:08.162+0000] {logging_mixin.py:188} INFO - [2026-01-07T14:20:08.161+0000] {dag.py:3954} INFO - Setting next_dagrun for exchange_rates_pipeline to None, run_after=None
[2026-01-07T14:20:08.208+0000] {processor.py:183} INFO - Processing /opt/airflow/dags/dag.py took 0.368 seconds
[2026-01-07T14:20:38.470+0000] {processor.py:161} INFO - Started process (PID=434) to work on /opt/airflow/dags/dag.py
[2026-01-07T14:20:38.471+0000] {processor.py:830} INFO - Processing file /opt/airflow/dags/dag.py for tasks to queue
[2026-01-07T14:20:38.476+0000] {logging_mixin.py:188} INFO - [2026-01-07T14:20:38.475+0000] {dagbag.py:545} INFO - Filling up the DagBag from /opt/airflow/dags/dag.py
[2026-01-07T14:20:38.521+0000] {processor.py:840} INFO - DAG(s) 'exchange_rates_pipeline' retrieved from /opt/airflow/dags/dag.py
[2026-01-07T14:20:38.612+0000] {logging_mixin.py:188} INFO - [2026-01-07T14:20:38.611+0000] {dag.py:3096} INFO - Sync 1 DAGs
[2026-01-07T14:20:38.645+0000] {logging_mixin.py:188} INFO - [2026-01-07T14:20:38.645+0000] {dag.py:3954} INFO - Setting next_dagrun for exchange_rates_pipeline to None, run_after=None
[2026-01-07T14:20:38.671+0000] {processor.py:183} INFO - Processing /opt/airflow/dags/dag.py took 0.209 seconds
[2026-01-07T14:21:09.404+0000] {processor.py:161} INFO - Started process (PID=439) to work on /opt/airflow/dags/dag.py
[2026-01-07T14:21:09.406+0000] {processor.py:830} INFO - Processing file /opt/airflow/dags/dag.py for tasks to queue
[2026-01-07T14:21:09.407+0000] {logging_mixin.py:188} INFO - [2026-01-07T14:21:09.407+0000] {dagbag.py:545} INFO - Filling up the DagBag from /opt/airflow/dags/dag.py
[2026-01-07T14:21:09.433+0000] {processor.py:840} INFO - DAG(s) 'exchange_rates_pipeline' retrieved from /opt/airflow/dags/dag.py
[2026-01-07T14:21:09.488+0000] {logging_mixin.py:188} INFO - [2026-01-07T14:21:09.487+0000] {dag.py:3096} INFO - Sync 1 DAGs
[2026-01-07T14:21:09.510+0000] {logging_mixin.py:188} INFO - [2026-01-07T14:21:09.509+0000] {dag.py:3954} INFO - Setting next_dagrun for exchange_rates_pipeline to None, run_after=None
[2026-01-07T14:21:09.545+0000] {processor.py:183} INFO - Processing /opt/airflow/dags/dag.py took 0.149 seconds
[2026-01-07T14:21:39.734+0000] {processor.py:161} INFO - Started process (PID=444) to work on /opt/airflow/dags/dag.py
[2026-01-07T14:21:39.736+0000] {processor.py:830} INFO - Processing file /opt/airflow/dags/dag.py for tasks to queue
[2026-01-07T14:21:39.742+0000] {logging_mixin.py:188} INFO - [2026-01-07T14:21:39.741+0000] {dagbag.py:545} INFO - Filling up the DagBag from /opt/airflow/dags/dag.py
[2026-01-07T14:21:39.810+0000] {processor.py:840} INFO - DAG(s) 'exchange_rates_pipeline' retrieved from /opt/airflow/dags/dag.py
[2026-01-07T14:21:39.878+0000] {logging_mixin.py:188} INFO - [2026-01-07T14:21:39.878+0000] {dag.py:3096} INFO - Sync 1 DAGs
[2026-01-07T14:21:39.901+0000] {logging_mixin.py:188} INFO - [2026-01-07T14:21:39.901+0000] {dag.py:3954} INFO - Setting next_dagrun for exchange_rates_pipeline to None, run_after=None
[2026-01-07T14:21:39.938+0000] {processor.py:183} INFO - Processing /opt/airflow/dags/dag.py took 0.226 seconds
[2026-01-07T14:22:10.117+0000] {processor.py:161} INFO - Started process (PID=449) to work on /opt/airflow/dags/dag.py
[2026-01-07T14:22:10.126+0000] {processor.py:830} INFO - Processing file /opt/airflow/dags/dag.py for tasks to queue
[2026-01-07T14:22:10.136+0000] {logging_mixin.py:188} INFO - [2026-01-07T14:22:10.135+0000] {dagbag.py:545} INFO - Filling up the DagBag from /opt/airflow/dags/dag.py
[2026-01-07T14:22:10.220+0000] {processor.py:840} INFO - DAG(s) 'exchange_rates_pipeline' retrieved from /opt/airflow/dags/dag.py
[2026-01-07T14:22:10.357+0000] {logging_mixin.py:188} INFO - [2026-01-07T14:22:10.356+0000] {dag.py:3096} INFO - Sync 1 DAGs
[2026-01-07T14:22:10.395+0000] {logging_mixin.py:188} INFO - [2026-01-07T14:22:10.395+0000] {dag.py:3954} INFO - Setting next_dagrun for exchange_rates_pipeline to None, run_after=None
[2026-01-07T14:22:10.429+0000] {processor.py:183} INFO - Processing /opt/airflow/dags/dag.py took 0.354 seconds
[2026-01-07T14:22:40.595+0000] {processor.py:161} INFO - Started process (PID=454) to work on /opt/airflow/dags/dag.py
[2026-01-07T14:22:40.599+0000] {processor.py:830} INFO - Processing file /opt/airflow/dags/dag.py for tasks to queue
[2026-01-07T14:22:40.613+0000] {logging_mixin.py:188} INFO - [2026-01-07T14:22:40.610+0000] {dagbag.py:545} INFO - Filling up the DagBag from /opt/airflow/dags/dag.py
[2026-01-07T14:22:40.754+0000] {processor.py:840} INFO - DAG(s) 'exchange_rates_pipeline' retrieved from /opt/airflow/dags/dag.py
[2026-01-07T14:22:40.903+0000] {logging_mixin.py:188} INFO - [2026-01-07T14:22:40.902+0000] {dag.py:3096} INFO - Sync 1 DAGs
[2026-01-07T14:22:40.941+0000] {logging_mixin.py:188} INFO - [2026-01-07T14:22:40.941+0000] {dag.py:3954} INFO - Setting next_dagrun for exchange_rates_pipeline to None, run_after=None
[2026-01-07T14:22:40.976+0000] {processor.py:183} INFO - Processing /opt/airflow/dags/dag.py took 0.413 seconds
[2026-01-07T14:23:11.560+0000] {processor.py:161} INFO - Started process (PID=461) to work on /opt/airflow/dags/dag.py
[2026-01-07T14:23:11.588+0000] {processor.py:830} INFO - Processing file /opt/airflow/dags/dag.py for tasks to queue
[2026-01-07T14:23:11.635+0000] {logging_mixin.py:188} INFO - [2026-01-07T14:23:11.631+0000] {dagbag.py:545} INFO - Filling up the DagBag from /opt/airflow/dags/dag.py
[2026-01-07T14:23:11.727+0000] {processor.py:840} INFO - DAG(s) 'exchange_rates_pipeline' retrieved from /opt/airflow/dags/dag.py
[2026-01-07T14:23:12.039+0000] {logging_mixin.py:188} INFO - [2026-01-07T14:23:12.038+0000] {dag.py:3096} INFO - Sync 1 DAGs
[2026-01-07T14:23:12.134+0000] {logging_mixin.py:188} INFO - [2026-01-07T14:23:12.133+0000] {dag.py:3954} INFO - Setting next_dagrun for exchange_rates_pipeline to None, run_after=None
[2026-01-07T14:23:12.198+0000] {processor.py:183} INFO - Processing /opt/airflow/dags/dag.py took 0.707 seconds
[2026-01-07T14:23:42.719+0000] {processor.py:161} INFO - Started process (PID=466) to work on /opt/airflow/dags/dag.py
[2026-01-07T14:23:42.720+0000] {processor.py:830} INFO - Processing file /opt/airflow/dags/dag.py for tasks to queue
[2026-01-07T14:23:42.723+0000] {logging_mixin.py:188} INFO - [2026-01-07T14:23:42.722+0000] {dagbag.py:545} INFO - Filling up the DagBag from /opt/airflow/dags/dag.py
[2026-01-07T14:23:42.766+0000] {processor.py:840} INFO - DAG(s) 'exchange_rates_pipeline' retrieved from /opt/airflow/dags/dag.py
[2026-01-07T14:23:42.893+0000] {logging_mixin.py:188} INFO - [2026-01-07T14:23:42.893+0000] {dag.py:3096} INFO - Sync 1 DAGs
[2026-01-07T14:23:42.918+0000] {logging_mixin.py:188} INFO - [2026-01-07T14:23:42.918+0000] {dag.py:3954} INFO - Setting next_dagrun for exchange_rates_pipeline to None, run_after=None
[2026-01-07T14:23:42.948+0000] {processor.py:183} INFO - Processing /opt/airflow/dags/dag.py took 0.236 seconds
[2026-01-07T14:24:13.172+0000] {processor.py:161} INFO - Started process (PID=471) to work on /opt/airflow/dags/dag.py
[2026-01-07T14:24:13.173+0000] {processor.py:830} INFO - Processing file /opt/airflow/dags/dag.py for tasks to queue
[2026-01-07T14:24:13.176+0000] {logging_mixin.py:188} INFO - [2026-01-07T14:24:13.175+0000] {dagbag.py:545} INFO - Filling up the DagBag from /opt/airflow/dags/dag.py
[2026-01-07T14:24:13.209+0000] {processor.py:840} INFO - DAG(s) 'exchange_rates_pipeline' retrieved from /opt/airflow/dags/dag.py
[2026-01-07T14:24:13.266+0000] {logging_mixin.py:188} INFO - [2026-01-07T14:24:13.266+0000] {dag.py:3096} INFO - Sync 1 DAGs
[2026-01-07T14:24:13.282+0000] {logging_mixin.py:188} INFO - [2026-01-07T14:24:13.281+0000] {dag.py:3954} INFO - Setting next_dagrun for exchange_rates_pipeline to None, run_after=None
[2026-01-07T14:24:13.303+0000] {processor.py:183} INFO - Processing /opt/airflow/dags/dag.py took 0.139 seconds
