[2025-11-28T16:44:26.571+0000] {processor.py:161} INFO - Started process (PID=180) to work on /opt/airflow/dags/dag.py
[2025-11-28T16:44:26.573+0000] {processor.py:830} INFO - Processing file /opt/airflow/dags/dag.py for tasks to queue
[2025-11-28T16:44:26.576+0000] {logging_mixin.py:188} INFO - [2025-11-28T16:44:26.575+0000] {dagbag.py:545} INFO - Filling up the DagBag from /opt/airflow/dags/dag.py
[2025-11-28T16:44:29.031+0000] {logging_mixin.py:188} INFO - [2025-11-28T16:44:29.023+0000] {dagbag.py:355} ERROR - Failed to import: /opt/airflow/dags/dag.py
Traceback (most recent call last):
  File "/home/airflow/.local/lib/python3.12/site-packages/airflow/models/dagbag.py", line 351, in parse
    loader.exec_module(new_module)
  File "<frozen importlib._bootstrap_external>", line 995, in exec_module
  File "<frozen importlib._bootstrap>", line 488, in _call_with_frames_removed
  File "/opt/airflow/dags/dag.py", line 8, in <module>
    logging.basicConfig(level=logging.INFO, format='%(asctime)s - %(levelname)s - %(message)s')
    ^^^^^^^
NameError: name 'logging' is not defined. Did you forget to import 'logging'
[2025-11-28T16:44:29.035+0000] {processor.py:842} WARNING - No viable dags retrieved from /opt/airflow/dags/dag.py
[2025-11-28T16:44:29.064+0000] {processor.py:183} INFO - Processing /opt/airflow/dags/dag.py took 2.500 seconds
[2025-11-28T16:44:59.384+0000] {processor.py:161} INFO - Started process (PID=186) to work on /opt/airflow/dags/dag.py
[2025-11-28T16:44:59.386+0000] {processor.py:830} INFO - Processing file /opt/airflow/dags/dag.py for tasks to queue
[2025-11-28T16:44:59.389+0000] {logging_mixin.py:188} INFO - [2025-11-28T16:44:59.389+0000] {dagbag.py:545} INFO - Filling up the DagBag from /opt/airflow/dags/dag.py
[2025-11-28T16:45:00.280+0000] {logging_mixin.py:188} INFO - [2025-11-28T16:45:00.273+0000] {dagbag.py:355} ERROR - Failed to import: /opt/airflow/dags/dag.py
Traceback (most recent call last):
  File "/home/airflow/.local/lib/python3.12/site-packages/airflow/models/dagbag.py", line 351, in parse
    loader.exec_module(new_module)
  File "<frozen importlib._bootstrap_external>", line 995, in exec_module
  File "<frozen importlib._bootstrap>", line 488, in _call_with_frames_removed
  File "/opt/airflow/dags/dag.py", line 8, in <module>
    logging.basicConfig(level=logging.INFO, format='%(asctime)s - %(levelname)s - %(message)s')
    ^^^^^^^
NameError: name 'logging' is not defined. Did you forget to import 'logging'
[2025-11-28T16:45:00.285+0000] {processor.py:842} WARNING - No viable dags retrieved from /opt/airflow/dags/dag.py
[2025-11-28T16:45:00.319+0000] {processor.py:183} INFO - Processing /opt/airflow/dags/dag.py took 0.944 seconds
[2025-11-28T16:45:30.557+0000] {processor.py:161} INFO - Started process (PID=192) to work on /opt/airflow/dags/dag.py
[2025-11-28T16:45:30.558+0000] {processor.py:830} INFO - Processing file /opt/airflow/dags/dag.py for tasks to queue
[2025-11-28T16:45:30.561+0000] {logging_mixin.py:188} INFO - [2025-11-28T16:45:30.560+0000] {dagbag.py:545} INFO - Filling up the DagBag from /opt/airflow/dags/dag.py
[2025-11-28T16:45:31.438+0000] {logging_mixin.py:188} INFO - [2025-11-28T16:45:31.430+0000] {dagbag.py:355} ERROR - Failed to import: /opt/airflow/dags/dag.py
Traceback (most recent call last):
  File "/home/airflow/.local/lib/python3.12/site-packages/airflow/models/dagbag.py", line 351, in parse
    loader.exec_module(new_module)
  File "<frozen importlib._bootstrap_external>", line 995, in exec_module
  File "<frozen importlib._bootstrap>", line 488, in _call_with_frames_removed
  File "/opt/airflow/dags/dag.py", line 8, in <module>
    logging.basicConfig(level=logging.INFO, format='%(asctime)s - %(levelname)s - %(message)s')
    ^^^^^^^
NameError: name 'logging' is not defined. Did you forget to import 'logging'
[2025-11-28T16:45:31.442+0000] {processor.py:842} WARNING - No viable dags retrieved from /opt/airflow/dags/dag.py
[2025-11-28T16:45:31.469+0000] {processor.py:183} INFO - Processing /opt/airflow/dags/dag.py took 0.924 seconds
[2025-11-28T16:46:01.736+0000] {processor.py:161} INFO - Started process (PID=198) to work on /opt/airflow/dags/dag.py
[2025-11-28T16:46:01.738+0000] {processor.py:830} INFO - Processing file /opt/airflow/dags/dag.py for tasks to queue
[2025-11-28T16:46:01.741+0000] {logging_mixin.py:188} INFO - [2025-11-28T16:46:01.740+0000] {dagbag.py:545} INFO - Filling up the DagBag from /opt/airflow/dags/dag.py
[2025-11-28T16:46:02.481+0000] {logging_mixin.py:188} INFO - [2025-11-28T16:46:02.470+0000] {dagbag.py:355} ERROR - Failed to import: /opt/airflow/dags/dag.py
Traceback (most recent call last):
  File "/home/airflow/.local/lib/python3.12/site-packages/airflow/models/dagbag.py", line 351, in parse
    loader.exec_module(new_module)
  File "<frozen importlib._bootstrap_external>", line 995, in exec_module
  File "<frozen importlib._bootstrap>", line 488, in _call_with_frames_removed
  File "/opt/airflow/dags/dag.py", line 8, in <module>
    logging.basicConfig(level=logging.INFO, format='%(asctime)s - %(levelname)s - %(message)s')
    ^^^^^^^
NameError: name 'logging' is not defined. Did you forget to import 'logging'
[2025-11-28T16:46:02.486+0000] {processor.py:842} WARNING - No viable dags retrieved from /opt/airflow/dags/dag.py
[2025-11-28T16:46:02.510+0000] {processor.py:183} INFO - Processing /opt/airflow/dags/dag.py took 0.781 seconds
[2025-11-28T16:46:32.864+0000] {processor.py:161} INFO - Started process (PID=204) to work on /opt/airflow/dags/dag.py
[2025-11-28T16:46:32.866+0000] {processor.py:830} INFO - Processing file /opt/airflow/dags/dag.py for tasks to queue
[2025-11-28T16:46:32.870+0000] {logging_mixin.py:188} INFO - [2025-11-28T16:46:32.869+0000] {dagbag.py:545} INFO - Filling up the DagBag from /opt/airflow/dags/dag.py
[2025-11-28T16:46:33.765+0000] {logging_mixin.py:188} INFO - [2025-11-28T16:46:33.755+0000] {dagbag.py:355} ERROR - Failed to import: /opt/airflow/dags/dag.py
Traceback (most recent call last):
  File "/home/airflow/.local/lib/python3.12/site-packages/airflow/models/dagbag.py", line 351, in parse
    loader.exec_module(new_module)
  File "<frozen importlib._bootstrap_external>", line 995, in exec_module
  File "<frozen importlib._bootstrap>", line 488, in _call_with_frames_removed
  File "/opt/airflow/dags/dag.py", line 8, in <module>
    logging.basicConfig(level=logging.INFO, format='%(asctime)s - %(levelname)s - %(message)s')
    ^^^^^^^
NameError: name 'logging' is not defined. Did you forget to import 'logging'
[2025-11-28T16:46:33.770+0000] {processor.py:842} WARNING - No viable dags retrieved from /opt/airflow/dags/dag.py
[2025-11-28T16:46:33.807+0000] {processor.py:183} INFO - Processing /opt/airflow/dags/dag.py took 0.953 seconds
[2025-11-28T16:47:04.581+0000] {processor.py:161} INFO - Started process (PID=210) to work on /opt/airflow/dags/dag.py
[2025-11-28T16:47:04.582+0000] {processor.py:830} INFO - Processing file /opt/airflow/dags/dag.py for tasks to queue
[2025-11-28T16:47:04.584+0000] {logging_mixin.py:188} INFO - [2025-11-28T16:47:04.584+0000] {dagbag.py:545} INFO - Filling up the DagBag from /opt/airflow/dags/dag.py
[2025-11-28T16:47:05.275+0000] {logging_mixin.py:188} INFO - [2025-11-28T16:47:05.267+0000] {dagbag.py:355} ERROR - Failed to import: /opt/airflow/dags/dag.py
Traceback (most recent call last):
  File "/home/airflow/.local/lib/python3.12/site-packages/airflow/models/dagbag.py", line 351, in parse
    loader.exec_module(new_module)
  File "<frozen importlib._bootstrap_external>", line 995, in exec_module
  File "<frozen importlib._bootstrap>", line 488, in _call_with_frames_removed
  File "/opt/airflow/dags/dag.py", line 8, in <module>
    logging.basicConfig(level=logging.INFO, format='%(asctime)s - %(levelname)s - %(message)s')
    ^^^^^^^
NameError: name 'logging' is not defined. Did you forget to import 'logging'
[2025-11-28T16:47:05.278+0000] {processor.py:842} WARNING - No viable dags retrieved from /opt/airflow/dags/dag.py
[2025-11-28T16:47:05.300+0000] {processor.py:183} INFO - Processing /opt/airflow/dags/dag.py took 0.725 seconds
[2025-11-28T16:47:35.552+0000] {processor.py:161} INFO - Started process (PID=216) to work on /opt/airflow/dags/dag.py
[2025-11-28T16:47:35.553+0000] {processor.py:830} INFO - Processing file /opt/airflow/dags/dag.py for tasks to queue
[2025-11-28T16:47:35.556+0000] {logging_mixin.py:188} INFO - [2025-11-28T16:47:35.555+0000] {dagbag.py:545} INFO - Filling up the DagBag from /opt/airflow/dags/dag.py
[2025-11-28T16:47:36.170+0000] {logging_mixin.py:188} INFO - [2025-11-28T16:47:36.162+0000] {dagbag.py:355} ERROR - Failed to import: /opt/airflow/dags/dag.py
Traceback (most recent call last):
  File "/home/airflow/.local/lib/python3.12/site-packages/airflow/models/dagbag.py", line 351, in parse
    loader.exec_module(new_module)
  File "<frozen importlib._bootstrap_external>", line 995, in exec_module
  File "<frozen importlib._bootstrap>", line 488, in _call_with_frames_removed
  File "/opt/airflow/dags/dag.py", line 8, in <module>
    logging.basicConfig(level=logging.INFO, format='%(asctime)s - %(levelname)s - %(message)s')
    ^^^^^^^
NameError: name 'logging' is not defined. Did you forget to import 'logging'
[2025-11-28T16:47:36.173+0000] {processor.py:842} WARNING - No viable dags retrieved from /opt/airflow/dags/dag.py
[2025-11-28T16:47:36.195+0000] {processor.py:183} INFO - Processing /opt/airflow/dags/dag.py took 0.649 seconds
[2025-11-28T16:48:06.438+0000] {processor.py:161} INFO - Started process (PID=222) to work on /opt/airflow/dags/dag.py
[2025-11-28T16:48:06.439+0000] {processor.py:830} INFO - Processing file /opt/airflow/dags/dag.py for tasks to queue
[2025-11-28T16:48:06.441+0000] {logging_mixin.py:188} INFO - [2025-11-28T16:48:06.441+0000] {dagbag.py:545} INFO - Filling up the DagBag from /opt/airflow/dags/dag.py
[2025-11-28T16:48:07.079+0000] {logging_mixin.py:188} INFO - [2025-11-28T16:48:07.069+0000] {dagbag.py:355} ERROR - Failed to import: /opt/airflow/dags/dag.py
Traceback (most recent call last):
  File "/home/airflow/.local/lib/python3.12/site-packages/airflow/models/dagbag.py", line 351, in parse
    loader.exec_module(new_module)
  File "<frozen importlib._bootstrap_external>", line 995, in exec_module
  File "<frozen importlib._bootstrap>", line 488, in _call_with_frames_removed
  File "/opt/airflow/dags/dag.py", line 8, in <module>
    logging.basicConfig(level=logging.INFO, format='%(asctime)s - %(levelname)s - %(message)s')
    ^^^^^^^
NameError: name 'logging' is not defined. Did you forget to import 'logging'
[2025-11-28T16:48:07.083+0000] {processor.py:842} WARNING - No viable dags retrieved from /opt/airflow/dags/dag.py
[2025-11-28T16:48:07.107+0000] {processor.py:183} INFO - Processing /opt/airflow/dags/dag.py took 0.676 seconds
[2025-11-28T16:48:37.388+0000] {processor.py:161} INFO - Started process (PID=228) to work on /opt/airflow/dags/dag.py
[2025-11-28T16:48:37.389+0000] {processor.py:830} INFO - Processing file /opt/airflow/dags/dag.py for tasks to queue
[2025-11-28T16:48:37.392+0000] {logging_mixin.py:188} INFO - [2025-11-28T16:48:37.392+0000] {dagbag.py:545} INFO - Filling up the DagBag from /opt/airflow/dags/dag.py
[2025-11-28T16:48:38.247+0000] {logging_mixin.py:188} INFO - [2025-11-28T16:48:38.239+0000] {dagbag.py:355} ERROR - Failed to import: /opt/airflow/dags/dag.py
Traceback (most recent call last):
  File "/home/airflow/.local/lib/python3.12/site-packages/airflow/models/dagbag.py", line 351, in parse
    loader.exec_module(new_module)
  File "<frozen importlib._bootstrap_external>", line 995, in exec_module
  File "<frozen importlib._bootstrap>", line 488, in _call_with_frames_removed
  File "/opt/airflow/dags/dag.py", line 8, in <module>
    logging.basicConfig(level=logging.INFO, format='%(asctime)s - %(levelname)s - %(message)s')
    ^^^^^^^
NameError: name 'logging' is not defined. Did you forget to import 'logging'
[2025-11-28T16:48:38.252+0000] {processor.py:842} WARNING - No viable dags retrieved from /opt/airflow/dags/dag.py
[2025-11-28T16:48:38.289+0000] {processor.py:183} INFO - Processing /opt/airflow/dags/dag.py took 0.909 seconds
[2025-11-28T16:49:08.581+0000] {processor.py:161} INFO - Started process (PID=234) to work on /opt/airflow/dags/dag.py
[2025-11-28T16:49:08.583+0000] {processor.py:830} INFO - Processing file /opt/airflow/dags/dag.py for tasks to queue
[2025-11-28T16:49:08.586+0000] {logging_mixin.py:188} INFO - [2025-11-28T16:49:08.586+0000] {dagbag.py:545} INFO - Filling up the DagBag from /opt/airflow/dags/dag.py
[2025-11-28T16:49:09.254+0000] {logging_mixin.py:188} INFO - [2025-11-28T16:49:09.244+0000] {dagbag.py:355} ERROR - Failed to import: /opt/airflow/dags/dag.py
Traceback (most recent call last):
  File "/home/airflow/.local/lib/python3.12/site-packages/airflow/models/dagbag.py", line 351, in parse
    loader.exec_module(new_module)
  File "<frozen importlib._bootstrap_external>", line 995, in exec_module
  File "<frozen importlib._bootstrap>", line 488, in _call_with_frames_removed
  File "/opt/airflow/dags/dag.py", line 8, in <module>
    logging.basicConfig(level=logging.INFO, format='%(asctime)s - %(levelname)s - %(message)s')
    ^^^^^^^
NameError: name 'logging' is not defined. Did you forget to import 'logging'
[2025-11-28T16:49:09.258+0000] {processor.py:842} WARNING - No viable dags retrieved from /opt/airflow/dags/dag.py
[2025-11-28T16:49:09.277+0000] {processor.py:183} INFO - Processing /opt/airflow/dags/dag.py took 0.706 seconds
[2025-11-28T16:49:39.522+0000] {processor.py:161} INFO - Started process (PID=240) to work on /opt/airflow/dags/dag.py
[2025-11-28T16:49:39.524+0000] {processor.py:830} INFO - Processing file /opt/airflow/dags/dag.py for tasks to queue
[2025-11-28T16:49:39.527+0000] {logging_mixin.py:188} INFO - [2025-11-28T16:49:39.526+0000] {dagbag.py:545} INFO - Filling up the DagBag from /opt/airflow/dags/dag.py
[2025-11-28T16:49:40.211+0000] {logging_mixin.py:188} INFO - [2025-11-28T16:49:40.200+0000] {dagbag.py:355} ERROR - Failed to import: /opt/airflow/dags/dag.py
Traceback (most recent call last):
  File "/home/airflow/.local/lib/python3.12/site-packages/airflow/models/dagbag.py", line 351, in parse
    loader.exec_module(new_module)
  File "<frozen importlib._bootstrap_external>", line 995, in exec_module
  File "<frozen importlib._bootstrap>", line 488, in _call_with_frames_removed
  File "/opt/airflow/dags/dag.py", line 8, in <module>
    logging.basicConfig(level=logging.INFO, format='%(asctime)s - %(levelname)s - %(message)s')
    ^^^^^^^
NameError: name 'logging' is not defined. Did you forget to import 'logging'
[2025-11-28T16:49:40.215+0000] {processor.py:842} WARNING - No viable dags retrieved from /opt/airflow/dags/dag.py
[2025-11-28T16:49:40.239+0000] {processor.py:183} INFO - Processing /opt/airflow/dags/dag.py took 0.724 seconds
[2025-11-28T16:50:10.508+0000] {processor.py:161} INFO - Started process (PID=246) to work on /opt/airflow/dags/dag.py
[2025-11-28T16:50:10.510+0000] {processor.py:830} INFO - Processing file /opt/airflow/dags/dag.py for tasks to queue
[2025-11-28T16:50:10.515+0000] {logging_mixin.py:188} INFO - [2025-11-28T16:50:10.514+0000] {dagbag.py:545} INFO - Filling up the DagBag from /opt/airflow/dags/dag.py
[2025-11-28T16:50:11.178+0000] {logging_mixin.py:188} INFO - [2025-11-28T16:50:11.169+0000] {dagbag.py:355} ERROR - Failed to import: /opt/airflow/dags/dag.py
Traceback (most recent call last):
  File "/home/airflow/.local/lib/python3.12/site-packages/airflow/models/dagbag.py", line 351, in parse
    loader.exec_module(new_module)
  File "<frozen importlib._bootstrap_external>", line 995, in exec_module
  File "<frozen importlib._bootstrap>", line 488, in _call_with_frames_removed
  File "/opt/airflow/dags/dag.py", line 8, in <module>
    logging.basicConfig(level=logging.INFO, format='%(asctime)s - %(levelname)s - %(message)s')
    ^^^^^^^
NameError: name 'logging' is not defined. Did you forget to import 'logging'
[2025-11-28T16:50:11.182+0000] {processor.py:842} WARNING - No viable dags retrieved from /opt/airflow/dags/dag.py
[2025-11-28T16:50:11.203+0000] {processor.py:183} INFO - Processing /opt/airflow/dags/dag.py took 0.706 seconds
[2025-11-28T16:50:41.459+0000] {processor.py:161} INFO - Started process (PID=252) to work on /opt/airflow/dags/dag.py
[2025-11-28T16:50:41.460+0000] {processor.py:830} INFO - Processing file /opt/airflow/dags/dag.py for tasks to queue
[2025-11-28T16:50:41.463+0000] {logging_mixin.py:188} INFO - [2025-11-28T16:50:41.463+0000] {dagbag.py:545} INFO - Filling up the DagBag from /opt/airflow/dags/dag.py
[2025-11-28T16:50:42.066+0000] {logging_mixin.py:188} INFO - [2025-11-28T16:50:42.057+0000] {dagbag.py:355} ERROR - Failed to import: /opt/airflow/dags/dag.py
Traceback (most recent call last):
  File "/home/airflow/.local/lib/python3.12/site-packages/airflow/models/dagbag.py", line 351, in parse
    loader.exec_module(new_module)
  File "<frozen importlib._bootstrap_external>", line 995, in exec_module
  File "<frozen importlib._bootstrap>", line 488, in _call_with_frames_removed
  File "/opt/airflow/dags/dag.py", line 8, in <module>
    logging.basicConfig(level=logging.INFO, format='%(asctime)s - %(levelname)s - %(message)s')
    ^^^^^^^
NameError: name 'logging' is not defined. Did you forget to import 'logging'
[2025-11-28T16:50:42.070+0000] {processor.py:842} WARNING - No viable dags retrieved from /opt/airflow/dags/dag.py
[2025-11-28T16:50:42.091+0000] {processor.py:183} INFO - Processing /opt/airflow/dags/dag.py took 0.638 seconds
[2025-11-28T16:51:12.388+0000] {processor.py:161} INFO - Started process (PID=258) to work on /opt/airflow/dags/dag.py
[2025-11-28T16:51:12.389+0000] {processor.py:830} INFO - Processing file /opt/airflow/dags/dag.py for tasks to queue
[2025-11-28T16:51:12.391+0000] {logging_mixin.py:188} INFO - [2025-11-28T16:51:12.391+0000] {dagbag.py:545} INFO - Filling up the DagBag from /opt/airflow/dags/dag.py
[2025-11-28T16:51:12.947+0000] {logging_mixin.py:188} INFO - [2025-11-28T16:51:12.938+0000] {dagbag.py:355} ERROR - Failed to import: /opt/airflow/dags/dag.py
Traceback (most recent call last):
  File "/home/airflow/.local/lib/python3.12/site-packages/airflow/models/dagbag.py", line 351, in parse
    loader.exec_module(new_module)
  File "<frozen importlib._bootstrap_external>", line 995, in exec_module
  File "<frozen importlib._bootstrap>", line 488, in _call_with_frames_removed
  File "/opt/airflow/dags/dag.py", line 8, in <module>
    logging.basicConfig(level=logging.INFO, format='%(asctime)s - %(levelname)s - %(message)s')
    ^^^^^^^
NameError: name 'logging' is not defined. Did you forget to import 'logging'
[2025-11-28T16:51:12.951+0000] {processor.py:842} WARNING - No viable dags retrieved from /opt/airflow/dags/dag.py
[2025-11-28T16:51:12.970+0000] {processor.py:183} INFO - Processing /opt/airflow/dags/dag.py took 0.588 seconds
[2025-11-28T16:51:43.183+0000] {processor.py:161} INFO - Started process (PID=264) to work on /opt/airflow/dags/dag.py
[2025-11-28T16:51:43.186+0000] {processor.py:830} INFO - Processing file /opt/airflow/dags/dag.py for tasks to queue
[2025-11-28T16:51:43.190+0000] {logging_mixin.py:188} INFO - [2025-11-28T16:51:43.189+0000] {dagbag.py:545} INFO - Filling up the DagBag from /opt/airflow/dags/dag.py
[2025-11-28T16:51:43.752+0000] {logging_mixin.py:188} INFO - [2025-11-28T16:51:43.742+0000] {dagbag.py:355} ERROR - Failed to import: /opt/airflow/dags/dag.py
Traceback (most recent call last):
  File "/home/airflow/.local/lib/python3.12/site-packages/airflow/models/dagbag.py", line 351, in parse
    loader.exec_module(new_module)
  File "<frozen importlib._bootstrap_external>", line 995, in exec_module
  File "<frozen importlib._bootstrap>", line 488, in _call_with_frames_removed
  File "/opt/airflow/dags/dag.py", line 8, in <module>
    logging.basicConfig(level=logging.INFO, format='%(asctime)s - %(levelname)s - %(message)s')
    ^^^^^^^
NameError: name 'logging' is not defined. Did you forget to import 'logging'
[2025-11-28T16:51:43.755+0000] {processor.py:842} WARNING - No viable dags retrieved from /opt/airflow/dags/dag.py
[2025-11-28T16:51:43.779+0000] {processor.py:183} INFO - Processing /opt/airflow/dags/dag.py took 0.602 seconds
[2025-11-28T16:52:13.612+0000] {processor.py:161} INFO - Started process (PID=270) to work on /opt/airflow/dags/dag.py
[2025-11-28T16:52:13.616+0000] {processor.py:830} INFO - Processing file /opt/airflow/dags/dag.py for tasks to queue
[2025-11-28T16:52:13.619+0000] {logging_mixin.py:188} INFO - [2025-11-28T16:52:13.618+0000] {dagbag.py:545} INFO - Filling up the DagBag from /opt/airflow/dags/dag.py
[2025-11-28T16:52:13.664+0000] {logging_mixin.py:188} INFO - [2025-11-28T16:52:13.654+0000] {dagbag.py:355} ERROR - Failed to import: /opt/airflow/dags/dag.py
Traceback (most recent call last):
  File "/home/airflow/.local/lib/python3.12/site-packages/airflow/models/dagbag.py", line 351, in parse
    loader.exec_module(new_module)
  File "<frozen importlib._bootstrap_external>", line 995, in exec_module
  File "<frozen importlib._bootstrap>", line 488, in _call_with_frames_removed
  File "/opt/airflow/dags/dag.py", line 9, in <module>
    logging.basicConfig(level=logging.INFO, format='%(asctime)s - %(levelname)s - %(message)s')
    ^^^^^^^
NameError: name 'logging' is not defined. Did you forget to import 'logging'
[2025-11-28T16:52:13.669+0000] {processor.py:842} WARNING - No viable dags retrieved from /opt/airflow/dags/dag.py
[2025-11-28T16:52:13.701+0000] {processor.py:183} INFO - Processing /opt/airflow/dags/dag.py took 0.098 seconds
[2025-11-28T16:52:43.847+0000] {processor.py:161} INFO - Started process (PID=275) to work on /opt/airflow/dags/dag.py
[2025-11-28T16:52:43.849+0000] {processor.py:830} INFO - Processing file /opt/airflow/dags/dag.py for tasks to queue
[2025-11-28T16:52:43.855+0000] {logging_mixin.py:188} INFO - [2025-11-28T16:52:43.853+0000] {dagbag.py:545} INFO - Filling up the DagBag from /opt/airflow/dags/dag.py
[2025-11-28T16:52:43.880+0000] {logging_mixin.py:188} INFO - [2025-11-28T16:52:43.874+0000] {dagbag.py:355} ERROR - Failed to import: /opt/airflow/dags/dag.py
Traceback (most recent call last):
  File "/home/airflow/.local/lib/python3.12/site-packages/airflow/models/dagbag.py", line 351, in parse
    loader.exec_module(new_module)
  File "<frozen importlib._bootstrap_external>", line 995, in exec_module
  File "<frozen importlib._bootstrap>", line 488, in _call_with_frames_removed
  File "/opt/airflow/dags/dag.py", line 9, in <module>
    logging.basicConfig(level=logging.INFO, format='%(asctime)s - %(levelname)s - %(message)s')
    ^^^^^^^
NameError: name 'logging' is not defined. Did you forget to import 'logging'
[2025-11-28T16:52:43.884+0000] {processor.py:842} WARNING - No viable dags retrieved from /opt/airflow/dags/dag.py
[2025-11-28T16:52:43.909+0000] {processor.py:183} INFO - Processing /opt/airflow/dags/dag.py took 0.072 seconds
[2025-11-28T16:52:45.957+0000] {processor.py:161} INFO - Started process (PID=280) to work on /opt/airflow/dags/dag.py
[2025-11-28T16:52:45.959+0000] {processor.py:830} INFO - Processing file /opt/airflow/dags/dag.py for tasks to queue
[2025-11-28T16:52:45.960+0000] {logging_mixin.py:188} INFO - [2025-11-28T16:52:45.960+0000] {dagbag.py:545} INFO - Filling up the DagBag from /opt/airflow/dags/dag.py
[2025-11-28T16:52:45.994+0000] {logging_mixin.py:188} INFO - [2025-11-28T16:52:45.983+0000] {dagbag.py:355} ERROR - Failed to import: /opt/airflow/dags/dag.py
Traceback (most recent call last):
  File "/home/airflow/.local/lib/python3.12/site-packages/airflow/models/dagbag.py", line 351, in parse
    loader.exec_module(new_module)
  File "<frozen importlib._bootstrap_external>", line 995, in exec_module
  File "<frozen importlib._bootstrap>", line 488, in _call_with_frames_removed
  File "/opt/airflow/dags/dag.py", line 28, in <module>
    bronze_task = DockerOperator(
                  ^^^^^^^^^^^^^^^
  File "/home/airflow/.local/lib/python3.12/site-packages/airflow/models/baseoperator.py", line 485, in apply_defaults
    result = func(self, **kwargs, default_args=default_args)
             ^^^^^^^^^^^^^^^^^^^^^^^^^^^^^^^^^^^^^^^^^^^^^^^
  File "/home/airflow/.local/lib/python3.12/site-packages/airflow/providers/docker/operators/docker.py", line 272, in __init__
    super().__init__(**kwargs)
  File "/home/airflow/.local/lib/python3.12/site-packages/airflow/models/baseoperator.py", line 485, in apply_defaults
    result = func(self, **kwargs, default_args=default_args)
             ^^^^^^^^^^^^^^^^^^^^^^^^^^^^^^^^^^^^^^^^^^^^^^^
  File "/home/airflow/.local/lib/python3.12/site-packages/airflow/models/baseoperator.py", line 882, in __init__
    raise AirflowException(
airflow.exceptions.AirflowException: Invalid arguments were passed to DockerOperator (task_id: bronze_task). Invalid arguments were:
**kwargs: {'volumes': ['${PWD}:/app']}
[2025-11-28T16:52:45.995+0000] {processor.py:842} WARNING - No viable dags retrieved from /opt/airflow/dags/dag.py
[2025-11-28T16:52:46.028+0000] {processor.py:183} INFO - Processing /opt/airflow/dags/dag.py took 0.077 seconds
[2025-11-28T16:52:55.077+0000] {processor.py:161} INFO - Started process (PID=285) to work on /opt/airflow/dags/dag.py
[2025-11-28T16:52:55.078+0000] {processor.py:830} INFO - Processing file /opt/airflow/dags/dag.py for tasks to queue
[2025-11-28T16:52:55.086+0000] {logging_mixin.py:188} INFO - [2025-11-28T16:52:55.085+0000] {dagbag.py:545} INFO - Filling up the DagBag from /opt/airflow/dags/dag.py
[2025-11-28T16:52:55.141+0000] {logging_mixin.py:188} INFO - [2025-11-28T16:52:55.130+0000] {dagbag.py:355} ERROR - Failed to import: /opt/airflow/dags/dag.py
Traceback (most recent call last):
  File "/home/airflow/.local/lib/python3.12/site-packages/airflow/models/dagbag.py", line 351, in parse
    loader.exec_module(new_module)
  File "<frozen importlib._bootstrap_external>", line 995, in exec_module
  File "<frozen importlib._bootstrap>", line 488, in _call_with_frames_removed
  File "/opt/airflow/dags/dag.py", line 28, in <module>
    bronze_task = DockerOperator(
                  ^^^^^^^^^^^^^^^
  File "/home/airflow/.local/lib/python3.12/site-packages/airflow/models/baseoperator.py", line 485, in apply_defaults
    result = func(self, **kwargs, default_args=default_args)
             ^^^^^^^^^^^^^^^^^^^^^^^^^^^^^^^^^^^^^^^^^^^^^^^
  File "/home/airflow/.local/lib/python3.12/site-packages/airflow/providers/docker/operators/docker.py", line 272, in __init__
    super().__init__(**kwargs)
  File "/home/airflow/.local/lib/python3.12/site-packages/airflow/models/baseoperator.py", line 485, in apply_defaults
    result = func(self, **kwargs, default_args=default_args)
             ^^^^^^^^^^^^^^^^^^^^^^^^^^^^^^^^^^^^^^^^^^^^^^^
  File "/home/airflow/.local/lib/python3.12/site-packages/airflow/models/baseoperator.py", line 882, in __init__
    raise AirflowException(
airflow.exceptions.AirflowException: Invalid arguments were passed to DockerOperator (task_id: bronze_task). Invalid arguments were:
**kwargs: {'volumes': ['${PWD}:/app']}
[2025-11-28T16:52:55.142+0000] {processor.py:842} WARNING - No viable dags retrieved from /opt/airflow/dags/dag.py
[2025-11-28T16:52:55.178+0000] {processor.py:183} INFO - Processing /opt/airflow/dags/dag.py took 0.111 seconds
[2025-11-28T16:53:09.655+0000] {processor.py:161} INFO - Started process (PID=290) to work on /opt/airflow/dags/dag.py
[2025-11-28T16:53:09.662+0000] {processor.py:830} INFO - Processing file /opt/airflow/dags/dag.py for tasks to queue
[2025-11-28T16:53:09.670+0000] {logging_mixin.py:188} INFO - [2025-11-28T16:53:09.666+0000] {dagbag.py:545} INFO - Filling up the DagBag from /opt/airflow/dags/dag.py
[2025-11-28T16:53:09.797+0000] {logging_mixin.py:188} INFO - [2025-11-28T16:53:09.784+0000] {dagbag.py:355} ERROR - Failed to import: /opt/airflow/dags/dag.py
Traceback (most recent call last):
  File "/home/airflow/.local/lib/python3.12/site-packages/airflow/models/dagbag.py", line 351, in parse
    loader.exec_module(new_module)
  File "<frozen importlib._bootstrap_external>", line 995, in exec_module
  File "<frozen importlib._bootstrap>", line 488, in _call_with_frames_removed
  File "/opt/airflow/dags/dag.py", line 28, in <module>
    bronze_task = DockerOperator(
                  ^^^^^^^^^^^^^^^
  File "/home/airflow/.local/lib/python3.12/site-packages/airflow/models/baseoperator.py", line 485, in apply_defaults
    result = func(self, **kwargs, default_args=default_args)
             ^^^^^^^^^^^^^^^^^^^^^^^^^^^^^^^^^^^^^^^^^^^^^^^
  File "/home/airflow/.local/lib/python3.12/site-packages/airflow/providers/docker/operators/docker.py", line 272, in __init__
    super().__init__(**kwargs)
  File "/home/airflow/.local/lib/python3.12/site-packages/airflow/models/baseoperator.py", line 485, in apply_defaults
    result = func(self, **kwargs, default_args=default_args)
             ^^^^^^^^^^^^^^^^^^^^^^^^^^^^^^^^^^^^^^^^^^^^^^^
  File "/home/airflow/.local/lib/python3.12/site-packages/airflow/models/baseoperator.py", line 882, in __init__
    raise AirflowException(
airflow.exceptions.AirflowException: Invalid arguments were passed to DockerOperator (task_id: bronze_task). Invalid arguments were:
**kwargs: {'volumes': ['${PWD}:/app']}
[2025-11-28T16:53:09.803+0000] {processor.py:842} WARNING - No viable dags retrieved from /opt/airflow/dags/dag.py
[2025-11-28T16:53:09.850+0000] {processor.py:183} INFO - Processing /opt/airflow/dags/dag.py took 0.222 seconds
[2025-11-28T16:53:40.110+0000] {processor.py:161} INFO - Started process (PID=295) to work on /opt/airflow/dags/dag.py
[2025-11-28T16:53:40.111+0000] {processor.py:830} INFO - Processing file /opt/airflow/dags/dag.py for tasks to queue
[2025-11-28T16:53:40.113+0000] {logging_mixin.py:188} INFO - [2025-11-28T16:53:40.113+0000] {dagbag.py:545} INFO - Filling up the DagBag from /opt/airflow/dags/dag.py
[2025-11-28T16:53:40.130+0000] {logging_mixin.py:188} INFO - [2025-11-28T16:53:40.125+0000] {dagbag.py:355} ERROR - Failed to import: /opt/airflow/dags/dag.py
Traceback (most recent call last):
  File "/home/airflow/.local/lib/python3.12/site-packages/airflow/models/dagbag.py", line 351, in parse
    loader.exec_module(new_module)
  File "<frozen importlib._bootstrap_external>", line 995, in exec_module
  File "<frozen importlib._bootstrap>", line 488, in _call_with_frames_removed
  File "/opt/airflow/dags/dag.py", line 28, in <module>
    bronze_task = DockerOperator(
                  ^^^^^^^^^^^^^^^
  File "/home/airflow/.local/lib/python3.12/site-packages/airflow/models/baseoperator.py", line 485, in apply_defaults
    result = func(self, **kwargs, default_args=default_args)
             ^^^^^^^^^^^^^^^^^^^^^^^^^^^^^^^^^^^^^^^^^^^^^^^
  File "/home/airflow/.local/lib/python3.12/site-packages/airflow/providers/docker/operators/docker.py", line 272, in __init__
    super().__init__(**kwargs)
  File "/home/airflow/.local/lib/python3.12/site-packages/airflow/models/baseoperator.py", line 485, in apply_defaults
    result = func(self, **kwargs, default_args=default_args)
             ^^^^^^^^^^^^^^^^^^^^^^^^^^^^^^^^^^^^^^^^^^^^^^^
  File "/home/airflow/.local/lib/python3.12/site-packages/airflow/models/baseoperator.py", line 882, in __init__
    raise AirflowException(
airflow.exceptions.AirflowException: Invalid arguments were passed to DockerOperator (task_id: bronze_task). Invalid arguments were:
**kwargs: {'volumes': ['${PWD}:/app']}
[2025-11-28T16:53:40.131+0000] {processor.py:842} WARNING - No viable dags retrieved from /opt/airflow/dags/dag.py
[2025-11-28T16:53:40.156+0000] {processor.py:183} INFO - Processing /opt/airflow/dags/dag.py took 0.051 seconds
[2025-11-28T16:54:10.406+0000] {processor.py:161} INFO - Started process (PID=300) to work on /opt/airflow/dags/dag.py
[2025-11-28T16:54:10.407+0000] {processor.py:830} INFO - Processing file /opt/airflow/dags/dag.py for tasks to queue
[2025-11-28T16:54:10.410+0000] {logging_mixin.py:188} INFO - [2025-11-28T16:54:10.409+0000] {dagbag.py:545} INFO - Filling up the DagBag from /opt/airflow/dags/dag.py
[2025-11-28T16:54:10.427+0000] {logging_mixin.py:188} INFO - [2025-11-28T16:54:10.422+0000] {dagbag.py:355} ERROR - Failed to import: /opt/airflow/dags/dag.py
Traceback (most recent call last):
  File "/home/airflow/.local/lib/python3.12/site-packages/airflow/models/dagbag.py", line 351, in parse
    loader.exec_module(new_module)
  File "<frozen importlib._bootstrap_external>", line 995, in exec_module
  File "<frozen importlib._bootstrap>", line 488, in _call_with_frames_removed
  File "/opt/airflow/dags/dag.py", line 28, in <module>
    bronze_task = DockerOperator(
                  ^^^^^^^^^^^^^^^
  File "/home/airflow/.local/lib/python3.12/site-packages/airflow/models/baseoperator.py", line 485, in apply_defaults
    result = func(self, **kwargs, default_args=default_args)
             ^^^^^^^^^^^^^^^^^^^^^^^^^^^^^^^^^^^^^^^^^^^^^^^
  File "/home/airflow/.local/lib/python3.12/site-packages/airflow/providers/docker/operators/docker.py", line 272, in __init__
    super().__init__(**kwargs)
  File "/home/airflow/.local/lib/python3.12/site-packages/airflow/models/baseoperator.py", line 485, in apply_defaults
    result = func(self, **kwargs, default_args=default_args)
             ^^^^^^^^^^^^^^^^^^^^^^^^^^^^^^^^^^^^^^^^^^^^^^^
  File "/home/airflow/.local/lib/python3.12/site-packages/airflow/models/baseoperator.py", line 882, in __init__
    raise AirflowException(
airflow.exceptions.AirflowException: Invalid arguments were passed to DockerOperator (task_id: bronze_task). Invalid arguments were:
**kwargs: {'volumes': ['${PWD}:/app']}
[2025-11-28T16:54:10.429+0000] {processor.py:842} WARNING - No viable dags retrieved from /opt/airflow/dags/dag.py
[2025-11-28T16:54:10.474+0000] {processor.py:183} INFO - Processing /opt/airflow/dags/dag.py took 0.073 seconds
[2025-11-28T16:54:25.672+0000] {processor.py:161} INFO - Started process (PID=305) to work on /opt/airflow/dags/dag.py
[2025-11-28T16:54:25.676+0000] {processor.py:830} INFO - Processing file /opt/airflow/dags/dag.py for tasks to queue
[2025-11-28T16:54:25.679+0000] {logging_mixin.py:188} INFO - [2025-11-28T16:54:25.679+0000] {dagbag.py:545} INFO - Filling up the DagBag from /opt/airflow/dags/dag.py
[2025-11-28T16:54:25.715+0000] {logging_mixin.py:188} INFO - [2025-11-28T16:54:25.709+0000] {dagbag.py:355} ERROR - Failed to import: /opt/airflow/dags/dag.py
Traceback (most recent call last):
  File "/home/airflow/.local/lib/python3.12/site-packages/airflow/models/dagbag.py", line 351, in parse
    loader.exec_module(new_module)
  File "<frozen importlib._bootstrap_external>", line 995, in exec_module
  File "<frozen importlib._bootstrap>", line 488, in _call_with_frames_removed
  File "/opt/airflow/dags/dag.py", line 28, in <module>
    bronze_task = DockerOperator(
                  ^^^^^^^^^^^^^^^
  File "/home/airflow/.local/lib/python3.12/site-packages/airflow/models/baseoperator.py", line 485, in apply_defaults
    result = func(self, **kwargs, default_args=default_args)
             ^^^^^^^^^^^^^^^^^^^^^^^^^^^^^^^^^^^^^^^^^^^^^^^
  File "/home/airflow/.local/lib/python3.12/site-packages/airflow/providers/docker/operators/docker.py", line 272, in __init__
    super().__init__(**kwargs)
  File "/home/airflow/.local/lib/python3.12/site-packages/airflow/models/baseoperator.py", line 485, in apply_defaults
    result = func(self, **kwargs, default_args=default_args)
             ^^^^^^^^^^^^^^^^^^^^^^^^^^^^^^^^^^^^^^^^^^^^^^^
  File "/home/airflow/.local/lib/python3.12/site-packages/airflow/models/baseoperator.py", line 882, in __init__
    raise AirflowException(
airflow.exceptions.AirflowException: Invalid arguments were passed to DockerOperator (task_id: bronze_task). Invalid arguments were:
**kwargs: {'volumes': ['${PWD}:/app']}
[2025-11-28T16:54:25.717+0000] {processor.py:842} WARNING - No viable dags retrieved from /opt/airflow/dags/dag.py
[2025-11-28T16:54:25.753+0000] {processor.py:183} INFO - Processing /opt/airflow/dags/dag.py took 0.086 seconds
