[2026-01-02T14:20:54.210+0000] {local_task_job_runner.py:120} INFO - ::group::Pre task execution logs
[2026-01-02T14:20:54.342+0000] {taskinstance.py:2076} INFO - Dependencies all met for dep_context=non-requeueable deps ti=<TaskInstance: exchange_rates_pipeline.bronze_task manual__2026-01-02T14:20:51.525369+00:00 [queued]>
[2026-01-02T14:20:54.364+0000] {taskinstance.py:2076} INFO - Dependencies all met for dep_context=requeueable deps ti=<TaskInstance: exchange_rates_pipeline.bronze_task manual__2026-01-02T14:20:51.525369+00:00 [queued]>
[2026-01-02T14:20:54.365+0000] {taskinstance.py:2306} INFO - Starting attempt 1 of 1
[2026-01-02T14:20:54.393+0000] {taskinstance.py:2330} INFO - Executing <Task(DockerOperator): bronze_task> on 2026-01-02 14:20:51.525369+00:00
[2026-01-02T14:20:54.458+0000] {standard_task_runner.py:90} INFO - Running: ['***', 'tasks', 'run', 'exchange_rates_pipeline', 'bronze_task', 'manual__2026-01-02T14:20:51.525369+00:00', '--job-id', '153', '--raw', '--subdir', 'DAGS_FOLDER/dag.py', '--cfg-path', '/tmp/tmpj4g89ppo']
[2026-01-02T14:20:54.466+0000] {logging_mixin.py:188} WARNING - /home/***/.local/lib/python3.12/site-packages/***/task/task_runner/standard_task_runner.py:61 DeprecationWarning: This process (pid=786) is multi-threaded, use of fork() may lead to deadlocks in the child.
[2026-01-02T14:20:54.470+0000] {standard_task_runner.py:63} INFO - Started process 787 to run task
[2026-01-02T14:20:54.470+0000] {standard_task_runner.py:91} INFO - Job 153: Subtask bronze_task
[2026-01-02T14:20:54.612+0000] {task_command.py:426} INFO - Running <TaskInstance: exchange_rates_pipeline.bronze_task manual__2026-01-02T14:20:51.525369+00:00 [running]> on host 8332bff687b7
[2026-01-02T14:20:54.974+0000] {taskinstance.py:2648} INFO - Exporting env vars: AIRFLOW_CTX_DAG_OWNER='***' AIRFLOW_CTX_DAG_ID='exchange_rates_pipeline' AIRFLOW_CTX_TASK_ID='bronze_task' AIRFLOW_CTX_EXECUTION_DATE='2026-01-02T14:20:51.525369+00:00' AIRFLOW_CTX_TRY_NUMBER='1' AIRFLOW_CTX_DAG_RUN_ID='manual__2026-01-02T14:20:51.525369+00:00'
[2026-01-02T14:20:54.977+0000] {taskinstance.py:430} INFO - ::endgroup::
[2026-01-02T14:20:55.201+0000] {docker.py:366} INFO - Starting docker container from image pipeline_project_2-etl_worker
[2026-01-02T14:21:02.955+0000] {docker.py:436} INFO - Traceback (most recent call last):
  File "/usr/local/lib/python3.11/site-packages/sqlalchemy/engine/base.py", line 3371, in _wrap_pool_connect
[2026-01-02T14:21:02.958+0000] {docker.py:436} INFO - return fn()
[2026-01-02T14:21:02.962+0000] {docker.py:436} INFO - ^^^^
  File "/usr/local/lib/python3.11/site-packages/sqlalchemy/pool/base.py", line 327, in connect
[2026-01-02T14:21:02.963+0000] {docker.py:436} INFO - return _ConnectionFairy._checkout(self)
           ^^^^^^^^^^^^^^^^^^^^^^^^^^^^^^^^
  File "/usr/local/lib/python3.11/site-packages/sqlalchemy/pool/base.py", line 894, in _checkout
[2026-01-02T14:21:02.964+0000] {docker.py:436} INFO - fairy = _ConnectionRecord.checkout(pool)
            ^^^^^^^^^^^^^^^^^^^^^^^^^^^^^^^^
  File "/usr/local/lib/python3.11/site-packages/sqlalchemy/pool/base.py", line 493, in checkout
[2026-01-02T14:21:02.965+0000] {docker.py:436} INFO - rec = pool._do_get()
          ^^^^^^^^^^^^^^
  File "/usr/local/lib/python3.11/site-packages/sqlalchemy/pool/impl.py", line 145, in _do_get
[2026-01-02T14:21:02.966+0000] {docker.py:436} INFO - with util.safe_reraise():
  File "/usr/local/lib/python3.11/site-packages/sqlalchemy/util/langhelpers.py", line 70, in __exit__
[2026-01-02T14:21:02.967+0000] {docker.py:436} INFO - compat.raise_(
  File "/usr/local/lib/python3.11/site-packages/sqlalchemy/util/compat.py", line 211, in raise_
[2026-01-02T14:21:02.968+0000] {docker.py:436} INFO - raise exception
  File "/usr/local/lib/python3.11/site-packages/sqlalchemy/pool/impl.py", line 143, in _do_get
[2026-01-02T14:21:02.968+0000] {docker.py:436} INFO - return self._create_connection()
           ^^^^^^^^^^^^^^^^^^^^^^^^^
  File "/usr/local/lib/python3.11/site-packages/sqlalchemy/pool/base.py", line 273, in _create_connection
[2026-01-02T14:21:02.969+0000] {docker.py:436} INFO - return _ConnectionRecord(self)
           ^^^^^^^^^^^^^^^^^^^^^^^
  File "/usr/local/lib/python3.11/site-packages/sqlalchemy/pool/base.py", line 388, in __init__
[2026-01-02T14:21:02.970+0000] {docker.py:436} INFO - self.__connect()
[2026-01-02T14:21:02.971+0000] {docker.py:436} INFO - File "/usr/local/lib/python3.11/site-packages/sqlalchemy/pool/base.py", line 690, in __connect
[2026-01-02T14:21:02.971+0000] {docker.py:436} INFO - with util.safe_reraise():
  File "/usr/local/lib/python3.11/site-packages/sqlalchemy/util/langhelpers.py", line 70, in __exit__
[2026-01-02T14:21:02.972+0000] {docker.py:436} INFO - compat.raise_(
  File "/usr/local/lib/python3.11/site-packages/sqlalchemy/util/compat.py", line 211, in raise_
[2026-01-02T14:21:02.973+0000] {docker.py:436} INFO - raise exception
[2026-01-02T14:21:02.974+0000] {docker.py:436} INFO - File "/usr/local/lib/python3.11/site-packages/sqlalchemy/pool/base.py", line 686, in __connect
[2026-01-02T14:21:02.978+0000] {docker.py:436} INFO - self.dbapi_connection = connection = pool._invoke_creator(self)
[2026-01-02T14:21:02.979+0000] {docker.py:436} INFO - ^^^^^^^^^^^^^^^^^^^^^^^^^^
  File "/usr/local/lib/python3.11/site-packages/sqlalchemy/engine/create.py", line 574, in connect
[2026-01-02T14:21:02.980+0000] {docker.py:436} INFO - return dialect.connect(*cargs, **cparams)
           ^^^^^^^^^^^^^^^^^^^^^^^^^^^^^^^^^^
  File "/usr/local/lib/python3.11/site-packages/sqlalchemy/engine/default.py", line 598, in connect
[2026-01-02T14:21:02.981+0000] {docker.py:436} INFO - return self.dbapi.connect(*cargs, **cparams)
           ^^^^^^^^^^^^^^^^^^^^^^^^^^^^^^^^^^^^^
  File "/usr/local/lib/python3.11/site-packages/psycopg2/__init__.py", line 122, in connect
[2026-01-02T14:21:02.981+0000] {docker.py:436} INFO - conn = _connect(dsn, connection_factory=connection_factory, **kwasync)
           ^^^^^^^^^^^^^^^^^^^^^^^^^^^^^^^^^^^^^^^^^^^^^^^^^^^^^^^^^^^^^^^
psycopg2.OperationalError: could not translate host name "postgres_dw" to address: Name or service not known


The above exception was the direct cause of the following exception:

Traceback (most recent call last):
[2026-01-02T14:21:02.982+0000] {docker.py:436} INFO - File "/app/scripts/bronze_task.py", line 38, in <module>
[2026-01-02T14:21:02.982+0000] {docker.py:436} INFO - last_update = pd.read_sql(query, engine).iloc[0, 0]
[2026-01-02T14:21:02.983+0000] {docker.py:436} INFO - ^^^^^^^^^^^^^^^^^^^^^^^^^^
  File "/usr/local/lib/python3.11/site-packages/pandas/io/sql.py", line 590, in read_sql
[2026-01-02T14:21:02.983+0000] {docker.py:436} INFO - return pandas_sql.read_query(
           ^^^^^^^^^^^^^^^^^^^^^^
  File "/usr/local/lib/python3.11/site-packages/pandas/io/sql.py", line 1560, in read_query
[2026-01-02T14:21:02.984+0000] {docker.py:436} INFO - result = self.execute(*args)
             ^^^^^^^^^^^^^^^^^^^
  File "/usr/local/lib/python3.11/site-packages/pandas/io/sql.py", line 1405, in execute
[2026-01-02T14:21:02.984+0000] {docker.py:436} INFO - return self.connectable.execution_options().execute(*args, **kwargs)
           ^^^^^^^^^^^^^^^^^^^^^^^^^^^^^^^^^^^^^^^^^^^^^^^^^^^^^^^^^^^^^
  File "<string>", line 2, in execute
  File "/usr/local/lib/python3.11/site-packages/sqlalchemy/util/deprecations.py", line 468, in warned
[2026-01-02T14:21:02.984+0000] {docker.py:436} INFO - return fn(*args, **kwargs)
           ^^^^^^^^^^^^^^^^^^^
  File "/usr/local/lib/python3.11/site-packages/sqlalchemy/engine/base.py", line 3266, in execute
[2026-01-02T14:21:02.985+0000] {docker.py:436} INFO - connection = self.connect(close_with_result=True)
                 ^^^^^^^^^^^^^^^^^^^^^^^^^^^^^^^^^^^^
  File "/usr/local/lib/python3.11/site-packages/sqlalchemy/engine/base.py", line 3325, in connect
[2026-01-02T14:21:02.985+0000] {docker.py:436} INFO - return self._connection_cls(self, close_with_result=close_with_result)
           ^^^^^^^^^^^^^^^^^^^^^^^^^^^^^^^^^^^^^^^^^^^^^^^^^^^^^^^^^^^^^^^
[2026-01-02T14:21:02.985+0000] {docker.py:436} INFO - File "/usr/local/lib/python3.11/site-packages/sqlalchemy/engine/base.py", line 96, in __init__
    else engine.raw_connection()
[2026-01-02T14:21:02.986+0000] {docker.py:436} INFO - ^^^^^^^^^^^^^^^^^^^^^^^
  File "/usr/local/lib/python3.11/site-packages/sqlalchemy/engine/base.py", line 3404, in raw_connection
[2026-01-02T14:21:02.986+0000] {docker.py:436} INFO - return self._wrap_pool_connect(self.pool.connect, _connection)
           ^^^^^^^^^^^^^^^^^^^^^^^^^^^^^^^^^^^^^^^^^^^^^^^^^^^^^^^
  File "/usr/local/lib/python3.11/site-packages/sqlalchemy/engine/base.py", line 3374, in _wrap_pool_connect
[2026-01-02T14:21:02.987+0000] {docker.py:436} INFO - Connection._handle_dbapi_exception_noconnection(
  File "/usr/local/lib/python3.11/site-packages/sqlalchemy/engine/base.py", line 2208, in _handle_dbapi_exception_noconnection
[2026-01-02T14:21:02.987+0000] {docker.py:436} INFO - util.raise_(
  File "/usr/local/lib/python3.11/site-packages/sqlalchemy/util/compat.py", line 211, in raise_
[2026-01-02T14:21:02.987+0000] {docker.py:436} INFO - raise exception
  File "/usr/local/lib/python3.11/site-packages/sqlalchemy/engine/base.py", line 3371, in _wrap_pool_connect
[2026-01-02T14:21:02.988+0000] {docker.py:436} INFO - return fn()
           ^^^^
  File "/usr/local/lib/python3.11/site-packages/sqlalchemy/pool/base.py", line 327, in connect
[2026-01-02T14:21:02.988+0000] {docker.py:436} INFO - return _ConnectionFairy._checkout(self)
           ^^^^^^^^^^^^^^^^^^^^^^^^^^^^^^^^
  File "/usr/local/lib/python3.11/site-packages/sqlalchemy/pool/base.py", line 894, in _checkout
[2026-01-02T14:21:02.989+0000] {docker.py:436} INFO - fairy = _ConnectionRecord.checkout(pool)
            ^^^^^^^^^^^^^^^^^^^^^^^^^^^^^^^^
  File "/usr/local/lib/python3.11/site-packages/sqlalchemy/pool/base.py", line 493, in checkout
[2026-01-02T14:21:02.989+0000] {docker.py:436} INFO - rec = pool._do_get()
          ^^^^^^^^^^^^^^
  File "/usr/local/lib/python3.11/site-packages/sqlalchemy/pool/impl.py", line 145, in _do_get
[2026-01-02T14:21:02.989+0000] {docker.py:436} INFO - with util.safe_reraise():
  File "/usr/local/lib/python3.11/site-packages/sqlalchemy/util/langhelpers.py", line 70, in __exit__
[2026-01-02T14:21:02.990+0000] {docker.py:436} INFO - compat.raise_(
  File "/usr/local/lib/python3.11/site-packages/sqlalchemy/util/compat.py", line 211, in raise_
[2026-01-02T14:21:02.991+0000] {docker.py:436} INFO - raise exception
  File "/usr/local/lib/python3.11/site-packages/sqlalchemy/pool/impl.py", line 143, in _do_get
    return self._create_connection()
           ^^^^^^^^^^^^^^^^^^^^^^^^^
  File "/usr/local/lib/python3.11/site-packages/sqlalchemy/pool/base.py", line 273, in _create_connection
[2026-01-02T14:21:02.994+0000] {docker.py:436} INFO - return _ConnectionRecord(self)
           ^^^^^^^^^^^^^^^^^^^^^^^
  File "/usr/local/lib/python3.11/site-packages/sqlalchemy/pool/base.py", line 388, in __init__
[2026-01-02T14:21:02.995+0000] {docker.py:436} INFO - self.__connect()
  File "/usr/local/lib/python3.11/site-packages/sqlalchemy/pool/base.py", line 690, in __connect
[2026-01-02T14:21:02.995+0000] {docker.py:436} INFO - with util.safe_reraise():
  File "/usr/local/lib/python3.11/site-packages/sqlalchemy/util/langhelpers.py", line 70, in __exit__
    compat.raise_(
  File "/usr/local/lib/python3.11/site-packages/sqlalchemy/util/compat.py", line 211, in raise_
[2026-01-02T14:21:02.996+0000] {docker.py:436} INFO - raise exception
  File "/usr/local/lib/python3.11/site-packages/sqlalchemy/pool/base.py", line 686, in __connect
[2026-01-02T14:21:02.997+0000] {docker.py:436} INFO - self.dbapi_connection = connection = pool._invoke_creator(self)
                                         ^^^^^^^^^^^^^^^^^^^^^^^^^^
  File "/usr/local/lib/python3.11/site-packages/sqlalchemy/engine/create.py", line 574, in connect
[2026-01-02T14:21:02.997+0000] {docker.py:436} INFO - return dialect.connect(*cargs, **cparams)
           ^^^^^^^^^^^^^^^^^^^^^^^^^^^^^^^^^^
[2026-01-02T14:21:02.998+0000] {docker.py:436} INFO - File "/usr/local/lib/python3.11/site-packages/sqlalchemy/engine/default.py", line 598, in connect
[2026-01-02T14:21:03.000+0000] {docker.py:436} INFO - return self.dbapi.connect(*cargs, **cparams)
           ^^^^^^^^^^^^^^^^^^^^^^^^^^^^^^^^^^^^^
  File "/usr/local/lib/python3.11/site-packages/psycopg2/__init__.py", line 122, in connect
    conn = _connect(dsn, connection_factory=connection_factory, **kwasync)
[2026-01-02T14:21:03.000+0000] {docker.py:436} INFO - ^^^^^^^^^^^^^^^^^^^^^^^^^^^^^^^^^^^^^^^^^^^^^^^^^^^^^^^^^^^^^^^
[2026-01-02T14:21:03.001+0000] {docker.py:436} INFO - sqlalchemy.exc.OperationalError: (psycopg2.OperationalError) could not translate host name "postgres_dw" to address: Name or service not known

(Background on this error at: https://sqlalche.me/e/14/e3q8)
[2026-01-02T14:21:03.706+0000] {taskinstance.py:441} INFO - ::group::Post task execution logs
[2026-01-02T14:21:03.739+0000] {taskinstance.py:2905} ERROR - Task failed with exception
Traceback (most recent call last):
  File "/home/airflow/.local/lib/python3.12/site-packages/airflow/models/taskinstance.py", line 465, in _execute_task
    result = _execute_callable(context=context, **execute_callable_kwargs)
             ^^^^^^^^^^^^^^^^^^^^^^^^^^^^^^^^^^^^^^^^^^^^^^^^^^^^^^^^^^^^^
  File "/home/airflow/.local/lib/python3.12/site-packages/airflow/models/taskinstance.py", line 432, in _execute_callable
    return execute_callable(context=context, **execute_callable_kwargs)
           ^^^^^^^^^^^^^^^^^^^^^^^^^^^^^^^^^^^^^^^^^^^^^^^^^^^^^^^^^^^^
  File "/home/airflow/.local/lib/python3.12/site-packages/airflow/models/baseoperator.py", line 401, in wrapper
    return func(self, *args, **kwargs)
           ^^^^^^^^^^^^^^^^^^^^^^^^^^^
  File "/home/airflow/.local/lib/python3.12/site-packages/airflow/providers/docker/operators/docker.py", line 509, in execute
    return self._run_image()
           ^^^^^^^^^^^^^^^^^
  File "/home/airflow/.local/lib/python3.12/site-packages/airflow/providers/docker/operators/docker.py", line 383, in _run_image
    return self._run_image_with_mounts(self.mounts, add_tmp_variable=False)
           ^^^^^^^^^^^^^^^^^^^^^^^^^^^^^^^^^^^^^^^^^^^^^^^^^^^^^^^^^^^^^^^^
  File "/home/airflow/.local/lib/python3.12/site-packages/airflow/providers/docker/operators/docker.py", line 444, in _run_image_with_mounts
    raise DockerContainerFailedException(f"Docker container failed: {result!r}", logs=log_lines)
airflow.providers.docker.exceptions.DockerContainerFailedException: Docker container failed: {'StatusCode': 1}
[2026-01-02T14:21:03.761+0000] {taskinstance.py:1206} INFO - Marking task as FAILED. dag_id=exchange_rates_pipeline, task_id=bronze_task, run_id=manual__2026-01-02T14:20:51.525369+00:00, execution_date=20260102T142051, start_date=20260102T142054, end_date=20260102T142103
[2026-01-02T14:21:03.802+0000] {standard_task_runner.py:110} ERROR - Failed to execute job 153 for task bronze_task (Docker container failed: {'StatusCode': 1}; 787)
[2026-01-02T14:21:03.860+0000] {local_task_job_runner.py:240} INFO - Task exited with return code 1
[2026-01-02T14:21:03.895+0000] {local_task_job_runner.py:222} INFO - ::endgroup::
