[2026-01-09T12:44:26.147+0000] {local_task_job_runner.py:120} INFO - ::group::Pre task execution logs
[2026-01-09T12:44:26.274+0000] {taskinstance.py:2076} INFO - Dependencies all met for dep_context=non-requeueable deps ti=<TaskInstance: exchange_rates_pipeline.silver_task manual__2026-01-09T12:30:29.316387+00:00 [queued]>
[2026-01-09T12:44:26.292+0000] {taskinstance.py:2076} INFO - Dependencies all met for dep_context=requeueable deps ti=<TaskInstance: exchange_rates_pipeline.silver_task manual__2026-01-09T12:30:29.316387+00:00 [queued]>
[2026-01-09T12:44:26.294+0000] {taskinstance.py:2306} INFO - Starting attempt 2 of 2
[2026-01-09T12:44:26.325+0000] {taskinstance.py:2330} INFO - Executing <Task(DockerOperator): silver_task> on 2026-01-09 12:30:29.316387+00:00
[2026-01-09T12:44:26.343+0000] {logging_mixin.py:188} WARNING - /home/***/.local/lib/python3.12/site-packages/***/task/task_runner/standard_task_runner.py:61 DeprecationWarning: This process (pid=339) is multi-threaded, use of fork() may lead to deadlocks in the child.
[2026-01-09T12:44:26.340+0000] {standard_task_runner.py:90} INFO - Running: ['***', 'tasks', 'run', 'exchange_rates_pipeline', 'silver_task', 'manual__2026-01-09T12:30:29.316387+00:00', '--job-id', '180', '--raw', '--subdir', 'DAGS_FOLDER/dag.py', '--cfg-path', '/tmp/tmpkpmkr7a8']
[2026-01-09T12:44:26.344+0000] {standard_task_runner.py:63} INFO - Started process 340 to run task
[2026-01-09T12:44:26.345+0000] {standard_task_runner.py:91} INFO - Job 180: Subtask silver_task
[2026-01-09T12:44:26.482+0000] {task_command.py:426} INFO - Running <TaskInstance: exchange_rates_pipeline.silver_task manual__2026-01-09T12:30:29.316387+00:00 [running]> on host 8332bff687b7
[2026-01-09T12:44:26.931+0000] {taskinstance.py:2648} INFO - Exporting env vars: AIRFLOW_CTX_DAG_OWNER='***' AIRFLOW_CTX_DAG_ID='exchange_rates_pipeline' AIRFLOW_CTX_TASK_ID='silver_task' AIRFLOW_CTX_EXECUTION_DATE='2026-01-09T12:30:29.316387+00:00' AIRFLOW_CTX_TRY_NUMBER='2' AIRFLOW_CTX_DAG_RUN_ID='manual__2026-01-09T12:30:29.316387+00:00'
[2026-01-09T12:44:26.938+0000] {taskinstance.py:430} INFO - ::endgroup::
[2026-01-09T12:44:27.285+0000] {docker.py:366} INFO - Starting docker container from image pipeline_project_2-etl_worker
[2026-01-09T12:44:36.086+0000] {docker.py:436} INFO - /app/scripts/silver_task.py:74: FutureWarning: The default value of regex will change from True to False in a future version.
  df_to_load['exchange_rate'] = df_to_load['exchange_rate'].str.replace('conversion_rates.', '')
[2026-01-09T12:44:36.122+0000] {docker.py:436} INFO - Incluyendo 1 nuevos registros en la base de datos.
Registros nuevos incluidos en la tabla "Exchange_Rates_Silver_Table"
Última actualización: 2026-01-08
[2026-01-09T12:44:36.997+0000] {taskinstance.py:441} INFO - ::group::Post task execution logs
[2026-01-09T12:44:37.067+0000] {taskinstance.py:1206} INFO - Marking task as SUCCESS. dag_id=exchange_rates_pipeline, task_id=silver_task, run_id=manual__2026-01-09T12:30:29.316387+00:00, execution_date=20260109T123029, start_date=20260109T124426, end_date=20260109T124437
[2026-01-09T12:44:37.108+0000] {local_task_job_runner.py:240} INFO - Task exited with return code 0
[2026-01-09T12:44:37.138+0000] {taskinstance.py:3503} INFO - 0 downstream tasks scheduled from follow-on schedule check
[2026-01-09T12:44:37.143+0000] {local_task_job_runner.py:222} INFO - ::endgroup::
