[2026-01-08T13:46:43.109+0000] {processor.py:161} INFO - Started process (PID=180) to work on /opt/airflow/dags/dag.py
[2026-01-08T13:46:43.111+0000] {processor.py:830} INFO - Processing file /opt/airflow/dags/dag.py for tasks to queue
[2026-01-08T13:46:43.115+0000] {logging_mixin.py:188} INFO - [2026-01-08T13:46:43.114+0000] {dagbag.py:545} INFO - Filling up the DagBag from /opt/airflow/dags/dag.py
[2026-01-08T13:46:43.186+0000] {processor.py:840} INFO - DAG(s) 'exchange_rates_pipeline' retrieved from /opt/airflow/dags/dag.py
[2026-01-08T13:46:43.265+0000] {logging_mixin.py:188} INFO - [2026-01-08T13:46:43.265+0000] {dag.py:3096} INFO - Sync 1 DAGs
[2026-01-08T13:46:43.297+0000] {logging_mixin.py:188} INFO - [2026-01-08T13:46:43.296+0000] {dag.py:3954} INFO - Setting next_dagrun for exchange_rates_pipeline to None, run_after=None
[2026-01-08T13:46:43.354+0000] {processor.py:183} INFO - Processing /opt/airflow/dags/dag.py took 0.256 seconds
[2026-01-08T13:47:13.761+0000] {processor.py:161} INFO - Started process (PID=185) to work on /opt/airflow/dags/dag.py
[2026-01-08T13:47:13.765+0000] {processor.py:830} INFO - Processing file /opt/airflow/dags/dag.py for tasks to queue
[2026-01-08T13:47:13.780+0000] {logging_mixin.py:188} INFO - [2026-01-08T13:47:13.778+0000] {dagbag.py:545} INFO - Filling up the DagBag from /opt/airflow/dags/dag.py
[2026-01-08T13:47:13.957+0000] {processor.py:840} INFO - DAG(s) 'exchange_rates_pipeline' retrieved from /opt/airflow/dags/dag.py
[2026-01-08T13:47:14.511+0000] {logging_mixin.py:188} INFO - [2026-01-08T13:47:14.510+0000] {dag.py:3096} INFO - Sync 1 DAGs
[2026-01-08T13:47:14.545+0000] {logging_mixin.py:188} INFO - [2026-01-08T13:47:14.544+0000] {dag.py:3954} INFO - Setting next_dagrun for exchange_rates_pipeline to None, run_after=None
[2026-01-08T13:47:14.586+0000] {processor.py:183} INFO - Processing /opt/airflow/dags/dag.py took 0.894 seconds
[2026-01-08T13:47:52.797+0000] {processor.py:161} INFO - Started process (PID=190) to work on /opt/airflow/dags/dag.py
[2026-01-08T13:47:52.984+0000] {processor.py:830} INFO - Processing file /opt/airflow/dags/dag.py for tasks to queue
[2026-01-08T13:47:54.124+0000] {logging_mixin.py:188} INFO - [2026-01-08T13:47:54.065+0000] {dagbag.py:545} INFO - Filling up the DagBag from /opt/airflow/dags/dag.py
[2026-01-08T13:47:56.387+0000] {processor.py:840} INFO - DAG(s) 'exchange_rates_pipeline' retrieved from /opt/airflow/dags/dag.py
[2026-01-08T13:48:03.910+0000] {logging_mixin.py:188} INFO - [2026-01-08T13:48:03.909+0000] {dag.py:3096} INFO - Sync 1 DAGs
[2026-01-08T13:48:04.304+0000] {logging_mixin.py:188} INFO - [2026-01-08T13:48:04.303+0000] {dag.py:3954} INFO - Setting next_dagrun for exchange_rates_pipeline to None, run_after=None
[2026-01-08T13:48:05.030+0000] {processor.py:183} INFO - Processing /opt/airflow/dags/dag.py took 14.373 seconds
[2026-01-08T13:48:36.317+0000] {processor.py:161} INFO - Started process (PID=195) to work on /opt/airflow/dags/dag.py
[2026-01-08T13:48:36.362+0000] {processor.py:830} INFO - Processing file /opt/airflow/dags/dag.py for tasks to queue
[2026-01-08T13:48:36.385+0000] {logging_mixin.py:188} INFO - [2026-01-08T13:48:36.383+0000] {dagbag.py:545} INFO - Filling up the DagBag from /opt/airflow/dags/dag.py
[2026-01-08T13:48:36.588+0000] {processor.py:840} INFO - DAG(s) 'exchange_rates_pipeline' retrieved from /opt/airflow/dags/dag.py
[2026-01-08T13:48:36.830+0000] {logging_mixin.py:188} INFO - [2026-01-08T13:48:36.828+0000] {dag.py:3096} INFO - Sync 1 DAGs
[2026-01-08T13:48:36.906+0000] {logging_mixin.py:188} INFO - [2026-01-08T13:48:36.905+0000] {dag.py:3954} INFO - Setting next_dagrun for exchange_rates_pipeline to None, run_after=None
[2026-01-08T13:48:37.048+0000] {processor.py:183} INFO - Processing /opt/airflow/dags/dag.py took 0.927 seconds
[2026-01-08T13:49:07.468+0000] {processor.py:161} INFO - Started process (PID=200) to work on /opt/airflow/dags/dag.py
[2026-01-08T13:49:07.471+0000] {processor.py:830} INFO - Processing file /opt/airflow/dags/dag.py for tasks to queue
[2026-01-08T13:49:07.477+0000] {logging_mixin.py:188} INFO - [2026-01-08T13:49:07.476+0000] {dagbag.py:545} INFO - Filling up the DagBag from /opt/airflow/dags/dag.py
[2026-01-08T13:49:07.547+0000] {processor.py:840} INFO - DAG(s) 'exchange_rates_pipeline' retrieved from /opt/airflow/dags/dag.py
[2026-01-08T13:49:07.623+0000] {logging_mixin.py:188} INFO - [2026-01-08T13:49:07.623+0000] {dag.py:3096} INFO - Sync 1 DAGs
[2026-01-08T13:49:07.647+0000] {logging_mixin.py:188} INFO - [2026-01-08T13:49:07.647+0000] {dag.py:3954} INFO - Setting next_dagrun for exchange_rates_pipeline to None, run_after=None
[2026-01-08T13:49:07.699+0000] {processor.py:183} INFO - Processing /opt/airflow/dags/dag.py took 0.245 seconds
[2026-01-08T13:49:37.809+0000] {processor.py:161} INFO - Started process (PID=205) to work on /opt/airflow/dags/dag.py
[2026-01-08T13:49:37.811+0000] {processor.py:830} INFO - Processing file /opt/airflow/dags/dag.py for tasks to queue
[2026-01-08T13:49:37.815+0000] {logging_mixin.py:188} INFO - [2026-01-08T13:49:37.814+0000] {dagbag.py:545} INFO - Filling up the DagBag from /opt/airflow/dags/dag.py
[2026-01-08T13:49:37.857+0000] {processor.py:840} INFO - DAG(s) 'exchange_rates_pipeline' retrieved from /opt/airflow/dags/dag.py
[2026-01-08T13:49:37.914+0000] {logging_mixin.py:188} INFO - [2026-01-08T13:49:37.913+0000] {dag.py:3096} INFO - Sync 1 DAGs
[2026-01-08T13:49:37.932+0000] {logging_mixin.py:188} INFO - [2026-01-08T13:49:37.932+0000] {dag.py:3954} INFO - Setting next_dagrun for exchange_rates_pipeline to None, run_after=None
[2026-01-08T13:49:37.976+0000] {processor.py:183} INFO - Processing /opt/airflow/dags/dag.py took 0.177 seconds
[2026-01-08T13:50:08.192+0000] {processor.py:161} INFO - Started process (PID=210) to work on /opt/airflow/dags/dag.py
[2026-01-08T13:50:08.196+0000] {processor.py:830} INFO - Processing file /opt/airflow/dags/dag.py for tasks to queue
[2026-01-08T13:50:08.212+0000] {logging_mixin.py:188} INFO - [2026-01-08T13:50:08.211+0000] {dagbag.py:545} INFO - Filling up the DagBag from /opt/airflow/dags/dag.py
[2026-01-08T13:50:08.290+0000] {processor.py:840} INFO - DAG(s) 'exchange_rates_pipeline' retrieved from /opt/airflow/dags/dag.py
[2026-01-08T13:50:08.361+0000] {logging_mixin.py:188} INFO - [2026-01-08T13:50:08.361+0000] {dag.py:3096} INFO - Sync 1 DAGs
[2026-01-08T13:50:08.394+0000] {logging_mixin.py:188} INFO - [2026-01-08T13:50:08.393+0000] {dag.py:3954} INFO - Setting next_dagrun for exchange_rates_pipeline to None, run_after=None
[2026-01-08T13:50:08.433+0000] {processor.py:183} INFO - Processing /opt/airflow/dags/dag.py took 0.253 seconds
[2026-01-08T13:50:38.721+0000] {processor.py:161} INFO - Started process (PID=215) to work on /opt/airflow/dags/dag.py
[2026-01-08T13:50:38.725+0000] {processor.py:830} INFO - Processing file /opt/airflow/dags/dag.py for tasks to queue
[2026-01-08T13:50:38.730+0000] {logging_mixin.py:188} INFO - [2026-01-08T13:50:38.730+0000] {dagbag.py:545} INFO - Filling up the DagBag from /opt/airflow/dags/dag.py
[2026-01-08T13:50:38.788+0000] {processor.py:840} INFO - DAG(s) 'exchange_rates_pipeline' retrieved from /opt/airflow/dags/dag.py
[2026-01-08T13:50:38.903+0000] {logging_mixin.py:188} INFO - [2026-01-08T13:50:38.903+0000] {dag.py:3096} INFO - Sync 1 DAGs
[2026-01-08T13:50:38.927+0000] {logging_mixin.py:188} INFO - [2026-01-08T13:50:38.926+0000] {dag.py:3954} INFO - Setting next_dagrun for exchange_rates_pipeline to None, run_after=None
[2026-01-08T13:50:38.965+0000] {processor.py:183} INFO - Processing /opt/airflow/dags/dag.py took 0.269 seconds
[2026-01-08T13:51:09.182+0000] {processor.py:161} INFO - Started process (PID=220) to work on /opt/airflow/dags/dag.py
[2026-01-08T13:51:09.185+0000] {processor.py:830} INFO - Processing file /opt/airflow/dags/dag.py for tasks to queue
[2026-01-08T13:51:09.194+0000] {logging_mixin.py:188} INFO - [2026-01-08T13:51:09.193+0000] {dagbag.py:545} INFO - Filling up the DagBag from /opt/airflow/dags/dag.py
[2026-01-08T13:51:09.278+0000] {processor.py:840} INFO - DAG(s) 'exchange_rates_pipeline' retrieved from /opt/airflow/dags/dag.py
[2026-01-08T13:51:09.386+0000] {logging_mixin.py:188} INFO - [2026-01-08T13:51:09.386+0000] {dag.py:3096} INFO - Sync 1 DAGs
[2026-01-08T13:51:09.409+0000] {logging_mixin.py:188} INFO - [2026-01-08T13:51:09.408+0000] {dag.py:3954} INFO - Setting next_dagrun for exchange_rates_pipeline to None, run_after=None
[2026-01-08T13:51:09.440+0000] {processor.py:183} INFO - Processing /opt/airflow/dags/dag.py took 0.278 seconds
[2026-01-08T13:51:39.784+0000] {processor.py:161} INFO - Started process (PID=225) to work on /opt/airflow/dags/dag.py
[2026-01-08T13:51:39.787+0000] {processor.py:830} INFO - Processing file /opt/airflow/dags/dag.py for tasks to queue
[2026-01-08T13:51:39.794+0000] {logging_mixin.py:188} INFO - [2026-01-08T13:51:39.793+0000] {dagbag.py:545} INFO - Filling up the DagBag from /opt/airflow/dags/dag.py
[2026-01-08T13:51:39.864+0000] {processor.py:840} INFO - DAG(s) 'exchange_rates_pipeline' retrieved from /opt/airflow/dags/dag.py
[2026-01-08T13:51:39.961+0000] {logging_mixin.py:188} INFO - [2026-01-08T13:51:39.960+0000] {dag.py:3096} INFO - Sync 1 DAGs
[2026-01-08T13:51:39.996+0000] {logging_mixin.py:188} INFO - [2026-01-08T13:51:39.996+0000] {dag.py:3954} INFO - Setting next_dagrun for exchange_rates_pipeline to None, run_after=None
[2026-01-08T13:51:40.048+0000] {processor.py:183} INFO - Processing /opt/airflow/dags/dag.py took 0.292 seconds
[2026-01-08T13:52:10.520+0000] {processor.py:161} INFO - Started process (PID=230) to work on /opt/airflow/dags/dag.py
[2026-01-08T13:52:10.524+0000] {processor.py:830} INFO - Processing file /opt/airflow/dags/dag.py for tasks to queue
[2026-01-08T13:52:10.530+0000] {logging_mixin.py:188} INFO - [2026-01-08T13:52:10.529+0000] {dagbag.py:545} INFO - Filling up the DagBag from /opt/airflow/dags/dag.py
[2026-01-08T13:52:10.617+0000] {processor.py:840} INFO - DAG(s) 'exchange_rates_pipeline' retrieved from /opt/airflow/dags/dag.py
[2026-01-08T13:52:10.700+0000] {logging_mixin.py:188} INFO - [2026-01-08T13:52:10.699+0000] {dag.py:3096} INFO - Sync 1 DAGs
[2026-01-08T13:52:10.733+0000] {logging_mixin.py:188} INFO - [2026-01-08T13:52:10.732+0000] {dag.py:3954} INFO - Setting next_dagrun for exchange_rates_pipeline to None, run_after=None
[2026-01-08T13:52:10.786+0000] {processor.py:183} INFO - Processing /opt/airflow/dags/dag.py took 0.283 seconds
[2026-01-08T13:52:41.183+0000] {processor.py:161} INFO - Started process (PID=235) to work on /opt/airflow/dags/dag.py
[2026-01-08T13:52:41.186+0000] {processor.py:830} INFO - Processing file /opt/airflow/dags/dag.py for tasks to queue
[2026-01-08T13:52:41.192+0000] {logging_mixin.py:188} INFO - [2026-01-08T13:52:41.191+0000] {dagbag.py:545} INFO - Filling up the DagBag from /opt/airflow/dags/dag.py
[2026-01-08T13:52:41.260+0000] {processor.py:840} INFO - DAG(s) 'exchange_rates_pipeline' retrieved from /opt/airflow/dags/dag.py
[2026-01-08T13:52:41.343+0000] {logging_mixin.py:188} INFO - [2026-01-08T13:52:41.342+0000] {dag.py:3096} INFO - Sync 1 DAGs
[2026-01-08T13:52:41.378+0000] {logging_mixin.py:188} INFO - [2026-01-08T13:52:41.378+0000] {dag.py:3954} INFO - Setting next_dagrun for exchange_rates_pipeline to None, run_after=None
[2026-01-08T13:52:41.435+0000] {processor.py:183} INFO - Processing /opt/airflow/dags/dag.py took 0.268 seconds
[2026-01-08T13:53:11.889+0000] {processor.py:161} INFO - Started process (PID=240) to work on /opt/airflow/dags/dag.py
[2026-01-08T13:53:11.892+0000] {processor.py:830} INFO - Processing file /opt/airflow/dags/dag.py for tasks to queue
[2026-01-08T13:53:11.897+0000] {logging_mixin.py:188} INFO - [2026-01-08T13:53:11.896+0000] {dagbag.py:545} INFO - Filling up the DagBag from /opt/airflow/dags/dag.py
[2026-01-08T13:53:12.001+0000] {processor.py:840} INFO - DAG(s) 'exchange_rates_pipeline' retrieved from /opt/airflow/dags/dag.py
[2026-01-08T13:53:12.089+0000] {logging_mixin.py:188} INFO - [2026-01-08T13:53:12.089+0000] {dag.py:3096} INFO - Sync 1 DAGs
[2026-01-08T13:53:12.107+0000] {logging_mixin.py:188} INFO - [2026-01-08T13:53:12.107+0000] {dag.py:3954} INFO - Setting next_dagrun for exchange_rates_pipeline to None, run_after=None
[2026-01-08T13:53:12.145+0000] {processor.py:183} INFO - Processing /opt/airflow/dags/dag.py took 0.273 seconds
[2026-01-08T13:53:42.285+0000] {processor.py:161} INFO - Started process (PID=245) to work on /opt/airflow/dags/dag.py
[2026-01-08T13:53:42.289+0000] {processor.py:830} INFO - Processing file /opt/airflow/dags/dag.py for tasks to queue
[2026-01-08T13:53:42.295+0000] {logging_mixin.py:188} INFO - [2026-01-08T13:53:42.294+0000] {dagbag.py:545} INFO - Filling up the DagBag from /opt/airflow/dags/dag.py
[2026-01-08T13:53:42.364+0000] {processor.py:840} INFO - DAG(s) 'exchange_rates_pipeline' retrieved from /opt/airflow/dags/dag.py
[2026-01-08T13:53:42.463+0000] {logging_mixin.py:188} INFO - [2026-01-08T13:53:42.462+0000] {dag.py:3096} INFO - Sync 1 DAGs
[2026-01-08T13:53:42.505+0000] {logging_mixin.py:188} INFO - [2026-01-08T13:53:42.504+0000] {dag.py:3954} INFO - Setting next_dagrun for exchange_rates_pipeline to None, run_after=None
[2026-01-08T13:53:42.567+0000] {processor.py:183} INFO - Processing /opt/airflow/dags/dag.py took 0.301 seconds
[2026-01-08T13:54:12.868+0000] {processor.py:161} INFO - Started process (PID=250) to work on /opt/airflow/dags/dag.py
[2026-01-08T13:54:12.870+0000] {processor.py:830} INFO - Processing file /opt/airflow/dags/dag.py for tasks to queue
[2026-01-08T13:54:12.876+0000] {logging_mixin.py:188} INFO - [2026-01-08T13:54:12.875+0000] {dagbag.py:545} INFO - Filling up the DagBag from /opt/airflow/dags/dag.py
[2026-01-08T13:54:12.940+0000] {processor.py:840} INFO - DAG(s) 'exchange_rates_pipeline' retrieved from /opt/airflow/dags/dag.py
[2026-01-08T13:54:13.056+0000] {logging_mixin.py:188} INFO - [2026-01-08T13:54:13.055+0000] {dag.py:3096} INFO - Sync 1 DAGs
[2026-01-08T13:54:13.103+0000] {logging_mixin.py:188} INFO - [2026-01-08T13:54:13.102+0000] {dag.py:3954} INFO - Setting next_dagrun for exchange_rates_pipeline to None, run_after=None
[2026-01-08T13:54:13.131+0000] {processor.py:183} INFO - Processing /opt/airflow/dags/dag.py took 0.284 seconds
[2026-01-08T13:54:43.447+0000] {processor.py:161} INFO - Started process (PID=255) to work on /opt/airflow/dags/dag.py
[2026-01-08T13:54:43.452+0000] {processor.py:830} INFO - Processing file /opt/airflow/dags/dag.py for tasks to queue
[2026-01-08T13:54:43.456+0000] {logging_mixin.py:188} INFO - [2026-01-08T13:54:43.455+0000] {dagbag.py:545} INFO - Filling up the DagBag from /opt/airflow/dags/dag.py
[2026-01-08T13:54:43.515+0000] {processor.py:840} INFO - DAG(s) 'exchange_rates_pipeline' retrieved from /opt/airflow/dags/dag.py
[2026-01-08T13:54:43.582+0000] {logging_mixin.py:188} INFO - [2026-01-08T13:54:43.581+0000] {dag.py:3096} INFO - Sync 1 DAGs
[2026-01-08T13:54:43.612+0000] {logging_mixin.py:188} INFO - [2026-01-08T13:54:43.612+0000] {dag.py:3954} INFO - Setting next_dagrun for exchange_rates_pipeline to None, run_after=None
[2026-01-08T13:54:43.648+0000] {processor.py:183} INFO - Processing /opt/airflow/dags/dag.py took 0.217 seconds
[2026-01-08T13:55:13.934+0000] {processor.py:161} INFO - Started process (PID=260) to work on /opt/airflow/dags/dag.py
[2026-01-08T13:55:13.936+0000] {processor.py:830} INFO - Processing file /opt/airflow/dags/dag.py for tasks to queue
[2026-01-08T13:55:13.941+0000] {logging_mixin.py:188} INFO - [2026-01-08T13:55:13.940+0000] {dagbag.py:545} INFO - Filling up the DagBag from /opt/airflow/dags/dag.py
[2026-01-08T13:55:13.988+0000] {processor.py:840} INFO - DAG(s) 'exchange_rates_pipeline' retrieved from /opt/airflow/dags/dag.py
[2026-01-08T13:55:14.099+0000] {logging_mixin.py:188} INFO - [2026-01-08T13:55:14.099+0000] {dag.py:3096} INFO - Sync 1 DAGs
[2026-01-08T13:55:14.120+0000] {logging_mixin.py:188} INFO - [2026-01-08T13:55:14.120+0000] {dag.py:3954} INFO - Setting next_dagrun for exchange_rates_pipeline to None, run_after=None
[2026-01-08T13:55:14.149+0000] {processor.py:183} INFO - Processing /opt/airflow/dags/dag.py took 0.235 seconds
[2026-01-08T13:55:44.364+0000] {processor.py:161} INFO - Started process (PID=265) to work on /opt/airflow/dags/dag.py
[2026-01-08T13:55:44.367+0000] {processor.py:830} INFO - Processing file /opt/airflow/dags/dag.py for tasks to queue
[2026-01-08T13:55:44.374+0000] {logging_mixin.py:188} INFO - [2026-01-08T13:55:44.373+0000] {dagbag.py:545} INFO - Filling up the DagBag from /opt/airflow/dags/dag.py
[2026-01-08T13:55:44.440+0000] {processor.py:840} INFO - DAG(s) 'exchange_rates_pipeline' retrieved from /opt/airflow/dags/dag.py
[2026-01-08T13:55:44.560+0000] {logging_mixin.py:188} INFO - [2026-01-08T13:55:44.560+0000] {dag.py:3096} INFO - Sync 1 DAGs
[2026-01-08T13:55:44.589+0000] {logging_mixin.py:188} INFO - [2026-01-08T13:55:44.589+0000] {dag.py:3954} INFO - Setting next_dagrun for exchange_rates_pipeline to None, run_after=None
[2026-01-08T13:55:44.637+0000] {processor.py:183} INFO - Processing /opt/airflow/dags/dag.py took 0.289 seconds
[2026-01-08T13:56:14.958+0000] {processor.py:161} INFO - Started process (PID=270) to work on /opt/airflow/dags/dag.py
[2026-01-08T13:56:14.963+0000] {processor.py:830} INFO - Processing file /opt/airflow/dags/dag.py for tasks to queue
[2026-01-08T13:56:14.972+0000] {logging_mixin.py:188} INFO - [2026-01-08T13:56:14.972+0000] {dagbag.py:545} INFO - Filling up the DagBag from /opt/airflow/dags/dag.py
[2026-01-08T13:56:15.022+0000] {processor.py:840} INFO - DAG(s) 'exchange_rates_pipeline' retrieved from /opt/airflow/dags/dag.py
[2026-01-08T13:56:15.109+0000] {logging_mixin.py:188} INFO - [2026-01-08T13:56:15.108+0000] {dag.py:3096} INFO - Sync 1 DAGs
[2026-01-08T13:56:15.150+0000] {logging_mixin.py:188} INFO - [2026-01-08T13:56:15.149+0000] {dag.py:3954} INFO - Setting next_dagrun for exchange_rates_pipeline to None, run_after=None
[2026-01-08T13:56:15.212+0000] {processor.py:183} INFO - Processing /opt/airflow/dags/dag.py took 0.298 seconds
[2026-01-08T13:56:45.719+0000] {processor.py:161} INFO - Started process (PID=275) to work on /opt/airflow/dags/dag.py
[2026-01-08T13:56:45.722+0000] {processor.py:830} INFO - Processing file /opt/airflow/dags/dag.py for tasks to queue
[2026-01-08T13:56:45.727+0000] {logging_mixin.py:188} INFO - [2026-01-08T13:56:45.726+0000] {dagbag.py:545} INFO - Filling up the DagBag from /opt/airflow/dags/dag.py
[2026-01-08T13:56:45.778+0000] {processor.py:840} INFO - DAG(s) 'exchange_rates_pipeline' retrieved from /opt/airflow/dags/dag.py
[2026-01-08T13:56:45.857+0000] {logging_mixin.py:188} INFO - [2026-01-08T13:56:45.856+0000] {dag.py:3096} INFO - Sync 1 DAGs
[2026-01-08T13:56:45.898+0000] {logging_mixin.py:188} INFO - [2026-01-08T13:56:45.898+0000] {dag.py:3954} INFO - Setting next_dagrun for exchange_rates_pipeline to None, run_after=None
[2026-01-08T13:56:45.951+0000] {processor.py:183} INFO - Processing /opt/airflow/dags/dag.py took 0.242 seconds
[2026-01-08T13:57:16.208+0000] {processor.py:161} INFO - Started process (PID=280) to work on /opt/airflow/dags/dag.py
[2026-01-08T13:57:16.213+0000] {processor.py:830} INFO - Processing file /opt/airflow/dags/dag.py for tasks to queue
[2026-01-08T13:57:16.230+0000] {logging_mixin.py:188} INFO - [2026-01-08T13:57:16.228+0000] {dagbag.py:545} INFO - Filling up the DagBag from /opt/airflow/dags/dag.py
[2026-01-08T13:57:16.333+0000] {processor.py:840} INFO - DAG(s) 'exchange_rates_pipeline' retrieved from /opt/airflow/dags/dag.py
[2026-01-08T13:57:16.455+0000] {logging_mixin.py:188} INFO - [2026-01-08T13:57:16.454+0000] {dag.py:3096} INFO - Sync 1 DAGs
[2026-01-08T13:57:16.502+0000] {logging_mixin.py:188} INFO - [2026-01-08T13:57:16.502+0000] {dag.py:3954} INFO - Setting next_dagrun for exchange_rates_pipeline to None, run_after=None
[2026-01-08T13:57:16.554+0000] {processor.py:183} INFO - Processing /opt/airflow/dags/dag.py took 0.382 seconds
[2026-01-08T13:57:46.784+0000] {processor.py:161} INFO - Started process (PID=285) to work on /opt/airflow/dags/dag.py
[2026-01-08T13:57:46.791+0000] {processor.py:830} INFO - Processing file /opt/airflow/dags/dag.py for tasks to queue
[2026-01-08T13:57:46.809+0000] {logging_mixin.py:188} INFO - [2026-01-08T13:57:46.805+0000] {dagbag.py:545} INFO - Filling up the DagBag from /opt/airflow/dags/dag.py
[2026-01-08T13:57:46.957+0000] {processor.py:840} INFO - DAG(s) 'exchange_rates_pipeline' retrieved from /opt/airflow/dags/dag.py
[2026-01-08T13:57:47.135+0000] {logging_mixin.py:188} INFO - [2026-01-08T13:57:47.134+0000] {dag.py:3096} INFO - Sync 1 DAGs
[2026-01-08T13:57:47.165+0000] {logging_mixin.py:188} INFO - [2026-01-08T13:57:47.164+0000] {dag.py:3954} INFO - Setting next_dagrun for exchange_rates_pipeline to None, run_after=None
[2026-01-08T13:57:47.224+0000] {processor.py:183} INFO - Processing /opt/airflow/dags/dag.py took 0.477 seconds
[2026-01-08T13:58:17.374+0000] {processor.py:161} INFO - Started process (PID=290) to work on /opt/airflow/dags/dag.py
[2026-01-08T13:58:17.376+0000] {processor.py:830} INFO - Processing file /opt/airflow/dags/dag.py for tasks to queue
[2026-01-08T13:58:17.381+0000] {logging_mixin.py:188} INFO - [2026-01-08T13:58:17.380+0000] {dagbag.py:545} INFO - Filling up the DagBag from /opt/airflow/dags/dag.py
[2026-01-08T13:58:17.446+0000] {processor.py:840} INFO - DAG(s) 'exchange_rates_pipeline' retrieved from /opt/airflow/dags/dag.py
[2026-01-08T13:58:17.540+0000] {logging_mixin.py:188} INFO - [2026-01-08T13:58:17.539+0000] {dag.py:3096} INFO - Sync 1 DAGs
[2026-01-08T13:58:17.585+0000] {logging_mixin.py:188} INFO - [2026-01-08T13:58:17.585+0000] {dag.py:3954} INFO - Setting next_dagrun for exchange_rates_pipeline to None, run_after=None
[2026-01-08T13:58:17.640+0000] {processor.py:183} INFO - Processing /opt/airflow/dags/dag.py took 0.289 seconds
[2026-01-08T13:58:47.977+0000] {processor.py:161} INFO - Started process (PID=295) to work on /opt/airflow/dags/dag.py
[2026-01-08T13:58:47.979+0000] {processor.py:830} INFO - Processing file /opt/airflow/dags/dag.py for tasks to queue
[2026-01-08T13:58:47.986+0000] {logging_mixin.py:188} INFO - [2026-01-08T13:58:47.985+0000] {dagbag.py:545} INFO - Filling up the DagBag from /opt/airflow/dags/dag.py
[2026-01-08T13:58:48.052+0000] {processor.py:840} INFO - DAG(s) 'exchange_rates_pipeline' retrieved from /opt/airflow/dags/dag.py
[2026-01-08T13:58:48.111+0000] {logging_mixin.py:188} INFO - [2026-01-08T13:58:48.110+0000] {dag.py:3096} INFO - Sync 1 DAGs
[2026-01-08T13:58:48.132+0000] {logging_mixin.py:188} INFO - [2026-01-08T13:58:48.132+0000] {dag.py:3954} INFO - Setting next_dagrun for exchange_rates_pipeline to None, run_after=None
[2026-01-08T13:58:48.172+0000] {processor.py:183} INFO - Processing /opt/airflow/dags/dag.py took 0.207 seconds
[2026-01-08T13:59:18.322+0000] {processor.py:161} INFO - Started process (PID=300) to work on /opt/airflow/dags/dag.py
[2026-01-08T13:59:18.325+0000] {processor.py:830} INFO - Processing file /opt/airflow/dags/dag.py for tasks to queue
[2026-01-08T13:59:18.329+0000] {logging_mixin.py:188} INFO - [2026-01-08T13:59:18.329+0000] {dagbag.py:545} INFO - Filling up the DagBag from /opt/airflow/dags/dag.py
[2026-01-08T13:59:18.375+0000] {processor.py:840} INFO - DAG(s) 'exchange_rates_pipeline' retrieved from /opt/airflow/dags/dag.py
[2026-01-08T13:59:18.431+0000] {logging_mixin.py:188} INFO - [2026-01-08T13:59:18.430+0000] {dag.py:3096} INFO - Sync 1 DAGs
[2026-01-08T13:59:18.455+0000] {logging_mixin.py:188} INFO - [2026-01-08T13:59:18.454+0000] {dag.py:3954} INFO - Setting next_dagrun for exchange_rates_pipeline to None, run_after=None
[2026-01-08T13:59:18.488+0000] {processor.py:183} INFO - Processing /opt/airflow/dags/dag.py took 0.183 seconds
[2026-01-08T13:59:48.883+0000] {processor.py:161} INFO - Started process (PID=305) to work on /opt/airflow/dags/dag.py
[2026-01-08T13:59:48.887+0000] {processor.py:830} INFO - Processing file /opt/airflow/dags/dag.py for tasks to queue
[2026-01-08T13:59:48.893+0000] {logging_mixin.py:188} INFO - [2026-01-08T13:59:48.892+0000] {dagbag.py:545} INFO - Filling up the DagBag from /opt/airflow/dags/dag.py
[2026-01-08T13:59:48.968+0000] {processor.py:840} INFO - DAG(s) 'exchange_rates_pipeline' retrieved from /opt/airflow/dags/dag.py
[2026-01-08T13:59:49.073+0000] {logging_mixin.py:188} INFO - [2026-01-08T13:59:49.072+0000] {dag.py:3096} INFO - Sync 1 DAGs
[2026-01-08T13:59:49.105+0000] {logging_mixin.py:188} INFO - [2026-01-08T13:59:49.104+0000] {dag.py:3954} INFO - Setting next_dagrun for exchange_rates_pipeline to None, run_after=None
[2026-01-08T13:59:49.148+0000] {processor.py:183} INFO - Processing /opt/airflow/dags/dag.py took 0.279 seconds
[2026-01-08T14:00:19.698+0000] {processor.py:161} INFO - Started process (PID=310) to work on /opt/airflow/dags/dag.py
[2026-01-08T14:00:19.701+0000] {processor.py:830} INFO - Processing file /opt/airflow/dags/dag.py for tasks to queue
[2026-01-08T14:00:19.707+0000] {logging_mixin.py:188} INFO - [2026-01-08T14:00:19.706+0000] {dagbag.py:545} INFO - Filling up the DagBag from /opt/airflow/dags/dag.py
[2026-01-08T14:00:19.761+0000] {processor.py:840} INFO - DAG(s) 'exchange_rates_pipeline' retrieved from /opt/airflow/dags/dag.py
[2026-01-08T14:00:19.834+0000] {logging_mixin.py:188} INFO - [2026-01-08T14:00:19.833+0000] {dag.py:3096} INFO - Sync 1 DAGs
[2026-01-08T14:00:19.853+0000] {logging_mixin.py:188} INFO - [2026-01-08T14:00:19.853+0000] {dag.py:3954} INFO - Setting next_dagrun for exchange_rates_pipeline to None, run_after=None
[2026-01-08T14:00:19.882+0000] {processor.py:183} INFO - Processing /opt/airflow/dags/dag.py took 0.199 seconds
[2026-01-08T14:00:50.323+0000] {processor.py:161} INFO - Started process (PID=315) to work on /opt/airflow/dags/dag.py
[2026-01-08T14:00:50.327+0000] {processor.py:830} INFO - Processing file /opt/airflow/dags/dag.py for tasks to queue
[2026-01-08T14:00:50.338+0000] {logging_mixin.py:188} INFO - [2026-01-08T14:00:50.337+0000] {dagbag.py:545} INFO - Filling up the DagBag from /opt/airflow/dags/dag.py
[2026-01-08T14:00:50.416+0000] {processor.py:840} INFO - DAG(s) 'exchange_rates_pipeline' retrieved from /opt/airflow/dags/dag.py
[2026-01-08T14:00:50.566+0000] {logging_mixin.py:188} INFO - [2026-01-08T14:00:50.565+0000] {dag.py:3096} INFO - Sync 1 DAGs
[2026-01-08T14:00:50.696+0000] {logging_mixin.py:188} INFO - [2026-01-08T14:00:50.694+0000] {dag.py:3954} INFO - Setting next_dagrun for exchange_rates_pipeline to None, run_after=None
[2026-01-08T14:00:50.750+0000] {processor.py:183} INFO - Processing /opt/airflow/dags/dag.py took 0.468 seconds
[2026-01-08T14:01:22.363+0000] {processor.py:161} INFO - Started process (PID=320) to work on /opt/airflow/dags/dag.py
[2026-01-08T14:01:22.379+0000] {processor.py:830} INFO - Processing file /opt/airflow/dags/dag.py for tasks to queue
[2026-01-08T14:01:22.431+0000] {logging_mixin.py:188} INFO - [2026-01-08T14:01:22.424+0000] {dagbag.py:545} INFO - Filling up the DagBag from /opt/airflow/dags/dag.py
[2026-01-08T14:01:22.885+0000] {processor.py:840} INFO - DAG(s) 'exchange_rates_pipeline' retrieved from /opt/airflow/dags/dag.py
[2026-01-08T14:01:24.271+0000] {logging_mixin.py:188} INFO - [2026-01-08T14:01:24.270+0000] {dag.py:3096} INFO - Sync 1 DAGs
[2026-01-08T14:01:25.971+0000] {logging_mixin.py:188} INFO - [2026-01-08T14:01:25.968+0000] {dag.py:3954} INFO - Setting next_dagrun for exchange_rates_pipeline to None, run_after=None
[2026-01-08T14:01:26.357+0000] {processor.py:183} INFO - Processing /opt/airflow/dags/dag.py took 4.109 seconds
[2026-01-08T14:01:57.133+0000] {processor.py:161} INFO - Started process (PID=326) to work on /opt/airflow/dags/dag.py
[2026-01-08T14:01:57.138+0000] {processor.py:830} INFO - Processing file /opt/airflow/dags/dag.py for tasks to queue
[2026-01-08T14:01:57.160+0000] {logging_mixin.py:188} INFO - [2026-01-08T14:01:57.158+0000] {dagbag.py:545} INFO - Filling up the DagBag from /opt/airflow/dags/dag.py
[2026-01-08T14:01:57.271+0000] {processor.py:840} INFO - DAG(s) 'exchange_rates_pipeline' retrieved from /opt/airflow/dags/dag.py
[2026-01-08T14:01:57.493+0000] {logging_mixin.py:188} INFO - [2026-01-08T14:01:57.493+0000] {dag.py:3096} INFO - Sync 1 DAGs
[2026-01-08T14:01:57.606+0000] {logging_mixin.py:188} INFO - [2026-01-08T14:01:57.605+0000] {dag.py:3954} INFO - Setting next_dagrun for exchange_rates_pipeline to None, run_after=None
[2026-01-08T14:01:57.726+0000] {processor.py:183} INFO - Processing /opt/airflow/dags/dag.py took 0.642 seconds
[2026-01-08T14:02:30.253+0000] {processor.py:161} INFO - Started process (PID=332) to work on /opt/airflow/dags/dag.py
[2026-01-08T14:02:30.292+0000] {processor.py:830} INFO - Processing file /opt/airflow/dags/dag.py for tasks to queue
[2026-01-08T14:02:30.384+0000] {logging_mixin.py:188} INFO - [2026-01-08T14:02:30.374+0000] {dagbag.py:545} INFO - Filling up the DagBag from /opt/airflow/dags/dag.py
[2026-01-08T14:02:31.063+0000] {processor.py:840} INFO - DAG(s) 'exchange_rates_pipeline' retrieved from /opt/airflow/dags/dag.py
[2026-01-08T14:02:32.502+0000] {logging_mixin.py:188} INFO - [2026-01-08T14:02:32.499+0000] {dag.py:3096} INFO - Sync 1 DAGs
[2026-01-08T14:02:33.056+0000] {logging_mixin.py:188} INFO - [2026-01-08T14:02:33.055+0000] {dag.py:3954} INFO - Setting next_dagrun for exchange_rates_pipeline to None, run_after=None
[2026-01-08T14:02:33.234+0000] {processor.py:183} INFO - Processing /opt/airflow/dags/dag.py took 3.297 seconds
[2026-01-08T14:03:04.864+0000] {processor.py:161} INFO - Started process (PID=339) to work on /opt/airflow/dags/dag.py
[2026-01-08T14:03:04.877+0000] {processor.py:830} INFO - Processing file /opt/airflow/dags/dag.py for tasks to queue
[2026-01-08T14:03:04.907+0000] {logging_mixin.py:188} INFO - [2026-01-08T14:03:04.904+0000] {dagbag.py:545} INFO - Filling up the DagBag from /opt/airflow/dags/dag.py
[2026-01-08T14:03:05.091+0000] {processor.py:840} INFO - DAG(s) 'exchange_rates_pipeline' retrieved from /opt/airflow/dags/dag.py
[2026-01-08T14:03:05.439+0000] {logging_mixin.py:188} INFO - [2026-01-08T14:03:05.438+0000] {dag.py:3096} INFO - Sync 1 DAGs
[2026-01-08T14:03:05.539+0000] {logging_mixin.py:188} INFO - [2026-01-08T14:03:05.538+0000] {dag.py:3954} INFO - Setting next_dagrun for exchange_rates_pipeline to None, run_after=None
[2026-01-08T14:03:05.631+0000] {processor.py:183} INFO - Processing /opt/airflow/dags/dag.py took 0.885 seconds
[2026-01-08T14:03:36.498+0000] {processor.py:161} INFO - Started process (PID=344) to work on /opt/airflow/dags/dag.py
[2026-01-08T14:03:36.513+0000] {processor.py:830} INFO - Processing file /opt/airflow/dags/dag.py for tasks to queue
[2026-01-08T14:03:36.551+0000] {logging_mixin.py:188} INFO - [2026-01-08T14:03:36.545+0000] {dagbag.py:545} INFO - Filling up the DagBag from /opt/airflow/dags/dag.py
[2026-01-08T14:03:36.690+0000] {processor.py:840} INFO - DAG(s) 'exchange_rates_pipeline' retrieved from /opt/airflow/dags/dag.py
[2026-01-08T14:03:36.821+0000] {logging_mixin.py:188} INFO - [2026-01-08T14:03:36.820+0000] {dag.py:3096} INFO - Sync 1 DAGs
[2026-01-08T14:03:36.847+0000] {logging_mixin.py:188} INFO - [2026-01-08T14:03:36.847+0000] {dag.py:3954} INFO - Setting next_dagrun for exchange_rates_pipeline to None, run_after=None
[2026-01-08T14:03:36.897+0000] {processor.py:183} INFO - Processing /opt/airflow/dags/dag.py took 0.434 seconds
[2026-01-08T14:04:07.304+0000] {processor.py:161} INFO - Started process (PID=349) to work on /opt/airflow/dags/dag.py
[2026-01-08T14:04:07.306+0000] {processor.py:830} INFO - Processing file /opt/airflow/dags/dag.py for tasks to queue
[2026-01-08T14:04:07.309+0000] {logging_mixin.py:188} INFO - [2026-01-08T14:04:07.308+0000] {dagbag.py:545} INFO - Filling up the DagBag from /opt/airflow/dags/dag.py
[2026-01-08T14:04:07.364+0000] {processor.py:840} INFO - DAG(s) 'exchange_rates_pipeline' retrieved from /opt/airflow/dags/dag.py
[2026-01-08T14:04:07.442+0000] {logging_mixin.py:188} INFO - [2026-01-08T14:04:07.442+0000] {dag.py:3096} INFO - Sync 1 DAGs
[2026-01-08T14:04:07.465+0000] {logging_mixin.py:188} INFO - [2026-01-08T14:04:07.465+0000] {dag.py:3954} INFO - Setting next_dagrun for exchange_rates_pipeline to None, run_after=None
[2026-01-08T14:04:07.506+0000] {processor.py:183} INFO - Processing /opt/airflow/dags/dag.py took 0.225 seconds
[2026-01-08T14:04:38.000+0000] {processor.py:161} INFO - Started process (PID=354) to work on /opt/airflow/dags/dag.py
[2026-01-08T14:04:38.007+0000] {processor.py:830} INFO - Processing file /opt/airflow/dags/dag.py for tasks to queue
[2026-01-08T14:04:38.021+0000] {logging_mixin.py:188} INFO - [2026-01-08T14:04:38.020+0000] {dagbag.py:545} INFO - Filling up the DagBag from /opt/airflow/dags/dag.py
[2026-01-08T14:04:38.123+0000] {processor.py:840} INFO - DAG(s) 'exchange_rates_pipeline' retrieved from /opt/airflow/dags/dag.py
[2026-01-08T14:04:38.338+0000] {logging_mixin.py:188} INFO - [2026-01-08T14:04:38.337+0000] {dag.py:3096} INFO - Sync 1 DAGs
[2026-01-08T14:04:38.387+0000] {logging_mixin.py:188} INFO - [2026-01-08T14:04:38.387+0000] {dag.py:3954} INFO - Setting next_dagrun for exchange_rates_pipeline to None, run_after=None
[2026-01-08T14:04:38.442+0000] {processor.py:183} INFO - Processing /opt/airflow/dags/dag.py took 0.463 seconds
[2026-01-08T14:05:09.473+0000] {processor.py:161} INFO - Started process (PID=359) to work on /opt/airflow/dags/dag.py
[2026-01-08T14:05:09.482+0000] {processor.py:830} INFO - Processing file /opt/airflow/dags/dag.py for tasks to queue
[2026-01-08T14:05:09.513+0000] {logging_mixin.py:188} INFO - [2026-01-08T14:05:09.505+0000] {dagbag.py:545} INFO - Filling up the DagBag from /opt/airflow/dags/dag.py
[2026-01-08T14:05:09.747+0000] {processor.py:840} INFO - DAG(s) 'exchange_rates_pipeline' retrieved from /opt/airflow/dags/dag.py
[2026-01-08T14:05:10.040+0000] {logging_mixin.py:188} INFO - [2026-01-08T14:05:10.038+0000] {dag.py:3096} INFO - Sync 1 DAGs
[2026-01-08T14:05:10.316+0000] {logging_mixin.py:188} INFO - [2026-01-08T14:05:10.316+0000] {dag.py:3954} INFO - Setting next_dagrun for exchange_rates_pipeline to None, run_after=None
[2026-01-08T14:05:10.390+0000] {processor.py:183} INFO - Processing /opt/airflow/dags/dag.py took 1.006 seconds
[2026-01-08T14:05:45.781+0000] {processor.py:161} INFO - Started process (PID=364) to work on /opt/airflow/dags/dag.py
[2026-01-08T14:05:45.784+0000] {processor.py:830} INFO - Processing file /opt/airflow/dags/dag.py for tasks to queue
[2026-01-08T14:05:45.792+0000] {logging_mixin.py:188} INFO - [2026-01-08T14:05:45.791+0000] {dagbag.py:545} INFO - Filling up the DagBag from /opt/airflow/dags/dag.py
[2026-01-08T14:05:45.930+0000] {processor.py:840} INFO - DAG(s) 'exchange_rates_pipeline' retrieved from /opt/airflow/dags/dag.py
[2026-01-08T14:05:46.078+0000] {logging_mixin.py:188} INFO - [2026-01-08T14:05:46.078+0000] {dag.py:3096} INFO - Sync 1 DAGs
[2026-01-08T14:05:46.142+0000] {logging_mixin.py:188} INFO - [2026-01-08T14:05:46.141+0000] {dag.py:3954} INFO - Setting next_dagrun for exchange_rates_pipeline to None, run_after=None
[2026-01-08T14:05:46.231+0000] {processor.py:183} INFO - Processing /opt/airflow/dags/dag.py took 0.491 seconds
[2026-01-08T14:06:16.464+0000] {processor.py:161} INFO - Started process (PID=369) to work on /opt/airflow/dags/dag.py
[2026-01-08T14:06:16.467+0000] {processor.py:830} INFO - Processing file /opt/airflow/dags/dag.py for tasks to queue
[2026-01-08T14:06:16.472+0000] {logging_mixin.py:188} INFO - [2026-01-08T14:06:16.471+0000] {dagbag.py:545} INFO - Filling up the DagBag from /opt/airflow/dags/dag.py
[2026-01-08T14:06:16.530+0000] {processor.py:840} INFO - DAG(s) 'exchange_rates_pipeline' retrieved from /opt/airflow/dags/dag.py
[2026-01-08T14:06:16.633+0000] {logging_mixin.py:188} INFO - [2026-01-08T14:06:16.632+0000] {dag.py:3096} INFO - Sync 1 DAGs
[2026-01-08T14:06:16.663+0000] {logging_mixin.py:188} INFO - [2026-01-08T14:06:16.663+0000] {dag.py:3954} INFO - Setting next_dagrun for exchange_rates_pipeline to None, run_after=None
[2026-01-08T14:06:16.698+0000] {processor.py:183} INFO - Processing /opt/airflow/dags/dag.py took 0.254 seconds
[2026-01-08T14:06:47.091+0000] {processor.py:161} INFO - Started process (PID=374) to work on /opt/airflow/dags/dag.py
[2026-01-08T14:06:47.093+0000] {processor.py:830} INFO - Processing file /opt/airflow/dags/dag.py for tasks to queue
[2026-01-08T14:06:47.098+0000] {logging_mixin.py:188} INFO - [2026-01-08T14:06:47.097+0000] {dagbag.py:545} INFO - Filling up the DagBag from /opt/airflow/dags/dag.py
[2026-01-08T14:06:47.169+0000] {processor.py:840} INFO - DAG(s) 'exchange_rates_pipeline' retrieved from /opt/airflow/dags/dag.py
[2026-01-08T14:06:47.226+0000] {logging_mixin.py:188} INFO - [2026-01-08T14:06:47.225+0000] {dag.py:3096} INFO - Sync 1 DAGs
[2026-01-08T14:06:47.253+0000] {logging_mixin.py:188} INFO - [2026-01-08T14:06:47.253+0000] {dag.py:3954} INFO - Setting next_dagrun for exchange_rates_pipeline to None, run_after=None
[2026-01-08T14:06:47.284+0000] {processor.py:183} INFO - Processing /opt/airflow/dags/dag.py took 0.212 seconds
[2026-01-08T14:07:17.596+0000] {processor.py:161} INFO - Started process (PID=379) to work on /opt/airflow/dags/dag.py
[2026-01-08T14:07:17.599+0000] {processor.py:830} INFO - Processing file /opt/airflow/dags/dag.py for tasks to queue
[2026-01-08T14:07:17.609+0000] {logging_mixin.py:188} INFO - [2026-01-08T14:07:17.606+0000] {dagbag.py:545} INFO - Filling up the DagBag from /opt/airflow/dags/dag.py
[2026-01-08T14:07:17.679+0000] {processor.py:840} INFO - DAG(s) 'exchange_rates_pipeline' retrieved from /opt/airflow/dags/dag.py
[2026-01-08T14:07:17.773+0000] {logging_mixin.py:188} INFO - [2026-01-08T14:07:17.773+0000] {dag.py:3096} INFO - Sync 1 DAGs
[2026-01-08T14:07:17.815+0000] {logging_mixin.py:188} INFO - [2026-01-08T14:07:17.815+0000] {dag.py:3954} INFO - Setting next_dagrun for exchange_rates_pipeline to None, run_after=None
[2026-01-08T14:07:17.859+0000] {processor.py:183} INFO - Processing /opt/airflow/dags/dag.py took 0.287 seconds
[2026-01-08T14:07:48.116+0000] {processor.py:161} INFO - Started process (PID=384) to work on /opt/airflow/dags/dag.py
[2026-01-08T14:07:48.124+0000] {processor.py:830} INFO - Processing file /opt/airflow/dags/dag.py for tasks to queue
[2026-01-08T14:07:48.133+0000] {logging_mixin.py:188} INFO - [2026-01-08T14:07:48.132+0000] {dagbag.py:545} INFO - Filling up the DagBag from /opt/airflow/dags/dag.py
[2026-01-08T14:07:48.195+0000] {processor.py:840} INFO - DAG(s) 'exchange_rates_pipeline' retrieved from /opt/airflow/dags/dag.py
[2026-01-08T14:07:48.283+0000] {logging_mixin.py:188} INFO - [2026-01-08T14:07:48.283+0000] {dag.py:3096} INFO - Sync 1 DAGs
[2026-01-08T14:07:48.363+0000] {logging_mixin.py:188} INFO - [2026-01-08T14:07:48.362+0000] {dag.py:3954} INFO - Setting next_dagrun for exchange_rates_pipeline to None, run_after=None
[2026-01-08T14:07:48.440+0000] {processor.py:183} INFO - Processing /opt/airflow/dags/dag.py took 0.346 seconds
[2026-01-08T14:08:18.794+0000] {processor.py:161} INFO - Started process (PID=389) to work on /opt/airflow/dags/dag.py
[2026-01-08T14:08:18.796+0000] {processor.py:830} INFO - Processing file /opt/airflow/dags/dag.py for tasks to queue
[2026-01-08T14:08:18.800+0000] {logging_mixin.py:188} INFO - [2026-01-08T14:08:18.800+0000] {dagbag.py:545} INFO - Filling up the DagBag from /opt/airflow/dags/dag.py
[2026-01-08T14:08:18.874+0000] {processor.py:840} INFO - DAG(s) 'exchange_rates_pipeline' retrieved from /opt/airflow/dags/dag.py
[2026-01-08T14:08:18.941+0000] {logging_mixin.py:188} INFO - [2026-01-08T14:08:18.940+0000] {dag.py:3096} INFO - Sync 1 DAGs
[2026-01-08T14:08:18.973+0000] {logging_mixin.py:188} INFO - [2026-01-08T14:08:18.972+0000] {dag.py:3954} INFO - Setting next_dagrun for exchange_rates_pipeline to None, run_after=None
[2026-01-08T14:08:19.023+0000] {processor.py:183} INFO - Processing /opt/airflow/dags/dag.py took 0.240 seconds
[2026-01-08T14:08:49.418+0000] {processor.py:161} INFO - Started process (PID=394) to work on /opt/airflow/dags/dag.py
[2026-01-08T14:08:49.421+0000] {processor.py:830} INFO - Processing file /opt/airflow/dags/dag.py for tasks to queue
[2026-01-08T14:08:49.424+0000] {logging_mixin.py:188} INFO - [2026-01-08T14:08:49.423+0000] {dagbag.py:545} INFO - Filling up the DagBag from /opt/airflow/dags/dag.py
[2026-01-08T14:08:49.464+0000] {processor.py:840} INFO - DAG(s) 'exchange_rates_pipeline' retrieved from /opt/airflow/dags/dag.py
[2026-01-08T14:08:49.514+0000] {logging_mixin.py:188} INFO - [2026-01-08T14:08:49.513+0000] {dag.py:3096} INFO - Sync 1 DAGs
[2026-01-08T14:08:49.535+0000] {logging_mixin.py:188} INFO - [2026-01-08T14:08:49.534+0000] {dag.py:3954} INFO - Setting next_dagrun for exchange_rates_pipeline to None, run_after=None
[2026-01-08T14:08:49.583+0000] {processor.py:183} INFO - Processing /opt/airflow/dags/dag.py took 0.175 seconds
[2026-01-08T14:09:19.778+0000] {processor.py:161} INFO - Started process (PID=399) to work on /opt/airflow/dags/dag.py
[2026-01-08T14:09:19.781+0000] {processor.py:830} INFO - Processing file /opt/airflow/dags/dag.py for tasks to queue
[2026-01-08T14:09:19.786+0000] {logging_mixin.py:188} INFO - [2026-01-08T14:09:19.786+0000] {dagbag.py:545} INFO - Filling up the DagBag from /opt/airflow/dags/dag.py
[2026-01-08T14:09:19.851+0000] {processor.py:840} INFO - DAG(s) 'exchange_rates_pipeline' retrieved from /opt/airflow/dags/dag.py
[2026-01-08T14:09:19.953+0000] {logging_mixin.py:188} INFO - [2026-01-08T14:09:19.952+0000] {dag.py:3096} INFO - Sync 1 DAGs
[2026-01-08T14:09:19.990+0000] {logging_mixin.py:188} INFO - [2026-01-08T14:09:19.990+0000] {dag.py:3954} INFO - Setting next_dagrun for exchange_rates_pipeline to None, run_after=None
[2026-01-08T14:09:20.043+0000] {processor.py:183} INFO - Processing /opt/airflow/dags/dag.py took 0.281 seconds
[2026-01-08T14:09:50.307+0000] {processor.py:161} INFO - Started process (PID=404) to work on /opt/airflow/dags/dag.py
[2026-01-08T14:09:50.309+0000] {processor.py:830} INFO - Processing file /opt/airflow/dags/dag.py for tasks to queue
[2026-01-08T14:09:50.313+0000] {logging_mixin.py:188} INFO - [2026-01-08T14:09:50.312+0000] {dagbag.py:545} INFO - Filling up the DagBag from /opt/airflow/dags/dag.py
[2026-01-08T14:09:50.379+0000] {processor.py:840} INFO - DAG(s) 'exchange_rates_pipeline' retrieved from /opt/airflow/dags/dag.py
[2026-01-08T14:09:50.458+0000] {logging_mixin.py:188} INFO - [2026-01-08T14:09:50.457+0000] {dag.py:3096} INFO - Sync 1 DAGs
[2026-01-08T14:09:50.488+0000] {logging_mixin.py:188} INFO - [2026-01-08T14:09:50.488+0000] {dag.py:3954} INFO - Setting next_dagrun for exchange_rates_pipeline to None, run_after=None
[2026-01-08T14:09:50.524+0000] {processor.py:183} INFO - Processing /opt/airflow/dags/dag.py took 0.229 seconds
[2026-01-08T14:10:23.188+0000] {processor.py:161} INFO - Started process (PID=409) to work on /opt/airflow/dags/dag.py
[2026-01-08T14:10:23.209+0000] {processor.py:830} INFO - Processing file /opt/airflow/dags/dag.py for tasks to queue
[2026-01-08T14:10:23.291+0000] {logging_mixin.py:188} INFO - [2026-01-08T14:10:23.277+0000] {dagbag.py:545} INFO - Filling up the DagBag from /opt/airflow/dags/dag.py
[2026-01-08T14:10:23.736+0000] {processor.py:840} INFO - DAG(s) 'exchange_rates_pipeline' retrieved from /opt/airflow/dags/dag.py
[2026-01-08T14:10:24.495+0000] {logging_mixin.py:188} INFO - [2026-01-08T14:10:24.494+0000] {dag.py:3096} INFO - Sync 1 DAGs
[2026-01-08T14:10:24.967+0000] {logging_mixin.py:188} INFO - [2026-01-08T14:10:24.966+0000] {dag.py:3954} INFO - Setting next_dagrun for exchange_rates_pipeline to None, run_after=None
[2026-01-08T14:10:25.269+0000] {processor.py:183} INFO - Processing /opt/airflow/dags/dag.py took 3.123 seconds
[2026-01-08T14:10:56.114+0000] {processor.py:161} INFO - Started process (PID=414) to work on /opt/airflow/dags/dag.py
[2026-01-08T14:10:56.120+0000] {processor.py:830} INFO - Processing file /opt/airflow/dags/dag.py for tasks to queue
[2026-01-08T14:10:56.147+0000] {logging_mixin.py:188} INFO - [2026-01-08T14:10:56.144+0000] {dagbag.py:545} INFO - Filling up the DagBag from /opt/airflow/dags/dag.py
[2026-01-08T14:10:56.319+0000] {processor.py:840} INFO - DAG(s) 'exchange_rates_pipeline' retrieved from /opt/airflow/dags/dag.py
[2026-01-08T14:10:56.683+0000] {logging_mixin.py:188} INFO - [2026-01-08T14:10:56.681+0000] {dag.py:3096} INFO - Sync 1 DAGs
[2026-01-08T14:10:56.747+0000] {logging_mixin.py:188} INFO - [2026-01-08T14:10:56.747+0000] {dag.py:3954} INFO - Setting next_dagrun for exchange_rates_pipeline to None, run_after=None
[2026-01-08T14:10:56.808+0000] {processor.py:183} INFO - Processing /opt/airflow/dags/dag.py took 0.756 seconds
[2026-01-08T14:11:27.473+0000] {processor.py:161} INFO - Started process (PID=419) to work on /opt/airflow/dags/dag.py
[2026-01-08T14:11:27.481+0000] {processor.py:830} INFO - Processing file /opt/airflow/dags/dag.py for tasks to queue
[2026-01-08T14:11:27.509+0000] {logging_mixin.py:188} INFO - [2026-01-08T14:11:27.505+0000] {dagbag.py:545} INFO - Filling up the DagBag from /opt/airflow/dags/dag.py
[2026-01-08T14:11:27.667+0000] {processor.py:840} INFO - DAG(s) 'exchange_rates_pipeline' retrieved from /opt/airflow/dags/dag.py
[2026-01-08T14:11:27.862+0000] {logging_mixin.py:188} INFO - [2026-01-08T14:11:27.861+0000] {dag.py:3096} INFO - Sync 1 DAGs
[2026-01-08T14:11:27.928+0000] {logging_mixin.py:188} INFO - [2026-01-08T14:11:27.928+0000] {dag.py:3954} INFO - Setting next_dagrun for exchange_rates_pipeline to None, run_after=None
[2026-01-08T14:11:27.982+0000] {processor.py:183} INFO - Processing /opt/airflow/dags/dag.py took 0.552 seconds
[2026-01-08T14:11:58.334+0000] {processor.py:161} INFO - Started process (PID=424) to work on /opt/airflow/dags/dag.py
[2026-01-08T14:11:58.337+0000] {processor.py:830} INFO - Processing file /opt/airflow/dags/dag.py for tasks to queue
[2026-01-08T14:11:58.343+0000] {logging_mixin.py:188} INFO - [2026-01-08T14:11:58.342+0000] {dagbag.py:545} INFO - Filling up the DagBag from /opt/airflow/dags/dag.py
[2026-01-08T14:11:58.392+0000] {processor.py:840} INFO - DAG(s) 'exchange_rates_pipeline' retrieved from /opt/airflow/dags/dag.py
[2026-01-08T14:11:58.501+0000] {logging_mixin.py:188} INFO - [2026-01-08T14:11:58.501+0000] {dag.py:3096} INFO - Sync 1 DAGs
[2026-01-08T14:11:58.524+0000] {logging_mixin.py:188} INFO - [2026-01-08T14:11:58.524+0000] {dag.py:3954} INFO - Setting next_dagrun for exchange_rates_pipeline to None, run_after=None
[2026-01-08T14:11:58.568+0000] {processor.py:183} INFO - Processing /opt/airflow/dags/dag.py took 0.247 seconds
[2026-01-08T14:12:28.862+0000] {processor.py:161} INFO - Started process (PID=429) to work on /opt/airflow/dags/dag.py
[2026-01-08T14:12:28.867+0000] {processor.py:830} INFO - Processing file /opt/airflow/dags/dag.py for tasks to queue
[2026-01-08T14:12:28.882+0000] {logging_mixin.py:188} INFO - [2026-01-08T14:12:28.878+0000] {dagbag.py:545} INFO - Filling up the DagBag from /opt/airflow/dags/dag.py
[2026-01-08T14:12:29.005+0000] {processor.py:840} INFO - DAG(s) 'exchange_rates_pipeline' retrieved from /opt/airflow/dags/dag.py
[2026-01-08T14:12:29.190+0000] {logging_mixin.py:188} INFO - [2026-01-08T14:12:29.189+0000] {dag.py:3096} INFO - Sync 1 DAGs
[2026-01-08T14:12:29.249+0000] {logging_mixin.py:188} INFO - [2026-01-08T14:12:29.248+0000] {dag.py:3954} INFO - Setting next_dagrun for exchange_rates_pipeline to None, run_after=None
[2026-01-08T14:12:29.310+0000] {processor.py:183} INFO - Processing /opt/airflow/dags/dag.py took 0.494 seconds
[2026-01-08T14:12:59.852+0000] {processor.py:161} INFO - Started process (PID=434) to work on /opt/airflow/dags/dag.py
[2026-01-08T14:12:59.854+0000] {processor.py:830} INFO - Processing file /opt/airflow/dags/dag.py for tasks to queue
[2026-01-08T14:12:59.860+0000] {logging_mixin.py:188} INFO - [2026-01-08T14:12:59.859+0000] {dagbag.py:545} INFO - Filling up the DagBag from /opt/airflow/dags/dag.py
[2026-01-08T14:12:59.907+0000] {processor.py:840} INFO - DAG(s) 'exchange_rates_pipeline' retrieved from /opt/airflow/dags/dag.py
[2026-01-08T14:13:00.025+0000] {logging_mixin.py:188} INFO - [2026-01-08T14:13:00.025+0000] {dag.py:3096} INFO - Sync 1 DAGs
[2026-01-08T14:13:00.087+0000] {logging_mixin.py:188} INFO - [2026-01-08T14:13:00.086+0000] {dag.py:3954} INFO - Setting next_dagrun for exchange_rates_pipeline to None, run_after=None
[2026-01-08T14:13:00.172+0000] {processor.py:183} INFO - Processing /opt/airflow/dags/dag.py took 0.334 seconds
[2026-01-08T14:13:30.642+0000] {processor.py:161} INFO - Started process (PID=439) to work on /opt/airflow/dags/dag.py
[2026-01-08T14:13:30.646+0000] {processor.py:830} INFO - Processing file /opt/airflow/dags/dag.py for tasks to queue
[2026-01-08T14:13:30.654+0000] {logging_mixin.py:188} INFO - [2026-01-08T14:13:30.652+0000] {dagbag.py:545} INFO - Filling up the DagBag from /opt/airflow/dags/dag.py
[2026-01-08T14:13:30.733+0000] {processor.py:840} INFO - DAG(s) 'exchange_rates_pipeline' retrieved from /opt/airflow/dags/dag.py
[2026-01-08T14:13:30.820+0000] {logging_mixin.py:188} INFO - [2026-01-08T14:13:30.819+0000] {dag.py:3096} INFO - Sync 1 DAGs
[2026-01-08T14:13:30.858+0000] {logging_mixin.py:188} INFO - [2026-01-08T14:13:30.857+0000] {dag.py:3954} INFO - Setting next_dagrun for exchange_rates_pipeline to None, run_after=None
[2026-01-08T14:13:30.926+0000] {processor.py:183} INFO - Processing /opt/airflow/dags/dag.py took 0.308 seconds
[2026-01-08T14:16:18.506+0000] {processor.py:161} INFO - Started process (PID=180) to work on /opt/airflow/dags/dag.py
[2026-01-08T14:16:18.513+0000] {processor.py:830} INFO - Processing file /opt/airflow/dags/dag.py for tasks to queue
[2026-01-08T14:16:18.524+0000] {logging_mixin.py:188} INFO - [2026-01-08T14:16:18.522+0000] {dagbag.py:545} INFO - Filling up the DagBag from /opt/airflow/dags/dag.py
[2026-01-08T14:16:18.607+0000] {processor.py:840} INFO - DAG(s) 'exchange_rates_pipeline' retrieved from /opt/airflow/dags/dag.py
[2026-01-08T14:16:18.684+0000] {logging_mixin.py:188} INFO - [2026-01-08T14:16:18.684+0000] {dag.py:3096} INFO - Sync 1 DAGs
[2026-01-08T14:16:18.745+0000] {logging_mixin.py:188} INFO - [2026-01-08T14:16:18.745+0000] {dag.py:3954} INFO - Setting next_dagrun for exchange_rates_pipeline to None, run_after=None
[2026-01-08T14:16:18.802+0000] {processor.py:183} INFO - Processing /opt/airflow/dags/dag.py took 0.314 seconds
[2026-01-08T14:16:50.013+0000] {processor.py:161} INFO - Started process (PID=185) to work on /opt/airflow/dags/dag.py
[2026-01-08T14:16:50.017+0000] {processor.py:830} INFO - Processing file /opt/airflow/dags/dag.py for tasks to queue
[2026-01-08T14:16:50.075+0000] {logging_mixin.py:188} INFO - [2026-01-08T14:16:50.070+0000] {dagbag.py:545} INFO - Filling up the DagBag from /opt/airflow/dags/dag.py
[2026-01-08T14:16:52.874+0000] {processor.py:840} INFO - DAG(s) 'exchange_rates_pipeline' retrieved from /opt/airflow/dags/dag.py
[2026-01-08T14:17:03.194+0000] {logging_mixin.py:188} INFO - [2026-01-08T14:17:03.184+0000] {dag.py:3096} INFO - Sync 1 DAGs
[2026-01-08T14:17:03.349+0000] {logging_mixin.py:188} INFO - [2026-01-08T14:17:03.349+0000] {dag.py:3954} INFO - Setting next_dagrun for exchange_rates_pipeline to None, run_after=None
[2026-01-08T14:17:03.525+0000] {processor.py:183} INFO - Processing /opt/airflow/dags/dag.py took 13.859 seconds
[2026-01-08T14:17:34.328+0000] {processor.py:161} INFO - Started process (PID=190) to work on /opt/airflow/dags/dag.py
[2026-01-08T14:17:34.344+0000] {processor.py:830} INFO - Processing file /opt/airflow/dags/dag.py for tasks to queue
[2026-01-08T14:17:34.380+0000] {logging_mixin.py:188} INFO - [2026-01-08T14:17:34.368+0000] {dagbag.py:545} INFO - Filling up the DagBag from /opt/airflow/dags/dag.py
[2026-01-08T14:17:34.754+0000] {processor.py:840} INFO - DAG(s) 'exchange_rates_pipeline' retrieved from /opt/airflow/dags/dag.py
[2026-01-08T14:17:35.110+0000] {logging_mixin.py:188} INFO - [2026-01-08T14:17:35.109+0000] {dag.py:3096} INFO - Sync 1 DAGs
[2026-01-08T14:17:35.179+0000] {logging_mixin.py:188} INFO - [2026-01-08T14:17:35.179+0000] {dag.py:3954} INFO - Setting next_dagrun for exchange_rates_pipeline to None, run_after=None
[2026-01-08T14:17:35.246+0000] {processor.py:183} INFO - Processing /opt/airflow/dags/dag.py took 1.006 seconds
[2026-01-08T14:18:05.595+0000] {processor.py:161} INFO - Started process (PID=195) to work on /opt/airflow/dags/dag.py
[2026-01-08T14:18:05.599+0000] {processor.py:830} INFO - Processing file /opt/airflow/dags/dag.py for tasks to queue
[2026-01-08T14:18:05.610+0000] {logging_mixin.py:188} INFO - [2026-01-08T14:18:05.608+0000] {dagbag.py:545} INFO - Filling up the DagBag from /opt/airflow/dags/dag.py
[2026-01-08T14:18:05.687+0000] {processor.py:840} INFO - DAG(s) 'exchange_rates_pipeline' retrieved from /opt/airflow/dags/dag.py
[2026-01-08T14:18:05.791+0000] {logging_mixin.py:188} INFO - [2026-01-08T14:18:05.791+0000] {dag.py:3096} INFO - Sync 1 DAGs
[2026-01-08T14:18:05.847+0000] {logging_mixin.py:188} INFO - [2026-01-08T14:18:05.847+0000] {dag.py:3954} INFO - Setting next_dagrun for exchange_rates_pipeline to None, run_after=None
[2026-01-08T14:18:05.898+0000] {processor.py:183} INFO - Processing /opt/airflow/dags/dag.py took 0.357 seconds
[2026-01-08T14:18:36.246+0000] {processor.py:161} INFO - Started process (PID=202) to work on /opt/airflow/dags/dag.py
[2026-01-08T14:18:36.249+0000] {processor.py:830} INFO - Processing file /opt/airflow/dags/dag.py for tasks to queue
[2026-01-08T14:18:36.262+0000] {logging_mixin.py:188} INFO - [2026-01-08T14:18:36.261+0000] {dagbag.py:545} INFO - Filling up the DagBag from /opt/airflow/dags/dag.py
[2026-01-08T14:18:36.354+0000] {processor.py:840} INFO - DAG(s) 'exchange_rates_pipeline' retrieved from /opt/airflow/dags/dag.py
[2026-01-08T14:18:36.627+0000] {logging_mixin.py:188} INFO - [2026-01-08T14:18:36.626+0000] {dag.py:3096} INFO - Sync 1 DAGs
[2026-01-08T14:18:36.702+0000] {logging_mixin.py:188} INFO - [2026-01-08T14:18:36.701+0000] {dag.py:3954} INFO - Setting next_dagrun for exchange_rates_pipeline to None, run_after=None
[2026-01-08T14:18:36.827+0000] {processor.py:183} INFO - Processing /opt/airflow/dags/dag.py took 0.603 seconds
[2026-01-08T14:19:07.117+0000] {processor.py:161} INFO - Started process (PID=207) to work on /opt/airflow/dags/dag.py
[2026-01-08T14:19:07.118+0000] {processor.py:830} INFO - Processing file /opt/airflow/dags/dag.py for tasks to queue
[2026-01-08T14:19:07.122+0000] {logging_mixin.py:188} INFO - [2026-01-08T14:19:07.121+0000] {dagbag.py:545} INFO - Filling up the DagBag from /opt/airflow/dags/dag.py
[2026-01-08T14:19:07.156+0000] {processor.py:840} INFO - DAG(s) 'exchange_rates_pipeline' retrieved from /opt/airflow/dags/dag.py
[2026-01-08T14:19:07.219+0000] {logging_mixin.py:188} INFO - [2026-01-08T14:19:07.218+0000] {dag.py:3096} INFO - Sync 1 DAGs
[2026-01-08T14:19:07.237+0000] {logging_mixin.py:188} INFO - [2026-01-08T14:19:07.237+0000] {dag.py:3954} INFO - Setting next_dagrun for exchange_rates_pipeline to None, run_after=None
[2026-01-08T14:19:07.263+0000] {processor.py:183} INFO - Processing /opt/airflow/dags/dag.py took 0.192 seconds
[2026-01-08T14:19:37.406+0000] {processor.py:161} INFO - Started process (PID=212) to work on /opt/airflow/dags/dag.py
[2026-01-08T14:19:37.410+0000] {processor.py:830} INFO - Processing file /opt/airflow/dags/dag.py for tasks to queue
[2026-01-08T14:19:37.417+0000] {logging_mixin.py:188} INFO - [2026-01-08T14:19:37.416+0000] {dagbag.py:545} INFO - Filling up the DagBag from /opt/airflow/dags/dag.py
[2026-01-08T14:19:37.469+0000] {processor.py:840} INFO - DAG(s) 'exchange_rates_pipeline' retrieved from /opt/airflow/dags/dag.py
[2026-01-08T14:19:37.544+0000] {logging_mixin.py:188} INFO - [2026-01-08T14:19:37.544+0000] {dag.py:3096} INFO - Sync 1 DAGs
[2026-01-08T14:19:37.574+0000] {logging_mixin.py:188} INFO - [2026-01-08T14:19:37.574+0000] {dag.py:3954} INFO - Setting next_dagrun for exchange_rates_pipeline to None, run_after=None
[2026-01-08T14:19:37.603+0000] {processor.py:183} INFO - Processing /opt/airflow/dags/dag.py took 0.214 seconds
[2026-01-08T14:20:08.121+0000] {processor.py:161} INFO - Started process (PID=217) to work on /opt/airflow/dags/dag.py
[2026-01-08T14:20:08.122+0000] {processor.py:830} INFO - Processing file /opt/airflow/dags/dag.py for tasks to queue
[2026-01-08T14:20:08.125+0000] {logging_mixin.py:188} INFO - [2026-01-08T14:20:08.124+0000] {dagbag.py:545} INFO - Filling up the DagBag from /opt/airflow/dags/dag.py
[2026-01-08T14:20:08.154+0000] {processor.py:840} INFO - DAG(s) 'exchange_rates_pipeline' retrieved from /opt/airflow/dags/dag.py
[2026-01-08T14:20:08.185+0000] {logging_mixin.py:188} INFO - [2026-01-08T14:20:08.185+0000] {dag.py:3096} INFO - Sync 1 DAGs
[2026-01-08T14:20:08.199+0000] {logging_mixin.py:188} INFO - [2026-01-08T14:20:08.199+0000] {dag.py:3954} INFO - Setting next_dagrun for exchange_rates_pipeline to None, run_after=None
[2026-01-08T14:20:08.221+0000] {processor.py:183} INFO - Processing /opt/airflow/dags/dag.py took 0.106 seconds
[2026-01-08T14:20:38.559+0000] {processor.py:161} INFO - Started process (PID=222) to work on /opt/airflow/dags/dag.py
[2026-01-08T14:20:38.567+0000] {processor.py:830} INFO - Processing file /opt/airflow/dags/dag.py for tasks to queue
[2026-01-08T14:20:38.572+0000] {logging_mixin.py:188} INFO - [2026-01-08T14:20:38.571+0000] {dagbag.py:545} INFO - Filling up the DagBag from /opt/airflow/dags/dag.py
[2026-01-08T14:20:38.613+0000] {processor.py:840} INFO - DAG(s) 'exchange_rates_pipeline' retrieved from /opt/airflow/dags/dag.py
[2026-01-08T14:20:38.659+0000] {logging_mixin.py:188} INFO - [2026-01-08T14:20:38.659+0000] {dag.py:3096} INFO - Sync 1 DAGs
[2026-01-08T14:20:38.707+0000] {logging_mixin.py:188} INFO - [2026-01-08T14:20:38.707+0000] {dag.py:3954} INFO - Setting next_dagrun for exchange_rates_pipeline to None, run_after=None
[2026-01-08T14:20:38.804+0000] {processor.py:183} INFO - Processing /opt/airflow/dags/dag.py took 0.257 seconds
[2026-01-08T14:21:09.097+0000] {processor.py:161} INFO - Started process (PID=227) to work on /opt/airflow/dags/dag.py
[2026-01-08T14:21:09.099+0000] {processor.py:830} INFO - Processing file /opt/airflow/dags/dag.py for tasks to queue
[2026-01-08T14:21:09.104+0000] {logging_mixin.py:188} INFO - [2026-01-08T14:21:09.104+0000] {dagbag.py:545} INFO - Filling up the DagBag from /opt/airflow/dags/dag.py
[2026-01-08T14:21:09.133+0000] {processor.py:840} INFO - DAG(s) 'exchange_rates_pipeline' retrieved from /opt/airflow/dags/dag.py
[2026-01-08T14:21:09.178+0000] {logging_mixin.py:188} INFO - [2026-01-08T14:21:09.178+0000] {dag.py:3096} INFO - Sync 1 DAGs
[2026-01-08T14:21:09.194+0000] {logging_mixin.py:188} INFO - [2026-01-08T14:21:09.194+0000] {dag.py:3954} INFO - Setting next_dagrun for exchange_rates_pipeline to None, run_after=None
[2026-01-08T14:21:09.216+0000] {processor.py:183} INFO - Processing /opt/airflow/dags/dag.py took 0.128 seconds
