[2026-01-06T13:11:04.536+0000] {processor.py:161} INFO - Started process (PID=180) to work on /opt/airflow/dags/dag.py
[2026-01-06T13:11:04.540+0000] {processor.py:830} INFO - Processing file /opt/airflow/dags/dag.py for tasks to queue
[2026-01-06T13:11:04.558+0000] {logging_mixin.py:188} INFO - [2026-01-06T13:11:04.557+0000] {dagbag.py:545} INFO - Filling up the DagBag from /opt/airflow/dags/dag.py
[2026-01-06T13:11:04.690+0000] {processor.py:840} INFO - DAG(s) 'exchange_rates_pipeline' retrieved from /opt/airflow/dags/dag.py
[2026-01-06T13:11:04.826+0000] {logging_mixin.py:188} INFO - [2026-01-06T13:11:04.825+0000] {dag.py:3096} INFO - Sync 1 DAGs
[2026-01-06T13:11:04.947+0000] {logging_mixin.py:188} INFO - [2026-01-06T13:11:04.947+0000] {dag.py:3954} INFO - Setting next_dagrun for exchange_rates_pipeline to None, run_after=None
[2026-01-06T13:11:05.134+0000] {processor.py:183} INFO - Processing /opt/airflow/dags/dag.py took 0.632 seconds
[2026-01-06T13:11:35.731+0000] {processor.py:161} INFO - Started process (PID=185) to work on /opt/airflow/dags/dag.py
[2026-01-06T13:11:35.733+0000] {processor.py:830} INFO - Processing file /opt/airflow/dags/dag.py for tasks to queue
[2026-01-06T13:11:35.738+0000] {logging_mixin.py:188} INFO - [2026-01-06T13:11:35.737+0000] {dagbag.py:545} INFO - Filling up the DagBag from /opt/airflow/dags/dag.py
[2026-01-06T13:11:35.779+0000] {processor.py:840} INFO - DAG(s) 'exchange_rates_pipeline' retrieved from /opt/airflow/dags/dag.py
[2026-01-06T13:11:36.071+0000] {logging_mixin.py:188} INFO - [2026-01-06T13:11:36.070+0000] {dag.py:3096} INFO - Sync 1 DAGs
[2026-01-06T13:11:36.103+0000] {logging_mixin.py:188} INFO - [2026-01-06T13:11:36.102+0000] {dag.py:3954} INFO - Setting next_dagrun for exchange_rates_pipeline to None, run_after=None
[2026-01-06T13:11:36.142+0000] {processor.py:183} INFO - Processing /opt/airflow/dags/dag.py took 0.426 seconds
[2026-01-06T13:12:06.430+0000] {processor.py:161} INFO - Started process (PID=190) to work on /opt/airflow/dags/dag.py
[2026-01-06T13:12:06.436+0000] {processor.py:830} INFO - Processing file /opt/airflow/dags/dag.py for tasks to queue
[2026-01-06T13:12:06.446+0000] {logging_mixin.py:188} INFO - [2026-01-06T13:12:06.445+0000] {dagbag.py:545} INFO - Filling up the DagBag from /opt/airflow/dags/dag.py
[2026-01-06T13:12:06.568+0000] {processor.py:840} INFO - DAG(s) 'exchange_rates_pipeline' retrieved from /opt/airflow/dags/dag.py
[2026-01-06T13:12:06.675+0000] {logging_mixin.py:188} INFO - [2026-01-06T13:12:06.674+0000] {dag.py:3096} INFO - Sync 1 DAGs
[2026-01-06T13:12:06.722+0000] {logging_mixin.py:188} INFO - [2026-01-06T13:12:06.722+0000] {dag.py:3954} INFO - Setting next_dagrun for exchange_rates_pipeline to None, run_after=None
[2026-01-06T13:12:06.763+0000] {processor.py:183} INFO - Processing /opt/airflow/dags/dag.py took 0.386 seconds
[2026-01-06T13:12:36.924+0000] {processor.py:161} INFO - Started process (PID=195) to work on /opt/airflow/dags/dag.py
[2026-01-06T13:12:36.930+0000] {processor.py:830} INFO - Processing file /opt/airflow/dags/dag.py for tasks to queue
[2026-01-06T13:12:36.934+0000] {logging_mixin.py:188} INFO - [2026-01-06T13:12:36.933+0000] {dagbag.py:545} INFO - Filling up the DagBag from /opt/airflow/dags/dag.py
[2026-01-06T13:12:36.988+0000] {processor.py:840} INFO - DAG(s) 'exchange_rates_pipeline' retrieved from /opt/airflow/dags/dag.py
[2026-01-06T13:12:37.091+0000] {logging_mixin.py:188} INFO - [2026-01-06T13:12:37.090+0000] {dag.py:3096} INFO - Sync 1 DAGs
[2026-01-06T13:12:37.121+0000] {logging_mixin.py:188} INFO - [2026-01-06T13:12:37.121+0000] {dag.py:3954} INFO - Setting next_dagrun for exchange_rates_pipeline to None, run_after=None
[2026-01-06T13:12:37.177+0000] {processor.py:183} INFO - Processing /opt/airflow/dags/dag.py took 0.269 seconds
[2026-01-06T13:13:07.628+0000] {processor.py:161} INFO - Started process (PID=200) to work on /opt/airflow/dags/dag.py
[2026-01-06T13:13:07.631+0000] {processor.py:830} INFO - Processing file /opt/airflow/dags/dag.py for tasks to queue
[2026-01-06T13:13:07.638+0000] {logging_mixin.py:188} INFO - [2026-01-06T13:13:07.637+0000] {dagbag.py:545} INFO - Filling up the DagBag from /opt/airflow/dags/dag.py
[2026-01-06T13:13:07.715+0000] {processor.py:840} INFO - DAG(s) 'exchange_rates_pipeline' retrieved from /opt/airflow/dags/dag.py
[2026-01-06T13:13:07.826+0000] {logging_mixin.py:188} INFO - [2026-01-06T13:13:07.825+0000] {dag.py:3096} INFO - Sync 1 DAGs
[2026-01-06T13:13:07.903+0000] {logging_mixin.py:188} INFO - [2026-01-06T13:13:07.903+0000] {dag.py:3954} INFO - Setting next_dagrun for exchange_rates_pipeline to None, run_after=None
[2026-01-06T13:13:07.949+0000] {processor.py:183} INFO - Processing /opt/airflow/dags/dag.py took 0.342 seconds
[2026-01-06T13:13:38.444+0000] {processor.py:161} INFO - Started process (PID=205) to work on /opt/airflow/dags/dag.py
[2026-01-06T13:13:38.448+0000] {processor.py:830} INFO - Processing file /opt/airflow/dags/dag.py for tasks to queue
[2026-01-06T13:13:38.455+0000] {logging_mixin.py:188} INFO - [2026-01-06T13:13:38.454+0000] {dagbag.py:545} INFO - Filling up the DagBag from /opt/airflow/dags/dag.py
[2026-01-06T13:13:38.518+0000] {processor.py:840} INFO - DAG(s) 'exchange_rates_pipeline' retrieved from /opt/airflow/dags/dag.py
[2026-01-06T13:13:38.586+0000] {logging_mixin.py:188} INFO - [2026-01-06T13:13:38.585+0000] {dag.py:3096} INFO - Sync 1 DAGs
[2026-01-06T13:13:38.612+0000] {logging_mixin.py:188} INFO - [2026-01-06T13:13:38.611+0000] {dag.py:3954} INFO - Setting next_dagrun for exchange_rates_pipeline to None, run_after=None
[2026-01-06T13:13:38.670+0000] {processor.py:183} INFO - Processing /opt/airflow/dags/dag.py took 0.242 seconds
[2026-01-06T13:14:08.839+0000] {processor.py:161} INFO - Started process (PID=210) to work on /opt/airflow/dags/dag.py
[2026-01-06T13:14:08.844+0000] {processor.py:830} INFO - Processing file /opt/airflow/dags/dag.py for tasks to queue
[2026-01-06T13:14:08.849+0000] {logging_mixin.py:188} INFO - [2026-01-06T13:14:08.848+0000] {dagbag.py:545} INFO - Filling up the DagBag from /opt/airflow/dags/dag.py
[2026-01-06T13:14:08.936+0000] {processor.py:840} INFO - DAG(s) 'exchange_rates_pipeline' retrieved from /opt/airflow/dags/dag.py
[2026-01-06T13:14:09.048+0000] {logging_mixin.py:188} INFO - [2026-01-06T13:14:09.047+0000] {dag.py:3096} INFO - Sync 1 DAGs
[2026-01-06T13:14:09.088+0000] {logging_mixin.py:188} INFO - [2026-01-06T13:14:09.087+0000] {dag.py:3954} INFO - Setting next_dagrun for exchange_rates_pipeline to None, run_after=None
[2026-01-06T13:14:09.135+0000] {processor.py:183} INFO - Processing /opt/airflow/dags/dag.py took 0.316 seconds
[2026-01-06T13:14:39.558+0000] {processor.py:161} INFO - Started process (PID=215) to work on /opt/airflow/dags/dag.py
[2026-01-06T13:14:39.561+0000] {processor.py:830} INFO - Processing file /opt/airflow/dags/dag.py for tasks to queue
[2026-01-06T13:14:39.568+0000] {logging_mixin.py:188} INFO - [2026-01-06T13:14:39.567+0000] {dagbag.py:545} INFO - Filling up the DagBag from /opt/airflow/dags/dag.py
[2026-01-06T13:14:39.648+0000] {processor.py:840} INFO - DAG(s) 'exchange_rates_pipeline' retrieved from /opt/airflow/dags/dag.py
[2026-01-06T13:14:39.755+0000] {logging_mixin.py:188} INFO - [2026-01-06T13:14:39.753+0000] {dag.py:3096} INFO - Sync 1 DAGs
[2026-01-06T13:14:39.826+0000] {logging_mixin.py:188} INFO - [2026-01-06T13:14:39.825+0000] {dag.py:3954} INFO - Setting next_dagrun for exchange_rates_pipeline to None, run_after=None
[2026-01-06T13:14:39.907+0000] {processor.py:183} INFO - Processing /opt/airflow/dags/dag.py took 0.372 seconds
[2026-01-06T13:15:10.381+0000] {processor.py:161} INFO - Started process (PID=220) to work on /opt/airflow/dags/dag.py
[2026-01-06T13:15:10.384+0000] {processor.py:830} INFO - Processing file /opt/airflow/dags/dag.py for tasks to queue
[2026-01-06T13:15:10.389+0000] {logging_mixin.py:188} INFO - [2026-01-06T13:15:10.388+0000] {dagbag.py:545} INFO - Filling up the DagBag from /opt/airflow/dags/dag.py
[2026-01-06T13:15:10.458+0000] {processor.py:840} INFO - DAG(s) 'exchange_rates_pipeline' retrieved from /opt/airflow/dags/dag.py
[2026-01-06T13:15:10.641+0000] {logging_mixin.py:188} INFO - [2026-01-06T13:15:10.640+0000] {dag.py:3096} INFO - Sync 1 DAGs
[2026-01-06T13:15:10.677+0000] {logging_mixin.py:188} INFO - [2026-01-06T13:15:10.677+0000] {dag.py:3954} INFO - Setting next_dagrun for exchange_rates_pipeline to None, run_after=None
[2026-01-06T13:15:10.722+0000] {processor.py:183} INFO - Processing /opt/airflow/dags/dag.py took 0.356 seconds
[2026-01-06T13:15:40.850+0000] {processor.py:161} INFO - Started process (PID=225) to work on /opt/airflow/dags/dag.py
[2026-01-06T13:15:40.858+0000] {processor.py:830} INFO - Processing file /opt/airflow/dags/dag.py for tasks to queue
[2026-01-06T13:15:40.871+0000] {logging_mixin.py:188} INFO - [2026-01-06T13:15:40.870+0000] {dagbag.py:545} INFO - Filling up the DagBag from /opt/airflow/dags/dag.py
[2026-01-06T13:15:40.955+0000] {processor.py:840} INFO - DAG(s) 'exchange_rates_pipeline' retrieved from /opt/airflow/dags/dag.py
[2026-01-06T13:15:41.037+0000] {logging_mixin.py:188} INFO - [2026-01-06T13:15:41.037+0000] {dag.py:3096} INFO - Sync 1 DAGs
[2026-01-06T13:15:41.109+0000] {logging_mixin.py:188} INFO - [2026-01-06T13:15:41.108+0000] {dag.py:3954} INFO - Setting next_dagrun for exchange_rates_pipeline to None, run_after=None
[2026-01-06T13:15:41.194+0000] {processor.py:183} INFO - Processing /opt/airflow/dags/dag.py took 0.364 seconds
[2026-01-06T13:16:11.956+0000] {processor.py:161} INFO - Started process (PID=230) to work on /opt/airflow/dags/dag.py
[2026-01-06T13:16:11.958+0000] {processor.py:830} INFO - Processing file /opt/airflow/dags/dag.py for tasks to queue
[2026-01-06T13:16:11.963+0000] {logging_mixin.py:188} INFO - [2026-01-06T13:16:11.961+0000] {dagbag.py:545} INFO - Filling up the DagBag from /opt/airflow/dags/dag.py
[2026-01-06T13:16:12.026+0000] {processor.py:840} INFO - DAG(s) 'exchange_rates_pipeline' retrieved from /opt/airflow/dags/dag.py
[2026-01-06T13:16:12.171+0000] {logging_mixin.py:188} INFO - [2026-01-06T13:16:12.169+0000] {dag.py:3096} INFO - Sync 1 DAGs
[2026-01-06T13:16:12.221+0000] {logging_mixin.py:188} INFO - [2026-01-06T13:16:12.221+0000] {dag.py:3954} INFO - Setting next_dagrun for exchange_rates_pipeline to None, run_after=None
[2026-01-06T13:16:12.276+0000] {processor.py:183} INFO - Processing /opt/airflow/dags/dag.py took 0.337 seconds
[2026-01-06T13:16:42.785+0000] {processor.py:161} INFO - Started process (PID=235) to work on /opt/airflow/dags/dag.py
[2026-01-06T13:16:42.790+0000] {processor.py:830} INFO - Processing file /opt/airflow/dags/dag.py for tasks to queue
[2026-01-06T13:16:42.798+0000] {logging_mixin.py:188} INFO - [2026-01-06T13:16:42.797+0000] {dagbag.py:545} INFO - Filling up the DagBag from /opt/airflow/dags/dag.py
[2026-01-06T13:16:42.889+0000] {processor.py:840} INFO - DAG(s) 'exchange_rates_pipeline' retrieved from /opt/airflow/dags/dag.py
[2026-01-06T13:16:43.008+0000] {logging_mixin.py:188} INFO - [2026-01-06T13:16:43.007+0000] {dag.py:3096} INFO - Sync 1 DAGs
[2026-01-06T13:16:43.056+0000] {logging_mixin.py:188} INFO - [2026-01-06T13:16:43.054+0000] {dag.py:3954} INFO - Setting next_dagrun for exchange_rates_pipeline to None, run_after=None
[2026-01-06T13:16:43.124+0000] {processor.py:183} INFO - Processing /opt/airflow/dags/dag.py took 0.365 seconds
[2026-01-06T13:17:13.629+0000] {processor.py:161} INFO - Started process (PID=240) to work on /opt/airflow/dags/dag.py
[2026-01-06T13:17:13.632+0000] {processor.py:830} INFO - Processing file /opt/airflow/dags/dag.py for tasks to queue
[2026-01-06T13:17:13.642+0000] {logging_mixin.py:188} INFO - [2026-01-06T13:17:13.641+0000] {dagbag.py:545} INFO - Filling up the DagBag from /opt/airflow/dags/dag.py
[2026-01-06T13:17:13.725+0000] {processor.py:840} INFO - DAG(s) 'exchange_rates_pipeline' retrieved from /opt/airflow/dags/dag.py
[2026-01-06T13:17:13.834+0000] {logging_mixin.py:188} INFO - [2026-01-06T13:17:13.833+0000] {dag.py:3096} INFO - Sync 1 DAGs
[2026-01-06T13:17:13.870+0000] {logging_mixin.py:188} INFO - [2026-01-06T13:17:13.867+0000] {dag.py:3954} INFO - Setting next_dagrun for exchange_rates_pipeline to None, run_after=None
[2026-01-06T13:17:13.921+0000] {processor.py:183} INFO - Processing /opt/airflow/dags/dag.py took 0.312 seconds
[2026-01-06T13:17:44.426+0000] {processor.py:161} INFO - Started process (PID=245) to work on /opt/airflow/dags/dag.py
[2026-01-06T13:17:44.428+0000] {processor.py:830} INFO - Processing file /opt/airflow/dags/dag.py for tasks to queue
[2026-01-06T13:17:44.437+0000] {logging_mixin.py:188} INFO - [2026-01-06T13:17:44.436+0000] {dagbag.py:545} INFO - Filling up the DagBag from /opt/airflow/dags/dag.py
[2026-01-06T13:17:44.503+0000] {processor.py:840} INFO - DAG(s) 'exchange_rates_pipeline' retrieved from /opt/airflow/dags/dag.py
[2026-01-06T13:17:44.607+0000] {logging_mixin.py:188} INFO - [2026-01-06T13:17:44.606+0000] {dag.py:3096} INFO - Sync 1 DAGs
[2026-01-06T13:17:44.652+0000] {logging_mixin.py:188} INFO - [2026-01-06T13:17:44.650+0000] {dag.py:3954} INFO - Setting next_dagrun for exchange_rates_pipeline to None, run_after=None
[2026-01-06T13:17:44.726+0000] {processor.py:183} INFO - Processing /opt/airflow/dags/dag.py took 0.321 seconds
[2026-01-06T13:18:14.868+0000] {processor.py:161} INFO - Started process (PID=250) to work on /opt/airflow/dags/dag.py
[2026-01-06T13:18:14.871+0000] {processor.py:830} INFO - Processing file /opt/airflow/dags/dag.py for tasks to queue
[2026-01-06T13:18:14.876+0000] {logging_mixin.py:188} INFO - [2026-01-06T13:18:14.876+0000] {dagbag.py:545} INFO - Filling up the DagBag from /opt/airflow/dags/dag.py
[2026-01-06T13:18:14.945+0000] {processor.py:840} INFO - DAG(s) 'exchange_rates_pipeline' retrieved from /opt/airflow/dags/dag.py
[2026-01-06T13:18:14.998+0000] {logging_mixin.py:188} INFO - [2026-01-06T13:18:14.998+0000] {dag.py:3096} INFO - Sync 1 DAGs
[2026-01-06T13:18:15.015+0000] {logging_mixin.py:188} INFO - [2026-01-06T13:18:15.015+0000] {dag.py:3954} INFO - Setting next_dagrun for exchange_rates_pipeline to None, run_after=None
[2026-01-06T13:18:15.046+0000] {processor.py:183} INFO - Processing /opt/airflow/dags/dag.py took 0.192 seconds
[2026-01-06T13:18:45.570+0000] {processor.py:161} INFO - Started process (PID=255) to work on /opt/airflow/dags/dag.py
[2026-01-06T13:18:45.574+0000] {processor.py:830} INFO - Processing file /opt/airflow/dags/dag.py for tasks to queue
[2026-01-06T13:18:45.583+0000] {logging_mixin.py:188} INFO - [2026-01-06T13:18:45.581+0000] {dagbag.py:545} INFO - Filling up the DagBag from /opt/airflow/dags/dag.py
[2026-01-06T13:18:45.653+0000] {processor.py:840} INFO - DAG(s) 'exchange_rates_pipeline' retrieved from /opt/airflow/dags/dag.py
[2026-01-06T13:18:45.750+0000] {logging_mixin.py:188} INFO - [2026-01-06T13:18:45.750+0000] {dag.py:3096} INFO - Sync 1 DAGs
[2026-01-06T13:18:45.778+0000] {logging_mixin.py:188} INFO - [2026-01-06T13:18:45.778+0000] {dag.py:3954} INFO - Setting next_dagrun for exchange_rates_pipeline to None, run_after=None
[2026-01-06T13:18:45.833+0000] {processor.py:183} INFO - Processing /opt/airflow/dags/dag.py took 0.290 seconds
[2026-01-06T13:19:16.421+0000] {processor.py:161} INFO - Started process (PID=260) to work on /opt/airflow/dags/dag.py
[2026-01-06T13:19:16.425+0000] {processor.py:830} INFO - Processing file /opt/airflow/dags/dag.py for tasks to queue
[2026-01-06T13:19:16.432+0000] {logging_mixin.py:188} INFO - [2026-01-06T13:19:16.430+0000] {dagbag.py:545} INFO - Filling up the DagBag from /opt/airflow/dags/dag.py
[2026-01-06T13:19:16.518+0000] {processor.py:840} INFO - DAG(s) 'exchange_rates_pipeline' retrieved from /opt/airflow/dags/dag.py
[2026-01-06T13:19:16.656+0000] {logging_mixin.py:188} INFO - [2026-01-06T13:19:16.655+0000] {dag.py:3096} INFO - Sync 1 DAGs
[2026-01-06T13:19:16.719+0000] {logging_mixin.py:188} INFO - [2026-01-06T13:19:16.719+0000] {dag.py:3954} INFO - Setting next_dagrun for exchange_rates_pipeline to None, run_after=None
[2026-01-06T13:19:16.784+0000] {processor.py:183} INFO - Processing /opt/airflow/dags/dag.py took 0.414 seconds
[2026-01-06T13:19:47.398+0000] {processor.py:161} INFO - Started process (PID=265) to work on /opt/airflow/dags/dag.py
[2026-01-06T13:19:47.404+0000] {processor.py:830} INFO - Processing file /opt/airflow/dags/dag.py for tasks to queue
[2026-01-06T13:19:47.415+0000] {logging_mixin.py:188} INFO - [2026-01-06T13:19:47.413+0000] {dagbag.py:545} INFO - Filling up the DagBag from /opt/airflow/dags/dag.py
[2026-01-06T13:19:47.502+0000] {processor.py:840} INFO - DAG(s) 'exchange_rates_pipeline' retrieved from /opt/airflow/dags/dag.py
[2026-01-06T13:19:47.645+0000] {logging_mixin.py:188} INFO - [2026-01-06T13:19:47.644+0000] {dag.py:3096} INFO - Sync 1 DAGs
[2026-01-06T13:19:47.678+0000] {logging_mixin.py:188} INFO - [2026-01-06T13:19:47.677+0000] {dag.py:3954} INFO - Setting next_dagrun for exchange_rates_pipeline to None, run_after=None
[2026-01-06T13:19:47.737+0000] {processor.py:183} INFO - Processing /opt/airflow/dags/dag.py took 0.376 seconds
[2026-01-06T13:20:17.995+0000] {processor.py:161} INFO - Started process (PID=270) to work on /opt/airflow/dags/dag.py
[2026-01-06T13:20:17.998+0000] {processor.py:830} INFO - Processing file /opt/airflow/dags/dag.py for tasks to queue
[2026-01-06T13:20:18.003+0000] {logging_mixin.py:188} INFO - [2026-01-06T13:20:18.002+0000] {dagbag.py:545} INFO - Filling up the DagBag from /opt/airflow/dags/dag.py
[2026-01-06T13:20:18.045+0000] {processor.py:840} INFO - DAG(s) 'exchange_rates_pipeline' retrieved from /opt/airflow/dags/dag.py
[2026-01-06T13:20:18.142+0000] {logging_mixin.py:188} INFO - [2026-01-06T13:20:18.141+0000] {dag.py:3096} INFO - Sync 1 DAGs
[2026-01-06T13:20:18.182+0000] {logging_mixin.py:188} INFO - [2026-01-06T13:20:18.181+0000] {dag.py:3954} INFO - Setting next_dagrun for exchange_rates_pipeline to None, run_after=None
[2026-01-06T13:20:18.220+0000] {processor.py:183} INFO - Processing /opt/airflow/dags/dag.py took 0.241 seconds
[2026-01-06T13:20:49.835+0000] {processor.py:161} INFO - Started process (PID=275) to work on /opt/airflow/dags/dag.py
[2026-01-06T13:20:49.841+0000] {processor.py:830} INFO - Processing file /opt/airflow/dags/dag.py for tasks to queue
[2026-01-06T13:20:49.845+0000] {logging_mixin.py:188} INFO - [2026-01-06T13:20:49.844+0000] {dagbag.py:545} INFO - Filling up the DagBag from /opt/airflow/dags/dag.py
[2026-01-06T13:20:49.900+0000] {processor.py:840} INFO - DAG(s) 'exchange_rates_pipeline' retrieved from /opt/airflow/dags/dag.py
[2026-01-06T13:20:50.109+0000] {logging_mixin.py:188} INFO - [2026-01-06T13:20:50.108+0000] {dag.py:3096} INFO - Sync 1 DAGs
[2026-01-06T13:20:50.138+0000] {logging_mixin.py:188} INFO - [2026-01-06T13:20:50.137+0000] {dag.py:3954} INFO - Setting next_dagrun for exchange_rates_pipeline to None, run_after=None
[2026-01-06T13:20:50.176+0000] {processor.py:183} INFO - Processing /opt/airflow/dags/dag.py took 0.355 seconds
[2026-01-06T13:21:21.116+0000] {processor.py:161} INFO - Started process (PID=280) to work on /opt/airflow/dags/dag.py
[2026-01-06T13:21:21.119+0000] {processor.py:830} INFO - Processing file /opt/airflow/dags/dag.py for tasks to queue
[2026-01-06T13:21:21.124+0000] {logging_mixin.py:188} INFO - [2026-01-06T13:21:21.123+0000] {dagbag.py:545} INFO - Filling up the DagBag from /opt/airflow/dags/dag.py
[2026-01-06T13:21:21.176+0000] {processor.py:840} INFO - DAG(s) 'exchange_rates_pipeline' retrieved from /opt/airflow/dags/dag.py
[2026-01-06T13:21:21.452+0000] {logging_mixin.py:188} INFO - [2026-01-06T13:21:21.451+0000] {dag.py:3096} INFO - Sync 1 DAGs
[2026-01-06T13:21:21.497+0000] {logging_mixin.py:188} INFO - [2026-01-06T13:21:21.497+0000] {dag.py:3954} INFO - Setting next_dagrun for exchange_rates_pipeline to None, run_after=None
[2026-01-06T13:21:21.550+0000] {processor.py:183} INFO - Processing /opt/airflow/dags/dag.py took 0.448 seconds
[2026-01-06T13:21:51.948+0000] {processor.py:161} INFO - Started process (PID=285) to work on /opt/airflow/dags/dag.py
[2026-01-06T13:21:51.950+0000] {processor.py:830} INFO - Processing file /opt/airflow/dags/dag.py for tasks to queue
[2026-01-06T13:21:51.954+0000] {logging_mixin.py:188} INFO - [2026-01-06T13:21:51.953+0000] {dagbag.py:545} INFO - Filling up the DagBag from /opt/airflow/dags/dag.py
[2026-01-06T13:21:52.018+0000] {processor.py:840} INFO - DAG(s) 'exchange_rates_pipeline' retrieved from /opt/airflow/dags/dag.py
[2026-01-06T13:21:52.086+0000] {logging_mixin.py:188} INFO - [2026-01-06T13:21:52.085+0000] {dag.py:3096} INFO - Sync 1 DAGs
[2026-01-06T13:21:52.128+0000] {logging_mixin.py:188} INFO - [2026-01-06T13:21:52.127+0000] {dag.py:3954} INFO - Setting next_dagrun for exchange_rates_pipeline to None, run_after=None
[2026-01-06T13:21:52.185+0000] {processor.py:183} INFO - Processing /opt/airflow/dags/dag.py took 0.275 seconds
[2026-01-06T13:22:22.585+0000] {processor.py:161} INFO - Started process (PID=294) to work on /opt/airflow/dags/dag.py
[2026-01-06T13:22:22.587+0000] {processor.py:830} INFO - Processing file /opt/airflow/dags/dag.py for tasks to queue
[2026-01-06T13:22:22.595+0000] {logging_mixin.py:188} INFO - [2026-01-06T13:22:22.594+0000] {dagbag.py:545} INFO - Filling up the DagBag from /opt/airflow/dags/dag.py
[2026-01-06T13:22:22.652+0000] {processor.py:840} INFO - DAG(s) 'exchange_rates_pipeline' retrieved from /opt/airflow/dags/dag.py
[2026-01-06T13:22:22.961+0000] {logging_mixin.py:188} INFO - [2026-01-06T13:22:22.960+0000] {dag.py:3096} INFO - Sync 1 DAGs
[2026-01-06T13:22:23.060+0000] {logging_mixin.py:188} INFO - [2026-01-06T13:22:23.059+0000] {dag.py:3954} INFO - Setting next_dagrun for exchange_rates_pipeline to None, run_after=None
[2026-01-06T13:22:23.123+0000] {processor.py:183} INFO - Processing /opt/airflow/dags/dag.py took 0.554 seconds
[2026-01-06T13:22:53.588+0000] {processor.py:161} INFO - Started process (PID=299) to work on /opt/airflow/dags/dag.py
[2026-01-06T13:22:53.593+0000] {processor.py:830} INFO - Processing file /opt/airflow/dags/dag.py for tasks to queue
[2026-01-06T13:22:53.598+0000] {logging_mixin.py:188} INFO - [2026-01-06T13:22:53.597+0000] {dagbag.py:545} INFO - Filling up the DagBag from /opt/airflow/dags/dag.py
[2026-01-06T13:22:53.661+0000] {processor.py:840} INFO - DAG(s) 'exchange_rates_pipeline' retrieved from /opt/airflow/dags/dag.py
[2026-01-06T13:22:53.776+0000] {logging_mixin.py:188} INFO - [2026-01-06T13:22:53.775+0000] {dag.py:3096} INFO - Sync 1 DAGs
[2026-01-06T13:22:53.843+0000] {logging_mixin.py:188} INFO - [2026-01-06T13:22:53.843+0000] {dag.py:3954} INFO - Setting next_dagrun for exchange_rates_pipeline to None, run_after=None
[2026-01-06T13:22:53.912+0000] {processor.py:183} INFO - Processing /opt/airflow/dags/dag.py took 0.344 seconds
[2026-01-06T13:23:24.232+0000] {processor.py:161} INFO - Started process (PID=304) to work on /opt/airflow/dags/dag.py
[2026-01-06T13:23:24.234+0000] {processor.py:830} INFO - Processing file /opt/airflow/dags/dag.py for tasks to queue
[2026-01-06T13:23:24.240+0000] {logging_mixin.py:188} INFO - [2026-01-06T13:23:24.239+0000] {dagbag.py:545} INFO - Filling up the DagBag from /opt/airflow/dags/dag.py
[2026-01-06T13:23:24.321+0000] {processor.py:840} INFO - DAG(s) 'exchange_rates_pipeline' retrieved from /opt/airflow/dags/dag.py
[2026-01-06T13:23:24.411+0000] {logging_mixin.py:188} INFO - [2026-01-06T13:23:24.410+0000] {dag.py:3096} INFO - Sync 1 DAGs
[2026-01-06T13:23:24.447+0000] {logging_mixin.py:188} INFO - [2026-01-06T13:23:24.446+0000] {dag.py:3954} INFO - Setting next_dagrun for exchange_rates_pipeline to None, run_after=None
[2026-01-06T13:23:24.514+0000] {processor.py:183} INFO - Processing /opt/airflow/dags/dag.py took 0.308 seconds
[2026-01-06T13:23:54.885+0000] {processor.py:161} INFO - Started process (PID=309) to work on /opt/airflow/dags/dag.py
[2026-01-06T13:23:54.888+0000] {processor.py:830} INFO - Processing file /opt/airflow/dags/dag.py for tasks to queue
[2026-01-06T13:23:54.893+0000] {logging_mixin.py:188} INFO - [2026-01-06T13:23:54.892+0000] {dagbag.py:545} INFO - Filling up the DagBag from /opt/airflow/dags/dag.py
[2026-01-06T13:23:54.950+0000] {processor.py:840} INFO - DAG(s) 'exchange_rates_pipeline' retrieved from /opt/airflow/dags/dag.py
[2026-01-06T13:23:55.046+0000] {logging_mixin.py:188} INFO - [2026-01-06T13:23:55.045+0000] {dag.py:3096} INFO - Sync 1 DAGs
[2026-01-06T13:23:55.078+0000] {logging_mixin.py:188} INFO - [2026-01-06T13:23:55.077+0000] {dag.py:3954} INFO - Setting next_dagrun for exchange_rates_pipeline to None, run_after=None
[2026-01-06T13:23:55.112+0000] {processor.py:183} INFO - Processing /opt/airflow/dags/dag.py took 0.244 seconds
