[2026-01-10T21:50:39.652+0000] {local_task_job_runner.py:120} INFO - ::group::Pre task execution logs
[2026-01-10T21:50:39.716+0000] {taskinstance.py:2076} INFO - Dependencies all met for dep_context=non-requeueable deps ti=<TaskInstance: exchange_rates_pipeline.silver_task manual__2026-01-10T21:50:25.545064+00:00 [queued]>
[2026-01-10T21:50:39.732+0000] {taskinstance.py:2076} INFO - Dependencies all met for dep_context=requeueable deps ti=<TaskInstance: exchange_rates_pipeline.silver_task manual__2026-01-10T21:50:25.545064+00:00 [queued]>
[2026-01-10T21:50:39.733+0000] {taskinstance.py:2306} INFO - Starting attempt 1 of 1
[2026-01-10T21:50:39.753+0000] {taskinstance.py:2330} INFO - Executing <Task(DockerOperator): silver_task> on 2026-01-10 21:50:25.545064+00:00
[2026-01-10T21:50:39.767+0000] {standard_task_runner.py:90} INFO - Running: ['***', 'tasks', 'run', 'exchange_rates_pipeline', 'silver_task', 'manual__2026-01-10T21:50:25.545064+00:00', '--job-id', '183', '--raw', '--subdir', 'DAGS_FOLDER/dag.py', '--cfg-path', '/tmp/tmpk48cwnv0']
[2026-01-10T21:50:39.771+0000] {logging_mixin.py:188} WARNING - /home/***/.local/lib/python3.12/site-packages/***/task/task_runner/standard_task_runner.py:61 DeprecationWarning: This process (pid=217) is multi-threaded, use of fork() may lead to deadlocks in the child.
[2026-01-10T21:50:39.771+0000] {standard_task_runner.py:91} INFO - Job 183: Subtask silver_task
[2026-01-10T21:50:39.772+0000] {standard_task_runner.py:63} INFO - Started process 218 to run task
[2026-01-10T21:50:39.849+0000] {task_command.py:426} INFO - Running <TaskInstance: exchange_rates_pipeline.silver_task manual__2026-01-10T21:50:25.545064+00:00 [running]> on host 8332bff687b7
[2026-01-10T21:50:39.972+0000] {taskinstance.py:2648} INFO - Exporting env vars: AIRFLOW_CTX_DAG_OWNER='***' AIRFLOW_CTX_DAG_ID='exchange_rates_pipeline' AIRFLOW_CTX_TASK_ID='silver_task' AIRFLOW_CTX_EXECUTION_DATE='2026-01-10T21:50:25.545064+00:00' AIRFLOW_CTX_TRY_NUMBER='1' AIRFLOW_CTX_DAG_RUN_ID='manual__2026-01-10T21:50:25.545064+00:00'
[2026-01-10T21:50:39.973+0000] {taskinstance.py:430} INFO - ::endgroup::
[2026-01-10T21:50:40.065+0000] {docker.py:366} INFO - Starting docker container from image pipeline_project_2-etl_worker
[2026-01-10T21:50:42.099+0000] {docker.py:436} INFO - /app/scripts/silver_task.py:76: FutureWarning: The default value of regex will change from True to False in a future version.
  df_to_load['exchange_rate'] = df_to_load['exchange_rate'].str.replace('conversion_rates.', '')
[2026-01-10T21:50:42.187+0000] {docker.py:436} INFO - Incluyendo 1 nuevos registros en la base de datos.
Registros nuevos incluidos en la tabla "Exchange_Rates_Silver_Table"
Última actualización: 2026-01-10
[2026-01-10T21:50:43.003+0000] {taskinstance.py:441} INFO - ::group::Post task execution logs
[2026-01-10T21:50:43.060+0000] {taskinstance.py:1206} INFO - Marking task as SUCCESS. dag_id=exchange_rates_pipeline, task_id=silver_task, run_id=manual__2026-01-10T21:50:25.545064+00:00, execution_date=20260110T215025, start_date=20260110T215039, end_date=20260110T215043
[2026-01-10T21:50:43.133+0000] {local_task_job_runner.py:240} INFO - Task exited with return code 0
[2026-01-10T21:50:43.158+0000] {taskinstance.py:3503} INFO - 0 downstream tasks scheduled from follow-on schedule check
[2026-01-10T21:50:43.160+0000] {local_task_job_runner.py:222} INFO - ::endgroup::
