[2026-01-09T12:30:30.603+0000] {local_task_job_runner.py:120} INFO - ::group::Pre task execution logs
[2026-01-09T12:30:30.674+0000] {taskinstance.py:2076} INFO - Dependencies all met for dep_context=non-requeueable deps ti=<TaskInstance: exchange_rates_pipeline.bronze_task manual__2026-01-09T12:30:29.316387+00:00 [queued]>
[2026-01-09T12:30:30.690+0000] {taskinstance.py:2076} INFO - Dependencies all met for dep_context=requeueable deps ti=<TaskInstance: exchange_rates_pipeline.bronze_task manual__2026-01-09T12:30:29.316387+00:00 [queued]>
[2026-01-09T12:30:30.691+0000] {taskinstance.py:2306} INFO - Starting attempt 1 of 1
[2026-01-09T12:30:30.711+0000] {taskinstance.py:2330} INFO - Executing <Task(DockerOperator): bronze_task> on 2026-01-09 12:30:29.316387+00:00
[2026-01-09T12:30:30.718+0000] {standard_task_runner.py:90} INFO - Running: ['***', 'tasks', 'run', 'exchange_rates_pipeline', 'bronze_task', 'manual__2026-01-09T12:30:29.316387+00:00', '--job-id', '178', '--raw', '--subdir', 'DAGS_FOLDER/dag.py', '--cfg-path', '/tmp/tmpkj_hwbn8']
[2026-01-09T12:30:30.723+0000] {standard_task_runner.py:91} INFO - Job 178: Subtask bronze_task
[2026-01-09T12:30:30.724+0000] {logging_mixin.py:188} WARNING - /home/***/.local/lib/python3.12/site-packages/***/task/task_runner/standard_task_runner.py:61 DeprecationWarning: This process (pid=195) is multi-threaded, use of fork() may lead to deadlocks in the child.
[2026-01-09T12:30:30.725+0000] {standard_task_runner.py:63} INFO - Started process 196 to run task
[2026-01-09T12:30:30.791+0000] {task_command.py:426} INFO - Running <TaskInstance: exchange_rates_pipeline.bronze_task manual__2026-01-09T12:30:29.316387+00:00 [running]> on host 8332bff687b7
[2026-01-09T12:30:31.031+0000] {taskinstance.py:2648} INFO - Exporting env vars: AIRFLOW_CTX_DAG_OWNER='***' AIRFLOW_CTX_DAG_ID='exchange_rates_pipeline' AIRFLOW_CTX_TASK_ID='bronze_task' AIRFLOW_CTX_EXECUTION_DATE='2026-01-09T12:30:29.316387+00:00' AIRFLOW_CTX_TRY_NUMBER='1' AIRFLOW_CTX_DAG_RUN_ID='manual__2026-01-09T12:30:29.316387+00:00'
[2026-01-09T12:30:31.032+0000] {taskinstance.py:430} INFO - ::endgroup::
[2026-01-09T12:30:31.208+0000] {docker.py:366} INFO - Starting docker container from image pipeline_project_2-etl_worker
[2026-01-09T12:30:36.964+0000] {docker.py:436} INFO - /app/scripts/bronze_task.py:51: FutureWarning: Comparison of Timestamp with datetime.date is deprecated in order to match the standard library behavior. In a future version these will be considered non-comparable. Use 'ts == pd.Timestamp(date)' or 'ts.date() == date' instead.
  if date_extract <= last_update:
[2026-01-09T12:30:38.005+0000] {docker.py:436} INFO - Última actualización: 2026-01-08
Iniciando proceso de carga
Archivo de fecha 2026-01-09 cargado exitosamente
DataFrame "fullexchange_rates" combinado exitosamente, ahora tiene 49 filas. Bronze task finalizado exitosamente
[2026-01-09T12:30:38.987+0000] {taskinstance.py:441} INFO - ::group::Post task execution logs
[2026-01-09T12:30:39.057+0000] {taskinstance.py:1206} INFO - Marking task as SUCCESS. dag_id=exchange_rates_pipeline, task_id=bronze_task, run_id=manual__2026-01-09T12:30:29.316387+00:00, execution_date=20260109T123029, start_date=20260109T123030, end_date=20260109T123039
[2026-01-09T12:30:39.129+0000] {local_task_job_runner.py:240} INFO - Task exited with return code 0
[2026-01-09T12:30:39.195+0000] {taskinstance.py:3503} INFO - 1 downstream tasks scheduled from follow-on schedule check
[2026-01-09T12:30:39.198+0000] {local_task_job_runner.py:222} INFO - ::endgroup::
