[2026-01-08T14:01:59.356+0000] {local_task_job_runner.py:120} INFO - ::group::Pre task execution logs
[2026-01-08T14:02:00.614+0000] {taskinstance.py:2076} INFO - Dependencies all met for dep_context=non-requeueable deps ti=<TaskInstance: exchange_rates_pipeline.bronze_task manual__2026-01-08T14:01:48.310549+00:00 [queued]>
[2026-01-08T14:02:00.782+0000] {taskinstance.py:2076} INFO - Dependencies all met for dep_context=requeueable deps ti=<TaskInstance: exchange_rates_pipeline.bronze_task manual__2026-01-08T14:01:48.310549+00:00 [queued]>
[2026-01-08T14:02:00.817+0000] {taskinstance.py:2306} INFO - Starting attempt 1 of 1
[2026-01-08T14:02:01.056+0000] {taskinstance.py:2330} INFO - Executing <Task(DockerOperator): bronze_task> on 2026-01-08 14:01:48.310549+00:00
[2026-01-08T14:02:01.550+0000] {logging_mixin.py:188} WARNING - /home/***/.local/lib/python3.12/site-packages/***/task/task_runner/standard_task_runner.py:61 DeprecationWarning: This process (pid=325) is multi-threaded, use of fork() may lead to deadlocks in the child.
[2026-01-08T14:02:01.607+0000] {standard_task_runner.py:63} INFO - Started process 331 to run task
[2026-01-08T14:02:01.553+0000] {standard_task_runner.py:90} INFO - Running: ['***', 'tasks', 'run', 'exchange_rates_pipeline', 'bronze_task', 'manual__2026-01-08T14:01:48.310549+00:00', '--job-id', '173', '--raw', '--subdir', 'DAGS_FOLDER/dag.py', '--cfg-path', '/tmp/tmpm_y846ap']
[2026-01-08T14:02:01.727+0000] {standard_task_runner.py:91} INFO - Job 173: Subtask bronze_task
[2026-01-08T14:02:02.887+0000] {task_command.py:426} INFO - Running <TaskInstance: exchange_rates_pipeline.bronze_task manual__2026-01-08T14:01:48.310549+00:00 [running]> on host 8332bff687b7
[2026-01-08T14:02:05.847+0000] {taskinstance.py:2648} INFO - Exporting env vars: AIRFLOW_CTX_DAG_OWNER='***' AIRFLOW_CTX_DAG_ID='exchange_rates_pipeline' AIRFLOW_CTX_TASK_ID='bronze_task' AIRFLOW_CTX_EXECUTION_DATE='2026-01-08T14:01:48.310549+00:00' AIRFLOW_CTX_TRY_NUMBER='1' AIRFLOW_CTX_DAG_RUN_ID='manual__2026-01-08T14:01:48.310549+00:00'
[2026-01-08T14:02:05.862+0000] {taskinstance.py:430} INFO - ::endgroup::
[2026-01-08T14:02:07.174+0000] {docker.py:366} INFO - Starting docker container from image pipeline_project_2-etl_worker
[2026-01-08T14:02:47.935+0000] {docker.py:436} INFO - /app/scripts/bronze_task.py:51: FutureWarning: Comparison of Timestamp with datetime.date is deprecated in order to match the standard library behavior. In a future version these will be considered non-comparable. Use 'ts == pd.Timestamp(date)' or 'ts.date() == date' instead.
  if date_extract <= last_update:
[2026-01-08T14:02:50.428+0000] {docker.py:436} INFO - 2026-01-07
Iniciando proceso de carga
Archivo de fecha 2026-01-08 cargado exitosamente
DataFrame "fullexchange_rates" combinado exitosamente, ahora tiene 48 filas.
[2026-01-08T14:02:54.326+0000] {taskinstance.py:441} INFO - ::group::Post task execution logs
[2026-01-08T14:02:55.310+0000] {taskinstance.py:1206} INFO - Marking task as SUCCESS. dag_id=exchange_rates_pipeline, task_id=bronze_task, run_id=manual__2026-01-08T14:01:48.310549+00:00, execution_date=20260108T140148, start_date=20260108T140200, end_date=20260108T140255
[2026-01-08T14:02:55.604+0000] {local_task_job_runner.py:240} INFO - Task exited with return code 0
[2026-01-08T14:02:56.076+0000] {taskinstance.py:3503} INFO - 1 downstream tasks scheduled from follow-on schedule check
[2026-01-08T14:02:56.082+0000] {local_task_job_runner.py:222} INFO - ::endgroup::
