[2026-01-02T14:05:08.914+0000] {local_task_job_runner.py:120} INFO - ::group::Pre task execution logs
[2026-01-02T14:05:09.056+0000] {taskinstance.py:2076} INFO - Dependencies all met for dep_context=non-requeueable deps ti=<TaskInstance: exchange_rates_pipeline.bronze_task manual__2026-01-02T14:05:05.381297+00:00 [queued]>
[2026-01-02T14:05:09.075+0000] {taskinstance.py:2076} INFO - Dependencies all met for dep_context=requeueable deps ti=<TaskInstance: exchange_rates_pipeline.bronze_task manual__2026-01-02T14:05:05.381297+00:00 [queued]>
[2026-01-02T14:05:09.077+0000] {taskinstance.py:2306} INFO - Starting attempt 1 of 1
[2026-01-02T14:05:09.111+0000] {taskinstance.py:2330} INFO - Executing <Task(DockerOperator): bronze_task> on 2026-01-02 14:05:05.381297+00:00
[2026-01-02T14:05:09.127+0000] {standard_task_runner.py:90} INFO - Running: ['***', 'tasks', 'run', 'exchange_rates_pipeline', 'bronze_task', 'manual__2026-01-02T14:05:05.381297+00:00', '--job-id', '152', '--raw', '--subdir', 'DAGS_FOLDER/dag.py', '--cfg-path', '/tmp/tmplpyf713l']
[2026-01-02T14:05:09.135+0000] {standard_task_runner.py:91} INFO - Job 152: Subtask bronze_task
[2026-01-02T14:05:09.142+0000] {logging_mixin.py:188} WARNING - /home/***/.local/lib/python3.12/site-packages/***/task/task_runner/standard_task_runner.py:61 DeprecationWarning: This process (pid=624) is multi-threaded, use of fork() may lead to deadlocks in the child.
[2026-01-02T14:05:09.143+0000] {standard_task_runner.py:63} INFO - Started process 625 to run task
[2026-01-02T14:05:09.445+0000] {task_command.py:426} INFO - Running <TaskInstance: exchange_rates_pipeline.bronze_task manual__2026-01-02T14:05:05.381297+00:00 [running]> on host 8332bff687b7
[2026-01-02T14:05:09.800+0000] {taskinstance.py:2648} INFO - Exporting env vars: AIRFLOW_CTX_DAG_OWNER='***' AIRFLOW_CTX_DAG_ID='exchange_rates_pipeline' AIRFLOW_CTX_TASK_ID='bronze_task' AIRFLOW_CTX_EXECUTION_DATE='2026-01-02T14:05:05.381297+00:00' AIRFLOW_CTX_TRY_NUMBER='1' AIRFLOW_CTX_DAG_RUN_ID='manual__2026-01-02T14:05:05.381297+00:00'
[2026-01-02T14:05:09.806+0000] {taskinstance.py:430} INFO - ::endgroup::
[2026-01-02T14:05:10.158+0000] {docker.py:366} INFO - Starting docker container from image pipeline_project_2-etl_worker
[2026-01-02T14:05:10.772+0000] {docker.py:436} INFO - python: can't open file '/app/scripts/bronze_task.py': [Errno 2] No such file or directory
[2026-01-02T14:05:11.318+0000] {taskinstance.py:441} INFO - ::group::Post task execution logs
[2026-01-02T14:05:11.338+0000] {taskinstance.py:2905} ERROR - Task failed with exception
Traceback (most recent call last):
  File "/home/airflow/.local/lib/python3.12/site-packages/airflow/models/taskinstance.py", line 465, in _execute_task
    result = _execute_callable(context=context, **execute_callable_kwargs)
             ^^^^^^^^^^^^^^^^^^^^^^^^^^^^^^^^^^^^^^^^^^^^^^^^^^^^^^^^^^^^^
  File "/home/airflow/.local/lib/python3.12/site-packages/airflow/models/taskinstance.py", line 432, in _execute_callable
    return execute_callable(context=context, **execute_callable_kwargs)
           ^^^^^^^^^^^^^^^^^^^^^^^^^^^^^^^^^^^^^^^^^^^^^^^^^^^^^^^^^^^^
  File "/home/airflow/.local/lib/python3.12/site-packages/airflow/models/baseoperator.py", line 401, in wrapper
    return func(self, *args, **kwargs)
           ^^^^^^^^^^^^^^^^^^^^^^^^^^^
  File "/home/airflow/.local/lib/python3.12/site-packages/airflow/providers/docker/operators/docker.py", line 509, in execute
    return self._run_image()
           ^^^^^^^^^^^^^^^^^
  File "/home/airflow/.local/lib/python3.12/site-packages/airflow/providers/docker/operators/docker.py", line 383, in _run_image
    return self._run_image_with_mounts(self.mounts, add_tmp_variable=False)
           ^^^^^^^^^^^^^^^^^^^^^^^^^^^^^^^^^^^^^^^^^^^^^^^^^^^^^^^^^^^^^^^^
  File "/home/airflow/.local/lib/python3.12/site-packages/airflow/providers/docker/operators/docker.py", line 444, in _run_image_with_mounts
    raise DockerContainerFailedException(f"Docker container failed: {result!r}", logs=log_lines)
airflow.providers.docker.exceptions.DockerContainerFailedException: Docker container failed: {'StatusCode': 2}
[2026-01-02T14:05:11.366+0000] {taskinstance.py:1206} INFO - Marking task as FAILED. dag_id=exchange_rates_pipeline, task_id=bronze_task, run_id=manual__2026-01-02T14:05:05.381297+00:00, execution_date=20260102T140505, start_date=20260102T140509, end_date=20260102T140511
[2026-01-02T14:05:11.392+0000] {standard_task_runner.py:110} ERROR - Failed to execute job 152 for task bronze_task (Docker container failed: {'StatusCode': 2}; 625)
[2026-01-02T14:05:11.424+0000] {local_task_job_runner.py:240} INFO - Task exited with return code 1
[2026-01-02T14:05:11.468+0000] {taskinstance.py:3503} INFO - 0 downstream tasks scheduled from follow-on schedule check
[2026-01-02T14:05:11.472+0000] {local_task_job_runner.py:222} INFO - ::endgroup::
